{
  "uid" : "91b6a8aa1d5ccc8c",
  "name" : "f21",
  "fullName" : "testPackage01.Test_NewValidationHelper.f21",
  "historyId" : "259a17265cbc92933de3cafb98400a6e",
  "time" : {
    "start" : 1646360124591,
    "stop" : 1646360149827,
    "duration" : 25236
  },
  "status" : "passed",
  "flaky" : false,
  "newFailed" : false,
  "newBroken" : false,
  "newPassed" : false,
  "retriesCount" : 0,
  "retriesStatusChange" : false,
  "beforeStages" : [ {
    "name" : "setupActivities",
    "time" : {
      "start" : 1646359862499,
      "stop" : 1646359864974,
      "duration" : 2475
    },
    "description" : "",
    "status" : "passed",
    "steps" : [ {
      "name" : "Folder [allure-results] was not found, it may have already been deleted.",
      "time" : {
        "start" : 1646359862551,
        "stop" : 1646359862553,
        "duration" : 2
      },
      "status" : "passed",
      "steps" : [ ],
      "attachments" : [ ],
      "parameters" : [ {
        "name" : "actionCounter",
        "value" : "1"
      }, {
        "name" : "logText",
        "value" : "Folder [allure-results] was not found, it may have already been deleted."
      } ],
      "stepsCount" : 0,
      "attachmentsCount" : 0,
      "shouldDisplayMessage" : false,
      "hasContent" : true
    }, {
      "name" : "Folder [/Users/runner/.m2/repository/allure/] was not found, it may have already been deleted.",
      "time" : {
        "start" : 1646359862554,
        "stop" : 1646359862554,
        "duration" : 0
      },
      "status" : "passed",
      "steps" : [ ],
      "attachments" : [ ],
      "parameters" : [ {
        "name" : "actionCounter",
        "value" : "2"
      }, {
        "name" : "logText",
        "value" : "Folder [/Users/runner/.m2/repository/allure/] was not found, it may have already been deleted."
      } ],
      "stepsCount" : 0,
      "attachmentsCount" : 0,
      "shouldDisplayMessage" : false,
      "hasContent" : true
    }, {
      "name" : "Downloading a file from this url [https://repo.maven.apache.org/maven2/io/qameta/allure/allure-commandline/2.17.3/allure-commandline-2.17.3.zip] to this directory [target/allureBinary.zip], please wait as downloading may take some time...",
      "time" : {
        "start" : 1646359862555,
        "stop" : 1646359862555,
        "duration" : 0
      },
      "status" : "passed",
      "steps" : [ ],
      "attachments" : [ ],
      "parameters" : [ {
        "name" : "actionCounter",
        "value" : "3"
      }, {
        "name" : "logText",
        "value" : "Downloading a file from this url [https://repo.maven.apache.org/maven2/io/qameta/allure/allure-commandline/2.17.3/allure-commandline-2.17.3.zip] to this directory [target/allureBinary.zip], please wait as downloading may take some time..."
      } ],
      "stepsCount" : 0,
      "attachmentsCount" : 0,
      "shouldDisplayMessage" : false,
      "hasContent" : true
    }, {
      "name" : "Terminal Action [PerformTerminalCommands] successfully performed. With the following test data [Host Name: \"localHost\" | Command: \"chmod u+x /Users/runner/.m2/repository/allure/allure-2.17.3/bin/allure\" | Exit Status: \"0\"].",
      "time" : {
        "start" : 1646359864217,
        "stop" : 1646359864217,
        "duration" : 0
      },
      "status" : "passed",
      "steps" : [ ],
      "attachments" : [ ],
      "parameters" : [ {
        "name" : "actionCounter",
        "value" : "4"
      }, {
        "name" : "logText",
        "value" : "Terminal Action [PerformTerminalCommands] successfully performed. With the following test data [Host Name: \"localHost\" | Command: \"chmod u+x /Users/runner/.m2/repository/allure/allure-2.17.3/bin/allure\" | Exit Status: \"0\"]."
      } ],
      "stepsCount" : 0,
      "attachmentsCount" : 0,
      "shouldDisplayMessage" : false,
      "hasContent" : true
    }, {
      "name" : "Terminal Action [PerformTerminalCommands] successfully performed. With the following test data [Host Name: \"localHost\" | Command: \"chmod u+x generate_allure_report.sh\" | Exit Status: \"0\"].",
      "time" : {
        "start" : 1646359864224,
        "stop" : 1646359864224,
        "duration" : 0
      },
      "status" : "passed",
      "steps" : [ ],
      "attachments" : [ ],
      "parameters" : [ {
        "name" : "actionCounter",
        "value" : "5"
      }, {
        "name" : "logText",
        "value" : "Terminal Action [PerformTerminalCommands] successfully performed. With the following test data [Host Name: \"localHost\" | Command: \"chmod u+x generate_allure_report.sh\" | Exit Status: \"0\"]."
      } ],
      "stepsCount" : 0,
      "attachmentsCount" : 0,
      "shouldDisplayMessage" : false,
      "hasContent" : true
    }, {
      "name" : "Folder [extent-reports] was not found, it may have already been deleted.",
      "time" : {
        "start" : 1646359864328,
        "stop" : 1646359864328,
        "duration" : 0
      },
      "status" : "passed",
      "steps" : [ ],
      "attachments" : [ ],
      "parameters" : [ {
        "name" : "actionCounter",
        "value" : "6"
      }, {
        "name" : "logText",
        "value" : "Folder [extent-reports] was not found, it may have already been deleted."
      } ],
      "stepsCount" : 0,
      "attachmentsCount" : 0,
      "shouldDisplayMessage" : false,
      "hasContent" : true
    }, {
      "name" : "Terminal Action [PerformTerminalCommands] successfully performed. With the following test data [Host Name: \"localHost\" | Command: \"chmod u+x generateJdk.sh\" | Exit Status: \"1\"].",
      "time" : {
        "start" : 1646359864971,
        "stop" : 1646359864973,
        "duration" : 2
      },
      "status" : "passed",
      "steps" : [ ],
      "attachments" : [ {
        "uid" : "1dede70b2d2c9a7e",
        "name" : "Attachment: Terminal Action Actual Result - Command Log",
        "source" : "1dede70b2d2c9a7e.txt",
        "type" : "text/plain",
        "size" : 48
      } ],
      "parameters" : [ {
        "name" : "actionCounter",
        "value" : "7"
      }, {
        "name" : "logText",
        "value" : "Terminal Action [PerformTerminalCommands] successfully performed. With the following test data [Host Name: \"localHost\" | Command: \"chmod u+x generateJdk.sh\" | Exit Status: \"1\"]."
      }, {
        "name" : "attachments",
        "value" : "[[Terminal Action Actual Result, Command Log, chmod: generateJdk.sh: No such file or directory]]"
      } ],
      "stepsCount" : 0,
      "attachmentsCount" : 1,
      "shouldDisplayMessage" : false,
      "hasContent" : true
    } ],
    "attachments" : [ {
      "uid" : "4bfd167880960914",
      "name" : "Attachment: SHAFT Links - Important",
      "source" : "4bfd167880960914.uri",
      "type" : "text/uri-list",
      "size" : 346
    }, {
      "uid" : "6ee5c362f86a2380",
      "name" : "Attachment: Properties - testNG",
      "source" : "6ee5c362f86a2380.properties",
      "type" : "text/plain",
      "size" : 492
    }, {
      "uid" : "c4185b15e214d8dd",
      "name" : "Attachment: Properties - ExecutionPlatform",
      "source" : "c4185b15e214d8dd.properties",
      "type" : "text/plain",
      "size" : 394
    }, {
      "uid" : "dc36f895b317ae80",
      "name" : "Attachment: Properties - path",
      "source" : "dc36f895b317ae80.properties",
      "type" : "text/plain",
      "size" : 687
    }, {
      "uid" : "17c8623e1b669346",
      "name" : "Attachment: Properties - video",
      "source" : "17c8623e1b669346.properties",
      "type" : "text/plain",
      "size" : 763
    }, {
      "uid" : "dabdce0d9f001277",
      "name" : "Attachment: Properties - pattern",
      "source" : "dabdce0d9f001277.properties",
      "type" : "text/plain",
      "size" : 566
    }, {
      "uid" : "e5a82639bb079965",
      "name" : "Attachment: Properties - internal",
      "source" : "e5a82639bb079965.properties",
      "type" : "text/plain",
      "size" : 112
    }, {
      "uid" : "cda6ebecf71d7c8",
      "name" : "Attachment: Properties - MobileCapabilities",
      "source" : "cda6ebecf71d7c8.properties",
      "type" : "text/plain",
      "size" : 470
    }, {
      "uid" : "7bd0aae3f1e15710",
      "name" : "Attachment: Properties - cucumber",
      "source" : "7bd0aae3f1e15710.properties",
      "type" : "text/plain",
      "size" : 261
    }, {
      "uid" : "7a919068b58b4551",
      "name" : "Attachment: Properties - PlatformFlags",
      "source" : "7a919068b58b4551.properties",
      "type" : "text/plain",
      "size" : 765
    }, {
      "uid" : "9aaab8b8c2e657db",
      "name" : "Attachment: Properties - Timeouts",
      "source" : "9aaab8b8c2e657db.properties",
      "type" : "text/plain",
      "size" : 722
    }, {
      "uid" : "85682a724245dbf2",
      "name" : "Attachment: Properties - Reporting",
      "source" : "85682a724245dbf2.properties",
      "type" : "text/plain",
      "size" : 614
    }, {
      "uid" : "af0bf39404d0c656",
      "name" : "Attachment: Properties - healenium",
      "source" : "af0bf39404d0c656.properties",
      "type" : "text/plain",
      "size" : 115
    }, {
      "uid" : "221f7c1ffe3469e4",
      "name" : "Attachment: Properties - JiraXRay",
      "source" : "221f7c1ffe3469e4.properties",
      "type" : "text/plain",
      "size" : 501
    }, {
      "uid" : "6c7c909b2b8ee65f",
      "name" : "Attachment: Properties - browserStack",
      "source" : "6c7c909b2b8ee65f.properties",
      "type" : "text/plain",
      "size" : 877
    }, {
      "uid" : "a192c18c48d7de10",
      "name" : "Attachment: Properties - VisualValidations",
      "source" : "a192c18c48d7de10.properties",
      "type" : "text/plain",
      "size" : 723
    } ],
    "parameters" : [ ],
    "stepsCount" : 7,
    "attachmentsCount" : 17,
    "shouldDisplayMessage" : false,
    "hasContent" : true
  }, {
    "name" : "openBrowser",
    "time" : {
      "start" : 1646360123179,
      "stop" : 1646360124587,
      "duration" : 1408
    },
    "description" : "",
    "status" : "passed",
    "steps" : [ {
      "name" : "Attempting to run locally on: [Mac-64], [Safari], Headless Execution.",
      "time" : {
        "start" : 1646360123179,
        "stop" : 1646360123180,
        "duration" : 1
      },
      "status" : "passed",
      "steps" : [ ],
      "attachments" : [ ],
      "parameters" : [ {
        "name" : "actionCounter",
        "value" : "331"
      }, {
        "name" : "logText",
        "value" : "Attempting to run locally on: [Mac-64], [Safari], Headless Execution."
      } ],
      "stepsCount" : 0,
      "attachmentsCount" : 0,
      "shouldDisplayMessage" : false,
      "hasContent" : true
    }, {
      "name" : "Successfully Opened Safari.",
      "time" : {
        "start" : 1646360124038,
        "stop" : 1646360124039,
        "duration" : 1
      },
      "status" : "passed",
      "steps" : [ ],
      "attachments" : [ ],
      "parameters" : [ {
        "name" : "actionCounter",
        "value" : "332"
      }, {
        "name" : "logText",
        "value" : "Successfully Opened Safari."
      } ],
      "stepsCount" : 0,
      "attachmentsCount" : 0,
      "shouldDisplayMessage" : false,
      "hasContent" : true
    }, {
      "name" : "Browser Action [MaximizeWindow] successfully performed. With the following test data [New screen size is now: (1176, 803)].",
      "time" : {
        "start" : 1646360124071,
        "stop" : 1646360124071,
        "duration" : 0
      },
      "status" : "passed",
      "steps" : [ ],
      "attachments" : [ ],
      "parameters" : [ {
        "name" : "actionCounter",
        "value" : "333"
      }, {
        "name" : "logText",
        "value" : "Browser Action [MaximizeWindow] successfully performed. With the following test data [New screen size is now: (1176, 803)]."
      }, {
        "name" : "attachments",
        "value" : "[null]"
      } ],
      "stepsCount" : 0,
      "attachmentsCount" : 0,
      "shouldDisplayMessage" : false,
      "hasContent" : true
    }, {
      "name" : "Browser Action [NavigateToURL] successfully performed. With the following test data [https://the-internet.herokuapp.com/].",
      "time" : {
        "start" : 1646360124587,
        "stop" : 1646360124587,
        "duration" : 0
      },
      "status" : "passed",
      "steps" : [ ],
      "attachments" : [ ],
      "parameters" : [ {
        "name" : "actionCounter",
        "value" : "334"
      }, {
        "name" : "logText",
        "value" : "Browser Action [NavigateToURL] successfully performed. With the following test data [https://the-internet.herokuapp.com/]."
      }, {
        "name" : "attachments",
        "value" : "[null]"
      } ],
      "stepsCount" : 0,
      "attachmentsCount" : 0,
      "shouldDisplayMessage" : false,
      "hasContent" : true
    } ],
    "attachments" : [ ],
    "parameters" : [ ],
    "stepsCount" : 4,
    "attachmentsCount" : 0,
    "shouldDisplayMessage" : false,
    "hasContent" : true
  } ],
  "testStage" : {
    "status" : "passed",
    "steps" : [ {
      "name" : "Element Action [IdentifyUniqueElement] failed. With the following test data [zero elements found matching this locator \"By.tagName: h3\".].",
      "time" : {
        "start" : 1646360149824,
        "stop" : 1646360149826,
        "duration" : 2
      },
      "status" : "passed",
      "steps" : [ ],
      "attachments" : [ {
        "uid" : "cbde731ca9ecdd4e",
        "name" : "Attachment: Screenshot - 1646360149738_f21_IdentifyUniqueElement_failed",
        "source" : "cbde731ca9ecdd4e.png",
        "type" : "image/png",
        "size" : 69711
      } ],
      "parameters" : [ {
        "name" : "actionCounter",
        "value" : "335"
      }, {
        "name" : "logText",
        "value" : "Element Action [IdentifyUniqueElement] failed. With the following test data [zero elements found matching this locator \"By.tagName: h3\".]."
      }, {
        "name" : "attachments",
        "value" : "[[Screenshot, 1646360149738_f21_IdentifyUniqueElement_failed, java.io.ByteArrayInputStream@18d87424]]"
      } ],
      "stepsCount" : 0,
      "attachmentsCount" : 1,
      "shouldDisplayMessage" : false,
      "hasContent" : true
    }, {
      "name" : "Assertion [ValidateElementAttribute] FAILED. Expected [Value Should be 'Welcome' for the 'text' attribute, element locator 'By.tagName: h3'] and Actual [Failed to read the desired element attribute]. Comparison Type [CONTAINS]. Validation Type [POSITIVE].",
      "time" : {
        "start" : 1646360149826,
        "stop" : 1646360149827,
        "duration" : 1
      },
      "status" : "passed",
      "steps" : [ ],
      "attachments" : [ ],
      "parameters" : [ {
        "name" : "actionCounter",
        "value" : "336"
      }, {
        "name" : "logText",
        "value" : "Assertion [ValidateElementAttribute] FAILED. Expected [Value Should be 'Welcome' for the 'text' attribute, element locator 'By.tagName: h3'] and Actual [Failed to read the desired element attribute]. Comparison Type [CONTAINS]. Validation Type [POSITIVE]."
      }, {
        "name" : "attachments",
        "value" : "null"
      } ],
      "stepsCount" : 0,
      "attachmentsCount" : 0,
      "shouldDisplayMessage" : false,
      "hasContent" : true
    } ],
    "attachments" : [ {
      "uid" : "f58d5e3b65d7a34e",
      "name" : "Attachment: SHAFT Engine Logs - Current Method log: f21",
      "source" : "f58d5e3b65d7a34e.txt",
      "type" : "text/plain",
      "size" : 10776
    } ],
    "parameters" : [ ],
    "stepsCount" : 2,
    "attachmentsCount" : 2,
    "shouldDisplayMessage" : false,
    "hasContent" : true
  },
  "afterStages" : [ {
    "name" : "closeBrowser",
    "time" : {
      "start" : 1646360149828,
      "stop" : 1646360150072,
      "duration" : 244
    },
    "description" : "",
    "status" : "passed",
    "steps" : [ {
      "name" : "Successfully Closed All Drivers.",
      "time" : {
        "start" : 1646360150071,
        "stop" : 1646360150072,
        "duration" : 1
      },
      "status" : "passed",
      "steps" : [ ],
      "attachments" : [ ],
      "parameters" : [ {
        "name" : "actionCounter",
        "value" : "337"
      }, {
        "name" : "logText",
        "value" : "Successfully Closed All Drivers."
      } ],
      "stepsCount" : 0,
      "attachmentsCount" : 0,
      "shouldDisplayMessage" : false,
      "hasContent" : true
    } ],
    "attachments" : [ ],
    "parameters" : [ ],
    "stepsCount" : 1,
    "attachmentsCount" : 0,
    "shouldDisplayMessage" : false,
    "hasContent" : true
  }, {
    "name" : "teardownActivities",
    "time" : {
      "start" : 1646360287614,
      "stop" : 1646360288206,
      "duration" : 592
    },
    "description" : "",
    "status" : "passed",
    "steps" : [ {
      "name" : "Successfully Closed All Drivers.",
      "time" : {
        "start" : 1646360287614,
        "stop" : 1646360287614,
        "duration" : 0
      },
      "status" : "passed",
      "steps" : [ ],
      "attachments" : [ ],
      "parameters" : [ {
        "name" : "actionCounter",
        "value" : "536"
      }, {
        "name" : "logText",
        "value" : "Successfully Closed All Drivers."
      } ],
      "stepsCount" : 0,
      "attachmentsCount" : 0,
      "shouldDisplayMessage" : false,
      "hasContent" : true
    }, {
      "name" : "Issue Summary: Total Issues = 10, New issues for Failed Tests = 8, Open issues for Passed Tests = 2, Open issues for Failed Tests = 0. Kindly check the attached Issue details.",
      "time" : {
        "start" : 1646360287646,
        "stop" : 1646360287646,
        "duration" : 0
      },
      "status" : "passed",
      "steps" : [ ],
      "attachments" : [ {
        "uid" : "2f24d72cc879fba",
        "name" : "Attachment: SHAFT Engine Logs - Issues log CSV: 20220304-021807",
        "source" : "2f24d72cc879fba.csv",
        "type" : "text/csv",
        "size" : 1286
      } ],
      "parameters" : [ {
        "name" : "actionCounter",
        "value" : "537"
      }, {
        "name" : "logText",
        "value" : "Issue Summary: Total Issues = 10, New issues for Failed Tests = 8, Open issues for Passed Tests = 2, Open issues for Failed Tests = 0. Kindly check the attached Issue details."
      }, {
        "name" : "attachments",
        "value" : "[[SHAFT Engine Logs, Issues log CSV: 20220304-021807, java.io.ByteArrayInputStream@22283722]]"
      } ],
      "stepsCount" : 0,
      "attachmentsCount" : 1,
      "shouldDisplayMessage" : false,
      "hasContent" : true
    } ],
    "attachments" : [ {
      "uid" : "5a45c46361214508",
      "name" : "Attachment: SHAFT Engine Logs - Execution log: 20220304-021807",
      "source" : "5a45c46361214508.txt",
      "type" : "text/plain",
      "size" : 313652
    }, {
      "uid" : "81b7774010d2284e",
      "name" : "Attachment: HTML - Extent Emailable Execution Report",
      "source" : "81b7774010d2284e.html",
      "type" : "text/html",
      "size" : 8486552
    } ],
    "parameters" : [ ],
    "stepsCount" : 2,
    "attachmentsCount" : 3,
    "shouldDisplayMessage" : false,
    "hasContent" : true
  } ],
  "labels" : [ {
    "name" : "package",
    "value" : "testPackage01.Test_NewValidationHelper"
  }, {
    "name" : "testClass",
    "value" : "testPackage01.Test_NewValidationHelper"
  }, {
    "name" : "testMethod",
    "value" : "f21"
  }, {
    "name" : "parentSuite",
    "value" : "SHAFT: Custom Suite"
  }, {
    "name" : "suite",
    "value" : "SHAFT: Custom Test"
  }, {
    "name" : "subSuite",
    "value" : "testPackage01.Test_NewValidationHelper"
  }, {
    "name" : "host",
    "value" : "Mac-1646357653566.local"
  }, {
    "name" : "thread",
    "value" : "2304@Mac-1646357653566.local.main(1)"
  }, {
    "name" : "framework",
    "value" : "testng"
  }, {
    "name" : "language",
    "value" : "java"
  }, {
    "name" : "resultFormat",
    "value" : "allure2"
  } ],
  "parameters" : [ ],
  "links" : [ ],
  "hidden" : false,
  "retry" : false,
  "extra" : {
    "severity" : "normal",
    "retries" : [ ],
    "categories" : [ ],
    "history" : {
      "statistic" : {
        "failed" : 0,
        "broken" : 0,
        "skipped" : 6,
        "passed" : 2,
        "unknown" : 0,
        "total" : 8
      },
      "items" : [ {
        "uid" : "64e523922b2d7c1c",
        "reportUrl" : "https://MohabMohie.github.io/SHAFT_ENGINE/allure/macOS/Web/1193//#testresult/64e523922b2d7c1c",
        "status" : "skipped",
        "statusDetails" : "Driver Factory Action [createNewLocalDriverInstanceForSafari] failed. With the following test data [Failed to create a session on DESKTOP_SAFARI].",
        "time" : {
          "start" : 1646273665603,
          "stop" : 1646273665607,
          "duration" : 4
        }
      }, {
        "uid" : "5452f79af0c05737",
        "reportUrl" : "https://MohabMohie.github.io/SHAFT_ENGINE/allure/macOS/Web/1191//#testresult/5452f79af0c05737",
        "status" : "skipped",
        "statusDetails" : "Driver Factory Action [createNewLocalDriverInstanceForSafari] failed. With the following test data [Failed to create a session on DESKTOP_SAFARI].",
        "time" : {
          "start" : 1646187020689,
          "stop" : 1646187020690,
          "duration" : 1
        }
      }, {
        "uid" : "a67bff6d6891a6d5",
        "reportUrl" : "https://MohabMohie.github.io/SHAFT_ENGINE/allure/macOS/Web/1188//#testresult/a67bff6d6891a6d5",
        "status" : "skipped",
        "statusDetails" : "Driver Factory Action [createNewLocalDriverInstanceForSafari] failed. With the following test data [Failed to create a session on DESKTOP_SAFARI].",
        "time" : {
          "start" : 1646100961039,
          "stop" : 1646100961040,
          "duration" : 1
        }
      }, {
        "uid" : "4ada935970b54494",
        "reportUrl" : "https://MohabMohie.github.io/SHAFT_ENGINE/allure/macOS/Web/1187//#testresult/4ada935970b54494",
        "status" : "skipped",
        "statusDetails" : "Driver Factory Action [createNewLocalDriverInstanceForSafari] failed. With the following test data [Failed to create a session on DESKTOP_SAFARI].",
        "time" : {
          "start" : 1646013835807,
          "stop" : 1646013835808,
          "duration" : 1
        }
      }, {
        "uid" : "22944d2beb9eb8e0",
        "reportUrl" : "https://MohabMohie.github.io/SHAFT_ENGINE/allure/macOS/Web/1186//#testresult/22944d2beb9eb8e0",
        "status" : "skipped",
        "statusDetails" : "Driver Factory Action [createNewLocalDriverInstanceForSafari] failed. With the following test data [Failed to create a session on DESKTOP_SAFARI].",
        "time" : {
          "start" : 1645927471085,
          "stop" : 1645927471086,
          "duration" : 1
        }
      }, {
        "uid" : "31fc8277914ee3c3",
        "reportUrl" : "https://MohabMohie.github.io/SHAFT_ENGINE/allure/macOS/Web/1184//#testresult/31fc8277914ee3c3",
        "status" : "skipped",
        "statusDetails" : "Driver Factory Action [createNewLocalDriverInstanceForSafari] failed. With the following test data [Failed to create a session on DESKTOP_SAFARI].",
        "time" : {
          "start" : 1645897154014,
          "stop" : 1645897154016,
          "duration" : 2
        }
      }, {
        "uid" : "d00f8e71849049e0",
        "reportUrl" : "https://MohabMohie.github.io/SHAFT_ENGINE/allure/macOS/Web/1181//#testresult/d00f8e71849049e0",
        "status" : "passed",
        "time" : {
          "start" : 1645754934506,
          "stop" : 1645754960351,
          "duration" : 25845
        }
      } ]
    },
    "tags" : [ ]
  },
  "source" : "91b6a8aa1d5ccc8c.json",
  "parameterValues" : [ ]
}