{
  "uid" : "cf7f94235153cb66",
  "name" : "TC001 - Navigate to URL and Verify Google Logo is Displayed",
  "fullName" : "testPackage01.Test_google.navigateToURLandVerifyGoogleLogoIsDisplayed",
  "historyId" : "42db9a0b95e9103a321dfe36eb368c1b",
  "time" : {
    "start" : 1645062540599,
    "stop" : 1645062570645,
    "duration" : 30046
  },
  "status" : "failed",
  "statusMessage" : "Browser Action [NavigateToNewURL] failed. With the following test data [https://www.google.com/ncr].",
  "statusTrace" : "java.lang.AssertionError: Browser Action [NavigateToNewURL] failed. With the following test data [https://www.google.com/ncr].\r\n\tat org.testng.Assert.fail(Assert.java:98)\r\n\tat com.shaft.gui.browser.WebDriverBrowserActions.failAction(WebDriverBrowserActions.java:610)\r\n\tat com.shaft.gui.browser.WebDriverBrowserActions.failAction(WebDriverBrowserActions.java:603)\r\n\tat com.shaft.gui.browser.WebDriverBrowserActions.navigateToNewURL(WebDriverBrowserActions.java:662)\r\n\tat com.shaft.gui.browser.WebDriverBrowserActions.navigateToURL(WebDriverBrowserActions.java:285)\r\n\tat com.shaft.gui.browser.BrowserActions.navigateToURL(BrowserActions.java:107)\r\n\tat poms.GoogleSearch.navigateToURL(GoogleSearch.java:37)\r\n\tat testPackage01.Test_google.navigateToURLandVerifyGoogleLogoIsDisplayed(Test_google.java:25)\r\n\tat java.base/jdk.internal.reflect.NativeMethodAccessorImpl.invoke0(Native Method)\r\n\tat java.base/jdk.internal.reflect.NativeMethodAccessorImpl.invoke(NativeMethodAccessorImpl.java:77)\r\n\tat java.base/jdk.internal.reflect.DelegatingMethodAccessorImpl.invoke(DelegatingMethodAccessorImpl.java:43)\r\n\tat java.base/java.lang.reflect.Method.invoke(Method.java:568)\r\n\tat org.testng.internal.invokers.MethodInvocationHelper.invokeMethod(MethodInvocationHelper.java:135)\r\n\tat org.testng.internal.invokers.TestInvoker.invokeMethod(TestInvoker.java:673)\r\n\tat org.testng.internal.invokers.TestInvoker.invokeTestMethod(TestInvoker.java:220)\r\n\tat org.testng.internal.invokers.MethodRunner.runInSequence(MethodRunner.java:50)\r\n\tat org.testng.internal.invokers.TestInvoker$MethodInvocationAgent.invoke(TestInvoker.java:945)\r\n\tat org.testng.internal.invokers.TestInvoker.invokeTestMethods(TestInvoker.java:193)\r\n\tat org.testng.internal.invokers.TestMethodWorker.invokeTestMethods(TestMethodWorker.java:146)\r\n\tat org.testng.internal.invokers.TestMethodWorker.run(TestMethodWorker.java:128)\r\n\tat java.base/java.util.ArrayList.forEach(ArrayList.java:1511)\r\n\tat org.testng.TestRunner.privateRun(TestRunner.java:808)\r\n\tat org.testng.TestRunner.run(TestRunner.java:603)\r\n\tat org.testng.SuiteRunner.runTest(SuiteRunner.java:429)\r\n\tat org.testng.SuiteRunner.runSequentially(SuiteRunner.java:423)\r\n\tat org.testng.SuiteRunner.privateRun(SuiteRunner.java:383)\r\n\tat org.testng.SuiteRunner.run(SuiteRunner.java:326)\r\n\tat org.testng.SuiteRunnerWorker.runSuite(SuiteRunnerWorker.java:52)\r\n\tat org.testng.SuiteRunnerWorker.run(SuiteRunnerWorker.java:95)\r\n\tat org.testng.TestNG.runSuitesSequentially(TestNG.java:1249)\r\n\tat org.testng.TestNG.runSuitesLocally(TestNG.java:1169)\r\n\tat org.testng.TestNG.runSuites(TestNG.java:1092)\r\n\tat org.testng.TestNG.run(TestNG.java:1060)\r\n\tat org.apache.maven.surefire.testng.TestNGExecutor.run(TestNGExecutor.java:136)\r\n\tat org.apache.maven.surefire.testng.TestNGDirectoryTestSuite.executeMulti(TestNGDirectoryTestSuite.java:193)\r\n\tat org.apache.maven.surefire.testng.TestNGDirectoryTestSuite.execute(TestNGDirectoryTestSuite.java:94)\r\n\tat org.apache.maven.surefire.testng.TestNGProvider.invoke(TestNGProvider.java:145)\r\n\tat org.apache.maven.surefire.booter.ForkedBooter.runSuitesInProcess(ForkedBooter.java:428)\r\n\tat org.apache.maven.surefire.booter.ForkedBooter.execute(ForkedBooter.java:162)\r\n\tat org.apache.maven.surefire.booter.ForkedBooter.run(ForkedBooter.java:562)\r\n\tat org.apache.maven.surefire.booter.ForkedBooter.main(ForkedBooter.java:548)\r\nCaused by: org.openqa.selenium.TimeoutException: timeout: Timed out receiving message from renderer: -0.000\n  (Session info: MicrosoftEdge=98.0.1108.50)\nBuild info: version: '4.1.2', revision: '9a5a329c5a'\nSystem info: host: 'fv-az449-885', ip: '10.1.0.30', os.name: 'Windows Server 2022', os.arch: 'amd64', os.version: '10.0', java.version: '17.0.2'\nDriver info: org.openqa.selenium.edge.EdgeDriver\nCommand: [bbaf1e233bb8b579f62d7565a6f04967, get {url=https://www.google.com/ncr}]\nCapabilities {acceptInsecureCerts: true, browserName: msedge, browserVersion: 98.0.1108.50, javascriptEnabled: true, ms:edgeOptions: {debuggerAddress: localhost:64625}, msedge: {msedgedriverVersion: 98.0.1108.50 (4203d3deac4b8..., userDataDir: C:\\Users\\RUNNER~1\\AppData\\L...}, networkConnectionEnabled: false, pageLoadStrategy: normal, platform: WINDOWS, platformName: WINDOWS, proxy: Proxy(), se:cdp: ws://localhost:64625/devtoo..., se:cdpVersion: 98.0.1108.50, setWindowRect: true, strictFileInteractability: false, timeouts: {implicit: 0, pageLoad: 30000, script: 30000}, unhandledPromptBehavior: accept and notify, webauthn:extension:credBlob: true, webauthn:extension:largeBlob: true, webauthn:virtualAuthenticators: true}\nSession ID: bbaf1e233bb8b579f62d7565a6f04967\r\n\tat java.base/jdk.internal.reflect.NativeConstructorAccessorImpl.newInstance0(Native Method)\r\n\tat java.base/jdk.internal.reflect.NativeConstructorAccessorImpl.newInstance(NativeConstructorAccessorImpl.java:77)\r\n\tat java.base/jdk.internal.reflect.DelegatingConstructorAccessorImpl.newInstance(DelegatingConstructorAccessorImpl.java:45)\r\n\tat java.base/java.lang.reflect.Constructor.newInstanceWithCaller(Constructor.java:499)\r\n\tat java.base/java.lang.reflect.Constructor.newInstance(Constructor.java:480)\r\n\tat org.openqa.selenium.remote.codec.w3c.W3CHttpResponseCodec.createException(W3CHttpResponseCodec.java:200)\r\n\tat org.openqa.selenium.remote.codec.w3c.W3CHttpResponseCodec.decode(W3CHttpResponseCodec.java:133)\r\n\tat org.openqa.selenium.remote.codec.w3c.W3CHttpResponseCodec.decode(W3CHttpResponseCodec.java:53)\r\n\tat org.openqa.selenium.remote.HttpCommandExecutor.execute(HttpCommandExecutor.java:184)\r\n\tat org.openqa.selenium.remote.service.DriverCommandExecutor.invokeExecute(DriverCommandExecutor.java:167)\r\n\tat org.openqa.selenium.remote.service.DriverCommandExecutor.execute(DriverCommandExecutor.java:142)\r\n\tat org.openqa.selenium.remote.RemoteWebDriver.execute(RemoteWebDriver.java:558)\r\n\tat org.openqa.selenium.remote.RemoteWebDriver.get(RemoteWebDriver.java:327)\r\n\tat org.openqa.selenium.remote.RemoteWebDriver$RemoteNavigation.to(RemoteWebDriver.java:1013)\r\n\tat com.shaft.gui.browser.WebDriverBrowserActions.navigateToNewURL(WebDriverBrowserActions.java:660)\r\n\t... 37 more\r\n",
  "flaky" : false,
  "newFailed" : true,
  "newBroken" : false,
  "newPassed" : false,
  "retriesCount" : 0,
  "retriesStatusChange" : false,
  "beforeStages" : [ {
    "name" : "setupActivities",
    "time" : {
      "start" : 1645062342118,
      "stop" : 1645062346624,
      "duration" : 4506
    },
    "description" : "",
    "status" : "passed",
    "steps" : [ {
      "name" : "Folder [allure-results] was not found, it may have already been deleted.",
      "time" : {
        "start" : 1645062342196,
        "stop" : 1645062342199,
        "duration" : 3
      },
      "status" : "passed",
      "steps" : [ ],
      "attachments" : [ ],
      "parameters" : [ {
        "name" : "actionCounter",
        "value" : "1"
      }, {
        "name" : "logText",
        "value" : "Folder [allure-results] was not found, it may have already been deleted."
      } ],
      "stepsCount" : 0,
      "hasContent" : true,
      "shouldDisplayMessage" : false,
      "attachmentsCount" : 0
    }, {
      "name" : "Folder [C:\\Users\\runneradmin\\.m2\\repository\\allure\\] was not found, it may have already been deleted.",
      "time" : {
        "start" : 1645062342204,
        "stop" : 1645062342204,
        "duration" : 0
      },
      "status" : "passed",
      "steps" : [ ],
      "attachments" : [ ],
      "parameters" : [ {
        "name" : "actionCounter",
        "value" : "2"
      }, {
        "name" : "logText",
        "value" : "Folder [C:\\Users\\runneradmin\\.m2\\repository\\allure\\] was not found, it may have already been deleted."
      } ],
      "stepsCount" : 0,
      "hasContent" : true,
      "shouldDisplayMessage" : false,
      "attachmentsCount" : 0
    }, {
      "name" : "Downloading a file from this url [https://repo.maven.apache.org/maven2/io/qameta/allure/allure-commandline/2.17.2/allure-commandline-2.17.2.zip] to this directory [target\\allureBinary.zip], please wait as downloading may take some time...",
      "time" : {
        "start" : 1645062342204,
        "stop" : 1645062342204,
        "duration" : 0
      },
      "status" : "passed",
      "steps" : [ ],
      "attachments" : [ ],
      "parameters" : [ {
        "name" : "actionCounter",
        "value" : "3"
      }, {
        "name" : "logText",
        "value" : "Downloading a file from this url [https://repo.maven.apache.org/maven2/io/qameta/allure/allure-commandline/2.17.2/allure-commandline-2.17.2.zip] to this directory [target\\allureBinary.zip], please wait as downloading may take some time..."
      } ],
      "stepsCount" : 0,
      "hasContent" : true,
      "shouldDisplayMessage" : false,
      "attachmentsCount" : 0
    }, {
      "name" : "An Exception Occured with this Message: org.xml.sax.SAXParseException; lineNumber: 1; columnNumber: 2033; Element or attribute \"reportPath:\" do not match QName production: QName::=(NCName:)?NCName..",
      "time" : {
        "start" : 1645062345744,
        "stop" : 1645062345747,
        "duration" : 3
      },
      "status" : "passed",
      "steps" : [ ],
      "attachments" : [ {
        "uid" : "2657208571990789",
        "name" : "Attachment: Exception Stack Trace - javax.xml.transform.TransformerException",
        "source" : "2657208571990789.xml",
        "type" : "text/xml",
        "size" : 5653
      } ],
      "parameters" : [ {
        "name" : "actionCounter",
        "value" : "4"
      }, {
        "name" : "logText",
        "value" : "An Exception Occured with this Message: org.xml.sax.SAXParseException; lineNumber: 1; columnNumber: 2033; Element or attribute \"reportPath:\" do not match QName production: QName::=(NCName:)?NCName.."
      }, {
        "name" : "attachments",
        "value" : "[[Exception Stack Trace, javax.xml.transform.TransformerException, javax.xml.transform.TransformerException:\r\norg.xml.sax.SAXParseException; lineNumber: 1; columnNumber: 2033; Element or attribute \"reportPath:\" do not match QName production: QName::=(NCName:)?NCName.\r\njava.xml/com.sun.org.apache.xalan.internal.xsltc.trax.TransformerImpl.transform(TransformerImpl.java:794)\r\njava.xml/com.sun.org.apache.xalan.internal.xsltc.trax.TransformerImpl.transform(TransformerImpl.java:397)\r\ncom.shaft.api.RestActions.prettyFormatXML(RestActions.java:742)\r\ncom.shaft.api.RestActions.formatXML(RestActions.java:401)\r\ncom.shaft.tools.io.ReportManagerHelper.writeEnvironmentVariablesToAllureResultsDirectory(ReportManagerHelper.java:713)\r\ncom.shaft.tools.io.ReportManagerHelper.initializeAllureReportingEnvironment(ReportManagerHelper.java:196)\r\ncom.shaft.tools.io.LogsHelper.setupActivities(LogsHelper.java:20)\r\njava.base/jdk.internal.reflect.NativeMethodAccessorImpl.invoke0(Native Method)\r\njava.base/jdk.internal.reflect.NativeMethodAccessorImpl.invoke(NativeMethodAccessorImpl.java:77)\r\njava.base/jdk.internal.reflect.DelegatingMethodAccessorImpl.invoke(DelegatingMethodAccessorImpl.java:43)\r\njava.base/java.lang.reflect.Method.invoke(Method.java:568)\r\norg.testng.internal.invokers.MethodInvocationHelper.invokeMethod(MethodInvocationHelper.java:135)\r\norg.testng.internal.invokers.MethodInvocationHelper.invokeMethodConsideringTimeout(MethodInvocationHelper.java:65)\r\norg.testng.internal.invokers.ConfigInvoker.invokeConfigurationMethod(ConfigInvoker.java:381)\r\norg.testng.internal.invokers.ConfigInvoker.invokeConfigurations(ConfigInvoker.java:319)\r\norg.testng.SuiteRunner.privateRun(SuiteRunner.java:368)\r\norg.testng.SuiteRunner.run(SuiteRunner.java:326)\r\norg.testng.SuiteRunnerWorker.runSuite(SuiteRunnerWorker.java:52)\r\norg.testng.SuiteRunnerWorker.run(SuiteRunnerWorker.java:95)\r\norg.testng.TestNG.runSuitesSequentially(TestNG.java:1249)\r\norg.testng.TestNG.runSuitesLocally(TestNG.java:1169)\r\norg.testng.TestNG.runSuites(TestNG.java:1092)\r\norg.testng.TestNG.run(TestNG.java:1060)\r\norg.apache.maven.surefire.testng.TestNGExecutor.run(TestNGExecutor.java:136)\r\norg.apache.maven.surefire.testng.TestNGDirectoryTestSuite.executeMulti(TestNGDirectoryTestSuite.java:193)\r\norg.apache.maven.surefire.testng.TestNGDirectoryTestSuite.execute(TestNGDirectoryTestSuite.java:94)\r\norg.apache.maven.surefire.testng.TestNGProvider.invoke(TestNGProvider.java:145)\r\norg.apache.maven.surefire.booter.ForkedBooter.runSuitesInProcess(ForkedBooter.java:428)\r\norg.apache.maven.surefire.booter.ForkedBooter.execute(ForkedBooter.java:162)\r\norg.apache.maven.surefire.booter.ForkedBooter.run(ForkedBooter.java:562)\r\norg.apache.maven.surefire.booter.ForkedBooter.main(ForkedBooter.java:548)\r\n\r\nCaused by: org.xml.sax.SAXParseException:\r\nElement or attribute \"reportPath:\" do not match QName production: QName::=(NCName:)?NCName.\r\njava.xml/com.sun.org.apache.xerces.internal.parsers.AbstractSAXParser.parse(AbstractSAXParser.java:1251)\r\njava.xml/com.sun.org.apache.xerces.internal.jaxp.SAXParserImpl$JAXPSAXParser.parse(SAXParserImpl.java:637)\r\njava.xml/com.sun.org.apache.xalan.internal.xsltc.trax.TransformerImpl.transformIdentity(TransformerImpl.java:668)\r\njava.xml/com.sun.org.apache.xalan.internal.xsltc.trax.TransformerImpl.transform(TransformerImpl.java:782)\r\njava.xml/com.sun.org.apache.xalan.internal.xsltc.trax.TransformerImpl.transform(TransformerImpl.java:397)\r\ncom.shaft.api.RestActions.prettyFormatXML(RestActions.java:742)\r\ncom.shaft.api.RestActions.formatXML(RestActions.java:401)\r\ncom.shaft.tools.io.ReportManagerHelper.writeEnvironmentVariablesToAllureResultsDirectory(ReportManagerHelper.java:713)\r\ncom.shaft.tools.io.ReportManagerHelper.initializeAllureReportingEnvironment(ReportManagerHelper.java:196)\r\ncom.shaft.tools.io.LogsHelper.setupActivities(LogsHelper.java:20)\r\njava.base/jdk.internal.reflect.NativeMethodAccessorImpl.invoke0(Native Method)\r\njava.base/jdk.internal.reflect.NativeMethodAccessorImpl.invoke(NativeMethodAccessorImpl.java:77)\r\njava.base/jdk.internal.reflect.DelegatingMethodAccessorImpl.invoke(DelegatingMethodAccessorImpl.java:43)\r\njava.base/java.lang.reflect.Method.invoke(Method.java:568)\r\norg.testng.internal.invokers.MethodInvocationHelper.invokeMethod(MethodInvocationHelper.java:135)\r\norg.testng.internal.invokers.MethodInvocationHelper.invokeMethodConsideringTimeout(MethodInvocationHelper.java:65)\r\norg.testng.internal.invokers.ConfigInvoker.invokeConfigurationMethod(ConfigInvoker.java:381)\r\norg.testng.internal.invokers.ConfigInvoker.invokeConfigurations(ConfigInvoker.java:319)\r\norg.testng.SuiteRunner.privateRun(SuiteRunner.java:368)\r\norg.testng.SuiteRunner.run(SuiteRunner.java:326)\r\norg.testng.SuiteRunnerWorker.runSuite(SuiteRunnerWorker.java:52)\r\norg.testng.SuiteRunnerWorker.run(SuiteRunnerWorker.java:95)\r\norg.testng.TestNG.runSuitesSequentially(TestNG.java:1249)\r\norg.testng.TestNG.runSuitesLocally(TestNG.java:1169)\r\norg.testng.TestNG.runSuites(TestNG.java:1092)\r\norg.testng.TestNG.run(TestNG.java:1060)\r\norg.apache.maven.surefire.testng.TestNGExecutor.run(TestNGExecutor.java:136)\r\norg.apache.maven.surefire.testng.TestNGDirectoryTestSuite.executeMulti(TestNGDirectoryTestSuite.java:193)\r\norg.apache.maven.surefire.testng.TestNGDirectoryTestSuite.execute(TestNGDirectoryTestSuite.java:94)\r\norg.apache.maven.surefire.testng.TestNGProvider.invoke(TestNGProvider.java:145)\r\norg.apache.maven.surefire.booter.ForkedBooter.runSuitesInProcess(ForkedBooter.java:428)\r\norg.apache.maven.surefire.booter.ForkedBooter.execute(ForkedBooter.java:162)\r\norg.apache.maven.surefire.booter.ForkedBooter.run(ForkedBooter.java:562)\r\norg.apache.maven.surefire.booter.ForkedBooter.main(ForkedBooter.java:548)\r\n]]"
      } ],
      "stepsCount" : 0,
      "hasContent" : true,
      "shouldDisplayMessage" : false,
      "attachmentsCount" : 1
    }, {
      "name" : "Folder [extent-reports] was not found, it may have already been deleted.",
      "time" : {
        "start" : 1645062345756,
        "stop" : 1645062345756,
        "duration" : 0
      },
      "status" : "passed",
      "steps" : [ ],
      "attachments" : [ ],
      "parameters" : [ {
        "name" : "actionCounter",
        "value" : "6"
      }, {
        "name" : "logText",
        "value" : "Folder [extent-reports] was not found, it may have already been deleted."
      } ],
      "stepsCount" : 0,
      "hasContent" : true,
      "shouldDisplayMessage" : false,
      "attachmentsCount" : 0
    } ],
    "attachments" : [ {
      "uid" : "121d2b2c80d09091",
      "name" : "Attachment: SHAFT Links - Important",
      "source" : "121d2b2c80d09091.uri",
      "type" : "text/uri-list",
      "size" : 335
    }, {
      "uid" : "32542e6c43c278ae",
      "name" : "Attachment: Properties - browserStack",
      "source" : "32542e6c43c278ae.properties",
      "type" : "text/plain",
      "size" : 899
    }, {
      "uid" : "e51b8c8fd2c4cda3",
      "name" : "Attachment: Properties - cucumber",
      "source" : "e51b8c8fd2c4cda3.properties",
      "type" : "text/plain",
      "size" : 265
    }, {
      "uid" : "6b683c80ad96092f",
      "name" : "Attachment: Properties - ExecutionPlatform",
      "source" : "6b683c80ad96092f.properties",
      "type" : "text/plain",
      "size" : 403
    }, {
      "uid" : "62eada0c043e96dd",
      "name" : "Attachment: Properties - internal",
      "source" : "62eada0c043e96dd.properties",
      "type" : "text/plain",
      "size" : 113
    }, {
      "uid" : "533163da50e08ed",
      "name" : "Attachment: Properties - JiraXRay",
      "source" : "533163da50e08ed.properties",
      "type" : "text/plain",
      "size" : 1262
    }, {
      "uid" : "fcff595b975c0316",
      "name" : "Attachment: Properties - MobileCapabilities",
      "source" : "fcff595b975c0316.properties",
      "type" : "text/plain",
      "size" : 484
    }, {
      "uid" : "3279d051347877d5",
      "name" : "Attachment: Properties - path",
      "source" : "3279d051347877d5.properties",
      "type" : "text/plain",
      "size" : 704
    }, {
      "uid" : "2a76d715eaf60a81",
      "name" : "Attachment: Properties - pattern",
      "source" : "2a76d715eaf60a81.properties",
      "type" : "text/plain",
      "size" : 576
    }, {
      "uid" : "42d994aee396a310",
      "name" : "Attachment: Properties - PlatformFlags",
      "source" : "42d994aee396a310.properties",
      "type" : "text/plain",
      "size" : 783
    }, {
      "uid" : "8495288859164d18",
      "name" : "Attachment: Properties - Reporting",
      "source" : "8495288859164d18.properties",
      "type" : "text/plain",
      "size" : 629
    }, {
      "uid" : "dd438a00652483e5",
      "name" : "Attachment: Properties - testNG",
      "source" : "dd438a00652483e5.properties",
      "type" : "text/plain",
      "size" : 505
    }, {
      "uid" : "de06d7c86e4dd7c7",
      "name" : "Attachment: Properties - Timeouts",
      "source" : "de06d7c86e4dd7c7.properties",
      "type" : "text/plain",
      "size" : 744
    }, {
      "uid" : "485c601e106f1599",
      "name" : "Attachment: Properties - video",
      "source" : "485c601e106f1599.properties",
      "type" : "text/plain",
      "size" : 785
    }, {
      "uid" : "8787b9246a68881a",
      "name" : "Attachment: Properties - VisualValidations",
      "source" : "8787b9246a68881a.properties",
      "type" : "text/plain",
      "size" : 740
    } ],
    "parameters" : [ ],
    "stepsCount" : 5,
    "hasContent" : true,
    "shouldDisplayMessage" : false,
    "attachmentsCount" : 16
  }, {
    "name" : "beforeClass",
    "time" : {
      "start" : 1645062537096,
      "stop" : 1645062540596,
      "duration" : 3500
    },
    "description" : "",
    "status" : "passed",
    "steps" : [ {
      "name" : "Successfully loaded the following test data file [src/test/resources/testDataFiles/testSuite01/TestData.xlsx].",
      "time" : {
        "start" : 1645062538459,
        "stop" : 1645062538460,
        "duration" : 1
      },
      "status" : "passed",
      "steps" : [ ],
      "attachments" : [ {
        "uid" : "a61f3615954f0827",
        "name" : "Attachment: Test Data - Excel",
        "source" : "a61f3615954f0827.xlsx",
        "type" : "application/vnd.openxmlformats-officedocument.spreadsheetml.sheet",
        "size" : 12483
      } ],
      "parameters" : [ {
        "name" : "actionCounter",
        "value" : "167"
      }, {
        "name" : "logText",
        "value" : "Successfully loaded the following test data file [src/test/resources/testDataFiles/testSuite01/TestData.xlsx]."
      }, {
        "name" : "attachments",
        "value" : "[[Test Data, Excel, java.io.FileInputStream@2e310896]]"
      } ],
      "stepsCount" : 0,
      "hasContent" : true,
      "shouldDisplayMessage" : false,
      "attachmentsCount" : 1
    }, {
      "name" : "Attempting to run locally on: [Windows-64], [MicrosoftEdge], Headless Execution.",
      "time" : {
        "start" : 1645062538461,
        "stop" : 1645062538461,
        "duration" : 0
      },
      "status" : "passed",
      "steps" : [ ],
      "attachments" : [ ],
      "parameters" : [ {
        "name" : "actionCounter",
        "value" : "168"
      }, {
        "name" : "logText",
        "value" : "Attempting to run locally on: [Windows-64], [MicrosoftEdge], Headless Execution."
      } ],
      "stepsCount" : 0,
      "hasContent" : true,
      "shouldDisplayMessage" : false,
      "attachmentsCount" : 0
    }, {
      "name" : "Identifying OS/Driver combination and selecting the correct driver version automatically. Please note that if a new driver executable will be downloaded it may take some time...",
      "time" : {
        "start" : 1645062538462,
        "stop" : 1645062538462,
        "duration" : 0
      },
      "status" : "passed",
      "steps" : [ ],
      "attachments" : [ ],
      "parameters" : [ {
        "name" : "actionCounter",
        "value" : "169"
      }, {
        "name" : "logText",
        "value" : "Identifying OS/Driver combination and selecting the correct driver version automatically. Please note that if a new driver executable will be downloaded it may take some time..."
      } ],
      "stepsCount" : 0,
      "hasContent" : true,
      "shouldDisplayMessage" : false,
      "attachmentsCount" : 0
    }, {
      "name" : "Successfully Opened Microsoft Edge.",
      "time" : {
        "start" : 1645062540442,
        "stop" : 1645062540442,
        "duration" : 0
      },
      "status" : "passed",
      "steps" : [ ],
      "attachments" : [ ],
      "parameters" : [ {
        "name" : "actionCounter",
        "value" : "170"
      }, {
        "name" : "logText",
        "value" : "Successfully Opened Microsoft Edge."
      } ],
      "stepsCount" : 0,
      "hasContent" : true,
      "shouldDisplayMessage" : false,
      "attachmentsCount" : 0
    }, {
      "name" : "Browser Action [MaximizeWindow] successfully performed. With the following test data [New screen size is now: (1040, 744)].",
      "time" : {
        "start" : 1645062540595,
        "stop" : 1645062540595,
        "duration" : 0
      },
      "status" : "passed",
      "steps" : [ ],
      "attachments" : [ ],
      "parameters" : [ {
        "name" : "actionCounter",
        "value" : "171"
      }, {
        "name" : "logText",
        "value" : "Browser Action [MaximizeWindow] successfully performed. With the following test data [New screen size is now: (1040, 744)]."
      }, {
        "name" : "attachments",
        "value" : "[null]"
      } ],
      "stepsCount" : 0,
      "hasContent" : true,
      "shouldDisplayMessage" : false,
      "attachmentsCount" : 0
    } ],
    "attachments" : [ ],
    "parameters" : [ ],
    "stepsCount" : 5,
    "hasContent" : true,
    "shouldDisplayMessage" : false,
    "attachmentsCount" : 1
  } ],
  "testStage" : {
    "status" : "failed",
    "statusMessage" : "Browser Action [NavigateToNewURL] failed. With the following test data [https://www.google.com/ncr].",
    "statusTrace" : "java.lang.AssertionError: Browser Action [NavigateToNewURL] failed. With the following test data [https://www.google.com/ncr].\r\n\tat org.testng.Assert.fail(Assert.java:98)\r\n\tat com.shaft.gui.browser.WebDriverBrowserActions.failAction(WebDriverBrowserActions.java:610)\r\n\tat com.shaft.gui.browser.WebDriverBrowserActions.failAction(WebDriverBrowserActions.java:603)\r\n\tat com.shaft.gui.browser.WebDriverBrowserActions.navigateToNewURL(WebDriverBrowserActions.java:662)\r\n\tat com.shaft.gui.browser.WebDriverBrowserActions.navigateToURL(WebDriverBrowserActions.java:285)\r\n\tat com.shaft.gui.browser.BrowserActions.navigateToURL(BrowserActions.java:107)\r\n\tat poms.GoogleSearch.navigateToURL(GoogleSearch.java:37)\r\n\tat testPackage01.Test_google.navigateToURLandVerifyGoogleLogoIsDisplayed(Test_google.java:25)\r\n\tat java.base/jdk.internal.reflect.NativeMethodAccessorImpl.invoke0(Native Method)\r\n\tat java.base/jdk.internal.reflect.NativeMethodAccessorImpl.invoke(NativeMethodAccessorImpl.java:77)\r\n\tat java.base/jdk.internal.reflect.DelegatingMethodAccessorImpl.invoke(DelegatingMethodAccessorImpl.java:43)\r\n\tat java.base/java.lang.reflect.Method.invoke(Method.java:568)\r\n\tat org.testng.internal.invokers.MethodInvocationHelper.invokeMethod(MethodInvocationHelper.java:135)\r\n\tat org.testng.internal.invokers.TestInvoker.invokeMethod(TestInvoker.java:673)\r\n\tat org.testng.internal.invokers.TestInvoker.invokeTestMethod(TestInvoker.java:220)\r\n\tat org.testng.internal.invokers.MethodRunner.runInSequence(MethodRunner.java:50)\r\n\tat org.testng.internal.invokers.TestInvoker$MethodInvocationAgent.invoke(TestInvoker.java:945)\r\n\tat org.testng.internal.invokers.TestInvoker.invokeTestMethods(TestInvoker.java:193)\r\n\tat org.testng.internal.invokers.TestMethodWorker.invokeTestMethods(TestMethodWorker.java:146)\r\n\tat org.testng.internal.invokers.TestMethodWorker.run(TestMethodWorker.java:128)\r\n\tat java.base/java.util.ArrayList.forEach(ArrayList.java:1511)\r\n\tat org.testng.TestRunner.privateRun(TestRunner.java:808)\r\n\tat org.testng.TestRunner.run(TestRunner.java:603)\r\n\tat org.testng.SuiteRunner.runTest(SuiteRunner.java:429)\r\n\tat org.testng.SuiteRunner.runSequentially(SuiteRunner.java:423)\r\n\tat org.testng.SuiteRunner.privateRun(SuiteRunner.java:383)\r\n\tat org.testng.SuiteRunner.run(SuiteRunner.java:326)\r\n\tat org.testng.SuiteRunnerWorker.runSuite(SuiteRunnerWorker.java:52)\r\n\tat org.testng.SuiteRunnerWorker.run(SuiteRunnerWorker.java:95)\r\n\tat org.testng.TestNG.runSuitesSequentially(TestNG.java:1249)\r\n\tat org.testng.TestNG.runSuitesLocally(TestNG.java:1169)\r\n\tat org.testng.TestNG.runSuites(TestNG.java:1092)\r\n\tat org.testng.TestNG.run(TestNG.java:1060)\r\n\tat org.apache.maven.surefire.testng.TestNGExecutor.run(TestNGExecutor.java:136)\r\n\tat org.apache.maven.surefire.testng.TestNGDirectoryTestSuite.executeMulti(TestNGDirectoryTestSuite.java:193)\r\n\tat org.apache.maven.surefire.testng.TestNGDirectoryTestSuite.execute(TestNGDirectoryTestSuite.java:94)\r\n\tat org.apache.maven.surefire.testng.TestNGProvider.invoke(TestNGProvider.java:145)\r\n\tat org.apache.maven.surefire.booter.ForkedBooter.runSuitesInProcess(ForkedBooter.java:428)\r\n\tat org.apache.maven.surefire.booter.ForkedBooter.execute(ForkedBooter.java:162)\r\n\tat org.apache.maven.surefire.booter.ForkedBooter.run(ForkedBooter.java:562)\r\n\tat org.apache.maven.surefire.booter.ForkedBooter.main(ForkedBooter.java:548)\r\nCaused by: org.openqa.selenium.TimeoutException: timeout: Timed out receiving message from renderer: -0.000\n  (Session info: MicrosoftEdge=98.0.1108.50)\nBuild info: version: '4.1.2', revision: '9a5a329c5a'\nSystem info: host: 'fv-az449-885', ip: '10.1.0.30', os.name: 'Windows Server 2022', os.arch: 'amd64', os.version: '10.0', java.version: '17.0.2'\nDriver info: org.openqa.selenium.edge.EdgeDriver\nCommand: [bbaf1e233bb8b579f62d7565a6f04967, get {url=https://www.google.com/ncr}]\nCapabilities {acceptInsecureCerts: true, browserName: msedge, browserVersion: 98.0.1108.50, javascriptEnabled: true, ms:edgeOptions: {debuggerAddress: localhost:64625}, msedge: {msedgedriverVersion: 98.0.1108.50 (4203d3deac4b8..., userDataDir: C:\\Users\\RUNNER~1\\AppData\\L...}, networkConnectionEnabled: false, pageLoadStrategy: normal, platform: WINDOWS, platformName: WINDOWS, proxy: Proxy(), se:cdp: ws://localhost:64625/devtoo..., se:cdpVersion: 98.0.1108.50, setWindowRect: true, strictFileInteractability: false, timeouts: {implicit: 0, pageLoad: 30000, script: 30000}, unhandledPromptBehavior: accept and notify, webauthn:extension:credBlob: true, webauthn:extension:largeBlob: true, webauthn:virtualAuthenticators: true}\nSession ID: bbaf1e233bb8b579f62d7565a6f04967\r\n\tat java.base/jdk.internal.reflect.NativeConstructorAccessorImpl.newInstance0(Native Method)\r\n\tat java.base/jdk.internal.reflect.NativeConstructorAccessorImpl.newInstance(NativeConstructorAccessorImpl.java:77)\r\n\tat java.base/jdk.internal.reflect.DelegatingConstructorAccessorImpl.newInstance(DelegatingConstructorAccessorImpl.java:45)\r\n\tat java.base/java.lang.reflect.Constructor.newInstanceWithCaller(Constructor.java:499)\r\n\tat java.base/java.lang.reflect.Constructor.newInstance(Constructor.java:480)\r\n\tat org.openqa.selenium.remote.codec.w3c.W3CHttpResponseCodec.createException(W3CHttpResponseCodec.java:200)\r\n\tat org.openqa.selenium.remote.codec.w3c.W3CHttpResponseCodec.decode(W3CHttpResponseCodec.java:133)\r\n\tat org.openqa.selenium.remote.codec.w3c.W3CHttpResponseCodec.decode(W3CHttpResponseCodec.java:53)\r\n\tat org.openqa.selenium.remote.HttpCommandExecutor.execute(HttpCommandExecutor.java:184)\r\n\tat org.openqa.selenium.remote.service.DriverCommandExecutor.invokeExecute(DriverCommandExecutor.java:167)\r\n\tat org.openqa.selenium.remote.service.DriverCommandExecutor.execute(DriverCommandExecutor.java:142)\r\n\tat org.openqa.selenium.remote.RemoteWebDriver.execute(RemoteWebDriver.java:558)\r\n\tat org.openqa.selenium.remote.RemoteWebDriver.get(RemoteWebDriver.java:327)\r\n\tat org.openqa.selenium.remote.RemoteWebDriver$RemoteNavigation.to(RemoteWebDriver.java:1013)\r\n\tat com.shaft.gui.browser.WebDriverBrowserActions.navigateToNewURL(WebDriverBrowserActions.java:660)\r\n\t... 37 more\r\n",
    "steps" : [ {
      "name" : "Browser Action [NavigateToNewURL] failed. With the following test data [https://www.google.com/ncr].",
      "time" : {
        "start" : 1645062570642,
        "stop" : 1645062570642,
        "duration" : 0
      },
      "status" : "passed",
      "steps" : [ ],
      "attachments" : [ ],
      "parameters" : [ {
        "name" : "actionCounter",
        "value" : "172"
      }, {
        "name" : "logText",
        "value" : "Browser Action [NavigateToNewURL] failed. With the following test data [https://www.google.com/ncr]."
      }, {
        "name" : "attachments",
        "value" : "[null]"
      } ],
      "stepsCount" : 0,
      "hasContent" : true,
      "shouldDisplayMessage" : false,
      "attachmentsCount" : 0
    } ],
    "attachments" : [ {
      "uid" : "fd236d106a1744b0",
      "name" : "Attachment: SHAFT Engine Logs - Current Method log: navigateToURLandVerifyGoogleLogoIsDisplayed",
      "source" : "fd236d106a1744b0.txt",
      "type" : "text/plain",
      "size" : 878
    } ],
    "parameters" : [ ],
    "stepsCount" : 1,
    "hasContent" : true,
    "shouldDisplayMessage" : true,
    "attachmentsCount" : 1
  },
  "afterStages" : [ {
    "name" : "afterClass",
    "time" : {
      "start" : 1645062570667,
      "stop" : 1645062571496,
      "duration" : 829
    },
    "description" : "",
    "status" : "passed",
    "steps" : [ {
      "name" : "Successfully Closed All Drivers.",
      "time" : {
        "start" : 1645062571496,
        "stop" : 1645062571496,
        "duration" : 0
      },
      "status" : "passed",
      "steps" : [ ],
      "attachments" : [ ],
      "parameters" : [ {
        "name" : "actionCounter",
        "value" : "173"
      }, {
        "name" : "logText",
        "value" : "Successfully Closed All Drivers."
      } ],
      "stepsCount" : 0,
      "hasContent" : true,
      "shouldDisplayMessage" : false,
      "attachmentsCount" : 0
    } ],
    "attachments" : [ ],
    "parameters" : [ ],
    "stepsCount" : 1,
    "hasContent" : true,
    "shouldDisplayMessage" : false,
    "attachmentsCount" : 0
  }, {
    "name" : "teardownActivities",
    "time" : {
      "start" : 1645063078276,
      "stop" : 1645063078915,
      "duration" : 639
    },
    "description" : "",
    "status" : "passed",
    "steps" : [ {
      "name" : "Successfully Closed All Drivers.",
      "time" : {
        "start" : 1645063078277,
        "stop" : 1645063078277,
        "duration" : 0
      },
      "status" : "passed",
      "steps" : [ ],
      "attachments" : [ ],
      "parameters" : [ {
        "name" : "actionCounter",
        "value" : "769"
      }, {
        "name" : "logText",
        "value" : "Successfully Closed All Drivers."
      } ],
      "stepsCount" : 0,
      "hasContent" : true,
      "shouldDisplayMessage" : false,
      "attachmentsCount" : 0
    }, {
      "name" : "Issue Summary: Total Issues = 6, New issues for Failed Tests = 4, Open issues for Passed Tests = 2, Open issues for Failed Tests = 0. Kindly check the attached Issue details.",
      "time" : {
        "start" : 1645063078286,
        "stop" : 1645063078287,
        "duration" : 1
      },
      "status" : "passed",
      "steps" : [ ],
      "attachments" : [ {
        "uid" : "e2709596fde1037e",
        "name" : "Attachment: SHAFT Engine Logs - Issues log CSV: 20220217-015758",
        "source" : "e2709596fde1037e.csv",
        "type" : "text/csv",
        "size" : 763
      } ],
      "parameters" : [ {
        "name" : "actionCounter",
        "value" : "770"
      }, {
        "name" : "logText",
        "value" : "Issue Summary: Total Issues = 6, New issues for Failed Tests = 4, Open issues for Passed Tests = 2, Open issues for Failed Tests = 0. Kindly check the attached Issue details."
      }, {
        "name" : "attachments",
        "value" : "[[SHAFT Engine Logs, Issues log CSV: 20220217-015758, java.io.ByteArrayInputStream@7fd1c82b]]"
      } ],
      "stepsCount" : 0,
      "hasContent" : true,
      "shouldDisplayMessage" : false,
      "attachmentsCount" : 1
    } ],
    "attachments" : [ {
      "uid" : "cdc696f4f7eb679c",
      "name" : "Attachment: SHAFT Engine Logs - Execution log: 20220217-015758",
      "source" : "cdc696f4f7eb679c.txt",
      "type" : "text/plain",
      "size" : 446160
    }, {
      "uid" : "cd41d3a0cd894da8",
      "name" : "Attachment: HTML - Extent Emailable Execution Report",
      "source" : "cd41d3a0cd894da8.html",
      "type" : "text/html",
      "size" : 12601589
    } ],
    "parameters" : [ ],
    "stepsCount" : 2,
    "hasContent" : true,
    "shouldDisplayMessage" : false,
    "attachmentsCount" : 3
  } ],
  "labels" : [ {
    "name" : "package",
    "value" : "testPackage01.Test_google"
  }, {
    "name" : "testClass",
    "value" : "testPackage01.Test_google"
  }, {
    "name" : "testMethod",
    "value" : "navigateToURLandVerifyGoogleLogoIsDisplayed"
  }, {
    "name" : "parentSuite",
    "value" : "SHAFT: Custom Suite"
  }, {
    "name" : "suite",
    "value" : "SHAFT: Custom Test"
  }, {
    "name" : "subSuite",
    "value" : "testPackage01.Test_google"
  }, {
    "name" : "host",
    "value" : "fv-az449-885"
  }, {
    "name" : "thread",
    "value" : "4352@fv-az449-885.main(1)"
  }, {
    "name" : "framework",
    "value" : "testng"
  }, {
    "name" : "language",
    "value" : "java"
  }, {
    "name" : "resultFormat",
    "value" : "allure2"
  } ],
  "parameters" : [ ],
  "links" : [ ],
  "hidden" : false,
  "retry" : false,
  "extra" : {
    "severity" : "normal",
    "retries" : [ ],
    "categories" : [ {
      "name" : "Product defects",
      "matchedStatuses" : [ ],
      "flaky" : false
    } ],
    "history" : {
      "statistic" : {
        "failed" : 1,
        "broken" : 0,
        "skipped" : 0,
        "passed" : 1,
        "unknown" : 0,
        "total" : 2
      },
      "items" : [ {
        "uid" : "65941e5b49c2c938",
        "reportUrl" : "https://MohabMohie.github.io/SHAFT_ENGINE/allure/Windows/Web/1152//#testresult/65941e5b49c2c938",
        "status" : "passed",
        "time" : {
          "start" : 1644977194015,
          "stop" : 1644977195604,
          "duration" : 1589
        }
      } ]
    },
    "tags" : [ ]
  },
  "source" : "cf7f94235153cb66.json",
  "parameterValues" : [ ]
}