{
  "uid" : "1d69168a5f20ff7e",
  "name" : "f37",
  "fullName" : "testPackage01.Test_NewValidationHelper.f37",
  "historyId" : "8a87a21477193c438040ea0bf35f7853",
  "time" : {
    "start" : 1640484164609,
    "stop" : 1640484164610,
    "duration" : 1
  },
  "status" : "skipped",
  "statusMessage" : "Driver Factory Action [createNewLocalDriverInstanceForSafari] failed. With the following test data [Failed to create a session on DESKTOP_SAFARI].",
  "statusTrace" : "java.lang.AssertionError: Driver Factory Action [createNewLocalDriverInstanceForSafari] failed. With the following test data [Failed to create a session on DESKTOP_SAFARI].\n\tat org.testng.Assert.fail(Assert.java:99)\n\tat com.shaft.driver.DriverFactoryHelper.failAction(DriverFactoryHelper.java:306)\n\tat com.shaft.driver.DriverFactoryHelper.createNewLocalDriverInstanceForSafari(DriverFactoryHelper.java:576)\n\tat com.shaft.driver.DriverFactoryHelper.createNewLocalDriverInstance(DriverFactoryHelper.java:596)\n\tat com.shaft.driver.DriverFactoryHelper.getDriver(DriverFactoryHelper.java:815)\n\tat com.shaft.driver.DriverFactoryHelper.getDriver(DriverFactoryHelper.java:140)\n\tat com.shaft.driver.DriverFactory.getDriver(DriverFactory.java:27)\n\tat com.shaft.gui.browser.BrowserFactory.getBrowser(BrowserFactory.java:21)\n\tat testPackage01.Test_NewValidationHelper.openBrowser(Test_NewValidationHelper.java:326)\n\tat java.base/jdk.internal.reflect.NativeMethodAccessorImpl.invoke0(Native Method)\n\tat java.base/jdk.internal.reflect.NativeMethodAccessorImpl.invoke(NativeMethodAccessorImpl.java:77)\n\tat java.base/jdk.internal.reflect.DelegatingMethodAccessorImpl.invoke(DelegatingMethodAccessorImpl.java:43)\n\tat java.base/java.lang.reflect.Method.invoke(Method.java:568)\n\tat org.testng.internal.MethodInvocationHelper.invokeMethod(MethodInvocationHelper.java:133)\n\tat org.testng.internal.MethodInvocationHelper.invokeMethodConsideringTimeout(MethodInvocationHelper.java:62)\n\tat org.testng.internal.ConfigInvoker.invokeConfigurationMethod(ConfigInvoker.java:385)\n\tat org.testng.internal.ConfigInvoker.invokeConfigurations(ConfigInvoker.java:321)\n\tat org.testng.internal.TestInvoker.runConfigMethods(TestInvoker.java:700)\n\tat org.testng.internal.TestInvoker.invokeMethod(TestInvoker.java:527)\n\tat org.testng.internal.TestInvoker.invokeTestMethod(TestInvoker.java:173)\n\tat org.testng.internal.MethodRunner.runInSequence(MethodRunner.java:46)\n\tat org.testng.internal.TestInvoker$MethodInvocationAgent.invoke(TestInvoker.java:824)\n\tat org.testng.internal.TestInvoker.invokeTestMethods(TestInvoker.java:146)\n\tat org.testng.internal.TestMethodWorker.invokeTestMethods(TestMethodWorker.java:146)\n\tat org.testng.internal.TestMethodWorker.run(TestMethodWorker.java:128)\n\tat java.base/java.util.ArrayList.forEach(ArrayList.java:1511)\n\tat org.testng.TestRunner.privateRun(TestRunner.java:794)\n\tat org.testng.TestRunner.run(TestRunner.java:596)\n\tat org.testng.SuiteRunner.runTest(SuiteRunner.java:377)\n\tat org.testng.SuiteRunner.runSequentially(SuiteRunner.java:371)\n\tat org.testng.SuiteRunner.privateRun(SuiteRunner.java:332)\n\tat org.testng.SuiteRunner.run(SuiteRunner.java:276)\n\tat org.testng.SuiteRunnerWorker.runSuite(SuiteRunnerWorker.java:53)\n\tat org.testng.SuiteRunnerWorker.run(SuiteRunnerWorker.java:96)\n\tat org.testng.TestNG.runSuitesSequentially(TestNG.java:1212)\n\tat org.testng.TestNG.runSuitesLocally(TestNG.java:1134)\n\tat org.testng.TestNG.runSuites(TestNG.java:1063)\n\tat org.testng.TestNG.run(TestNG.java:1031)\n\tat org.apache.maven.surefire.testng.TestNGExecutor.run(TestNGExecutor.java:136)\n\tat org.apache.maven.surefire.testng.TestNGDirectoryTestSuite.executeMulti(TestNGDirectoryTestSuite.java:193)\n\tat org.apache.maven.surefire.testng.TestNGDirectoryTestSuite.execute(TestNGDirectoryTestSuite.java:94)\n\tat org.apache.maven.surefire.testng.TestNGProvider.invoke(TestNGProvider.java:145)\n\tat org.apache.maven.surefire.booter.ForkedBooter.runSuitesInProcess(ForkedBooter.java:428)\n\tat org.apache.maven.surefire.booter.ForkedBooter.execute(ForkedBooter.java:162)\n\tat org.apache.maven.surefire.booter.ForkedBooter.run(ForkedBooter.java:562)\n\tat org.apache.maven.surefire.booter.ForkedBooter.main(ForkedBooter.java:548)\n",
  "flaky" : false,
  "newFailed" : false,
  "newBroken" : false,
  "newPassed" : false,
  "retriesCount" : 0,
  "retriesStatusChange" : false,
  "beforeStages" : [ {
    "name" : "setupActivities",
    "time" : {
      "start" : 1640484011502,
      "stop" : 1640484014764,
      "duration" : 3262
    },
    "description" : "",
    "status" : "passed",
    "steps" : [ {
      "name" : "Folder [allure-results] was not found, it may have already been deleted.",
      "time" : {
        "start" : 1640484011582,
        "stop" : 1640484011587,
        "duration" : 5
      },
      "status" : "passed",
      "steps" : [ ],
      "attachments" : [ ],
      "parameters" : [ {
        "name" : "actionCounter",
        "value" : "1"
      }, {
        "name" : "logText",
        "value" : "Folder [allure-results] was not found, it may have already been deleted."
      } ],
      "stepsCount" : 0,
      "attachmentsCount" : 0,
      "shouldDisplayMessage" : false,
      "hasContent" : true
    }, {
      "name" : "Folder [/Users/runner/.m2/repository/allure/] was not found, it may have already been deleted.",
      "time" : {
        "start" : 1640484011588,
        "stop" : 1640484011589,
        "duration" : 1
      },
      "status" : "passed",
      "steps" : [ ],
      "attachments" : [ ],
      "parameters" : [ {
        "name" : "actionCounter",
        "value" : "2"
      }, {
        "name" : "logText",
        "value" : "Folder [/Users/runner/.m2/repository/allure/] was not found, it may have already been deleted."
      } ],
      "stepsCount" : 0,
      "attachmentsCount" : 0,
      "shouldDisplayMessage" : false,
      "hasContent" : true
    }, {
      "name" : "Downloading a file from this url [https://repo.maven.apache.org/maven2/io/qameta/allure/allure-commandline/2.17.2/allure-commandline-2.17.2.zip] to this directory [target/allureBinary.zip], please wait as downloading may take some time...",
      "time" : {
        "start" : 1640484011590,
        "stop" : 1640484011590,
        "duration" : 0
      },
      "status" : "passed",
      "steps" : [ ],
      "attachments" : [ ],
      "parameters" : [ {
        "name" : "actionCounter",
        "value" : "3"
      }, {
        "name" : "logText",
        "value" : "Downloading a file from this url [https://repo.maven.apache.org/maven2/io/qameta/allure/allure-commandline/2.17.2/allure-commandline-2.17.2.zip] to this directory [target/allureBinary.zip], please wait as downloading may take some time..."
      } ],
      "stepsCount" : 0,
      "attachmentsCount" : 0,
      "shouldDisplayMessage" : false,
      "hasContent" : true
    }, {
      "name" : "Terminal Action [PerformTerminalCommands] successfully performed. With the following test data [Host Name: \"localHost\" | Command: \"chmod u+x /Users/runner/.m2/repository/allure/allure-2.17.2/bin/allure\" | Exit Status: \"0\"].",
      "time" : {
        "start" : 1640484013811,
        "stop" : 1640484013811,
        "duration" : 0
      },
      "status" : "passed",
      "steps" : [ ],
      "attachments" : [ ],
      "parameters" : [ {
        "name" : "actionCounter",
        "value" : "4"
      }, {
        "name" : "logText",
        "value" : "Terminal Action [PerformTerminalCommands] successfully performed. With the following test data [Host Name: \"localHost\" | Command: \"chmod u+x /Users/runner/.m2/repository/allure/allure-2.17.2/bin/allure\" | Exit Status: \"0\"]."
      } ],
      "stepsCount" : 0,
      "attachmentsCount" : 0,
      "shouldDisplayMessage" : false,
      "hasContent" : true
    }, {
      "name" : "Terminal Action [PerformTerminalCommands] successfully performed. With the following test data [Host Name: \"localHost\" | Command: \"chmod u+x generate_allure_report.sh\" | Exit Status: \"0\"].",
      "time" : {
        "start" : 1640484013819,
        "stop" : 1640484013820,
        "duration" : 1
      },
      "status" : "passed",
      "steps" : [ ],
      "attachments" : [ ],
      "parameters" : [ {
        "name" : "actionCounter",
        "value" : "5"
      }, {
        "name" : "logText",
        "value" : "Terminal Action [PerformTerminalCommands] successfully performed. With the following test data [Host Name: \"localHost\" | Command: \"chmod u+x generate_allure_report.sh\" | Exit Status: \"0\"]."
      } ],
      "stepsCount" : 0,
      "attachmentsCount" : 0,
      "shouldDisplayMessage" : false,
      "hasContent" : true
    }, {
      "name" : "Folder [extent-reports] was not found, it may have already been deleted.",
      "time" : {
        "start" : 1640484013927,
        "stop" : 1640484013927,
        "duration" : 0
      },
      "status" : "passed",
      "steps" : [ ],
      "attachments" : [ ],
      "parameters" : [ {
        "name" : "actionCounter",
        "value" : "6"
      }, {
        "name" : "logText",
        "value" : "Folder [extent-reports] was not found, it may have already been deleted."
      } ],
      "stepsCount" : 0,
      "attachmentsCount" : 0,
      "shouldDisplayMessage" : false,
      "hasContent" : true
    } ],
    "attachments" : [ {
      "uid" : "a98bb958b1846d88",
      "name" : "Attachment: SHAFT Links - Important",
      "source" : "a98bb958b1846d88.uri",
      "type" : "text/uri-list",
      "size" : 346
    }, {
      "uid" : "ca2eb2133e680932",
      "name" : "Attachment: Properties - testNG",
      "source" : "ca2eb2133e680932.properties",
      "type" : "text/plain",
      "size" : 492
    }, {
      "uid" : "a6ad27255e805d20",
      "name" : "Attachment: Properties - ExecutionPlatform",
      "source" : "a6ad27255e805d20.properties",
      "type" : "text/plain",
      "size" : 394
    }, {
      "uid" : "5c926b963f239f4",
      "name" : "Attachment: Properties - path",
      "source" : "5c926b963f239f4.properties",
      "type" : "text/plain",
      "size" : 687
    }, {
      "uid" : "4b8cea04bab7a8ff",
      "name" : "Attachment: Properties - video",
      "source" : "4b8cea04bab7a8ff.properties",
      "type" : "text/plain",
      "size" : 763
    }, {
      "uid" : "8342a2df999d97a",
      "name" : "Attachment: Properties - pattern",
      "source" : "8342a2df999d97a.properties",
      "type" : "text/plain",
      "size" : 564
    }, {
      "uid" : "df08f1dfd34e6dee",
      "name" : "Attachment: Properties - internal",
      "source" : "df08f1dfd34e6dee.properties",
      "type" : "text/plain",
      "size" : 117
    }, {
      "uid" : "65105ceff1b9b594",
      "name" : "Attachment: Properties - MobileCapabilities",
      "source" : "65105ceff1b9b594.properties",
      "type" : "text/plain",
      "size" : 470
    }, {
      "uid" : "86b6473ff9c65dbc",
      "name" : "Attachment: Properties - cucumber",
      "source" : "86b6473ff9c65dbc.properties",
      "type" : "text/plain",
      "size" : 226
    }, {
      "uid" : "8c5245f00d6f0547",
      "name" : "Attachment: Properties - PlatformFlags",
      "source" : "8c5245f00d6f0547.properties",
      "type" : "text/plain",
      "size" : 765
    }, {
      "uid" : "1741173c9d1d0624",
      "name" : "Attachment: Properties - Timeouts",
      "source" : "1741173c9d1d0624.properties",
      "type" : "text/plain",
      "size" : 722
    }, {
      "uid" : "42fba1dc84216b20",
      "name" : "Attachment: Properties - Reporting",
      "source" : "42fba1dc84216b20.properties",
      "type" : "text/plain",
      "size" : 614
    }, {
      "uid" : "cb86b8a24976796c",
      "name" : "Attachment: Properties - browserStack",
      "source" : "cb86b8a24976796c.properties",
      "type" : "text/plain",
      "size" : 877
    }, {
      "uid" : "f79c5ac52828bbd0",
      "name" : "Attachment: Properties - VisualValidations",
      "source" : "f79c5ac52828bbd0.properties",
      "type" : "text/plain",
      "size" : 723
    } ],
    "parameters" : [ ],
    "stepsCount" : 6,
    "attachmentsCount" : 14,
    "shouldDisplayMessage" : false,
    "hasContent" : true
  } ],
  "testStage" : {
    "status" : "skipped",
    "statusMessage" : "Driver Factory Action [createNewLocalDriverInstanceForSafari] failed. With the following test data [Failed to create a session on DESKTOP_SAFARI].",
    "statusTrace" : "java.lang.AssertionError: Driver Factory Action [createNewLocalDriverInstanceForSafari] failed. With the following test data [Failed to create a session on DESKTOP_SAFARI].\n\tat org.testng.Assert.fail(Assert.java:99)\n\tat com.shaft.driver.DriverFactoryHelper.failAction(DriverFactoryHelper.java:306)\n\tat com.shaft.driver.DriverFactoryHelper.createNewLocalDriverInstanceForSafari(DriverFactoryHelper.java:576)\n\tat com.shaft.driver.DriverFactoryHelper.createNewLocalDriverInstance(DriverFactoryHelper.java:596)\n\tat com.shaft.driver.DriverFactoryHelper.getDriver(DriverFactoryHelper.java:815)\n\tat com.shaft.driver.DriverFactoryHelper.getDriver(DriverFactoryHelper.java:140)\n\tat com.shaft.driver.DriverFactory.getDriver(DriverFactory.java:27)\n\tat com.shaft.gui.browser.BrowserFactory.getBrowser(BrowserFactory.java:21)\n\tat testPackage01.Test_NewValidationHelper.openBrowser(Test_NewValidationHelper.java:326)\n\tat java.base/jdk.internal.reflect.NativeMethodAccessorImpl.invoke0(Native Method)\n\tat java.base/jdk.internal.reflect.NativeMethodAccessorImpl.invoke(NativeMethodAccessorImpl.java:77)\n\tat java.base/jdk.internal.reflect.DelegatingMethodAccessorImpl.invoke(DelegatingMethodAccessorImpl.java:43)\n\tat java.base/java.lang.reflect.Method.invoke(Method.java:568)\n\tat org.testng.internal.MethodInvocationHelper.invokeMethod(MethodInvocationHelper.java:133)\n\tat org.testng.internal.MethodInvocationHelper.invokeMethodConsideringTimeout(MethodInvocationHelper.java:62)\n\tat org.testng.internal.ConfigInvoker.invokeConfigurationMethod(ConfigInvoker.java:385)\n\tat org.testng.internal.ConfigInvoker.invokeConfigurations(ConfigInvoker.java:321)\n\tat org.testng.internal.TestInvoker.runConfigMethods(TestInvoker.java:700)\n\tat org.testng.internal.TestInvoker.invokeMethod(TestInvoker.java:527)\n\tat org.testng.internal.TestInvoker.invokeTestMethod(TestInvoker.java:173)\n\tat org.testng.internal.MethodRunner.runInSequence(MethodRunner.java:46)\n\tat org.testng.internal.TestInvoker$MethodInvocationAgent.invoke(TestInvoker.java:824)\n\tat org.testng.internal.TestInvoker.invokeTestMethods(TestInvoker.java:146)\n\tat org.testng.internal.TestMethodWorker.invokeTestMethods(TestMethodWorker.java:146)\n\tat org.testng.internal.TestMethodWorker.run(TestMethodWorker.java:128)\n\tat java.base/java.util.ArrayList.forEach(ArrayList.java:1511)\n\tat org.testng.TestRunner.privateRun(TestRunner.java:794)\n\tat org.testng.TestRunner.run(TestRunner.java:596)\n\tat org.testng.SuiteRunner.runTest(SuiteRunner.java:377)\n\tat org.testng.SuiteRunner.runSequentially(SuiteRunner.java:371)\n\tat org.testng.SuiteRunner.privateRun(SuiteRunner.java:332)\n\tat org.testng.SuiteRunner.run(SuiteRunner.java:276)\n\tat org.testng.SuiteRunnerWorker.runSuite(SuiteRunnerWorker.java:53)\n\tat org.testng.SuiteRunnerWorker.run(SuiteRunnerWorker.java:96)\n\tat org.testng.TestNG.runSuitesSequentially(TestNG.java:1212)\n\tat org.testng.TestNG.runSuitesLocally(TestNG.java:1134)\n\tat org.testng.TestNG.runSuites(TestNG.java:1063)\n\tat org.testng.TestNG.run(TestNG.java:1031)\n\tat org.apache.maven.surefire.testng.TestNGExecutor.run(TestNGExecutor.java:136)\n\tat org.apache.maven.surefire.testng.TestNGDirectoryTestSuite.executeMulti(TestNGDirectoryTestSuite.java:193)\n\tat org.apache.maven.surefire.testng.TestNGDirectoryTestSuite.execute(TestNGDirectoryTestSuite.java:94)\n\tat org.apache.maven.surefire.testng.TestNGProvider.invoke(TestNGProvider.java:145)\n\tat org.apache.maven.surefire.booter.ForkedBooter.runSuitesInProcess(ForkedBooter.java:428)\n\tat org.apache.maven.surefire.booter.ForkedBooter.execute(ForkedBooter.java:162)\n\tat org.apache.maven.surefire.booter.ForkedBooter.run(ForkedBooter.java:562)\n\tat org.apache.maven.surefire.booter.ForkedBooter.main(ForkedBooter.java:548)\n",
    "steps" : [ ],
    "attachments" : [ {
      "uid" : "a69d61bc9a991fe7",
      "name" : "Attachment: SHAFT Engine Logs - Current Method log: f37",
      "source" : "a69d61bc9a991fe7.txt",
      "type" : "text/plain",
      "size" : 417
    } ],
    "parameters" : [ ],
    "stepsCount" : 0,
    "attachmentsCount" : 1,
    "shouldDisplayMessage" : true,
    "hasContent" : true
  },
  "afterStages" : [ {
    "name" : "teardownActivities",
    "time" : {
      "start" : 1640484245187,
      "stop" : 1640484246118,
      "duration" : 931
    },
    "description" : "",
    "status" : "passed",
    "steps" : [ {
      "name" : "Successfully Closed All Drivers.",
      "time" : {
        "start" : 1640484245187,
        "stop" : 1640484245187,
        "duration" : 0
      },
      "status" : "passed",
      "steps" : [ ],
      "attachments" : [ ],
      "parameters" : [ {
        "name" : "actionCounter",
        "value" : "374"
      }, {
        "name" : "logText",
        "value" : "Successfully Closed All Drivers."
      } ],
      "stepsCount" : 0,
      "attachmentsCount" : 0,
      "shouldDisplayMessage" : false,
      "hasContent" : true
    }, {
      "name" : "Issue Summary: Total Issues = 3, New issues for Failed Tests = 1, Open issues for Passed Tests = 2, Open issues for Failed Tests = 0. Kindly check the attached Issue details.",
      "time" : {
        "start" : 1640484245200,
        "stop" : 1640484245201,
        "duration" : 1
      },
      "status" : "passed",
      "steps" : [ ],
      "attachments" : [ {
        "uid" : "2151c962abdc1ac9",
        "name" : "Attachment: SHAFT Engine Logs - Issues log CSV: 20211226-020405",
        "source" : "2151c962abdc1ac9.csv",
        "type" : "text/csv",
        "size" : 361
      } ],
      "parameters" : [ {
        "name" : "actionCounter",
        "value" : "375"
      }, {
        "name" : "logText",
        "value" : "Issue Summary: Total Issues = 3, New issues for Failed Tests = 1, Open issues for Passed Tests = 2, Open issues for Failed Tests = 0. Kindly check the attached Issue details."
      }, {
        "name" : "attachments",
        "value" : "[[SHAFT Engine Logs, Issues log CSV: 20211226-020405, java.io.ByteArrayInputStream@26d85edc]]"
      } ],
      "stepsCount" : 0,
      "attachmentsCount" : 1,
      "shouldDisplayMessage" : false,
      "hasContent" : true
    } ],
    "attachments" : [ {
      "uid" : "af9c9a394f8892e7",
      "name" : "Attachment: SHAFT Engine Logs - Execution log: 20211226-020405",
      "source" : "af9c9a394f8892e7.txt",
      "type" : "text/plain",
      "size" : 231347
    }, {
      "uid" : "b783e5da5b04602a",
      "name" : "Attachment: HTML - Extent Emailable Execution Report",
      "source" : "b783e5da5b04602a.html",
      "type" : "text/html",
      "size" : 6339641
    } ],
    "parameters" : [ ],
    "stepsCount" : 2,
    "attachmentsCount" : 3,
    "shouldDisplayMessage" : false,
    "hasContent" : true
  } ],
  "labels" : [ {
    "name" : "package",
    "value" : "testPackage01.Test_NewValidationHelper"
  }, {
    "name" : "testClass",
    "value" : "testPackage01.Test_NewValidationHelper"
  }, {
    "name" : "testMethod",
    "value" : "f37"
  }, {
    "name" : "parentSuite",
    "value" : "SHAFT: Custom Suite"
  }, {
    "name" : "suite",
    "value" : "SHAFT: Custom Test"
  }, {
    "name" : "subSuite",
    "value" : "testPackage01.Test_NewValidationHelper"
  }, {
    "name" : "host",
    "value" : "Mac-1640482556111.local"
  }, {
    "name" : "thread",
    "value" : "3154@Mac-1640482556111.local.main(1)"
  }, {
    "name" : "framework",
    "value" : "testng"
  }, {
    "name" : "language",
    "value" : "java"
  }, {
    "name" : "resultFormat",
    "value" : "allure2"
  } ],
  "parameters" : [ ],
  "links" : [ ],
  "hidden" : false,
  "retry" : false,
  "extra" : {
    "severity" : "normal",
    "retries" : [ ],
    "categories" : [ ],
    "history" : {
      "statistic" : {
        "failed" : 0,
        "broken" : 5,
        "skipped" : 20,
        "passed" : 9,
        "unknown" : 0,
        "total" : 34
      },
      "items" : [ {
        "uid" : "1c8adb436c5a7071",
        "reportUrl" : "https://MohabMohie.github.io/SHAFT_ENGINE/allure/macOS/Web/1006//#testresult/1c8adb436c5a7071",
        "status" : "passed",
        "time" : {
          "start" : 1640397616222,
          "stop" : 1640397616225,
          "duration" : 3
        }
      }, {
        "uid" : "215bdf112c9206c8",
        "reportUrl" : "https://MohabMohie.github.io/SHAFT_ENGINE/allure/macOS/Web/1002//#testresult/215bdf112c9206c8",
        "status" : "passed",
        "time" : {
          "start" : 1640255616611,
          "stop" : 1640255616613,
          "duration" : 2
        }
      }, {
        "uid" : "d91b912c0140f599",
        "reportUrl" : "https://MohabMohie.github.io/SHAFT_ENGINE/allure/macOS/Web/1000//#testresult/d91b912c0140f599",
        "status" : "passed",
        "time" : {
          "start" : 1640138608992,
          "stop" : 1640138608994,
          "duration" : 2
        }
      }, {
        "uid" : "af3264954a9b250f",
        "reportUrl" : "https://MohabMohie.github.io/SHAFT_ENGINE/allure/macOS/Web/999//#testresult/af3264954a9b250f",
        "status" : "skipped",
        "statusDetails" : "Driver Factory Action [createNewLocalDriverInstanceForSafari] failed. With the following test data [Failed to create a session on DESKTOP_SAFARI].",
        "time" : {
          "start" : 1640052124944,
          "stop" : 1640052124946,
          "duration" : 2
        }
      }, {
        "uid" : "2a4f5a8a3abdc945",
        "reportUrl" : "https://MohabMohie.github.io/SHAFT_ENGINE/allure/macOS/Web/996//#testresult/2a4f5a8a3abdc945",
        "status" : "skipped",
        "statusDetails" : "Driver Factory Action [createNewLocalDriverInstanceForSafari] failed. With the following test data [Failed to create a session on DESKTOP_SAFARI].",
        "time" : {
          "start" : 1639965663677,
          "stop" : 1639965663678,
          "duration" : 1
        }
      }, {
        "uid" : "3ba228fb31fbf1c",
        "reportUrl" : "https://MohabMohie.github.io/SHAFT_ENGINE/allure/macOS/Web/995//#testresult/3ba228fb31fbf1c",
        "status" : "skipped",
        "statusDetails" : "Driver Factory Action [createNewLocalDriverInstanceForSafari] failed. With the following test data [Failed to create a session on DESKTOP_SAFARI].",
        "time" : {
          "start" : 1639879408817,
          "stop" : 1639879408819,
          "duration" : 2
        }
      }, {
        "uid" : "603126b2ad6e5134",
        "reportUrl" : "https://MohabMohie.github.io/SHAFT_ENGINE/allure/macOS/Web/994//#testresult/603126b2ad6e5134",
        "status" : "skipped",
        "statusDetails" : "Driver Factory Action [createNewLocalDriverInstanceForSafari] failed. With the following test data [Failed to create a session on DESKTOP_SAFARI].",
        "time" : {
          "start" : 1639792910381,
          "stop" : 1639792910382,
          "duration" : 1
        }
      }, {
        "uid" : "6d212ff15c65e99e",
        "reportUrl" : "https://MohabMohie.github.io/SHAFT_ENGINE/allure/macOS/Web/993//#testresult/6d212ff15c65e99e",
        "status" : "skipped",
        "statusDetails" : "Driver Factory Action [createNewLocalDriverInstanceForSafari] failed. With the following test data [Failed to create a session on DESKTOP_SAFARI].",
        "time" : {
          "start" : 1639706376430,
          "stop" : 1639706376514,
          "duration" : 84
        }
      }, {
        "uid" : "138c16a85b14c877",
        "reportUrl" : "https://MohabMohie.github.io/SHAFT_ENGINE/allure/macOS/Web/992//#testresult/138c16a85b14c877",
        "status" : "passed",
        "time" : {
          "start" : 1639619717785,
          "stop" : 1639619717787,
          "duration" : 2
        }
      }, {
        "uid" : "c79075ef552ae9f1",
        "reportUrl" : "https://MohabMohie.github.io/SHAFT_ENGINE/allure/macOS/Web/990//#testresult/c79075ef552ae9f1",
        "status" : "passed",
        "time" : {
          "start" : 1639506407882,
          "stop" : 1639506407925,
          "duration" : 43
        }
      }, {
        "uid" : "e2a8cfc40544a363",
        "reportUrl" : "https://MohabMohie.github.io/SHAFT_ENGINE/allure/macOS/Web/988//#testresult/e2a8cfc40544a363",
        "status" : "skipped",
        "statusDetails" : "Driver Factory Action [createNewLocalDriverInstanceForSafari] failed. With the following test data [Failed to create a session on DESKTOP_SAFARI].",
        "time" : {
          "start" : 1639505715133,
          "stop" : 1639505715216,
          "duration" : 83
        }
      }, {
        "uid" : "fc1936317328b960",
        "reportUrl" : "https://MohabMohie.github.io/SHAFT_ENGINE/allure/macOS/Web/982//#testresult/fc1936317328b960",
        "status" : "skipped",
        "statusDetails" : "Driver Factory Action [createNewLocalDriverInstanceForSafari] failed. With the following test data [Failed to create a session on DESKTOP_SAFARI].",
        "time" : {
          "start" : 1639274453855,
          "stop" : 1639274453858,
          "duration" : 3
        }
      }, {
        "uid" : "15b5792248e302ef",
        "reportUrl" : "https://MohabMohie.github.io/SHAFT_ENGINE/allure/macOS/Web/981//#testresult/15b5792248e302ef",
        "status" : "skipped",
        "statusDetails" : "Driver Factory Action [createNewLocalDriverInstanceForSafari] failed. With the following test data [Failed to create a session on DESKTOP_SAFARI].",
        "time" : {
          "start" : 1639247589091,
          "stop" : 1639247589092,
          "duration" : 1
        }
      }, {
        "uid" : "817355033df0bc27",
        "reportUrl" : "https://MohabMohie.github.io/SHAFT_ENGINE/allure/macOS/Web/980//#testresult/817355033df0bc27",
        "status" : "skipped",
        "statusDetails" : "Driver Factory Action [createNewLocalDriverInstanceForSafari] failed. With the following test data [Failed to create a session on DESKTOP_SAFARI].",
        "time" : {
          "start" : 1639247383269,
          "stop" : 1639247383290,
          "duration" : 21
        }
      }, {
        "uid" : "c84acfdc933a8094",
        "reportUrl" : "https://MohabMohie.github.io/SHAFT_ENGINE/allure/macOS/Web/977//#testresult/c84acfdc933a8094",
        "status" : "passed",
        "time" : {
          "start" : 1639246672058,
          "stop" : 1639246672060,
          "duration" : 2
        }
      }, {
        "uid" : "b4485d1c21d49854",
        "reportUrl" : "https://MohabMohie.github.io/SHAFT_ENGINE/allure/macOS/Web/976//#testresult/b4485d1c21d49854",
        "status" : "skipped",
        "statusDetails" : "Driver Factory Action [createNewLocalDriverInstanceForSafari] failed. With the following test data [Failed to create a session on DESKTOP_SAFARI].",
        "time" : {
          "start" : 1639187558465,
          "stop" : 1639187558467,
          "duration" : 2
        }
      }, {
        "uid" : "74d73791b26dcfd6",
        "reportUrl" : "https://MohabMohie.github.io/SHAFT_ENGINE/allure/macOS/Web/974//#testresult/74d73791b26dcfd6",
        "status" : "passed",
        "time" : {
          "start" : 1639101394525,
          "stop" : 1639101394529,
          "duration" : 4
        }
      }, {
        "uid" : "248c99503b28f13d",
        "reportUrl" : "https://MohabMohie.github.io/SHAFT_ENGINE/allure/macOS/Web/972//#testresult/248c99503b28f13d",
        "status" : "passed",
        "time" : {
          "start" : 1639015035809,
          "stop" : 1639015035811,
          "duration" : 2
        }
      }, {
        "uid" : "49e6cd73acac3366",
        "reportUrl" : "https://MohabMohie.github.io/SHAFT_ENGINE/allure/macOS/Web/968//#testresult/49e6cd73acac3366",
        "status" : "skipped",
        "statusDetails" : "Driver Factory Action [createNewLocalDriverInstanceForSafari] failed. With the following test data [Failed to create a session on DESKTOP_SAFARI].",
        "time" : {
          "start" : 1638842365340,
          "stop" : 1638842365342,
          "duration" : 2
        }
      }, {
        "uid" : "9e499b5630919988",
        "reportUrl" : "https://MohabMohie.github.io/SHAFT_ENGINE/allure/macOS/Web/967//#testresult/9e499b5630919988",
        "status" : "broken",
        "statusDetails" : "Cannot invoke \"com.aventstack.extentreports.ExtentReports.createTest(String)\" because \"com.shaft.tools.io.ReportManagerHelper.extentReport\" is null",
        "time" : {
          "start" : 1638794018868,
          "stop" : 1638794018868,
          "duration" : 0
        }
      } ]
    },
    "tags" : [ ]
  },
  "source" : "1d69168a5f20ff7e.json",
  "parameterValues" : [ ]
}