{
  "uid" : "47fac158bca3f4ca",
  "name" : "test_assertElementAttribute",
  "fullName" : "testPackage01.Test_assertEquals.test_assertElementAttribute",
  "historyId" : "5702a1676b94e58bea6b43247a9f5f63",
  "time" : {
    "start" : 1641089251827,
    "stop" : 1641089251829,
    "duration" : 2
  },
  "status" : "skipped",
  "statusMessage" : "Driver Factory Action [createNewLocalDriverInstanceForSafari] failed. With the following test data [Failed to create a session on DESKTOP_SAFARI].",
  "statusTrace" : "java.lang.AssertionError: Driver Factory Action [createNewLocalDriverInstanceForSafari] failed. With the following test data [Failed to create a session on DESKTOP_SAFARI].\n\tat org.testng.Assert.fail(Assert.java:99)\n\tat com.shaft.driver.DriverFactoryHelper.failAction(DriverFactoryHelper.java:306)\n\tat com.shaft.driver.DriverFactoryHelper.createNewLocalDriverInstanceForSafari(DriverFactoryHelper.java:576)\n\tat com.shaft.driver.DriverFactoryHelper.createNewLocalDriverInstance(DriverFactoryHelper.java:596)\n\tat com.shaft.driver.DriverFactoryHelper.getDriver(DriverFactoryHelper.java:815)\n\tat com.shaft.driver.DriverFactoryHelper.getDriver(DriverFactoryHelper.java:140)\n\tat com.shaft.driver.DriverFactory.getDriver(DriverFactory.java:27)\n\tat com.shaft.gui.browser.BrowserFactory.getBrowser(BrowserFactory.java:21)\n\tat testPackage01.Test_assertEquals.beforeClass(Test_assertEquals.java:52)\n\tat java.base/jdk.internal.reflect.NativeMethodAccessorImpl.invoke0(Native Method)\n\tat java.base/jdk.internal.reflect.NativeMethodAccessorImpl.invoke(NativeMethodAccessorImpl.java:77)\n\tat java.base/jdk.internal.reflect.DelegatingMethodAccessorImpl.invoke(DelegatingMethodAccessorImpl.java:43)\n\tat java.base/java.lang.reflect.Method.invoke(Method.java:568)\n\tat org.testng.internal.MethodInvocationHelper.invokeMethod(MethodInvocationHelper.java:133)\n\tat org.testng.internal.MethodInvocationHelper.invokeMethodConsideringTimeout(MethodInvocationHelper.java:62)\n\tat org.testng.internal.ConfigInvoker.invokeConfigurationMethod(ConfigInvoker.java:385)\n\tat org.testng.internal.ConfigInvoker.invokeConfigurations(ConfigInvoker.java:321)\n\tat org.testng.internal.TestMethodWorker.invokeBeforeClassMethods(TestMethodWorker.java:176)\n\tat org.testng.internal.TestMethodWorker.run(TestMethodWorker.java:122)\n\tat java.base/java.util.ArrayList.forEach(ArrayList.java:1511)\n\tat org.testng.TestRunner.privateRun(TestRunner.java:794)\n\tat org.testng.TestRunner.run(TestRunner.java:596)\n\tat org.testng.SuiteRunner.runTest(SuiteRunner.java:377)\n\tat org.testng.SuiteRunner.runSequentially(SuiteRunner.java:371)\n\tat org.testng.SuiteRunner.privateRun(SuiteRunner.java:332)\n\tat org.testng.SuiteRunner.run(SuiteRunner.java:276)\n\tat org.testng.SuiteRunnerWorker.runSuite(SuiteRunnerWorker.java:53)\n\tat org.testng.SuiteRunnerWorker.run(SuiteRunnerWorker.java:96)\n\tat org.testng.TestNG.runSuitesSequentially(TestNG.java:1212)\n\tat org.testng.TestNG.runSuitesLocally(TestNG.java:1134)\n\tat org.testng.TestNG.runSuites(TestNG.java:1063)\n\tat org.testng.TestNG.run(TestNG.java:1031)\n\tat org.apache.maven.surefire.testng.TestNGExecutor.run(TestNGExecutor.java:136)\n\tat org.apache.maven.surefire.testng.TestNGDirectoryTestSuite.executeMulti(TestNGDirectoryTestSuite.java:193)\n\tat org.apache.maven.surefire.testng.TestNGDirectoryTestSuite.execute(TestNGDirectoryTestSuite.java:94)\n\tat org.apache.maven.surefire.testng.TestNGProvider.invoke(TestNGProvider.java:145)\n\tat org.apache.maven.surefire.booter.ForkedBooter.runSuitesInProcess(ForkedBooter.java:428)\n\tat org.apache.maven.surefire.booter.ForkedBooter.execute(ForkedBooter.java:162)\n\tat org.apache.maven.surefire.booter.ForkedBooter.run(ForkedBooter.java:562)\n\tat org.apache.maven.surefire.booter.ForkedBooter.main(ForkedBooter.java:548)\n",
  "flaky" : false,
  "newFailed" : false,
  "newBroken" : false,
  "newPassed" : false,
  "retriesCount" : 0,
  "retriesStatusChange" : false,
  "beforeStages" : [ {
    "name" : "setupActivities",
    "time" : {
      "start" : 1641088808936,
      "stop" : 1641088811353,
      "duration" : 2417
    },
    "description" : "",
    "status" : "passed",
    "steps" : [ {
      "name" : "Folder [allure-results] was not found, it may have already been deleted.",
      "time" : {
        "start" : 1641088809053,
        "stop" : 1641088809055,
        "duration" : 2
      },
      "status" : "passed",
      "steps" : [ ],
      "attachments" : [ ],
      "parameters" : [ {
        "name" : "actionCounter",
        "value" : "1"
      }, {
        "name" : "logText",
        "value" : "Folder [allure-results] was not found, it may have already been deleted."
      } ],
      "stepsCount" : 0,
      "attachmentsCount" : 0,
      "shouldDisplayMessage" : false,
      "hasContent" : true
    }, {
      "name" : "Folder [/Users/runner/.m2/repository/allure/] was not found, it may have already been deleted.",
      "time" : {
        "start" : 1641088809056,
        "stop" : 1641088809056,
        "duration" : 0
      },
      "status" : "passed",
      "steps" : [ ],
      "attachments" : [ ],
      "parameters" : [ {
        "name" : "actionCounter",
        "value" : "2"
      }, {
        "name" : "logText",
        "value" : "Folder [/Users/runner/.m2/repository/allure/] was not found, it may have already been deleted."
      } ],
      "stepsCount" : 0,
      "attachmentsCount" : 0,
      "shouldDisplayMessage" : false,
      "hasContent" : true
    }, {
      "name" : "Downloading a file from this url [https://repo.maven.apache.org/maven2/io/qameta/allure/allure-commandline/2.17.2/allure-commandline-2.17.2.zip] to this directory [target/allureBinary.zip], please wait as downloading may take some time...",
      "time" : {
        "start" : 1641088809057,
        "stop" : 1641088809057,
        "duration" : 0
      },
      "status" : "passed",
      "steps" : [ ],
      "attachments" : [ ],
      "parameters" : [ {
        "name" : "actionCounter",
        "value" : "3"
      }, {
        "name" : "logText",
        "value" : "Downloading a file from this url [https://repo.maven.apache.org/maven2/io/qameta/allure/allure-commandline/2.17.2/allure-commandline-2.17.2.zip] to this directory [target/allureBinary.zip], please wait as downloading may take some time..."
      } ],
      "stepsCount" : 0,
      "attachmentsCount" : 0,
      "shouldDisplayMessage" : false,
      "hasContent" : true
    }, {
      "name" : "Terminal Action [PerformTerminalCommands] successfully performed. With the following test data [Host Name: \"localHost\" | Command: \"chmod u+x /Users/runner/.m2/repository/allure/allure-2.17.2/bin/allure\" | Exit Status: \"0\"].",
      "time" : {
        "start" : 1641088810499,
        "stop" : 1641088810499,
        "duration" : 0
      },
      "status" : "passed",
      "steps" : [ ],
      "attachments" : [ ],
      "parameters" : [ {
        "name" : "actionCounter",
        "value" : "4"
      }, {
        "name" : "logText",
        "value" : "Terminal Action [PerformTerminalCommands] successfully performed. With the following test data [Host Name: \"localHost\" | Command: \"chmod u+x /Users/runner/.m2/repository/allure/allure-2.17.2/bin/allure\" | Exit Status: \"0\"]."
      } ],
      "stepsCount" : 0,
      "attachmentsCount" : 0,
      "shouldDisplayMessage" : false,
      "hasContent" : true
    }, {
      "name" : "Terminal Action [PerformTerminalCommands] successfully performed. With the following test data [Host Name: \"localHost\" | Command: \"chmod u+x generate_allure_report.sh\" | Exit Status: \"0\"].",
      "time" : {
        "start" : 1641088810508,
        "stop" : 1641088810508,
        "duration" : 0
      },
      "status" : "passed",
      "steps" : [ ],
      "attachments" : [ ],
      "parameters" : [ {
        "name" : "actionCounter",
        "value" : "5"
      }, {
        "name" : "logText",
        "value" : "Terminal Action [PerformTerminalCommands] successfully performed. With the following test data [Host Name: \"localHost\" | Command: \"chmod u+x generate_allure_report.sh\" | Exit Status: \"0\"]."
      } ],
      "stepsCount" : 0,
      "attachmentsCount" : 0,
      "shouldDisplayMessage" : false,
      "hasContent" : true
    }, {
      "name" : "Folder [extent-reports] was not found, it may have already been deleted.",
      "time" : {
        "start" : 1641088810611,
        "stop" : 1641088810611,
        "duration" : 0
      },
      "status" : "passed",
      "steps" : [ ],
      "attachments" : [ ],
      "parameters" : [ {
        "name" : "actionCounter",
        "value" : "6"
      }, {
        "name" : "logText",
        "value" : "Folder [extent-reports] was not found, it may have already been deleted."
      } ],
      "stepsCount" : 0,
      "attachmentsCount" : 0,
      "shouldDisplayMessage" : false,
      "hasContent" : true
    } ],
    "attachments" : [ {
      "uid" : "ccf935e2f58b295b",
      "name" : "Attachment: SHAFT Links - Important",
      "source" : "ccf935e2f58b295b.uri",
      "type" : "text/uri-list",
      "size" : 346
    }, {
      "uid" : "f0a37b45438ba804",
      "name" : "Attachment: Properties - testNG",
      "source" : "f0a37b45438ba804.properties",
      "type" : "text/plain",
      "size" : 492
    }, {
      "uid" : "e7d6bae6e0829684",
      "name" : "Attachment: Properties - ExecutionPlatform",
      "source" : "e7d6bae6e0829684.properties",
      "type" : "text/plain",
      "size" : 394
    }, {
      "uid" : "754884cde3f2081b",
      "name" : "Attachment: Properties - path",
      "source" : "754884cde3f2081b.properties",
      "type" : "text/plain",
      "size" : 687
    }, {
      "uid" : "f3482119c4ffb1d7",
      "name" : "Attachment: Properties - video",
      "source" : "f3482119c4ffb1d7.properties",
      "type" : "text/plain",
      "size" : 763
    }, {
      "uid" : "d191a855fa63346c",
      "name" : "Attachment: Properties - pattern",
      "source" : "d191a855fa63346c.properties",
      "type" : "text/plain",
      "size" : 564
    }, {
      "uid" : "d2fc735b87b6578e",
      "name" : "Attachment: Properties - internal",
      "source" : "d2fc735b87b6578e.properties",
      "type" : "text/plain",
      "size" : 117
    }, {
      "uid" : "28b2dd4a6128b5c9",
      "name" : "Attachment: Properties - MobileCapabilities",
      "source" : "28b2dd4a6128b5c9.properties",
      "type" : "text/plain",
      "size" : 470
    }, {
      "uid" : "26c696be2c9801e",
      "name" : "Attachment: Properties - cucumber",
      "source" : "26c696be2c9801e.properties",
      "type" : "text/plain",
      "size" : 226
    }, {
      "uid" : "68fb94b2692d1820",
      "name" : "Attachment: Properties - PlatformFlags",
      "source" : "68fb94b2692d1820.properties",
      "type" : "text/plain",
      "size" : 765
    }, {
      "uid" : "a4edf44e0eaff304",
      "name" : "Attachment: Properties - Timeouts",
      "source" : "a4edf44e0eaff304.properties",
      "type" : "text/plain",
      "size" : 722
    }, {
      "uid" : "3ccea960b68fa86e",
      "name" : "Attachment: Properties - Reporting",
      "source" : "3ccea960b68fa86e.properties",
      "type" : "text/plain",
      "size" : 614
    }, {
      "uid" : "5ca8c1db9142b9d5",
      "name" : "Attachment: Properties - browserStack",
      "source" : "5ca8c1db9142b9d5.properties",
      "type" : "text/plain",
      "size" : 877
    }, {
      "uid" : "64bb4652f99565c0",
      "name" : "Attachment: Properties - VisualValidations",
      "source" : "64bb4652f99565c0.properties",
      "type" : "text/plain",
      "size" : 723
    } ],
    "parameters" : [ ],
    "stepsCount" : 6,
    "attachmentsCount" : 14,
    "shouldDisplayMessage" : false,
    "hasContent" : true
  }, {
    "name" : "beforeClass",
    "time" : {
      "start" : 1641089251609,
      "stop" : 1641089251822,
      "duration" : 213
    },
    "description" : "",
    "status" : "failed",
    "statusMessage" : "Driver Factory Action [createNewLocalDriverInstanceForSafari] failed. With the following test data [Failed to create a session on DESKTOP_SAFARI].",
    "statusTrace" : "java.lang.AssertionError: Driver Factory Action [createNewLocalDriverInstanceForSafari] failed. With the following test data [Failed to create a session on DESKTOP_SAFARI].\n\tat org.testng.Assert.fail(Assert.java:99)\n\tat com.shaft.driver.DriverFactoryHelper.failAction(DriverFactoryHelper.java:306)\n\tat com.shaft.driver.DriverFactoryHelper.createNewLocalDriverInstanceForSafari(DriverFactoryHelper.java:576)\n\tat com.shaft.driver.DriverFactoryHelper.createNewLocalDriverInstance(DriverFactoryHelper.java:596)\n\tat com.shaft.driver.DriverFactoryHelper.getDriver(DriverFactoryHelper.java:815)\n\tat com.shaft.driver.DriverFactoryHelper.getDriver(DriverFactoryHelper.java:140)\n\tat com.shaft.driver.DriverFactory.getDriver(DriverFactory.java:27)\n\tat com.shaft.gui.browser.BrowserFactory.getBrowser(BrowserFactory.java:21)\n\tat testPackage01.Test_assertEquals.beforeClass(Test_assertEquals.java:52)\n\tat java.base/jdk.internal.reflect.NativeMethodAccessorImpl.invoke0(Native Method)\n\tat java.base/jdk.internal.reflect.NativeMethodAccessorImpl.invoke(NativeMethodAccessorImpl.java:77)\n\tat java.base/jdk.internal.reflect.DelegatingMethodAccessorImpl.invoke(DelegatingMethodAccessorImpl.java:43)\n\tat java.base/java.lang.reflect.Method.invoke(Method.java:568)\n\tat org.testng.internal.MethodInvocationHelper.invokeMethod(MethodInvocationHelper.java:133)\n\tat org.testng.internal.MethodInvocationHelper.invokeMethodConsideringTimeout(MethodInvocationHelper.java:62)\n\tat org.testng.internal.ConfigInvoker.invokeConfigurationMethod(ConfigInvoker.java:385)\n\tat org.testng.internal.ConfigInvoker.invokeConfigurations(ConfigInvoker.java:321)\n\tat org.testng.internal.TestMethodWorker.invokeBeforeClassMethods(TestMethodWorker.java:176)\n\tat org.testng.internal.TestMethodWorker.run(TestMethodWorker.java:122)\n\tat java.base/java.util.ArrayList.forEach(ArrayList.java:1511)\n\tat org.testng.TestRunner.privateRun(TestRunner.java:794)\n\tat org.testng.TestRunner.run(TestRunner.java:596)\n\tat org.testng.SuiteRunner.runTest(SuiteRunner.java:377)\n\tat org.testng.SuiteRunner.runSequentially(SuiteRunner.java:371)\n\tat org.testng.SuiteRunner.privateRun(SuiteRunner.java:332)\n\tat org.testng.SuiteRunner.run(SuiteRunner.java:276)\n\tat org.testng.SuiteRunnerWorker.runSuite(SuiteRunnerWorker.java:53)\n\tat org.testng.SuiteRunnerWorker.run(SuiteRunnerWorker.java:96)\n\tat org.testng.TestNG.runSuitesSequentially(TestNG.java:1212)\n\tat org.testng.TestNG.runSuitesLocally(TestNG.java:1134)\n\tat org.testng.TestNG.runSuites(TestNG.java:1063)\n\tat org.testng.TestNG.run(TestNG.java:1031)\n\tat org.apache.maven.surefire.testng.TestNGExecutor.run(TestNGExecutor.java:136)\n\tat org.apache.maven.surefire.testng.TestNGDirectoryTestSuite.executeMulti(TestNGDirectoryTestSuite.java:193)\n\tat org.apache.maven.surefire.testng.TestNGDirectoryTestSuite.execute(TestNGDirectoryTestSuite.java:94)\n\tat org.apache.maven.surefire.testng.TestNGProvider.invoke(TestNGProvider.java:145)\n\tat org.apache.maven.surefire.booter.ForkedBooter.runSuitesInProcess(ForkedBooter.java:428)\n\tat org.apache.maven.surefire.booter.ForkedBooter.execute(ForkedBooter.java:162)\n\tat org.apache.maven.surefire.booter.ForkedBooter.run(ForkedBooter.java:562)\n\tat org.apache.maven.surefire.booter.ForkedBooter.main(ForkedBooter.java:548)\n",
    "steps" : [ {
      "name" : "Attempting to run locally on: [Mac-64], [Safari], Headless Execution.",
      "time" : {
        "start" : 1641089251609,
        "stop" : 1641089251610,
        "duration" : 1
      },
      "status" : "passed",
      "steps" : [ ],
      "attachments" : [ ],
      "parameters" : [ {
        "name" : "actionCounter",
        "value" : "478"
      }, {
        "name" : "logText",
        "value" : "Attempting to run locally on: [Mac-64], [Safari], Headless Execution."
      } ],
      "stepsCount" : 0,
      "attachmentsCount" : 0,
      "shouldDisplayMessage" : false,
      "hasContent" : true
    }, {
      "name" : "An Exception Occured with this Message: Could not start a new session. Possible causes are invalid address of the remote server or browser start-up failure..",
      "time" : {
        "start" : 1641089251821,
        "stop" : 1641089251822,
        "duration" : 1
      },
      "status" : "passed",
      "steps" : [ ],
      "attachments" : [ {
        "uid" : "52a1b1f89dfab186",
        "name" : "Attachment: Exception Stack Trace - org.openqa.selenium.SessionNotCreatedException",
        "source" : "52a1b1f89dfab186.txt",
        "type" : "text/plain",
        "size" : 13415
      } ],
      "parameters" : [ {
        "name" : "actionCounter",
        "value" : "479"
      }, {
        "name" : "logText",
        "value" : "An Exception Occured with this Message: Could not start a new session. Possible causes are invalid address of the remote server or browser start-up failure.."
      }, {
        "name" : "attachments",
        "value" : "[[Exception Stack Trace, org.openqa.selenium.SessionNotCreatedException, org.openqa.selenium.SessionNotCreatedException:\nCould not start a new session. Possible causes are invalid address of the remote server or browser start-up failure.\norg.openqa.selenium.remote.RemoteWebDriver.execute(RemoteWebDriver.java:561)\norg.openqa.selenium.remote.RemoteWebDriver.startSession(RemoteWebDriver.java:230)\norg.openqa.selenium.remote.RemoteWebDriver.<init>(RemoteWebDriver.java:151)\norg.openqa.selenium.safari.SafariDriver.<init>(SafariDriver.java:87)\norg.openqa.selenium.safari.SafariDriver.<init>(SafariDriver.java:69)\ncom.shaft.driver.DriverFactoryHelper.createNewLocalDriverInstanceForSafari(DriverFactoryHelper.java:573)\ncom.shaft.driver.DriverFactoryHelper.createNewLocalDriverInstance(DriverFactoryHelper.java:596)\ncom.shaft.driver.DriverFactoryHelper.getDriver(DriverFactoryHelper.java:815)\ncom.shaft.driver.DriverFactoryHelper.getDriver(DriverFactoryHelper.java:140)\ncom.shaft.driver.DriverFactory.getDriver(DriverFactory.java:27)\ncom.shaft.gui.browser.BrowserFactory.getBrowser(BrowserFactory.java:21)\ntestPackage01.Test_assertEquals.beforeClass(Test_assertEquals.java:52)\njava.base/jdk.internal.reflect.NativeMethodAccessorImpl.invoke0(Native Method)\njava.base/jdk.internal.reflect.NativeMethodAccessorImpl.invoke(NativeMethodAccessorImpl.java:77)\njava.base/jdk.internal.reflect.DelegatingMethodAccessorImpl.invoke(DelegatingMethodAccessorImpl.java:43)\njava.base/java.lang.reflect.Method.invoke(Method.java:568)\norg.testng.internal.MethodInvocationHelper.invokeMethod(MethodInvocationHelper.java:133)\norg.testng.internal.MethodInvocationHelper.invokeMethodConsideringTimeout(MethodInvocationHelper.java:62)\norg.testng.internal.ConfigInvoker.invokeConfigurationMethod(ConfigInvoker.java:385)\norg.testng.internal.ConfigInvoker.invokeConfigurations(ConfigInvoker.java:321)\norg.testng.internal.TestMethodWorker.invokeBeforeClassMethods(TestMethodWorker.java:176)\norg.testng.internal.TestMethodWorker.run(TestMethodWorker.java:122)\njava.base/java.util.ArrayList.forEach(ArrayList.java:1511)\norg.testng.TestRunner.privateRun(TestRunner.java:794)\norg.testng.TestRunner.run(TestRunner.java:596)\norg.testng.SuiteRunner.runTest(SuiteRunner.java:377)\norg.testng.SuiteRunner.runSequentially(SuiteRunner.java:371)\norg.testng.SuiteRunner.privateRun(SuiteRunner.java:332)\norg.testng.SuiteRunner.run(SuiteRunner.java:276)\norg.testng.SuiteRunnerWorker.runSuite(SuiteRunnerWorker.java:53)\norg.testng.SuiteRunnerWorker.run(SuiteRunnerWorker.java:96)\norg.testng.TestNG.runSuitesSequentially(TestNG.java:1212)\norg.testng.TestNG.runSuitesLocally(TestNG.java:1134)\norg.testng.TestNG.runSuites(TestNG.java:1063)\norg.testng.TestNG.run(TestNG.java:1031)\norg.apache.maven.surefire.testng.TestNGExecutor.run(TestNGExecutor.java:136)\norg.apache.maven.surefire.testng.TestNGDirectoryTestSuite.executeMulti(TestNGDirectoryTestSuite.java:193)\norg.apache.maven.surefire.testng.TestNGDirectoryTestSuite.execute(TestNGDirectoryTestSuite.java:94)\norg.apache.maven.surefire.testng.TestNGProvider.invoke(TestNGProvider.java:145)\norg.apache.maven.surefire.booter.ForkedBooter.runSuitesInProcess(ForkedBooter.java:428)\norg.apache.maven.surefire.booter.ForkedBooter.execute(ForkedBooter.java:162)\norg.apache.maven.surefire.booter.ForkedBooter.run(ForkedBooter.java:562)\norg.apache.maven.surefire.booter.ForkedBooter.main(ForkedBooter.java:548)\n\nCaused by: org.openqa.selenium.WebDriverException:\nTimed out waiting for driver server to start.\nBuild info: version: '4.1.1', revision: 'e8fcc2cecf'\nSystem info: host: 'Mac-1641088613250.local', ip: '10.213.5.82', os.name: 'Mac OS X', os.arch: 'x86_64', os.version: '11.5', java.version: '17.0.1'\nDriver info: driver.version: SafariDriver\norg.openqa.selenium.remote.service.DriverService.start(DriverService.java:230)\norg.openqa.selenium.remote.service.DriverCommandExecutor.execute(DriverCommandExecutor.java:98)\norg.openqa.selenium.remote.RemoteWebDriver.execute(RemoteWebDriver.java:543)\norg.openqa.selenium.remote.RemoteWebDriver.startSession(RemoteWebDriver.java:230)\norg.openqa.selenium.remote.RemoteWebDriver.<init>(RemoteWebDriver.java:151)\norg.openqa.selenium.safari.SafariDriver.<init>(SafariDriver.java:87)\norg.openqa.selenium.safari.SafariDriver.<init>(SafariDriver.java:69)\ncom.shaft.driver.DriverFactoryHelper.createNewLocalDriverInstanceForSafari(DriverFactoryHelper.java:573)\ncom.shaft.driver.DriverFactoryHelper.createNewLocalDriverInstance(DriverFactoryHelper.java:596)\ncom.shaft.driver.DriverFactoryHelper.getDriver(DriverFactoryHelper.java:815)\ncom.shaft.driver.DriverFactoryHelper.getDriver(DriverFactoryHelper.java:140)\ncom.shaft.driver.DriverFactory.getDriver(DriverFactory.java:27)\ncom.shaft.gui.browser.BrowserFactory.getBrowser(BrowserFactory.java:21)\ntestPackage01.Test_assertEquals.beforeClass(Test_assertEquals.java:52)\njava.base/jdk.internal.reflect.NativeMethodAccessorImpl.invoke0(Native Method)\njava.base/jdk.internal.reflect.NativeMethodAccessorImpl.invoke(NativeMethodAccessorImpl.java:77)\njava.base/jdk.internal.reflect.DelegatingMethodAccessorImpl.invoke(DelegatingMethodAccessorImpl.java:43)\njava.base/java.lang.reflect.Method.invoke(Method.java:568)\norg.testng.internal.MethodInvocationHelper.invokeMethod(MethodInvocationHelper.java:133)\norg.testng.internal.MethodInvocationHelper.invokeMethodConsideringTimeout(MethodInvocationHelper.java:62)\norg.testng.internal.ConfigInvoker.invokeConfigurationMethod(ConfigInvoker.java:385)\norg.testng.internal.ConfigInvoker.invokeConfigurations(ConfigInvoker.java:321)\norg.testng.internal.TestMethodWorker.invokeBeforeClassMethods(TestMethodWorker.java:176)\norg.testng.internal.TestMethodWorker.run(TestMethodWorker.java:122)\njava.base/java.util.ArrayList.forEach(ArrayList.java:1511)\norg.testng.TestRunner.privateRun(TestRunner.java:794)\norg.testng.TestRunner.run(TestRunner.java:596)\norg.testng.SuiteRunner.runTest(SuiteRunner.java:377)\norg.testng.SuiteRunner.runSequentially(SuiteRunner.java:371)\norg.testng.SuiteRunner.privateRun(SuiteRunner.java:332)\norg.testng.SuiteRunner.run(SuiteRunner.java:276)\norg.testng.SuiteRunnerWorker.runSuite(SuiteRunnerWorker.java:53)\norg.testng.SuiteRunnerWorker.run(SuiteRunnerWorker.java:96)\norg.testng.TestNG.runSuitesSequentially(TestNG.java:1212)\norg.testng.TestNG.runSuitesLocally(TestNG.java:1134)\norg.testng.TestNG.runSuites(TestNG.java:1063)\norg.testng.TestNG.run(TestNG.java:1031)\norg.apache.maven.surefire.testng.TestNGExecutor.run(TestNGExecutor.java:136)\norg.apache.maven.surefire.testng.TestNGDirectoryTestSuite.executeMulti(TestNGDirectoryTestSuite.java:193)\norg.apache.maven.surefire.testng.TestNGDirectoryTestSuite.execute(TestNGDirectoryTestSuite.java:94)\norg.apache.maven.surefire.testng.TestNGProvider.invoke(TestNGProvider.java:145)\norg.apache.maven.surefire.booter.ForkedBooter.runSuitesInProcess(ForkedBooter.java:428)\norg.apache.maven.surefire.booter.ForkedBooter.execute(ForkedBooter.java:162)\norg.apache.maven.surefire.booter.ForkedBooter.run(ForkedBooter.java:562)\norg.apache.maven.surefire.booter.ForkedBooter.main(ForkedBooter.java:548)\n\nCaused by: java.util.concurrent.ExecutionException:\norg.openqa.selenium.WebDriverException: java.io.UncheckedIOException: java.net.SocketException: Invalid argument\nBuild info: version: '4.1.1', revision: 'e8fcc2cecf'\nSystem info: host: 'Mac-1641088613250.local', ip: '10.213.5.82', os.name: 'Mac OS X', os.arch: 'x86_64', os.version: '11.5', java.version: '17.0.1'\nDriver info: driver.version: unknown\njava.base/java.util.concurrent.CompletableFuture.reportGet(CompletableFuture.java:396)\njava.base/java.util.concurrent.CompletableFuture.get(CompletableFuture.java:2096)\norg.openqa.selenium.remote.service.DriverService.start(DriverService.java:220)\norg.openqa.selenium.remote.service.DriverCommandExecutor.execute(DriverCommandExecutor.java:98)\norg.openqa.selenium.remote.RemoteWebDriver.execute(RemoteWebDriver.java:543)\norg.openqa.selenium.remote.RemoteWebDriver.startSession(RemoteWebDriver.java:230)\norg.openqa.selenium.remote.RemoteWebDriver.<init>(RemoteWebDriver.java:151)\norg.openqa.selenium.safari.SafariDriver.<init>(SafariDriver.java:87)\norg.openqa.selenium.safari.SafariDriver.<init>(SafariDriver.java:69)\ncom.shaft.driver.DriverFactoryHelper.createNewLocalDriverInstanceForSafari(DriverFactoryHelper.java:573)\ncom.shaft.driver.DriverFactoryHelper.createNewLocalDriverInstance(DriverFactoryHelper.java:596)\ncom.shaft.driver.DriverFactoryHelper.getDriver(DriverFactoryHelper.java:815)\ncom.shaft.driver.DriverFactoryHelper.getDriver(DriverFactoryHelper.java:140)\ncom.shaft.driver.DriverFactory.getDriver(DriverFactory.java:27)\ncom.shaft.gui.browser.BrowserFactory.getBrowser(BrowserFactory.java:21)\ntestPackage01.Test_assertEquals.beforeClass(Test_assertEquals.java:52)\njava.base/jdk.internal.reflect.NativeMethodAccessorImpl.invoke0(Native Method)\njava.base/jdk.internal.reflect.NativeMethodAccessorImpl.invoke(NativeMethodAccessorImpl.java:77)\njava.base/jdk.internal.reflect.DelegatingMethodAccessorImpl.invoke(DelegatingMethodAccessorImpl.java:43)\njava.base/java.lang.reflect.Method.invoke(Method.java:568)\norg.testng.internal.MethodInvocationHelper.invokeMethod(MethodInvocationHelper.java:133)\norg.testng.internal.MethodInvocationHelper.invokeMethodConsideringTimeout(MethodInvocationHelper.java:62)\norg.testng.internal.ConfigInvoker.invokeConfigurationMethod(ConfigInvoker.java:385)\norg.testng.internal.ConfigInvoker.invokeConfigurations(ConfigInvoker.java:321)\norg.testng.internal.TestMethodWorker.invokeBeforeClassMethods(TestMethodWorker.java:176)\norg.testng.internal.TestMethodWorker.run(TestMethodWorker.java:122)\njava.base/java.util.ArrayList.forEach(ArrayList.java:1511)\norg.testng.TestRunner.privateRun(TestRunner.java:794)\norg.testng.TestRunner.run(TestRunner.java:596)\norg.testng.SuiteRunner.runTest(SuiteRunner.java:377)\norg.testng.SuiteRunner.runSequentially(SuiteRunner.java:371)\norg.testng.SuiteRunner.privateRun(SuiteRunner.java:332)\norg.testng.SuiteRunner.run(SuiteRunner.java:276)\norg.testng.SuiteRunnerWorker.runSuite(SuiteRunnerWorker.java:53)\norg.testng.SuiteRunnerWorker.run(SuiteRunnerWorker.java:96)\norg.testng.TestNG.runSuitesSequentially(TestNG.java:1212)\norg.testng.TestNG.runSuitesLocally(TestNG.java:1134)\norg.testng.TestNG.runSuites(TestNG.java:1063)\norg.testng.TestNG.run(TestNG.java:1031)\norg.apache.maven.surefire.testng.TestNGExecutor.run(TestNGExecutor.java:136)\norg.apache.maven.surefire.testng.TestNGDirectoryTestSuite.executeMulti(TestNGDirectoryTestSuite.java:193)\norg.apache.maven.surefire.testng.TestNGDirectoryTestSuite.execute(TestNGDirectoryTestSuite.java:94)\norg.apache.maven.surefire.testng.TestNGProvider.invoke(TestNGProvider.java:145)\norg.apache.maven.surefire.booter.ForkedBooter.runSuitesInProcess(ForkedBooter.java:428)\norg.apache.maven.surefire.booter.ForkedBooter.execute(ForkedBooter.java:162)\norg.apache.maven.surefire.booter.ForkedBooter.run(ForkedBooter.java:562)\norg.apache.maven.surefire.booter.ForkedBooter.main(ForkedBooter.java:548)\n\nCaused by: org.openqa.selenium.WebDriverException:\njava.io.UncheckedIOException: java.net.SocketException: Invalid argument\nBuild info: version: '4.1.1', revision: 'e8fcc2cecf'\nSystem info: host: 'Mac-1641088613250.local', ip: '10.213.5.82', os.name: 'Mac OS X', os.arch: 'x86_64', os.version: '11.5', java.version: '17.0.1'\nDriver info: driver.version: unknown\norg.openqa.selenium.safari.SafariDriverService.waitUntilAvailable(SafariDriverService.java:86)\norg.openqa.selenium.remote.service.DriverService.lambda$start$1(DriverService.java:205)\njava.base/java.util.concurrent.CompletableFuture$AsyncSupply.run(CompletableFuture.java:1768)\njava.base/java.util.concurrent.ThreadPoolExecutor.runWorker(ThreadPoolExecutor.java:1136)\njava.base/java.util.concurrent.ThreadPoolExecutor$Worker.run(ThreadPoolExecutor.java:635)\njava.base/java.lang.Thread.run(Thread.java:833)\n\nCaused by: java.io.UncheckedIOException:\njava.net.SocketException: Invalid argument\norg.openqa.selenium.net.PortProber.waitForPortUp(PortProber.java:117)\norg.openqa.selenium.safari.SafariDriverService.waitUntilAvailable(SafariDriverService.java:84)\norg.openqa.selenium.remote.service.DriverService.lambda$start$1(DriverService.java:205)\njava.base/java.util.concurrent.CompletableFuture$AsyncSupply.run(CompletableFuture.java:1768)\njava.base/java.util.concurrent.ThreadPoolExecutor.runWorker(ThreadPoolExecutor.java:1136)\njava.base/java.util.concurrent.ThreadPoolExecutor$Worker.run(ThreadPoolExecutor.java:635)\njava.base/java.lang.Thread.run(Thread.java:833)\n\nCaused by: java.net.SocketException:\nInvalid argument\njava.base/sun.nio.ch.Net.connect0(Native Method)\njava.base/sun.nio.ch.Net.connect(Net.java:579)\njava.base/sun.nio.ch.Net.connect(Net.java:568)\njava.base/sun.nio.ch.NioSocketImpl.connect(NioSocketImpl.java:588)\njava.base/java.net.SocksSocketImpl.connect(SocksSocketImpl.java:327)\njava.base/java.net.Socket.connect(Socket.java:633)\norg.openqa.selenium.net.PortProber.waitForPortUp(PortProber.java:112)\norg.openqa.selenium.safari.SafariDriverService.waitUntilAvailable(SafariDriverService.java:84)\norg.openqa.selenium.remote.service.DriverService.lambda$start$1(DriverService.java:205)\njava.base/java.util.concurrent.CompletableFuture$AsyncSupply.run(CompletableFuture.java:1768)\njava.base/java.util.concurrent.ThreadPoolExecutor.runWorker(ThreadPoolExecutor.java:1136)\njava.base/java.util.concurrent.ThreadPoolExecutor$Worker.run(ThreadPoolExecutor.java:635)\njava.base/java.lang.Thread.run(Thread.java:833)\n]]"
      } ],
      "stepsCount" : 0,
      "attachmentsCount" : 1,
      "shouldDisplayMessage" : false,
      "hasContent" : true
    }, {
      "name" : "Driver Factory Action [createNewLocalDriverInstanceForSafari] failed. With the following test data [Failed to create a session on DESKTOP_SAFARI].",
      "time" : {
        "start" : 1641089251822,
        "stop" : 1641089251822,
        "duration" : 0
      },
      "status" : "passed",
      "steps" : [ ],
      "attachments" : [ ],
      "parameters" : [ {
        "name" : "actionCounter",
        "value" : "481"
      }, {
        "name" : "logText",
        "value" : "Driver Factory Action [createNewLocalDriverInstanceForSafari] failed. With the following test data [Failed to create a session on DESKTOP_SAFARI]."
      } ],
      "stepsCount" : 0,
      "attachmentsCount" : 0,
      "shouldDisplayMessage" : false,
      "hasContent" : true
    } ],
    "attachments" : [ ],
    "parameters" : [ ],
    "stepsCount" : 3,
    "attachmentsCount" : 1,
    "shouldDisplayMessage" : true,
    "hasContent" : true
  } ],
  "testStage" : {
    "status" : "skipped",
    "statusMessage" : "Driver Factory Action [createNewLocalDriverInstanceForSafari] failed. With the following test data [Failed to create a session on DESKTOP_SAFARI].",
    "statusTrace" : "java.lang.AssertionError: Driver Factory Action [createNewLocalDriverInstanceForSafari] failed. With the following test data [Failed to create a session on DESKTOP_SAFARI].\n\tat org.testng.Assert.fail(Assert.java:99)\n\tat com.shaft.driver.DriverFactoryHelper.failAction(DriverFactoryHelper.java:306)\n\tat com.shaft.driver.DriverFactoryHelper.createNewLocalDriverInstanceForSafari(DriverFactoryHelper.java:576)\n\tat com.shaft.driver.DriverFactoryHelper.createNewLocalDriverInstance(DriverFactoryHelper.java:596)\n\tat com.shaft.driver.DriverFactoryHelper.getDriver(DriverFactoryHelper.java:815)\n\tat com.shaft.driver.DriverFactoryHelper.getDriver(DriverFactoryHelper.java:140)\n\tat com.shaft.driver.DriverFactory.getDriver(DriverFactory.java:27)\n\tat com.shaft.gui.browser.BrowserFactory.getBrowser(BrowserFactory.java:21)\n\tat testPackage01.Test_assertEquals.beforeClass(Test_assertEquals.java:52)\n\tat java.base/jdk.internal.reflect.NativeMethodAccessorImpl.invoke0(Native Method)\n\tat java.base/jdk.internal.reflect.NativeMethodAccessorImpl.invoke(NativeMethodAccessorImpl.java:77)\n\tat java.base/jdk.internal.reflect.DelegatingMethodAccessorImpl.invoke(DelegatingMethodAccessorImpl.java:43)\n\tat java.base/java.lang.reflect.Method.invoke(Method.java:568)\n\tat org.testng.internal.MethodInvocationHelper.invokeMethod(MethodInvocationHelper.java:133)\n\tat org.testng.internal.MethodInvocationHelper.invokeMethodConsideringTimeout(MethodInvocationHelper.java:62)\n\tat org.testng.internal.ConfigInvoker.invokeConfigurationMethod(ConfigInvoker.java:385)\n\tat org.testng.internal.ConfigInvoker.invokeConfigurations(ConfigInvoker.java:321)\n\tat org.testng.internal.TestMethodWorker.invokeBeforeClassMethods(TestMethodWorker.java:176)\n\tat org.testng.internal.TestMethodWorker.run(TestMethodWorker.java:122)\n\tat java.base/java.util.ArrayList.forEach(ArrayList.java:1511)\n\tat org.testng.TestRunner.privateRun(TestRunner.java:794)\n\tat org.testng.TestRunner.run(TestRunner.java:596)\n\tat org.testng.SuiteRunner.runTest(SuiteRunner.java:377)\n\tat org.testng.SuiteRunner.runSequentially(SuiteRunner.java:371)\n\tat org.testng.SuiteRunner.privateRun(SuiteRunner.java:332)\n\tat org.testng.SuiteRunner.run(SuiteRunner.java:276)\n\tat org.testng.SuiteRunnerWorker.runSuite(SuiteRunnerWorker.java:53)\n\tat org.testng.SuiteRunnerWorker.run(SuiteRunnerWorker.java:96)\n\tat org.testng.TestNG.runSuitesSequentially(TestNG.java:1212)\n\tat org.testng.TestNG.runSuitesLocally(TestNG.java:1134)\n\tat org.testng.TestNG.runSuites(TestNG.java:1063)\n\tat org.testng.TestNG.run(TestNG.java:1031)\n\tat org.apache.maven.surefire.testng.TestNGExecutor.run(TestNGExecutor.java:136)\n\tat org.apache.maven.surefire.testng.TestNGDirectoryTestSuite.executeMulti(TestNGDirectoryTestSuite.java:193)\n\tat org.apache.maven.surefire.testng.TestNGDirectoryTestSuite.execute(TestNGDirectoryTestSuite.java:94)\n\tat org.apache.maven.surefire.testng.TestNGProvider.invoke(TestNGProvider.java:145)\n\tat org.apache.maven.surefire.booter.ForkedBooter.runSuitesInProcess(ForkedBooter.java:428)\n\tat org.apache.maven.surefire.booter.ForkedBooter.execute(ForkedBooter.java:162)\n\tat org.apache.maven.surefire.booter.ForkedBooter.run(ForkedBooter.java:562)\n\tat org.apache.maven.surefire.booter.ForkedBooter.main(ForkedBooter.java:548)\n",
    "steps" : [ ],
    "attachments" : [ {
      "uid" : "e98b9c2bc05ad97f",
      "name" : "Attachment: SHAFT Engine Logs - Current Method log: test_assertElementAttribute",
      "source" : "e98b9c2bc05ad97f.txt",
      "type" : "text/plain",
      "size" : 434
    } ],
    "parameters" : [ ],
    "stepsCount" : 0,
    "attachmentsCount" : 1,
    "shouldDisplayMessage" : true,
    "hasContent" : true
  },
  "afterStages" : [ {
    "name" : "afterClass",
    "time" : {
      "start" : 1641089251841,
      "stop" : 1641089251841,
      "duration" : 0
    },
    "description" : "",
    "status" : "broken",
    "steps" : [ ],
    "attachments" : [ ],
    "parameters" : [ ],
    "stepsCount" : 0,
    "attachmentsCount" : 0,
    "shouldDisplayMessage" : false,
    "hasContent" : false
  }, {
    "name" : "teardownActivities",
    "time" : {
      "start" : 1641089312108,
      "stop" : 1641089312565,
      "duration" : 457
    },
    "description" : "",
    "status" : "passed",
    "steps" : [ {
      "name" : "Successfully Closed All Drivers.",
      "time" : {
        "start" : 1641089312108,
        "stop" : 1641089312109,
        "duration" : 1
      },
      "status" : "passed",
      "steps" : [ ],
      "attachments" : [ ],
      "parameters" : [ {
        "name" : "actionCounter",
        "value" : "540"
      }, {
        "name" : "logText",
        "value" : "Successfully Closed All Drivers."
      } ],
      "stepsCount" : 0,
      "attachmentsCount" : 0,
      "shouldDisplayMessage" : false,
      "hasContent" : true
    }, {
      "name" : "Issue Summary: Total Issues = 4, New issues for Failed Tests = 2, Open issues for Passed Tests = 2, Open issues for Failed Tests = 0. Kindly check the attached Issue details.",
      "time" : {
        "start" : 1641089312120,
        "stop" : 1641089312120,
        "duration" : 0
      },
      "status" : "passed",
      "steps" : [ ],
      "attachments" : [ {
        "uid" : "e96f4aae4a433a4d",
        "name" : "Attachment: SHAFT Engine Logs - Issues log CSV: 20220102-020832",
        "source" : "e96f4aae4a433a4d.csv",
        "type" : "text/csv",
        "size" : 502
      } ],
      "parameters" : [ {
        "name" : "actionCounter",
        "value" : "541"
      }, {
        "name" : "logText",
        "value" : "Issue Summary: Total Issues = 4, New issues for Failed Tests = 2, Open issues for Passed Tests = 2, Open issues for Failed Tests = 0. Kindly check the attached Issue details."
      }, {
        "name" : "attachments",
        "value" : "[[SHAFT Engine Logs, Issues log CSV: 20220102-020832, java.io.ByteArrayInputStream@4ee9b9d7]]"
      } ],
      "stepsCount" : 0,
      "attachmentsCount" : 1,
      "shouldDisplayMessage" : false,
      "hasContent" : true
    } ],
    "attachments" : [ {
      "uid" : "1b2cda36f10c664",
      "name" : "Attachment: SHAFT Engine Logs - Execution log: 20220102-020832",
      "source" : "1b2cda36f10c664.txt",
      "type" : "text/plain",
      "size" : 335354
    }, {
      "uid" : "d4fda0ae4681796b",
      "name" : "Attachment: HTML - Extent Emailable Execution Report",
      "source" : "d4fda0ae4681796b.html",
      "type" : "text/html",
      "size" : 11551742
    } ],
    "parameters" : [ ],
    "stepsCount" : 2,
    "attachmentsCount" : 3,
    "shouldDisplayMessage" : false,
    "hasContent" : true
  } ],
  "labels" : [ {
    "name" : "package",
    "value" : "testPackage01.Test_assertEquals"
  }, {
    "name" : "testClass",
    "value" : "testPackage01.Test_assertEquals"
  }, {
    "name" : "testMethod",
    "value" : "test_assertElementAttribute"
  }, {
    "name" : "parentSuite",
    "value" : "SHAFT: Custom Suite"
  }, {
    "name" : "suite",
    "value" : "SHAFT: Custom Test"
  }, {
    "name" : "subSuite",
    "value" : "testPackage01.Test_assertEquals"
  }, {
    "name" : "host",
    "value" : "Mac-1641088613250.local"
  }, {
    "name" : "thread",
    "value" : "1691@Mac-1641088613250.local.main(1)"
  }, {
    "name" : "framework",
    "value" : "testng"
  }, {
    "name" : "language",
    "value" : "java"
  }, {
    "name" : "resultFormat",
    "value" : "allure2"
  } ],
  "parameters" : [ ],
  "links" : [ ],
  "hidden" : false,
  "retry" : false,
  "extra" : {
    "severity" : "normal",
    "retries" : [ ],
    "categories" : [ ],
    "history" : {
      "statistic" : {
        "failed" : 0,
        "broken" : 0,
        "skipped" : 8,
        "passed" : 28,
        "unknown" : 0,
        "total" : 36
      },
      "items" : [ {
        "uid" : "75f6c149d113b9d9",
        "reportUrl" : "https://MohabMohie.github.io/SHAFT_ENGINE/allure/macOS/Web/1019//#testresult/75f6c149d113b9d9",
        "status" : "passed",
        "time" : {
          "start" : 1641002811942,
          "stop" : 1641002814646,
          "duration" : 2704
        }
      }, {
        "uid" : "7c3e6f56256af438",
        "reportUrl" : "https://MohabMohie.github.io/SHAFT_ENGINE/allure/macOS/Web/1018//#testresult/7c3e6f56256af438",
        "status" : "passed",
        "time" : {
          "start" : 1640916109952,
          "stop" : 1640916113066,
          "duration" : 3114
        }
      }, {
        "uid" : "fcb546e8e2f610f9",
        "reportUrl" : "https://MohabMohie.github.io/SHAFT_ENGINE/allure/macOS/Web/1017//#testresult/fcb546e8e2f610f9",
        "status" : "skipped",
        "statusDetails" : "Driver Factory Action [createNewLocalDriverInstanceForSafari] failed. With the following test data [Failed to create a session on DESKTOP_SAFARI].",
        "time" : {
          "start" : 1640829546412,
          "stop" : 1640829546414,
          "duration" : 2
        }
      }, {
        "uid" : "106e8c1c2859d38d",
        "reportUrl" : "https://MohabMohie.github.io/SHAFT_ENGINE/allure/macOS/Web/1014//#testresult/106e8c1c2859d38d",
        "status" : "passed",
        "time" : {
          "start" : 1640743119709,
          "stop" : 1640743121958,
          "duration" : 2249
        }
      }, {
        "uid" : "9509b757275cc49",
        "reportUrl" : "https://MohabMohie.github.io/SHAFT_ENGINE/allure/macOS/Web/1010//#testresult/9509b757275cc49",
        "status" : "passed",
        "time" : {
          "start" : 1640570652426,
          "stop" : 1640570655550,
          "duration" : 3124
        }
      }, {
        "uid" : "9b95405db815f8b0",
        "reportUrl" : "https://MohabMohie.github.io/SHAFT_ENGINE/allure/macOS/Web/1008//#testresult/9b95405db815f8b0",
        "status" : "passed",
        "time" : {
          "start" : 1640551167293,
          "stop" : 1640551169783,
          "duration" : 2490
        }
      }, {
        "uid" : "d95838f795ce5b96",
        "reportUrl" : "https://MohabMohie.github.io/SHAFT_ENGINE/allure/macOS/Web/1007//#testresult/d95838f795ce5b96",
        "status" : "skipped",
        "statusDetails" : "Driver Factory Action [createNewLocalDriverInstanceForSafari] failed. With the following test data [Failed to create a session on DESKTOP_SAFARI].",
        "time" : {
          "start" : 1640484184522,
          "stop" : 1640484184523,
          "duration" : 1
        }
      }, {
        "uid" : "f5f1e31eeb348ee6",
        "reportUrl" : "https://MohabMohie.github.io/SHAFT_ENGINE/allure/macOS/Web/1006//#testresult/f5f1e31eeb348ee6",
        "status" : "passed",
        "time" : {
          "start" : 1640397669064,
          "stop" : 1640397672476,
          "duration" : 3412
        }
      }, {
        "uid" : "3f2025b3fc71f13c",
        "reportUrl" : "https://MohabMohie.github.io/SHAFT_ENGINE/allure/macOS/Web/1002//#testresult/3f2025b3fc71f13c",
        "status" : "passed",
        "time" : {
          "start" : 1640255676126,
          "stop" : 1640255679443,
          "duration" : 3317
        }
      }, {
        "uid" : "caeef840f0630f97",
        "reportUrl" : "https://MohabMohie.github.io/SHAFT_ENGINE/allure/macOS/Web/1000//#testresult/caeef840f0630f97",
        "status" : "passed",
        "time" : {
          "start" : 1640138674679,
          "stop" : 1640138677897,
          "duration" : 3218
        }
      }, {
        "uid" : "23710e7985f3194",
        "reportUrl" : "https://MohabMohie.github.io/SHAFT_ENGINE/allure/macOS/Web/999//#testresult/23710e7985f3194",
        "status" : "passed",
        "time" : {
          "start" : 1640052152733,
          "stop" : 1640052158494,
          "duration" : 5761
        }
      }, {
        "uid" : "f17cab89cfc73e6a",
        "reportUrl" : "https://MohabMohie.github.io/SHAFT_ENGINE/allure/macOS/Web/996//#testresult/f17cab89cfc73e6a",
        "status" : "passed",
        "time" : {
          "start" : 1639965690558,
          "stop" : 1639965693214,
          "duration" : 2656
        }
      }, {
        "uid" : "1875b2810294f247",
        "reportUrl" : "https://MohabMohie.github.io/SHAFT_ENGINE/allure/macOS/Web/995//#testresult/1875b2810294f247",
        "status" : "skipped",
        "statusDetails" : "Driver Factory Action [createNewLocalDriverInstanceForSafari] failed. With the following test data [Failed to create a session on DESKTOP_SAFARI].",
        "time" : {
          "start" : 1639879433371,
          "stop" : 1639879433373,
          "duration" : 2
        }
      }, {
        "uid" : "dae73fbe52d1a011",
        "reportUrl" : "https://MohabMohie.github.io/SHAFT_ENGINE/allure/macOS/Web/994//#testresult/dae73fbe52d1a011",
        "status" : "skipped",
        "statusDetails" : "Driver Factory Action [createNewLocalDriverInstanceForSafari] failed. With the following test data [Failed to create a session on DESKTOP_SAFARI].",
        "time" : {
          "start" : 1639792953790,
          "stop" : 1639792953873,
          "duration" : 83
        }
      }, {
        "uid" : "7e4e020977e75c27",
        "reportUrl" : "https://MohabMohie.github.io/SHAFT_ENGINE/allure/macOS/Web/993//#testresult/7e4e020977e75c27",
        "status" : "passed",
        "time" : {
          "start" : 1639706414499,
          "stop" : 1639706417370,
          "duration" : 2871
        }
      }, {
        "uid" : "fa2fa59cf622e74d",
        "reportUrl" : "https://MohabMohie.github.io/SHAFT_ENGINE/allure/macOS/Web/992//#testresult/fa2fa59cf622e74d",
        "status" : "passed",
        "time" : {
          "start" : 1639619794715,
          "stop" : 1639619797770,
          "duration" : 3055
        }
      }, {
        "uid" : "52a1d220b5373c8d",
        "reportUrl" : "https://MohabMohie.github.io/SHAFT_ENGINE/allure/macOS/Web/990//#testresult/52a1d220b5373c8d",
        "status" : "passed",
        "time" : {
          "start" : 1639506477832,
          "stop" : 1639506481350,
          "duration" : 3518
        }
      }, {
        "uid" : "5763cbde3ca28f91",
        "reportUrl" : "https://MohabMohie.github.io/SHAFT_ENGINE/allure/macOS/Web/988//#testresult/5763cbde3ca28f91",
        "status" : "passed",
        "time" : {
          "start" : 1639505747261,
          "stop" : 1639505750705,
          "duration" : 3444
        }
      }, {
        "uid" : "3e7d94ca3ad50d62",
        "reportUrl" : "https://MohabMohie.github.io/SHAFT_ENGINE/allure/macOS/Web/982//#testresult/3e7d94ca3ad50d62",
        "status" : "passed",
        "time" : {
          "start" : 1639274485020,
          "stop" : 1639274488089,
          "duration" : 3069
        }
      }, {
        "uid" : "a5a43726ce8d4b1e",
        "reportUrl" : "https://MohabMohie.github.io/SHAFT_ENGINE/allure/macOS/Web/981//#testresult/a5a43726ce8d4b1e",
        "status" : "passed",
        "time" : {
          "start" : 1639247614641,
          "stop" : 1639247617732,
          "duration" : 3091
        }
      } ]
    },
    "tags" : [ ]
  },
  "source" : "47fac158bca3f4ca.json",
  "parameterValues" : [ ]
}