{
  "uid" : "da61e236e4537e17",
  "name" : "scrollInExpandableLists_verticalScrolling_insideElement",
  "fullName" : "testPackage01.appium.AndroidBasicInteractionsTest.scrollInExpandableLists_verticalScrolling_insideElement",
  "historyId" : "98a0141d0f5afeb2434c1e32a004b780",
  "time" : {
    "start" : 1647711281387,
    "stop" : 1647711286276,
    "duration" : 4889
  },
  "status" : "failed",
  "statusMessage" : "Element Action [IdentifyUniqueElement] failed. With the following test data [element locator is NULL.].",
  "statusTrace" : "java.lang.AssertionError: Element Action [IdentifyUniqueElement] failed. With the following test data [element locator is NULL.].\n\tat org.testng.Assert.fail(Assert.java:110)\n\tat com.shaft.gui.element.WebDriverElementActions.failAction(WebDriverElementActions.java:1480)\n\tat com.shaft.gui.element.WebDriverElementActions.failAction(WebDriverElementActions.java:1309)\n\tat com.shaft.gui.element.WebDriverElementActions.identifyUniqueElement(WebDriverElementActions.java:1564)\n\tat com.shaft.gui.element.WebDriverElementActions.identifyUniqueElement(WebDriverElementActions.java:1325)\n\tat com.shaft.gui.element.TouchActions.swipeElementIntoView(TouchActions.java:659)\n\tat com.shaft.gui.element.TouchActions.swipeElementIntoView(TouchActions.java:491)\n\tat testPackage01.appium.AndroidBasicInteractionsTest.scrollInExpandableLists_verticalScrolling_insideElement(AndroidBasicInteractionsTest.java:38)\n\tat java.base/jdk.internal.reflect.NativeMethodAccessorImpl.invoke0(Native Method)\n\tat java.base/jdk.internal.reflect.NativeMethodAccessorImpl.invoke(NativeMethodAccessorImpl.java:77)\n\tat java.base/jdk.internal.reflect.DelegatingMethodAccessorImpl.invoke(DelegatingMethodAccessorImpl.java:43)\n\tat java.base/java.lang.reflect.Method.invoke(Method.java:568)\n\tat org.testng.internal.invokers.MethodInvocationHelper.invokeMethod(MethodInvocationHelper.java:135)\n\tat org.testng.internal.invokers.TestInvoker.invokeMethod(TestInvoker.java:673)\n\tat org.testng.internal.invokers.TestInvoker.invokeTestMethod(TestInvoker.java:220)\n\tat org.testng.internal.invokers.MethodRunner.runInSequence(MethodRunner.java:50)\n\tat org.testng.internal.invokers.TestInvoker$MethodInvocationAgent.invoke(TestInvoker.java:945)\n\tat org.testng.internal.invokers.TestInvoker.invokeTestMethods(TestInvoker.java:193)\n\tat org.testng.internal.invokers.TestMethodWorker.invokeTestMethods(TestMethodWorker.java:146)\n\tat org.testng.internal.invokers.TestMethodWorker.run(TestMethodWorker.java:128)\n\tat java.base/java.util.ArrayList.forEach(ArrayList.java:1511)\n\tat org.testng.TestRunner.privateRun(TestRunner.java:808)\n\tat org.testng.TestRunner.run(TestRunner.java:603)\n\tat org.testng.SuiteRunner.runTest(SuiteRunner.java:429)\n\tat org.testng.SuiteRunner.runSequentially(SuiteRunner.java:423)\n\tat org.testng.SuiteRunner.privateRun(SuiteRunner.java:383)\n\tat org.testng.SuiteRunner.run(SuiteRunner.java:326)\n\tat org.testng.SuiteRunnerWorker.runSuite(SuiteRunnerWorker.java:52)\n\tat org.testng.SuiteRunnerWorker.run(SuiteRunnerWorker.java:95)\n\tat org.testng.TestNG.runSuitesSequentially(TestNG.java:1249)\n\tat org.testng.TestNG.runSuitesLocally(TestNG.java:1169)\n\tat org.testng.TestNG.runSuites(TestNG.java:1092)\n\tat org.testng.TestNG.run(TestNG.java:1060)\n\tat org.apache.maven.surefire.testng.TestNGExecutor.run(TestNGExecutor.java:136)\n\tat org.apache.maven.surefire.testng.TestNGDirectoryTestSuite.executeSingleClass(TestNGDirectoryTestSuite.java:112)\n\tat org.apache.maven.surefire.testng.TestNGDirectoryTestSuite.execute(TestNGDirectoryTestSuite.java:99)\n\tat org.apache.maven.surefire.testng.TestNGProvider.invoke(TestNGProvider.java:145)\n\tat org.apache.maven.surefire.booter.ForkedBooter.runSuitesInProcess(ForkedBooter.java:428)\n\tat org.apache.maven.surefire.booter.ForkedBooter.execute(ForkedBooter.java:162)\n\tat org.apache.maven.surefire.booter.ForkedBooter.run(ForkedBooter.java:562)\n\tat org.apache.maven.surefire.booter.ForkedBooter.main(ForkedBooter.java:548)\n",
  "flaky" : false,
  "newFailed" : false,
  "newBroken" : false,
  "newPassed" : false,
  "retriesCount" : 0,
  "retriesStatusChange" : false,
  "beforeStages" : [ {
    "name" : "setupActivities",
    "time" : {
      "start" : 1647711230005,
      "stop" : 1647711233787,
      "duration" : 3782
    },
    "description" : "",
    "status" : "passed",
    "steps" : [ {
      "name" : "Folder [allure-results] was not found, it may have already been deleted.",
      "time" : {
        "start" : 1647711230058,
        "stop" : 1647711230061,
        "duration" : 3
      },
      "status" : "passed",
      "steps" : [ ],
      "attachments" : [ ],
      "parameters" : [ {
        "name" : "actionCounter",
        "value" : "1"
      }, {
        "name" : "logText",
        "value" : "Folder [allure-results] was not found, it may have already been deleted."
      } ],
      "stepsCount" : 0,
      "attachmentsCount" : 0,
      "shouldDisplayMessage" : false,
      "hasContent" : true
    }, {
      "name" : "Folder [/Users/runner/.m2/repository/allure/] was not found, it may have already been deleted.",
      "time" : {
        "start" : 1647711230062,
        "stop" : 1647711230063,
        "duration" : 1
      },
      "status" : "passed",
      "steps" : [ ],
      "attachments" : [ ],
      "parameters" : [ {
        "name" : "actionCounter",
        "value" : "2"
      }, {
        "name" : "logText",
        "value" : "Folder [/Users/runner/.m2/repository/allure/] was not found, it may have already been deleted."
      } ],
      "stepsCount" : 0,
      "attachmentsCount" : 0,
      "shouldDisplayMessage" : false,
      "hasContent" : true
    }, {
      "name" : "Downloading a file from this url [https://repo.maven.apache.org/maven2/io/qameta/allure/allure-commandline/2.17.3/allure-commandline-2.17.3.zip] to this directory [target/allureBinary.zip], please wait as downloading may take some time...",
      "time" : {
        "start" : 1647711230063,
        "stop" : 1647711230063,
        "duration" : 0
      },
      "status" : "passed",
      "steps" : [ ],
      "attachments" : [ ],
      "parameters" : [ {
        "name" : "actionCounter",
        "value" : "3"
      }, {
        "name" : "logText",
        "value" : "Downloading a file from this url [https://repo.maven.apache.org/maven2/io/qameta/allure/allure-commandline/2.17.3/allure-commandline-2.17.3.zip] to this directory [target/allureBinary.zip], please wait as downloading may take some time..."
      } ],
      "stepsCount" : 0,
      "attachmentsCount" : 0,
      "shouldDisplayMessage" : false,
      "hasContent" : true
    }, {
      "name" : "Terminal Action [PerformTerminalCommands] successfully performed. With the following test data [Host Name: \"localHost\" | Command: \"chmod u+x generate_allure_report.sh\" | Exit Status: \"0\"].",
      "time" : {
        "start" : 1647711232702,
        "stop" : 1647711232702,
        "duration" : 0
      },
      "status" : "passed",
      "steps" : [ ],
      "attachments" : [ ],
      "parameters" : [ {
        "name" : "actionCounter",
        "value" : "4"
      }, {
        "name" : "logText",
        "value" : "Terminal Action [PerformTerminalCommands] successfully performed. With the following test data [Host Name: \"localHost\" | Command: \"chmod u+x generate_allure_report.sh\" | Exit Status: \"0\"]."
      } ],
      "stepsCount" : 0,
      "attachmentsCount" : 0,
      "shouldDisplayMessage" : false,
      "hasContent" : true
    }, {
      "name" : "Folder [extent-reports] was not found, it may have already been deleted.",
      "time" : {
        "start" : 1647711232841,
        "stop" : 1647711232842,
        "duration" : 1
      },
      "status" : "passed",
      "steps" : [ ],
      "attachments" : [ ],
      "parameters" : [ {
        "name" : "actionCounter",
        "value" : "5"
      }, {
        "name" : "logText",
        "value" : "Folder [extent-reports] was not found, it may have already been deleted."
      } ],
      "stepsCount" : 0,
      "attachmentsCount" : 0,
      "shouldDisplayMessage" : false,
      "hasContent" : true
    }, {
      "name" : "Terminal Action [PerformTerminalCommands] successfully performed. With the following test data [Host Name: \"localHost\" | Command: \"chmod u+x generateJdk.sh\" | Exit Status: \"1\"].",
      "time" : {
        "start" : 1647711233783,
        "stop" : 1647711233785,
        "duration" : 2
      },
      "status" : "passed",
      "steps" : [ ],
      "attachments" : [ {
        "uid" : "72d41b1149aecfa5",
        "name" : "Attachment: Terminal Action Actual Result - Command Log",
        "source" : "72d41b1149aecfa5.txt",
        "type" : "text/plain",
        "size" : 48
      } ],
      "parameters" : [ {
        "name" : "actionCounter",
        "value" : "6"
      }, {
        "name" : "logText",
        "value" : "Terminal Action [PerformTerminalCommands] successfully performed. With the following test data [Host Name: \"localHost\" | Command: \"chmod u+x generateJdk.sh\" | Exit Status: \"1\"]."
      }, {
        "name" : "attachments",
        "value" : "[[Terminal Action Actual Result, Command Log, chmod: generateJdk.sh: No such file or directory]]"
      } ],
      "stepsCount" : 0,
      "attachmentsCount" : 1,
      "shouldDisplayMessage" : false,
      "hasContent" : true
    } ],
    "attachments" : [ {
      "uid" : "bc995770c703b076",
      "name" : "Attachment: SHAFT Links - Important",
      "source" : "bc995770c703b076.uri",
      "type" : "text/uri-list",
      "size" : 346
    } ],
    "parameters" : [ ],
    "stepsCount" : 6,
    "attachmentsCount" : 2,
    "shouldDisplayMessage" : false,
    "hasContent" : true
  }, {
    "name" : "setup",
    "time" : {
      "start" : 1647711267527,
      "stop" : 1647711281382,
      "duration" : 13855
    },
    "description" : "",
    "status" : "passed",
    "steps" : [ {
      "name" : "Attempting to run remotely on: [Android], [http://0.0.0.0:4723/wd/hub].",
      "time" : {
        "start" : 1647711267528,
        "stop" : 1647711267528,
        "duration" : 0
      },
      "status" : "passed",
      "steps" : [ ],
      "attachments" : [ ],
      "parameters" : [ {
        "name" : "actionCounter",
        "value" : "16"
      }, {
        "name" : "logText",
        "value" : "Attempting to run remotely on: [Android], [http://0.0.0.0:4723/wd/hub]."
      } ],
      "stepsCount" : 0,
      "attachmentsCount" : 0,
      "shouldDisplayMessage" : false,
      "hasContent" : true
    }, {
      "name" : "Successfully Opened [NativeMobileApp].",
      "time" : {
        "start" : 1647711280621,
        "stop" : 1647711280621,
        "duration" : 0
      },
      "status" : "passed",
      "steps" : [ ],
      "attachments" : [ ],
      "parameters" : [ {
        "name" : "actionCounter",
        "value" : "17"
      }, {
        "name" : "logText",
        "value" : "Successfully Opened [NativeMobileApp]."
      } ],
      "stepsCount" : 0,
      "attachmentsCount" : 0,
      "shouldDisplayMessage" : false,
      "hasContent" : true
    } ],
    "attachments" : [ ],
    "parameters" : [ ],
    "stepsCount" : 2,
    "attachmentsCount" : 0,
    "shouldDisplayMessage" : false,
    "hasContent" : true
  } ],
  "testStage" : {
    "status" : "failed",
    "statusMessage" : "Element Action [IdentifyUniqueElement] failed. With the following test data [element locator is NULL.].",
    "statusTrace" : "java.lang.AssertionError: Element Action [IdentifyUniqueElement] failed. With the following test data [element locator is NULL.].\n\tat org.testng.Assert.fail(Assert.java:110)\n\tat com.shaft.gui.element.WebDriverElementActions.failAction(WebDriverElementActions.java:1480)\n\tat com.shaft.gui.element.WebDriverElementActions.failAction(WebDriverElementActions.java:1309)\n\tat com.shaft.gui.element.WebDriverElementActions.identifyUniqueElement(WebDriverElementActions.java:1564)\n\tat com.shaft.gui.element.WebDriverElementActions.identifyUniqueElement(WebDriverElementActions.java:1325)\n\tat com.shaft.gui.element.TouchActions.swipeElementIntoView(TouchActions.java:659)\n\tat com.shaft.gui.element.TouchActions.swipeElementIntoView(TouchActions.java:491)\n\tat testPackage01.appium.AndroidBasicInteractionsTest.scrollInExpandableLists_verticalScrolling_insideElement(AndroidBasicInteractionsTest.java:38)\n\tat java.base/jdk.internal.reflect.NativeMethodAccessorImpl.invoke0(Native Method)\n\tat java.base/jdk.internal.reflect.NativeMethodAccessorImpl.invoke(NativeMethodAccessorImpl.java:77)\n\tat java.base/jdk.internal.reflect.DelegatingMethodAccessorImpl.invoke(DelegatingMethodAccessorImpl.java:43)\n\tat java.base/java.lang.reflect.Method.invoke(Method.java:568)\n\tat org.testng.internal.invokers.MethodInvocationHelper.invokeMethod(MethodInvocationHelper.java:135)\n\tat org.testng.internal.invokers.TestInvoker.invokeMethod(TestInvoker.java:673)\n\tat org.testng.internal.invokers.TestInvoker.invokeTestMethod(TestInvoker.java:220)\n\tat org.testng.internal.invokers.MethodRunner.runInSequence(MethodRunner.java:50)\n\tat org.testng.internal.invokers.TestInvoker$MethodInvocationAgent.invoke(TestInvoker.java:945)\n\tat org.testng.internal.invokers.TestInvoker.invokeTestMethods(TestInvoker.java:193)\n\tat org.testng.internal.invokers.TestMethodWorker.invokeTestMethods(TestMethodWorker.java:146)\n\tat org.testng.internal.invokers.TestMethodWorker.run(TestMethodWorker.java:128)\n\tat java.base/java.util.ArrayList.forEach(ArrayList.java:1511)\n\tat org.testng.TestRunner.privateRun(TestRunner.java:808)\n\tat org.testng.TestRunner.run(TestRunner.java:603)\n\tat org.testng.SuiteRunner.runTest(SuiteRunner.java:429)\n\tat org.testng.SuiteRunner.runSequentially(SuiteRunner.java:423)\n\tat org.testng.SuiteRunner.privateRun(SuiteRunner.java:383)\n\tat org.testng.SuiteRunner.run(SuiteRunner.java:326)\n\tat org.testng.SuiteRunnerWorker.runSuite(SuiteRunnerWorker.java:52)\n\tat org.testng.SuiteRunnerWorker.run(SuiteRunnerWorker.java:95)\n\tat org.testng.TestNG.runSuitesSequentially(TestNG.java:1249)\n\tat org.testng.TestNG.runSuitesLocally(TestNG.java:1169)\n\tat org.testng.TestNG.runSuites(TestNG.java:1092)\n\tat org.testng.TestNG.run(TestNG.java:1060)\n\tat org.apache.maven.surefire.testng.TestNGExecutor.run(TestNGExecutor.java:136)\n\tat org.apache.maven.surefire.testng.TestNGDirectoryTestSuite.executeSingleClass(TestNGDirectoryTestSuite.java:112)\n\tat org.apache.maven.surefire.testng.TestNGDirectoryTestSuite.execute(TestNGDirectoryTestSuite.java:99)\n\tat org.apache.maven.surefire.testng.TestNGProvider.invoke(TestNGProvider.java:145)\n\tat org.apache.maven.surefire.booter.ForkedBooter.runSuitesInProcess(ForkedBooter.java:428)\n\tat org.apache.maven.surefire.booter.ForkedBooter.execute(ForkedBooter.java:162)\n\tat org.apache.maven.surefire.booter.ForkedBooter.run(ForkedBooter.java:562)\n\tat org.apache.maven.surefire.booter.ForkedBooter.main(ForkedBooter.java:548)\n",
    "steps" : [ {
      "name" : "An Exception Occured with this Message: {\"value\":{\"error\":\"unknown method\",\"message\":\"Method is not implemented\",\"stacktrace\":\"NotImplementedError: Method is not implemented\\n    at AndroidUiautomator2Driver.execute (/Users/runner/work/SHAFT_ENGINE/SHAFT_ENGINE/node_modules/appium/node_modules/appium-android-driver/lib/commands/execute.js:14:11)\\n    at commandExecutor (/Users/runner/work/SHAFT_ENGINE/SHAFT_ENGINE/node_modules/appium/node_modules/appium-base-driver/lib/basedriver/driver.js:335:9)\\n    at /Users/runner/work/SHAFT_ENGINE/SHAFT_ENGINE/node_modules/appium/node_modules/async-lock/lib/index.js:146:12\\n    at AsyncLock._promiseTry (/Users/runner/work/SHAFT_ENGINE/SHAFT_ENGINE/node_modules/appium/node_modules/async-lock/lib/index.js:280:31)\\n    at exec (/Users/runner/work/SHAFT_ENGINE/SHAFT_ENGINE/node_modules/appium/node_modules/async-lock/lib/index.js:145:9)\\n    at AsyncLock.acquire (/Users/runner/work/SHAFT_ENGINE/SHAFT_ENGINE/node_modules/appium/node_modules/async-lock/lib/index.js:162:3)\\n    at AndroidUiautomator2Driver.executeCommand (/Users/runner/work/SHAFT_ENGINE/SHAFT_ENGINE/node_modules/appium/node_modules/appium-base-driver/lib/basedriver/driver.js:348:39)\\n    at AppiumDriver.executeCommand (/Users/runner/work/SHAFT_ENGINE/SHAFT_ENGINE/node_modules/appium/lib/appium.js:563:36)\\n    at runMicrotasks (<anonymous>)\\n    at processTicksAndRejections (node:internal/process/task_queues:96:5)\\n    at asyncHandler (/Users/runner/work/SHAFT_ENGINE/SHAFT_ENGINE/node_modules/appium/node_modules/appium-base-driver/lib/protocol/protocol.js:297:21)\"}}.",
      "time" : {
        "start" : 1647711282314,
        "stop" : 1647711282315,
        "duration" : 1
      },
      "status" : "passed",
      "steps" : [ ],
      "attachments" : [ {
        "uid" : "6ea914adeb367a5a",
        "name" : "Attachment: Exception Stack Trace - org.openqa.selenium.UnsupportedCommandException",
        "source" : "6ea914adeb367a5a.txt",
        "type" : "text/plain",
        "size" : 7063
      } ],
      "parameters" : [ {
        "name" : "actionCounter",
        "value" : "18"
      }, {
        "name" : "logText",
        "value" : "An Exception Occured with this Message: {\"value\":{\"error\":\"unknown method\",\"message\":\"Method is not implemented\",\"stacktrace\":\"NotImplementedError: Method is not implemented\\n    at AndroidUiautomator2Driver.execute (/Users/runner/work/SHAFT_ENGINE/SHAFT_ENGINE/node_modules/appium/node_modules/appium-android-driver/lib/commands/execute.js:14:11)\\n    at commandExecutor (/Users/runner/work/SHAFT_ENGINE/SHAFT_ENGINE/node_modules/appium/node_modules/appium-base-driver/lib/basedriver/driver.js:335:9)\\n    at /Users/runner/work/SHAFT_ENGINE/SHAFT_ENGINE/node_modules/appium/node_modules/async-lock/lib/index.js:146:12\\n    at AsyncLock._promiseTry (/Users/runner/work/SHAFT_ENGINE/SHAFT_ENGINE/node_modules/appium/node_modules/async-lock/lib/index.js:280:31)\\n    at exec (/Users/runner/work/SHAFT_ENGINE/SHAFT_ENGINE/node_modules/appium/node_modules/async-lock/lib/index.js:145:9)\\n    at AsyncLock.acquire (/Users/runner/work/SHAFT_ENGINE/SHAFT_ENGINE/node_modules/appium/node_modules/async-lock/lib/index.js:162:3)\\n    at AndroidUiautomator2Driver.executeCommand (/Users/runner/work/SHAFT_ENGINE/SHAFT_ENGINE/node_modules/appium/node_modules/appium-base-driver/lib/basedriver/driver.js:348:39)\\n    at AppiumDriver.executeCommand (/Users/runner/work/SHAFT_ENGINE/SHAFT_ENGINE/node_modules/appium/lib/appium.js:563:36)\\n    at runMicrotasks (<anonymous>)\\n    at processTicksAndRejections (node:internal/process/task_queues:96:5)\\n    at asyncHandler (/Users/runner/work/SHAFT_ENGINE/SHAFT_ENGINE/node_modules/appium/node_modules/appium-base-driver/lib/protocol/protocol.js:297:21)\"}}."
      }, {
        "name" : "attachments",
        "value" : "[[Exception Stack Trace, org.openqa.selenium.UnsupportedCommandException, org.openqa.selenium.UnsupportedCommandException:\n{\"value\":{\"error\":\"unknown method\",\"message\":\"Method is not implemented\",\"stacktrace\":\"NotImplementedError: Method is not implemented\\n    at AndroidUiautomator2Driver.execute (/Users/runner/work/SHAFT_ENGINE/SHAFT_ENGINE/node_modules/appium/node_modules/appium-android-driver/lib/commands/execute.js:14:11)\\n    at commandExecutor (/Users/runner/work/SHAFT_ENGINE/SHAFT_ENGINE/node_modules/appium/node_modules/appium-base-driver/lib/basedriver/driver.js:335:9)\\n    at /Users/runner/work/SHAFT_ENGINE/SHAFT_ENGINE/node_modules/appium/node_modules/async-lock/lib/index.js:146:12\\n    at AsyncLock._promiseTry (/Users/runner/work/SHAFT_ENGINE/SHAFT_ENGINE/node_modules/appium/node_modules/async-lock/lib/index.js:280:31)\\n    at exec (/Users/runner/work/SHAFT_ENGINE/SHAFT_ENGINE/node_modules/appium/node_modules/async-lock/lib/index.js:145:9)\\n    at AsyncLock.acquire (/Users/runner/work/SHAFT_ENGINE/SHAFT_ENGINE/node_modules/appium/node_modules/async-lock/lib/index.js:162:3)\\n    at AndroidUiautomator2Driver.executeCommand (/Users/runner/work/SHAFT_ENGINE/SHAFT_ENGINE/node_modules/appium/node_modules/appium-base-driver/lib/basedriver/driver.js:348:39)\\n    at AppiumDriver.executeCommand (/Users/runner/work/SHAFT_ENGINE/SHAFT_ENGINE/node_modules/appium/lib/appium.js:563:36)\\n    at runMicrotasks (<anonymous>)\\n    at processTicksAndRejections (node:internal/process/task_queues:96:5)\\n    at asyncHandler (/Users/runner/work/SHAFT_ENGINE/SHAFT_ENGINE/node_modules/appium/node_modules/appium-base-driver/lib/protocol/protocol.js:297:21)\"}}\nCommand duration or timeout: 8 milliseconds\nBuild info: version: '4.1.2', revision: '9a5a329c5a'\nSystem info: host: 'Mac-1647710249430.local', ip: '10.212.6.176', os.name: 'Mac OS X', os.arch: 'x86_64', os.version: '11.6.4', java.version: '17.0.2'\nDriver info: io.appium.java_client.android.AndroidDriver\nCommand: [15a0ad4e-1a65-4afe-bc19-f2e84192ec85, executeScript {script=window.scrollTo(0, 0);, args=[]}]\nCapabilities {appium:app: /Users/runner/work/SHAFT_EN..., appium:appPackage: io.appium.android.apis, appium:appWaitActivity: *, appium:automationName: UIAutomator2, appium:databaseEnabled: false, appium:desired: {app: /Users/runner/work/SHAFT_EN..., appWaitActivity: *, automationName: UIAutomator2, disableWindowAnimation: true, platformName: android}, appium:deviceApiLevel: 30, appium:deviceManufacturer: unknown, appium:deviceModel: Android SDK built for x86, appium:deviceName: emulator-5554, appium:deviceScreenDensity: 320, appium:deviceScreenSize: 720x1280, appium:deviceUDID: emulator-5554, appium:disableWindowAnimation: true, appium:javascriptEnabled: true, appium:locationContextEnabled: false, appium:networkConnectionEnabled: true, appium:pixelRatio: 2, appium:platformVersion: 11, appium:statBarHeight: 48, appium:takesScreenshot: true, appium:viewportRect: {height: 1136, left: 0, top: 48, width: 720}, appium:warnings: {}, appium:webStorageEnabled: false, platformName: android}\nSession ID: 15a0ad4e-1a65-4afe-bc19-f2e84192ec85\njava.base/jdk.internal.reflect.NativeConstructorAccessorImpl.newInstance0(Native Method)\njava.base/jdk.internal.reflect.NativeConstructorAccessorImpl.newInstance(NativeConstructorAccessorImpl.java:77)\njava.base/jdk.internal.reflect.DelegatingConstructorAccessorImpl.newInstance(DelegatingConstructorAccessorImpl.java:45)\njava.base/java.lang.reflect.Constructor.newInstanceWithCaller(Constructor.java:499)\njava.base/java.lang.reflect.Constructor.newInstance(Constructor.java:480)\norg.openqa.selenium.remote.ErrorHandler.createThrowable(ErrorHandler.java:217)\norg.openqa.selenium.remote.ErrorHandler.throwIfResponseFailed(ErrorHandler.java:169)\norg.openqa.selenium.remote.RemoteWebDriver.execute(RemoteWebDriver.java:593)\norg.openqa.selenium.remote.RemoteWebDriver.executeScript(RemoteWebDriver.java:492)\ncom.shaft.gui.image.ScreenshotHelper.scrollVerticallyTo(ScreenshotHelper.java:157)\ncom.shaft.gui.image.ScreenshotHelper.makeFullScreenshot(ScreenshotHelper.java:64)\ncom.shaft.gui.image.ScreenshotManager.takeFullPageScreenshot(ScreenshotManager.java:258)\ncom.shaft.gui.image.ScreenshotManager.takeScreenshot(ScreenshotManager.java:543)\ncom.shaft.gui.image.ScreenshotManager.internalCaptureScreenShot(ScreenshotManager.java:419)\ncom.shaft.gui.image.ScreenshotManager.captureScreenShot(ScreenshotManager.java:142)\ncom.shaft.gui.element.WebDriverElementActions.takeScreenshot(WebDriverElementActions.java:1366)\ncom.shaft.gui.element.TouchActions.tap(TouchActions.java:156)\ntestPackage01.appium.AndroidBasicInteractionsTest.scrollInExpandableLists_verticalScrolling_insideElement(AndroidBasicInteractionsTest.java:37)\njava.base/jdk.internal.reflect.NativeMethodAccessorImpl.invoke0(Native Method)\njava.base/jdk.internal.reflect.NativeMethodAccessorImpl.invoke(NativeMethodAccessorImpl.java:77)\njava.base/jdk.internal.reflect.DelegatingMethodAccessorImpl.invoke(DelegatingMethodAccessorImpl.java:43)\njava.base/java.lang.reflect.Method.invoke(Method.java:568)\norg.testng.internal.invokers.MethodInvocationHelper.invokeMethod(MethodInvocationHelper.java:135)\norg.testng.internal.invokers.TestInvoker.invokeMethod(TestInvoker.java:673)\norg.testng.internal.invokers.TestInvoker.invokeTestMethod(TestInvoker.java:220)\norg.testng.internal.invokers.MethodRunner.runInSequence(MethodRunner.java:50)\norg.testng.internal.invokers.TestInvoker$MethodInvocationAgent.invoke(TestInvoker.java:945)\norg.testng.internal.invokers.TestInvoker.invokeTestMethods(TestInvoker.java:193)\norg.testng.internal.invokers.TestMethodWorker.invokeTestMethods(TestMethodWorker.java:146)\norg.testng.internal.invokers.TestMethodWorker.run(TestMethodWorker.java:128)\njava.base/java.util.ArrayList.forEach(ArrayList.java:1511)\norg.testng.TestRunner.privateRun(TestRunner.java:808)\norg.testng.TestRunner.run(TestRunner.java:603)\norg.testng.SuiteRunner.runTest(SuiteRunner.java:429)\norg.testng.SuiteRunner.runSequentially(SuiteRunner.java:423)\norg.testng.SuiteRunner.privateRun(SuiteRunner.java:383)\norg.testng.SuiteRunner.run(SuiteRunner.java:326)\norg.testng.SuiteRunnerWorker.runSuite(SuiteRunnerWorker.java:52)\norg.testng.SuiteRunnerWorker.run(SuiteRunnerWorker.java:95)\norg.testng.TestNG.runSuitesSequentially(TestNG.java:1249)\norg.testng.TestNG.runSuitesLocally(TestNG.java:1169)\norg.testng.TestNG.runSuites(TestNG.java:1092)\norg.testng.TestNG.run(TestNG.java:1060)\norg.apache.maven.surefire.testng.TestNGExecutor.run(TestNGExecutor.java:136)\norg.apache.maven.surefire.testng.TestNGDirectoryTestSuite.executeSingleClass(TestNGDirectoryTestSuite.java:112)\norg.apache.maven.surefire.testng.TestNGDirectoryTestSuite.execute(TestNGDirectoryTestSuite.java:99)\norg.apache.maven.surefire.testng.TestNGProvider.invoke(TestNGProvider.java:145)\norg.apache.maven.surefire.booter.ForkedBooter.runSuitesInProcess(ForkedBooter.java:428)\norg.apache.maven.surefire.booter.ForkedBooter.execute(ForkedBooter.java:162)\norg.apache.maven.surefire.booter.ForkedBooter.run(ForkedBooter.java:562)\norg.apache.maven.surefire.booter.ForkedBooter.main(ForkedBooter.java:548)\n]]"
      } ],
      "stepsCount" : 0,
      "attachmentsCount" : 1,
      "shouldDisplayMessage" : false,
      "hasContent" : true
    }, {
      "name" : "Element Action [Tap] successfully performed. With the following test data [Views].",
      "time" : {
        "start" : 1647711284366,
        "stop" : 1647711284367,
        "duration" : 1
      },
      "status" : "passed",
      "steps" : [ ],
      "attachments" : [ {
        "uid" : "ae2f6260d02de77",
        "name" : "Attachment: Screenshot - 1647711283438_scrollInExpandableLists_verticalScrolling_insideElement_tap_passed",
        "source" : "ae2f6260d02de77.png",
        "type" : "image/png",
        "size" : 4972
      } ],
      "parameters" : [ {
        "name" : "actionCounter",
        "value" : "20"
      }, {
        "name" : "logText",
        "value" : "Element Action [Tap] successfully performed. With the following test data [Views]."
      }, {
        "name" : "attachments",
        "value" : "[[Screenshot, 1647711283438_scrollInExpandableLists_verticalScrolling_insideElement_tap_passed, java.io.ByteArrayInputStream@18ab513d]]"
      } ],
      "stepsCount" : 0,
      "attachmentsCount" : 1,
      "shouldDisplayMessage" : false,
      "hasContent" : true
    }, {
      "name" : "An Exception Occured with this Message: {\"value\":{\"error\":\"unknown method\",\"message\":\"Method is not implemented\",\"stacktrace\":\"NotImplementedError: Method is not implemented\\n    at AndroidUiautomator2Driver.execute (/Users/runner/work/SHAFT_ENGINE/SHAFT_ENGINE/node_modules/appium/node_modules/appium-android-driver/lib/commands/execute.js:14:11)\\n    at commandExecutor (/Users/runner/work/SHAFT_ENGINE/SHAFT_ENGINE/node_modules/appium/node_modules/appium-base-driver/lib/basedriver/driver.js:335:9)\\n    at /Users/runner/work/SHAFT_ENGINE/SHAFT_ENGINE/node_modules/appium/node_modules/async-lock/lib/index.js:146:12\\n    at AsyncLock._promiseTry (/Users/runner/work/SHAFT_ENGINE/SHAFT_ENGINE/node_modules/appium/node_modules/async-lock/lib/index.js:280:31)\\n    at exec (/Users/runner/work/SHAFT_ENGINE/SHAFT_ENGINE/node_modules/appium/node_modules/async-lock/lib/index.js:145:9)\\n    at AsyncLock.acquire (/Users/runner/work/SHAFT_ENGINE/SHAFT_ENGINE/node_modules/appium/node_modules/async-lock/lib/index.js:162:3)\\n    at AndroidUiautomator2Driver.executeCommand (/Users/runner/work/SHAFT_ENGINE/SHAFT_ENGINE/node_modules/appium/node_modules/appium-base-driver/lib/basedriver/driver.js:348:39)\\n    at AppiumDriver.executeCommand (/Users/runner/work/SHAFT_ENGINE/SHAFT_ENGINE/node_modules/appium/lib/appium.js:563:36)\\n    at runMicrotasks (<anonymous>)\\n    at processTicksAndRejections (node:internal/process/task_queues:96:5)\\n    at asyncHandler (/Users/runner/work/SHAFT_ENGINE/SHAFT_ENGINE/node_modules/appium/node_modules/appium-base-driver/lib/protocol/protocol.js:297:21)\"}}.",
      "time" : {
        "start" : 1647711284377,
        "stop" : 1647711284379,
        "duration" : 2
      },
      "status" : "passed",
      "steps" : [ ],
      "attachments" : [ {
        "uid" : "109017e5c5934928",
        "name" : "Attachment: Exception Stack Trace - org.openqa.selenium.UnsupportedCommandException",
        "source" : "109017e5c5934928.txt",
        "type" : "text/plain",
        "size" : 7649
      } ],
      "parameters" : [ {
        "name" : "actionCounter",
        "value" : "21"
      }, {
        "name" : "logText",
        "value" : "An Exception Occured with this Message: {\"value\":{\"error\":\"unknown method\",\"message\":\"Method is not implemented\",\"stacktrace\":\"NotImplementedError: Method is not implemented\\n    at AndroidUiautomator2Driver.execute (/Users/runner/work/SHAFT_ENGINE/SHAFT_ENGINE/node_modules/appium/node_modules/appium-android-driver/lib/commands/execute.js:14:11)\\n    at commandExecutor (/Users/runner/work/SHAFT_ENGINE/SHAFT_ENGINE/node_modules/appium/node_modules/appium-base-driver/lib/basedriver/driver.js:335:9)\\n    at /Users/runner/work/SHAFT_ENGINE/SHAFT_ENGINE/node_modules/appium/node_modules/async-lock/lib/index.js:146:12\\n    at AsyncLock._promiseTry (/Users/runner/work/SHAFT_ENGINE/SHAFT_ENGINE/node_modules/appium/node_modules/async-lock/lib/index.js:280:31)\\n    at exec (/Users/runner/work/SHAFT_ENGINE/SHAFT_ENGINE/node_modules/appium/node_modules/async-lock/lib/index.js:145:9)\\n    at AsyncLock.acquire (/Users/runner/work/SHAFT_ENGINE/SHAFT_ENGINE/node_modules/appium/node_modules/async-lock/lib/index.js:162:3)\\n    at AndroidUiautomator2Driver.executeCommand (/Users/runner/work/SHAFT_ENGINE/SHAFT_ENGINE/node_modules/appium/node_modules/appium-base-driver/lib/basedriver/driver.js:348:39)\\n    at AppiumDriver.executeCommand (/Users/runner/work/SHAFT_ENGINE/SHAFT_ENGINE/node_modules/appium/lib/appium.js:563:36)\\n    at runMicrotasks (<anonymous>)\\n    at processTicksAndRejections (node:internal/process/task_queues:96:5)\\n    at asyncHandler (/Users/runner/work/SHAFT_ENGINE/SHAFT_ENGINE/node_modules/appium/node_modules/appium-base-driver/lib/protocol/protocol.js:297:21)\"}}."
      }, {
        "name" : "attachments",
        "value" : "[[Exception Stack Trace, org.openqa.selenium.UnsupportedCommandException, org.openqa.selenium.UnsupportedCommandException:\n{\"value\":{\"error\":\"unknown method\",\"message\":\"Method is not implemented\",\"stacktrace\":\"NotImplementedError: Method is not implemented\\n    at AndroidUiautomator2Driver.execute (/Users/runner/work/SHAFT_ENGINE/SHAFT_ENGINE/node_modules/appium/node_modules/appium-android-driver/lib/commands/execute.js:14:11)\\n    at commandExecutor (/Users/runner/work/SHAFT_ENGINE/SHAFT_ENGINE/node_modules/appium/node_modules/appium-base-driver/lib/basedriver/driver.js:335:9)\\n    at /Users/runner/work/SHAFT_ENGINE/SHAFT_ENGINE/node_modules/appium/node_modules/async-lock/lib/index.js:146:12\\n    at AsyncLock._promiseTry (/Users/runner/work/SHAFT_ENGINE/SHAFT_ENGINE/node_modules/appium/node_modules/async-lock/lib/index.js:280:31)\\n    at exec (/Users/runner/work/SHAFT_ENGINE/SHAFT_ENGINE/node_modules/appium/node_modules/async-lock/lib/index.js:145:9)\\n    at AsyncLock.acquire (/Users/runner/work/SHAFT_ENGINE/SHAFT_ENGINE/node_modules/appium/node_modules/async-lock/lib/index.js:162:3)\\n    at AndroidUiautomator2Driver.executeCommand (/Users/runner/work/SHAFT_ENGINE/SHAFT_ENGINE/node_modules/appium/node_modules/appium-base-driver/lib/basedriver/driver.js:348:39)\\n    at AppiumDriver.executeCommand (/Users/runner/work/SHAFT_ENGINE/SHAFT_ENGINE/node_modules/appium/lib/appium.js:563:36)\\n    at runMicrotasks (<anonymous>)\\n    at processTicksAndRejections (node:internal/process/task_queues:96:5)\\n    at asyncHandler (/Users/runner/work/SHAFT_ENGINE/SHAFT_ENGINE/node_modules/appium/node_modules/appium-base-driver/lib/protocol/protocol.js:297:21)\"}}\nCommand duration or timeout: 8 milliseconds\nBuild info: version: '4.1.2', revision: '9a5a329c5a'\nSystem info: host: 'Mac-1647710249430.local', ip: '10.212.6.176', os.name: 'Mac OS X', os.arch: 'x86_64', os.version: '11.6.4', java.version: '17.0.2'\nDriver info: io.appium.java_client.android.AndroidDriver\nCommand: [15a0ad4e-1a65-4afe-bc19-f2e84192ec85, executeScript {script=window.scrollTo(0, 0);, args=[]}]\nCapabilities {appium:app: /Users/runner/work/SHAFT_EN..., appium:appPackage: io.appium.android.apis, appium:appWaitActivity: *, appium:automationName: UIAutomator2, appium:databaseEnabled: false, appium:desired: {app: /Users/runner/work/SHAFT_EN..., appWaitActivity: *, automationName: UIAutomator2, disableWindowAnimation: true, platformName: android}, appium:deviceApiLevel: 30, appium:deviceManufacturer: unknown, appium:deviceModel: Android SDK built for x86, appium:deviceName: emulator-5554, appium:deviceScreenDensity: 320, appium:deviceScreenSize: 720x1280, appium:deviceUDID: emulator-5554, appium:disableWindowAnimation: true, appium:javascriptEnabled: true, appium:locationContextEnabled: false, appium:networkConnectionEnabled: true, appium:pixelRatio: 2, appium:platformVersion: 11, appium:statBarHeight: 48, appium:takesScreenshot: true, appium:viewportRect: {height: 1136, left: 0, top: 48, width: 720}, appium:warnings: {}, appium:webStorageEnabled: false, platformName: android}\nSession ID: 15a0ad4e-1a65-4afe-bc19-f2e84192ec85\njava.base/jdk.internal.reflect.NativeConstructorAccessorImpl.newInstance0(Native Method)\njava.base/jdk.internal.reflect.NativeConstructorAccessorImpl.newInstance(NativeConstructorAccessorImpl.java:77)\njava.base/jdk.internal.reflect.DelegatingConstructorAccessorImpl.newInstance(DelegatingConstructorAccessorImpl.java:45)\njava.base/java.lang.reflect.Constructor.newInstanceWithCaller(Constructor.java:499)\njava.base/java.lang.reflect.Constructor.newInstance(Constructor.java:480)\norg.openqa.selenium.remote.ErrorHandler.createThrowable(ErrorHandler.java:217)\norg.openqa.selenium.remote.ErrorHandler.throwIfResponseFailed(ErrorHandler.java:169)\norg.openqa.selenium.remote.RemoteWebDriver.execute(RemoteWebDriver.java:593)\norg.openqa.selenium.remote.RemoteWebDriver.executeScript(RemoteWebDriver.java:492)\ncom.shaft.gui.image.ScreenshotHelper.scrollVerticallyTo(ScreenshotHelper.java:157)\ncom.shaft.gui.image.ScreenshotHelper.makeFullScreenshot(ScreenshotHelper.java:64)\ncom.shaft.gui.image.ScreenshotManager.takeFullPageScreenshot(ScreenshotManager.java:258)\ncom.shaft.gui.image.ScreenshotManager.takeScreenshot(ScreenshotManager.java:543)\ncom.shaft.gui.image.ScreenshotManager.internalCaptureScreenShot(ScreenshotManager.java:419)\ncom.shaft.gui.image.ScreenshotManager.captureScreenShot(ScreenshotManager.java:108)\ncom.shaft.gui.element.WebDriverElementActions.takeScreenshot(WebDriverElementActions.java:1379)\ncom.shaft.gui.element.WebDriverElementActions.reportActionResult(WebDriverElementActions.java:1723)\ncom.shaft.gui.element.WebDriverElementActions.failAction(WebDriverElementActions.java:1475)\ncom.shaft.gui.element.WebDriverElementActions.failAction(WebDriverElementActions.java:1309)\ncom.shaft.gui.element.WebDriverElementActions.identifyUniqueElement(WebDriverElementActions.java:1564)\ncom.shaft.gui.element.WebDriverElementActions.identifyUniqueElement(WebDriverElementActions.java:1325)\ncom.shaft.gui.element.TouchActions.swipeElementIntoView(TouchActions.java:659)\ncom.shaft.gui.element.TouchActions.swipeElementIntoView(TouchActions.java:491)\ntestPackage01.appium.AndroidBasicInteractionsTest.scrollInExpandableLists_verticalScrolling_insideElement(AndroidBasicInteractionsTest.java:38)\njava.base/jdk.internal.reflect.NativeMethodAccessorImpl.invoke0(Native Method)\njava.base/jdk.internal.reflect.NativeMethodAccessorImpl.invoke(NativeMethodAccessorImpl.java:77)\njava.base/jdk.internal.reflect.DelegatingMethodAccessorImpl.invoke(DelegatingMethodAccessorImpl.java:43)\njava.base/java.lang.reflect.Method.invoke(Method.java:568)\norg.testng.internal.invokers.MethodInvocationHelper.invokeMethod(MethodInvocationHelper.java:135)\norg.testng.internal.invokers.TestInvoker.invokeMethod(TestInvoker.java:673)\norg.testng.internal.invokers.TestInvoker.invokeTestMethod(TestInvoker.java:220)\norg.testng.internal.invokers.MethodRunner.runInSequence(MethodRunner.java:50)\norg.testng.internal.invokers.TestInvoker$MethodInvocationAgent.invoke(TestInvoker.java:945)\norg.testng.internal.invokers.TestInvoker.invokeTestMethods(TestInvoker.java:193)\norg.testng.internal.invokers.TestMethodWorker.invokeTestMethods(TestMethodWorker.java:146)\norg.testng.internal.invokers.TestMethodWorker.run(TestMethodWorker.java:128)\njava.base/java.util.ArrayList.forEach(ArrayList.java:1511)\norg.testng.TestRunner.privateRun(TestRunner.java:808)\norg.testng.TestRunner.run(TestRunner.java:603)\norg.testng.SuiteRunner.runTest(SuiteRunner.java:429)\norg.testng.SuiteRunner.runSequentially(SuiteRunner.java:423)\norg.testng.SuiteRunner.privateRun(SuiteRunner.java:383)\norg.testng.SuiteRunner.run(SuiteRunner.java:326)\norg.testng.SuiteRunnerWorker.runSuite(SuiteRunnerWorker.java:52)\norg.testng.SuiteRunnerWorker.run(SuiteRunnerWorker.java:95)\norg.testng.TestNG.runSuitesSequentially(TestNG.java:1249)\norg.testng.TestNG.runSuitesLocally(TestNG.java:1169)\norg.testng.TestNG.runSuites(TestNG.java:1092)\norg.testng.TestNG.run(TestNG.java:1060)\norg.apache.maven.surefire.testng.TestNGExecutor.run(TestNGExecutor.java:136)\norg.apache.maven.surefire.testng.TestNGDirectoryTestSuite.executeSingleClass(TestNGDirectoryTestSuite.java:112)\norg.apache.maven.surefire.testng.TestNGDirectoryTestSuite.execute(TestNGDirectoryTestSuite.java:99)\norg.apache.maven.surefire.testng.TestNGProvider.invoke(TestNGProvider.java:145)\norg.apache.maven.surefire.booter.ForkedBooter.runSuitesInProcess(ForkedBooter.java:428)\norg.apache.maven.surefire.booter.ForkedBooter.execute(ForkedBooter.java:162)\norg.apache.maven.surefire.booter.ForkedBooter.run(ForkedBooter.java:562)\norg.apache.maven.surefire.booter.ForkedBooter.main(ForkedBooter.java:548)\n]]"
      } ],
      "stepsCount" : 0,
      "attachmentsCount" : 1,
      "shouldDisplayMessage" : false,
      "hasContent" : true
    }, {
      "name" : "Element Action [IdentifyUniqueElement] failed. With the following test data [element locator is NULL.].",
      "time" : {
        "start" : 1647711286272,
        "stop" : 1647711286274,
        "duration" : 2
      },
      "status" : "passed",
      "steps" : [ ],
      "attachments" : [ {
        "uid" : "236d1fae3a418b82",
        "name" : "Attachment: Screenshot - 1647711286192_scrollInExpandableLists_verticalScrolling_insideElement_IdentifyUniqueElement_failed",
        "source" : "236d1fae3a418b82.png",
        "type" : "image/png",
        "size" : 7662
      } ],
      "parameters" : [ {
        "name" : "actionCounter",
        "value" : "23"
      }, {
        "name" : "logText",
        "value" : "Element Action [IdentifyUniqueElement] failed. With the following test data [element locator is NULL.]."
      }, {
        "name" : "attachments",
        "value" : "[[Screenshot, 1647711286192_scrollInExpandableLists_verticalScrolling_insideElement_IdentifyUniqueElement_failed, java.io.ByteArrayInputStream@39a03ccc]]"
      } ],
      "stepsCount" : 0,
      "attachmentsCount" : 1,
      "shouldDisplayMessage" : false,
      "hasContent" : true
    } ],
    "attachments" : [ {
      "uid" : "52506430cc193c53",
      "name" : "Attachment: SHAFT Engine Logs - Current Method log: scrollInExpandableLists_verticalScrolling_insideElement",
      "source" : "52506430cc193c53.txt",
      "type" : "text/plain",
      "size" : 4689
    } ],
    "parameters" : [ ],
    "stepsCount" : 4,
    "attachmentsCount" : 5,
    "shouldDisplayMessage" : true,
    "hasContent" : true
  },
  "afterStages" : [ {
    "name" : "teardown",
    "time" : {
      "start" : 1647711286280,
      "stop" : 1647711287970,
      "duration" : 1690
    },
    "description" : "",
    "status" : "passed",
    "steps" : [ {
      "name" : "Successfully Closed All Drivers.",
      "time" : {
        "start" : 1647711287969,
        "stop" : 1647711287970,
        "duration" : 1
      },
      "status" : "passed",
      "steps" : [ ],
      "attachments" : [ ],
      "parameters" : [ {
        "name" : "actionCounter",
        "value" : "24"
      }, {
        "name" : "logText",
        "value" : "Successfully Closed All Drivers."
      } ],
      "stepsCount" : 0,
      "attachmentsCount" : 0,
      "shouldDisplayMessage" : false,
      "hasContent" : true
    } ],
    "attachments" : [ {
      "uid" : "f4185fdd8ca41c54",
      "name" : "Attachment: Video Recording - teardown",
      "source" : "f4185fdd8ca41c54.mp4",
      "type" : "video/mp4",
      "size" : 4850
    } ],
    "parameters" : [ ],
    "stepsCount" : 1,
    "attachmentsCount" : 1,
    "shouldDisplayMessage" : false,
    "hasContent" : true
  }, {
    "name" : "teardownActivities",
    "time" : {
      "start" : 1647711414305,
      "stop" : 1647711414932,
      "duration" : 627
    },
    "description" : "",
    "status" : "passed",
    "steps" : [ {
      "name" : "Issue Summary: Total Issues = 5, New issues for Failed Tests = 5, Open issues for Passed Tests = 0, Open issues for Failed Tests = 0. Kindly check the attached Issue details.",
      "time" : {
        "start" : 1647711414316,
        "stop" : 1647711414317,
        "duration" : 1
      },
      "status" : "passed",
      "steps" : [ ],
      "attachments" : [ {
        "uid" : "5d4f609c3d56488b",
        "name" : "Attachment: SHAFT Engine Logs - Issues log CSV: 20220319-173654",
        "source" : "5d4f609c3d56488b.csv",
        "type" : "text/csv",
        "size" : 891
      } ],
      "parameters" : [ {
        "name" : "actionCounter",
        "value" : "77"
      }, {
        "name" : "logText",
        "value" : "Issue Summary: Total Issues = 5, New issues for Failed Tests = 5, Open issues for Passed Tests = 0, Open issues for Failed Tests = 0. Kindly check the attached Issue details."
      }, {
        "name" : "attachments",
        "value" : "[[SHAFT Engine Logs, Issues log CSV: 20220319-173654, java.io.ByteArrayInputStream@37bac0f4]]"
      } ],
      "stepsCount" : 0,
      "attachmentsCount" : 1,
      "shouldDisplayMessage" : false,
      "hasContent" : true
    } ],
    "attachments" : [ {
      "uid" : "c53694bfe45af8b3",
      "name" : "Attachment: SHAFT Engine Logs - Execution log: 20220319-173654",
      "source" : "c53694bfe45af8b3.txt",
      "type" : "text/plain",
      "size" : 78280
    }, {
      "uid" : "98c3e12f8b4f1b4d",
      "name" : "Attachment: HTML - Extent Emailable Execution Report",
      "source" : "98c3e12f8b4f1b4d.html",
      "type" : "text/html",
      "size" : 234831
    } ],
    "parameters" : [ ],
    "stepsCount" : 1,
    "attachmentsCount" : 3,
    "shouldDisplayMessage" : false,
    "hasContent" : true
  } ],
  "labels" : [ {
    "name" : "package",
    "value" : "testPackage01.appium.AndroidBasicInteractionsTest"
  }, {
    "name" : "testClass",
    "value" : "testPackage01.appium.AndroidBasicInteractionsTest"
  }, {
    "name" : "testMethod",
    "value" : "scrollInExpandableLists_verticalScrolling_insideElement"
  }, {
    "name" : "parentSuite",
    "value" : "Custom Suite"
  }, {
    "name" : "suite",
    "value" : "Custom Test"
  }, {
    "name" : "subSuite",
    "value" : "testPackage01.appium.AndroidBasicInteractionsTest"
  }, {
    "name" : "host",
    "value" : "Mac-1647710249430.local"
  }, {
    "name" : "thread",
    "value" : "8004@Mac-1647710249430.local.main(1)"
  }, {
    "name" : "framework",
    "value" : "testng"
  }, {
    "name" : "language",
    "value" : "java"
  }, {
    "name" : "resultFormat",
    "value" : "allure2"
  } ],
  "parameters" : [ ],
  "links" : [ ],
  "hidden" : false,
  "retry" : false,
  "extra" : {
    "severity" : "normal",
    "retries" : [ ],
    "categories" : [ {
      "name" : "Product defects",
      "matchedStatuses" : [ ],
      "flaky" : false
    } ],
    "tags" : [ ]
  },
  "source" : "da61e236e4537e17.json",
  "parameterValues" : [ ]
}