{
  "uid" : "2a4a4b8b0cade827",
  "name" : "getWindowPosition",
  "fullName" : "unitTests.tests_browserActions.getWindowPosition",
  "historyId" : "1e302c49c8f75fa918eb46dd6bc40b87",
  "time" : {
    "start" : 1642211878700,
    "stop" : 1642211878701,
    "duration" : 1
  },
  "status" : "skipped",
  "statusMessage" : "Driver Factory Action [createNewLocalDriverInstanceForSafari] failed. With the following test data [Failed to create a session on DESKTOP_SAFARI].",
  "statusTrace" : "java.lang.AssertionError: Driver Factory Action [createNewLocalDriverInstanceForSafari] failed. With the following test data [Failed to create a session on DESKTOP_SAFARI].\n\tat org.testng.Assert.fail(Assert.java:110)\n\tat com.shaft.driver.DriverFactoryHelper.failAction(DriverFactoryHelper.java:306)\n\tat com.shaft.driver.DriverFactoryHelper.createNewLocalDriverInstanceForSafari(DriverFactoryHelper.java:576)\n\tat com.shaft.driver.DriverFactoryHelper.createNewLocalDriverInstance(DriverFactoryHelper.java:596)\n\tat com.shaft.driver.DriverFactoryHelper.getDriver(DriverFactoryHelper.java:815)\n\tat com.shaft.driver.DriverFactoryHelper.getDriver(DriverFactoryHelper.java:140)\n\tat com.shaft.driver.DriverFactory.getDriver(DriverFactory.java:27)\n\tat com.shaft.gui.browser.BrowserFactory.getBrowser(BrowserFactory.java:21)\n\tat unitTests.tests_browserActions.beforeMethod(tests_browserActions.java:90)\n\tat java.base/jdk.internal.reflect.NativeMethodAccessorImpl.invoke0(Native Method)\n\tat java.base/jdk.internal.reflect.NativeMethodAccessorImpl.invoke(NativeMethodAccessorImpl.java:77)\n\tat java.base/jdk.internal.reflect.DelegatingMethodAccessorImpl.invoke(DelegatingMethodAccessorImpl.java:43)\n\tat java.base/java.lang.reflect.Method.invoke(Method.java:568)\n\tat org.testng.internal.invokers.MethodInvocationHelper.invokeMethod(MethodInvocationHelper.java:135)\n\tat org.testng.internal.invokers.MethodInvocationHelper.invokeMethodConsideringTimeout(MethodInvocationHelper.java:65)\n\tat org.testng.internal.invokers.ConfigInvoker.invokeConfigurationMethod(ConfigInvoker.java:381)\n\tat org.testng.internal.invokers.ConfigInvoker.invokeConfigurations(ConfigInvoker.java:319)\n\tat org.testng.internal.invokers.TestInvoker.runConfigMethods(TestInvoker.java:803)\n\tat org.testng.internal.invokers.TestInvoker.invokeMethod(TestInvoker.java:589)\n\tat org.testng.internal.invokers.TestInvoker.invokeTestMethod(TestInvoker.java:220)\n\tat org.testng.internal.invokers.MethodRunner.runInSequence(MethodRunner.java:50)\n\tat org.testng.internal.invokers.TestInvoker$MethodInvocationAgent.invoke(TestInvoker.java:945)\n\tat org.testng.internal.invokers.TestInvoker.invokeTestMethods(TestInvoker.java:193)\n\tat org.testng.internal.invokers.TestMethodWorker.invokeTestMethods(TestMethodWorker.java:146)\n\tat org.testng.internal.invokers.TestMethodWorker.run(TestMethodWorker.java:128)\n\tat java.base/java.util.ArrayList.forEach(ArrayList.java:1511)\n\tat org.testng.TestRunner.privateRun(TestRunner.java:808)\n\tat org.testng.TestRunner.run(TestRunner.java:603)\n\tat org.testng.SuiteRunner.runTest(SuiteRunner.java:429)\n\tat org.testng.SuiteRunner.runSequentially(SuiteRunner.java:423)\n\tat org.testng.SuiteRunner.privateRun(SuiteRunner.java:383)\n\tat org.testng.SuiteRunner.run(SuiteRunner.java:326)\n\tat org.testng.SuiteRunnerWorker.runSuite(SuiteRunnerWorker.java:52)\n\tat org.testng.SuiteRunnerWorker.run(SuiteRunnerWorker.java:95)\n\tat org.testng.TestNG.runSuitesSequentially(TestNG.java:1249)\n\tat org.testng.TestNG.runSuitesLocally(TestNG.java:1169)\n\tat org.testng.TestNG.runSuites(TestNG.java:1092)\n\tat org.testng.TestNG.run(TestNG.java:1060)\n\tat org.apache.maven.surefire.testng.TestNGExecutor.run(TestNGExecutor.java:136)\n\tat org.apache.maven.surefire.testng.TestNGDirectoryTestSuite.executeMulti(TestNGDirectoryTestSuite.java:193)\n\tat org.apache.maven.surefire.testng.TestNGDirectoryTestSuite.execute(TestNGDirectoryTestSuite.java:94)\n\tat org.apache.maven.surefire.testng.TestNGProvider.invoke(TestNGProvider.java:145)\n\tat org.apache.maven.surefire.booter.ForkedBooter.runSuitesInProcess(ForkedBooter.java:428)\n\tat org.apache.maven.surefire.booter.ForkedBooter.execute(ForkedBooter.java:162)\n\tat org.apache.maven.surefire.booter.ForkedBooter.run(ForkedBooter.java:562)\n\tat org.apache.maven.surefire.booter.ForkedBooter.main(ForkedBooter.java:548)\n",
  "flaky" : false,
  "newFailed" : false,
  "newBroken" : false,
  "newPassed" : false,
  "retriesCount" : 0,
  "retriesStatusChange" : false,
  "beforeStages" : [ {
    "name" : "setupActivities",
    "time" : {
      "start" : 1642211845780,
      "stop" : 1642211848184,
      "duration" : 2404
    },
    "description" : "",
    "status" : "passed",
    "steps" : [ {
      "name" : "Folder [allure-results] was not found, it may have already been deleted.",
      "time" : {
        "start" : 1642211845857,
        "stop" : 1642211845860,
        "duration" : 3
      },
      "status" : "passed",
      "steps" : [ ],
      "attachments" : [ ],
      "parameters" : [ {
        "name" : "actionCounter",
        "value" : "1"
      }, {
        "name" : "logText",
        "value" : "Folder [allure-results] was not found, it may have already been deleted."
      } ],
      "stepsCount" : 0,
      "attachmentsCount" : 0,
      "shouldDisplayMessage" : false,
      "hasContent" : true
    }, {
      "name" : "Folder [/Users/runner/.m2/repository/allure/] was not found, it may have already been deleted.",
      "time" : {
        "start" : 1642211845861,
        "stop" : 1642211845862,
        "duration" : 1
      },
      "status" : "passed",
      "steps" : [ ],
      "attachments" : [ ],
      "parameters" : [ {
        "name" : "actionCounter",
        "value" : "2"
      }, {
        "name" : "logText",
        "value" : "Folder [/Users/runner/.m2/repository/allure/] was not found, it may have already been deleted."
      } ],
      "stepsCount" : 0,
      "attachmentsCount" : 0,
      "shouldDisplayMessage" : false,
      "hasContent" : true
    }, {
      "name" : "Downloading a file from this url [https://repo.maven.apache.org/maven2/io/qameta/allure/allure-commandline/2.17.2/allure-commandline-2.17.2.zip] to this directory [target/allureBinary.zip], please wait as downloading may take some time...",
      "time" : {
        "start" : 1642211845862,
        "stop" : 1642211845862,
        "duration" : 0
      },
      "status" : "passed",
      "steps" : [ ],
      "attachments" : [ ],
      "parameters" : [ {
        "name" : "actionCounter",
        "value" : "3"
      }, {
        "name" : "logText",
        "value" : "Downloading a file from this url [https://repo.maven.apache.org/maven2/io/qameta/allure/allure-commandline/2.17.2/allure-commandline-2.17.2.zip] to this directory [target/allureBinary.zip], please wait as downloading may take some time..."
      } ],
      "stepsCount" : 0,
      "attachmentsCount" : 0,
      "shouldDisplayMessage" : false,
      "hasContent" : true
    }, {
      "name" : "Terminal Action [PerformTerminalCommands] successfully performed. With the following test data [Host Name: \"localHost\" | Command: \"chmod u+x /Users/runner/.m2/repository/allure/allure-2.17.2/bin/allure\" | Exit Status: \"0\"].",
      "time" : {
        "start" : 1642211847396,
        "stop" : 1642211847396,
        "duration" : 0
      },
      "status" : "passed",
      "steps" : [ ],
      "attachments" : [ ],
      "parameters" : [ {
        "name" : "actionCounter",
        "value" : "4"
      }, {
        "name" : "logText",
        "value" : "Terminal Action [PerformTerminalCommands] successfully performed. With the following test data [Host Name: \"localHost\" | Command: \"chmod u+x /Users/runner/.m2/repository/allure/allure-2.17.2/bin/allure\" | Exit Status: \"0\"]."
      } ],
      "stepsCount" : 0,
      "attachmentsCount" : 0,
      "shouldDisplayMessage" : false,
      "hasContent" : true
    }, {
      "name" : "Terminal Action [PerformTerminalCommands] successfully performed. With the following test data [Host Name: \"localHost\" | Command: \"chmod u+x generate_allure_report.sh\" | Exit Status: \"0\"].",
      "time" : {
        "start" : 1642211847404,
        "stop" : 1642211847404,
        "duration" : 0
      },
      "status" : "passed",
      "steps" : [ ],
      "attachments" : [ ],
      "parameters" : [ {
        "name" : "actionCounter",
        "value" : "5"
      }, {
        "name" : "logText",
        "value" : "Terminal Action [PerformTerminalCommands] successfully performed. With the following test data [Host Name: \"localHost\" | Command: \"chmod u+x generate_allure_report.sh\" | Exit Status: \"0\"]."
      } ],
      "stepsCount" : 0,
      "attachmentsCount" : 0,
      "shouldDisplayMessage" : false,
      "hasContent" : true
    }, {
      "name" : "Folder [extent-reports] was not found, it may have already been deleted.",
      "time" : {
        "start" : 1642211847498,
        "stop" : 1642211847498,
        "duration" : 0
      },
      "status" : "passed",
      "steps" : [ ],
      "attachments" : [ ],
      "parameters" : [ {
        "name" : "actionCounter",
        "value" : "6"
      }, {
        "name" : "logText",
        "value" : "Folder [extent-reports] was not found, it may have already been deleted."
      } ],
      "stepsCount" : 0,
      "attachmentsCount" : 0,
      "shouldDisplayMessage" : false,
      "hasContent" : true
    } ],
    "attachments" : [ {
      "uid" : "dee7de8dd6b9eb77",
      "name" : "Attachment: SHAFT Links - Important",
      "source" : "dee7de8dd6b9eb77.uri",
      "type" : "text/uri-list",
      "size" : 346
    }, {
      "uid" : "8cb5dc17d87c862e",
      "name" : "Attachment: Properties - testNG",
      "source" : "8cb5dc17d87c862e.properties",
      "type" : "text/plain",
      "size" : 492
    }, {
      "uid" : "e402034f5d797d0e",
      "name" : "Attachment: Properties - ExecutionPlatform",
      "source" : "e402034f5d797d0e.properties",
      "type" : "text/plain",
      "size" : 394
    }, {
      "uid" : "16f3f24e7272500f",
      "name" : "Attachment: Properties - path",
      "source" : "16f3f24e7272500f.properties",
      "type" : "text/plain",
      "size" : 687
    }, {
      "uid" : "e359b317f2d98a35",
      "name" : "Attachment: Properties - video",
      "source" : "e359b317f2d98a35.properties",
      "type" : "text/plain",
      "size" : 763
    }, {
      "uid" : "c63f29bf774e4738",
      "name" : "Attachment: Properties - pattern",
      "source" : "c63f29bf774e4738.properties",
      "type" : "text/plain",
      "size" : 564
    }, {
      "uid" : "12a108c82a5e992a",
      "name" : "Attachment: Properties - internal",
      "source" : "12a108c82a5e992a.properties",
      "type" : "text/plain",
      "size" : 111
    }, {
      "uid" : "3d615cbbb029fbe7",
      "name" : "Attachment: Properties - MobileCapabilities",
      "source" : "3d615cbbb029fbe7.properties",
      "type" : "text/plain",
      "size" : 470
    }, {
      "uid" : "41f94c5f03df954e",
      "name" : "Attachment: Properties - cucumber",
      "source" : "41f94c5f03df954e.properties",
      "type" : "text/plain",
      "size" : 226
    }, {
      "uid" : "3d93151130089865",
      "name" : "Attachment: Properties - PlatformFlags",
      "source" : "3d93151130089865.properties",
      "type" : "text/plain",
      "size" : 765
    }, {
      "uid" : "dbfa740b475f2797",
      "name" : "Attachment: Properties - Timeouts",
      "source" : "dbfa740b475f2797.properties",
      "type" : "text/plain",
      "size" : 722
    }, {
      "uid" : "805e302416b59642",
      "name" : "Attachment: Properties - Reporting",
      "source" : "805e302416b59642.properties",
      "type" : "text/plain",
      "size" : 614
    }, {
      "uid" : "fb5b232e8ccddeb0",
      "name" : "Attachment: Properties - browserStack",
      "source" : "fb5b232e8ccddeb0.properties",
      "type" : "text/plain",
      "size" : 877
    }, {
      "uid" : "a282fe913b091562",
      "name" : "Attachment: Properties - VisualValidations",
      "source" : "a282fe913b091562.properties",
      "type" : "text/plain",
      "size" : 723
    } ],
    "parameters" : [ ],
    "stepsCount" : 6,
    "attachmentsCount" : 14,
    "shouldDisplayMessage" : false,
    "hasContent" : true
  }, {
    "name" : "beforeMethod",
    "time" : {
      "start" : 1642211878697,
      "stop" : 1642211878698,
      "duration" : 1
    },
    "description" : "",
    "status" : "broken",
    "steps" : [ ],
    "attachments" : [ ],
    "parameters" : [ ],
    "stepsCount" : 0,
    "attachmentsCount" : 0,
    "shouldDisplayMessage" : false,
    "hasContent" : false
  } ],
  "testStage" : {
    "status" : "skipped",
    "statusMessage" : "Driver Factory Action [createNewLocalDriverInstanceForSafari] failed. With the following test data [Failed to create a session on DESKTOP_SAFARI].",
    "statusTrace" : "java.lang.AssertionError: Driver Factory Action [createNewLocalDriverInstanceForSafari] failed. With the following test data [Failed to create a session on DESKTOP_SAFARI].\n\tat org.testng.Assert.fail(Assert.java:110)\n\tat com.shaft.driver.DriverFactoryHelper.failAction(DriverFactoryHelper.java:306)\n\tat com.shaft.driver.DriverFactoryHelper.createNewLocalDriverInstanceForSafari(DriverFactoryHelper.java:576)\n\tat com.shaft.driver.DriverFactoryHelper.createNewLocalDriverInstance(DriverFactoryHelper.java:596)\n\tat com.shaft.driver.DriverFactoryHelper.getDriver(DriverFactoryHelper.java:815)\n\tat com.shaft.driver.DriverFactoryHelper.getDriver(DriverFactoryHelper.java:140)\n\tat com.shaft.driver.DriverFactory.getDriver(DriverFactory.java:27)\n\tat com.shaft.gui.browser.BrowserFactory.getBrowser(BrowserFactory.java:21)\n\tat unitTests.tests_browserActions.beforeMethod(tests_browserActions.java:90)\n\tat java.base/jdk.internal.reflect.NativeMethodAccessorImpl.invoke0(Native Method)\n\tat java.base/jdk.internal.reflect.NativeMethodAccessorImpl.invoke(NativeMethodAccessorImpl.java:77)\n\tat java.base/jdk.internal.reflect.DelegatingMethodAccessorImpl.invoke(DelegatingMethodAccessorImpl.java:43)\n\tat java.base/java.lang.reflect.Method.invoke(Method.java:568)\n\tat org.testng.internal.invokers.MethodInvocationHelper.invokeMethod(MethodInvocationHelper.java:135)\n\tat org.testng.internal.invokers.MethodInvocationHelper.invokeMethodConsideringTimeout(MethodInvocationHelper.java:65)\n\tat org.testng.internal.invokers.ConfigInvoker.invokeConfigurationMethod(ConfigInvoker.java:381)\n\tat org.testng.internal.invokers.ConfigInvoker.invokeConfigurations(ConfigInvoker.java:319)\n\tat org.testng.internal.invokers.TestInvoker.runConfigMethods(TestInvoker.java:803)\n\tat org.testng.internal.invokers.TestInvoker.invokeMethod(TestInvoker.java:589)\n\tat org.testng.internal.invokers.TestInvoker.invokeTestMethod(TestInvoker.java:220)\n\tat org.testng.internal.invokers.MethodRunner.runInSequence(MethodRunner.java:50)\n\tat org.testng.internal.invokers.TestInvoker$MethodInvocationAgent.invoke(TestInvoker.java:945)\n\tat org.testng.internal.invokers.TestInvoker.invokeTestMethods(TestInvoker.java:193)\n\tat org.testng.internal.invokers.TestMethodWorker.invokeTestMethods(TestMethodWorker.java:146)\n\tat org.testng.internal.invokers.TestMethodWorker.run(TestMethodWorker.java:128)\n\tat java.base/java.util.ArrayList.forEach(ArrayList.java:1511)\n\tat org.testng.TestRunner.privateRun(TestRunner.java:808)\n\tat org.testng.TestRunner.run(TestRunner.java:603)\n\tat org.testng.SuiteRunner.runTest(SuiteRunner.java:429)\n\tat org.testng.SuiteRunner.runSequentially(SuiteRunner.java:423)\n\tat org.testng.SuiteRunner.privateRun(SuiteRunner.java:383)\n\tat org.testng.SuiteRunner.run(SuiteRunner.java:326)\n\tat org.testng.SuiteRunnerWorker.runSuite(SuiteRunnerWorker.java:52)\n\tat org.testng.SuiteRunnerWorker.run(SuiteRunnerWorker.java:95)\n\tat org.testng.TestNG.runSuitesSequentially(TestNG.java:1249)\n\tat org.testng.TestNG.runSuitesLocally(TestNG.java:1169)\n\tat org.testng.TestNG.runSuites(TestNG.java:1092)\n\tat org.testng.TestNG.run(TestNG.java:1060)\n\tat org.apache.maven.surefire.testng.TestNGExecutor.run(TestNGExecutor.java:136)\n\tat org.apache.maven.surefire.testng.TestNGDirectoryTestSuite.executeMulti(TestNGDirectoryTestSuite.java:193)\n\tat org.apache.maven.surefire.testng.TestNGDirectoryTestSuite.execute(TestNGDirectoryTestSuite.java:94)\n\tat org.apache.maven.surefire.testng.TestNGProvider.invoke(TestNGProvider.java:145)\n\tat org.apache.maven.surefire.booter.ForkedBooter.runSuitesInProcess(ForkedBooter.java:428)\n\tat org.apache.maven.surefire.booter.ForkedBooter.execute(ForkedBooter.java:162)\n\tat org.apache.maven.surefire.booter.ForkedBooter.run(ForkedBooter.java:562)\n\tat org.apache.maven.surefire.booter.ForkedBooter.main(ForkedBooter.java:548)\n",
    "steps" : [ ],
    "attachments" : [ {
      "uid" : "ce0b20a101e34767",
      "name" : "Attachment: SHAFT Engine Logs - Current Method log: getWindowPosition",
      "source" : "ce0b20a101e34767.txt",
      "type" : "text/plain",
      "size" : 422
    } ],
    "parameters" : [ ],
    "stepsCount" : 0,
    "attachmentsCount" : 1,
    "shouldDisplayMessage" : true,
    "hasContent" : true
  },
  "afterStages" : [ {
    "name" : "afterMethod",
    "time" : {
      "start" : 1642211878706,
      "stop" : 1642211878706,
      "duration" : 0
    },
    "description" : "",
    "status" : "broken",
    "steps" : [ ],
    "attachments" : [ ],
    "parameters" : [ ],
    "stepsCount" : 0,
    "attachmentsCount" : 0,
    "shouldDisplayMessage" : false,
    "hasContent" : false
  }, {
    "name" : "teardownActivities",
    "time" : {
      "start" : 1642212346160,
      "stop" : 1642212346560,
      "duration" : 400
    },
    "description" : "",
    "status" : "passed",
    "steps" : [ {
      "name" : "Successfully Closed All Drivers.",
      "time" : {
        "start" : 1642212346160,
        "stop" : 1642212346160,
        "duration" : 0
      },
      "status" : "passed",
      "steps" : [ ],
      "attachments" : [ ],
      "parameters" : [ {
        "name" : "actionCounter",
        "value" : "430"
      }, {
        "name" : "logText",
        "value" : "Successfully Closed All Drivers."
      } ],
      "stepsCount" : 0,
      "attachmentsCount" : 0,
      "shouldDisplayMessage" : false,
      "hasContent" : true
    }, {
      "name" : "Issue Summary: Total Issues = 7, New issues for Failed Tests = 5, Open issues for Passed Tests = 2, Open issues for Failed Tests = 0. Kindly check the attached Issue details.",
      "time" : {
        "start" : 1642212346170,
        "stop" : 1642212346171,
        "duration" : 1
      },
      "status" : "passed",
      "steps" : [ ],
      "attachments" : [ {
        "uid" : "487193abb8545801",
        "name" : "Attachment: SHAFT Engine Logs - Issues log CSV: 20220115-020546",
        "source" : "487193abb8545801.csv",
        "type" : "text/csv",
        "size" : 886
      } ],
      "parameters" : [ {
        "name" : "actionCounter",
        "value" : "431"
      }, {
        "name" : "logText",
        "value" : "Issue Summary: Total Issues = 7, New issues for Failed Tests = 5, Open issues for Passed Tests = 2, Open issues for Failed Tests = 0. Kindly check the attached Issue details."
      }, {
        "name" : "attachments",
        "value" : "[[SHAFT Engine Logs, Issues log CSV: 20220115-020546, java.io.ByteArrayInputStream@7cae9e49]]"
      } ],
      "stepsCount" : 0,
      "attachmentsCount" : 1,
      "shouldDisplayMessage" : false,
      "hasContent" : true
    } ],
    "attachments" : [ {
      "uid" : "cac17d0f213eeada",
      "name" : "Attachment: SHAFT Engine Logs - Execution log: 20220115-020546",
      "source" : "cac17d0f213eeada.txt",
      "type" : "text/plain",
      "size" : 251495
    }, {
      "uid" : "ad35ca77e6b09c2",
      "name" : "Attachment: HTML - Extent Emailable Execution Report",
      "source" : "ad35ca77e6b09c2.html",
      "type" : "text/html",
      "size" : 8329841
    } ],
    "parameters" : [ ],
    "stepsCount" : 2,
    "attachmentsCount" : 3,
    "shouldDisplayMessage" : false,
    "hasContent" : true
  } ],
  "labels" : [ {
    "name" : "package",
    "value" : "unitTests.tests_browserActions"
  }, {
    "name" : "testClass",
    "value" : "unitTests.tests_browserActions"
  }, {
    "name" : "testMethod",
    "value" : "getWindowPosition"
  }, {
    "name" : "parentSuite",
    "value" : "SHAFT: Custom Suite"
  }, {
    "name" : "suite",
    "value" : "SHAFT: Custom Test"
  }, {
    "name" : "subSuite",
    "value" : "unitTests.tests_browserActions"
  }, {
    "name" : "host",
    "value" : "Mac-1642211721962.local"
  }, {
    "name" : "thread",
    "value" : "1656@Mac-1642211721962.local.main(1)"
  }, {
    "name" : "framework",
    "value" : "testng"
  }, {
    "name" : "language",
    "value" : "java"
  }, {
    "name" : "resultFormat",
    "value" : "allure2"
  } ],
  "parameters" : [ ],
  "links" : [ ],
  "hidden" : false,
  "retry" : false,
  "extra" : {
    "severity" : "normal",
    "retries" : [ ],
    "categories" : [ ],
    "history" : {
      "statistic" : {
        "failed" : 0,
        "broken" : 5,
        "skipped" : 25,
        "passed" : 27,
        "unknown" : 0,
        "total" : 57
      },
      "items" : [ {
        "uid" : "389b86a2fcda795",
        "reportUrl" : "https://MohabMohie.github.io/SHAFT_ENGINE/allure/macOS/Web/1063//#testresult/389b86a2fcda795",
        "status" : "skipped",
        "statusDetails" : "Driver Factory Action [createNewLocalDriverInstanceForSafari] failed. With the following test data [Failed to create a session on DESKTOP_SAFARI].",
        "time" : {
          "start" : 1642192534888,
          "stop" : 1642192534889,
          "duration" : 1
        }
      }, {
        "uid" : "ed0f022c981372ca",
        "reportUrl" : "https://MohabMohie.github.io/SHAFT_ENGINE/allure/macOS/Web/1052//#testresult/ed0f022c981372ca",
        "status" : "passed",
        "time" : {
          "start" : 1642061131289,
          "stop" : 1642061131323,
          "duration" : 34
        }
      }, {
        "uid" : "11356406860f5295",
        "reportUrl" : "https://MohabMohie.github.io/SHAFT_ENGINE/allure/macOS/Web/1051//#testresult/11356406860f5295",
        "status" : "skipped",
        "statusDetails" : "Driver Factory Action [createNewLocalDriverInstanceForSafari] failed. With the following test data [Failed to create a session on DESKTOP_SAFARI].",
        "time" : {
          "start" : 1642039332956,
          "stop" : 1642039332958,
          "duration" : 2
        }
      }, {
        "uid" : "96955fb2d5f360bd",
        "reportUrl" : "https://MohabMohie.github.io/SHAFT_ENGINE/allure/macOS/Web/1049//#testresult/96955fb2d5f360bd",
        "status" : "skipped",
        "statusDetails" : "Driver Factory Action [createNewLocalDriverInstanceForSafari] failed. With the following test data [Failed to create a session on DESKTOP_SAFARI].",
        "time" : {
          "start" : 1642016232606,
          "stop" : 1642016232608,
          "duration" : 2
        }
      }, {
        "uid" : "a65ed44aba4b0bf1",
        "reportUrl" : "https://MohabMohie.github.io/SHAFT_ENGINE/allure/macOS/Web/1039//#testresult/a65ed44aba4b0bf1",
        "status" : "passed",
        "time" : {
          "start" : 1641866443126,
          "stop" : 1641866443169,
          "duration" : 43
        }
      }, {
        "uid" : "6f11de2d0e9a5f87",
        "reportUrl" : "https://MohabMohie.github.io/SHAFT_ENGINE/allure/macOS/Web/1034//#testresult/6f11de2d0e9a5f87",
        "status" : "skipped",
        "statusDetails" : "Driver Factory Action [createNewLocalDriverInstanceForSafari] failed. With the following test data [Failed to create a session on DESKTOP_SAFARI].",
        "time" : {
          "start" : 1641779920270,
          "stop" : 1641779920271,
          "duration" : 1
        }
      }, {
        "uid" : "a085d1dac560cbd7",
        "reportUrl" : "https://MohabMohie.github.io/SHAFT_ENGINE/allure/macOS/Web/1032//#testresult/a085d1dac560cbd7",
        "status" : "skipped",
        "statusDetails" : "Driver Factory Action [createNewLocalDriverInstanceForSafari] failed. With the following test data [Failed to create a session on DESKTOP_SAFARI].",
        "time" : {
          "start" : 1641607098213,
          "stop" : 1641607098214,
          "duration" : 1
        }
      }, {
        "uid" : "7afa826808992645",
        "reportUrl" : "https://MohabMohie.github.io/SHAFT_ENGINE/allure/macOS/Web/1031//#testresult/7afa826808992645",
        "status" : "passed",
        "time" : {
          "start" : 1641538987911,
          "stop" : 1641538987944,
          "duration" : 33
        }
      }, {
        "uid" : "f870e6bdd03ea33b",
        "reportUrl" : "https://MohabMohie.github.io/SHAFT_ENGINE/allure/macOS/Web/1030//#testresult/f870e6bdd03ea33b",
        "status" : "skipped",
        "statusDetails" : "Driver Factory Action [createNewLocalDriverInstanceForSafari] failed. With the following test data [Failed to create a session on DESKTOP_SAFARI].",
        "time" : {
          "start" : 1641521074136,
          "stop" : 1641521074138,
          "duration" : 2
        }
      }, {
        "uid" : "502f8034f2cf7118",
        "reportUrl" : "https://MohabMohie.github.io/SHAFT_ENGINE/allure/macOS/Web/1028//#testresult/502f8034f2cf7118",
        "status" : "skipped",
        "statusDetails" : "Driver Factory Action [createNewLocalDriverInstanceForSafari] failed. With the following test data [Failed to create a session on DESKTOP_SAFARI].",
        "time" : {
          "start" : 1641434740239,
          "stop" : 1641434740240,
          "duration" : 1
        }
      }, {
        "uid" : "ea08d00218cf6df2",
        "reportUrl" : "https://MohabMohie.github.io/SHAFT_ENGINE/allure/macOS/Web/1027//#testresult/ea08d00218cf6df2",
        "status" : "skipped",
        "statusDetails" : "Driver Factory Action [createNewLocalDriverInstanceForSafari] failed. With the following test data [Failed to create a session on DESKTOP_SAFARI].",
        "time" : {
          "start" : 1641402719935,
          "stop" : 1641402719936,
          "duration" : 1
        }
      }, {
        "uid" : "1a4b399a908cb912",
        "reportUrl" : "https://MohabMohie.github.io/SHAFT_ENGINE/allure/macOS/Web/1025//#testresult/1a4b399a908cb912",
        "status" : "skipped",
        "statusDetails" : "Driver Factory Action [createNewLocalDriverInstanceForSafari] failed. With the following test data [Failed to create a session on DESKTOP_SAFARI].",
        "time" : {
          "start" : 1641348037925,
          "stop" : 1641348037926,
          "duration" : 1
        }
      }, {
        "uid" : "70105a69090141f5",
        "reportUrl" : "https://MohabMohie.github.io/SHAFT_ENGINE/allure/macOS/Web/1023//#testresult/70105a69090141f5",
        "status" : "passed",
        "time" : {
          "start" : 1641261503708,
          "stop" : 1641261503732,
          "duration" : 24
        }
      }, {
        "uid" : "4222709837260cb9",
        "reportUrl" : "https://MohabMohie.github.io/SHAFT_ENGINE/allure/macOS/Web/1022//#testresult/4222709837260cb9",
        "status" : "passed",
        "time" : {
          "start" : 1641175063434,
          "stop" : 1641175063470,
          "duration" : 36
        }
      }, {
        "uid" : "54ce03d6418fcb29",
        "reportUrl" : "https://MohabMohie.github.io/SHAFT_ENGINE/allure/macOS/Web/1021//#testresult/54ce03d6418fcb29",
        "status" : "skipped",
        "statusDetails" : "Driver Factory Action [createNewLocalDriverInstanceForSafari] failed. With the following test data [Failed to create a session on DESKTOP_SAFARI].",
        "time" : {
          "start" : 1641105419422,
          "stop" : 1641105419424,
          "duration" : 2
        }
      }, {
        "uid" : "48ea7f86a9693156",
        "reportUrl" : "https://MohabMohie.github.io/SHAFT_ENGINE/allure/macOS/Web/1020//#testresult/48ea7f86a9693156",
        "status" : "passed",
        "time" : {
          "start" : 1641088838226,
          "stop" : 1641088838280,
          "duration" : 54
        }
      }, {
        "uid" : "d9e23bb190946829",
        "reportUrl" : "https://MohabMohie.github.io/SHAFT_ENGINE/allure/macOS/Web/1019//#testresult/d9e23bb190946829",
        "status" : "passed",
        "time" : {
          "start" : 1641002533800,
          "stop" : 1641002533854,
          "duration" : 54
        }
      }, {
        "uid" : "f424dbd558748c21",
        "reportUrl" : "https://MohabMohie.github.io/SHAFT_ENGINE/allure/macOS/Web/1018//#testresult/f424dbd558748c21",
        "status" : "skipped",
        "statusDetails" : "Driver Factory Action [createNewLocalDriverInstanceForSafari] failed. With the following test data [Failed to create a session on DESKTOP_SAFARI].",
        "time" : {
          "start" : 1640915907137,
          "stop" : 1640915907143,
          "duration" : 6
        }
      }, {
        "uid" : "ab68d61cdfa93ae3",
        "reportUrl" : "https://MohabMohie.github.io/SHAFT_ENGINE/allure/macOS/Web/1017//#testresult/ab68d61cdfa93ae3",
        "status" : "skipped",
        "statusDetails" : "Driver Factory Action [createNewLocalDriverInstanceForSafari] failed. With the following test data [Failed to create a session on DESKTOP_SAFARI].",
        "time" : {
          "start" : 1640829351586,
          "stop" : 1640829351588,
          "duration" : 2
        }
      }, {
        "uid" : "bac46999ed9976a1",
        "reportUrl" : "https://MohabMohie.github.io/SHAFT_ENGINE/allure/macOS/Web/1014//#testresult/bac46999ed9976a1",
        "status" : "passed",
        "time" : {
          "start" : 1640742994743,
          "stop" : 1640742994794,
          "duration" : 51
        }
      } ]
    },
    "tags" : [ ]
  },
  "source" : "2a4a4b8b0cade827.json",
  "parameterValues" : [ ]
}