{
  "uid" : "a3a58e13c3e6f2e3",
  "name" : "acceptAlert",
  "fullName" : "testPackage01.TestJSConfirmBox.acceptAlert",
  "historyId" : "33865050f01a74fce461b1ec0dbab96f",
  "time" : {
    "start" : 1644717440573,
    "stop" : 1644717470958,
    "duration" : 30385
  },
  "status" : "failed",
  "statusMessage" : "Element Action [WaitForAlertToBePresent] failed.",
  "statusTrace" : "java.lang.AssertionError: Element Action [WaitForAlertToBePresent] failed.\n\tat org.testng.Assert.fail(Assert.java:98)\n\tat com.shaft.gui.element.WebDriverElementActions.failAction(WebDriverElementActions.java:1465)\n\tat com.shaft.gui.element.WebDriverElementActions.failAction(WebDriverElementActions.java:1304)\n\tat com.shaft.gui.element.AlertActions.waitForAlertToBePresent(AlertActions.java:29)\n\tat com.shaft.gui.element.AlertActions.acceptAlert(AlertActions.java:51)\n\tat testPackage01.TestJSConfirmBox.acceptAlert(TestJSConfirmBox.java:52)\n\tat java.base/jdk.internal.reflect.NativeMethodAccessorImpl.invoke0(Native Method)\n\tat java.base/jdk.internal.reflect.NativeMethodAccessorImpl.invoke(NativeMethodAccessorImpl.java:77)\n\tat java.base/jdk.internal.reflect.DelegatingMethodAccessorImpl.invoke(DelegatingMethodAccessorImpl.java:43)\n\tat java.base/java.lang.reflect.Method.invoke(Method.java:568)\n\tat org.testng.internal.invokers.MethodInvocationHelper.invokeMethod(MethodInvocationHelper.java:135)\n\tat org.testng.internal.invokers.TestInvoker.invokeMethod(TestInvoker.java:673)\n\tat org.testng.internal.invokers.TestInvoker.invokeTestMethod(TestInvoker.java:220)\n\tat org.testng.internal.invokers.MethodRunner.runInSequence(MethodRunner.java:50)\n\tat org.testng.internal.invokers.TestInvoker$MethodInvocationAgent.invoke(TestInvoker.java:945)\n\tat org.testng.internal.invokers.TestInvoker.invokeTestMethods(TestInvoker.java:193)\n\tat org.testng.internal.invokers.TestMethodWorker.invokeTestMethods(TestMethodWorker.java:146)\n\tat org.testng.internal.invokers.TestMethodWorker.run(TestMethodWorker.java:128)\n\tat java.base/java.util.ArrayList.forEach(ArrayList.java:1511)\n\tat org.testng.TestRunner.privateRun(TestRunner.java:808)\n\tat org.testng.TestRunner.run(TestRunner.java:603)\n\tat org.testng.SuiteRunner.runTest(SuiteRunner.java:429)\n\tat org.testng.SuiteRunner.runSequentially(SuiteRunner.java:423)\n\tat org.testng.SuiteRunner.privateRun(SuiteRunner.java:383)\n\tat org.testng.SuiteRunner.run(SuiteRunner.java:326)\n\tat org.testng.SuiteRunnerWorker.runSuite(SuiteRunnerWorker.java:52)\n\tat org.testng.SuiteRunnerWorker.run(SuiteRunnerWorker.java:95)\n\tat org.testng.TestNG.runSuitesSequentially(TestNG.java:1249)\n\tat org.testng.TestNG.runSuitesLocally(TestNG.java:1169)\n\tat org.testng.TestNG.runSuites(TestNG.java:1092)\n\tat org.testng.TestNG.run(TestNG.java:1060)\n\tat org.apache.maven.surefire.testng.TestNGExecutor.run(TestNGExecutor.java:136)\n\tat org.apache.maven.surefire.testng.TestNGDirectoryTestSuite.executeMulti(TestNGDirectoryTestSuite.java:193)\n\tat org.apache.maven.surefire.testng.TestNGDirectoryTestSuite.execute(TestNGDirectoryTestSuite.java:94)\n\tat org.apache.maven.surefire.testng.TestNGProvider.invoke(TestNGProvider.java:145)\n\tat org.apache.maven.surefire.booter.ForkedBooter.runSuitesInProcess(ForkedBooter.java:428)\n\tat org.apache.maven.surefire.booter.ForkedBooter.execute(ForkedBooter.java:162)\n\tat org.apache.maven.surefire.booter.ForkedBooter.run(ForkedBooter.java:562)\n\tat org.apache.maven.surefire.booter.ForkedBooter.main(ForkedBooter.java:548)\nCaused by: org.openqa.selenium.TimeoutException: Expected condition failed: waiting for alert to be present (tried for 30 second(s) with 500 milliseconds interval)\nBuild info: version: '4.1.2', revision: '9a5a329c5a'\nSystem info: host: 'Mac-1644711478419.local', ip: '10.79.9.132', os.name: 'Mac OS X', os.arch: 'x86_64', os.version: '11.6.3', java.version: '17.0.2'\nDriver info: org.openqa.selenium.safari.SafariDriver\nCapabilities {acceptInsecureCerts: false, browserName: Safari, browserVersion: 15.3, goog:loggingPrefs: {browser: ALL, client: ALL, driver: ALL, performance: ALL, profiler: ALL, server: ALL}, javascriptEnabled: true, pageLoadStrategy: normal, platform: MAC, platformName: MAC, safari:automaticInspection: false, safari:automaticProfiling: false, safari:diagnose: false, safari:platformBuildVersion: 20G415, safari:platformVersion: 11.6.3, safari:useSimulator: false, setWindowRect: true, strictFileInteractability: false, timeouts: {pageLoad: 30000, script: 30000}, webkit:WebRTC: {DisableICECandidateFiltering: false, DisableInsecureMediaCapture: false}}\nSession ID: 687C5886-48B9-4CBC-B4D0-9211C3EE547B\n\tat org.openqa.selenium.support.ui.WebDriverWait.timeoutException(WebDriverWait.java:138)\n\tat org.openqa.selenium.support.ui.FluentWait.until(FluentWait.java:231)\n\tat com.shaft.gui.element.AlertActions.waitForAlertToBePresent(AlertActions.java:24)\n\t... 35 more\n",
  "flaky" : false,
  "newFailed" : false,
  "newBroken" : false,
  "newPassed" : false,
  "retriesCount" : 0,
  "retriesStatusChange" : false,
  "beforeStages" : [ {
    "name" : "setupActivities",
    "time" : {
      "start" : 1644717316129,
      "stop" : 1644717318552,
      "duration" : 2423
    },
    "description" : "",
    "status" : "passed",
    "steps" : [ {
      "name" : "Folder [allure-results] was not found, it may have already been deleted.",
      "time" : {
        "start" : 1644717316183,
        "stop" : 1644717316185,
        "duration" : 2
      },
      "status" : "passed",
      "steps" : [ ],
      "attachments" : [ ],
      "parameters" : [ {
        "name" : "actionCounter",
        "value" : "1"
      }, {
        "name" : "logText",
        "value" : "Folder [allure-results] was not found, it may have already been deleted."
      } ],
      "stepsCount" : 0,
      "attachmentsCount" : 0,
      "shouldDisplayMessage" : false,
      "hasContent" : true
    }, {
      "name" : "Folder [/Users/runner/.m2/repository/allure/] was not found, it may have already been deleted.",
      "time" : {
        "start" : 1644717316186,
        "stop" : 1644717316186,
        "duration" : 0
      },
      "status" : "passed",
      "steps" : [ ],
      "attachments" : [ ],
      "parameters" : [ {
        "name" : "actionCounter",
        "value" : "2"
      }, {
        "name" : "logText",
        "value" : "Folder [/Users/runner/.m2/repository/allure/] was not found, it may have already been deleted."
      } ],
      "stepsCount" : 0,
      "attachmentsCount" : 0,
      "shouldDisplayMessage" : false,
      "hasContent" : true
    }, {
      "name" : "Downloading a file from this url [https://repo.maven.apache.org/maven2/io/qameta/allure/allure-commandline/2.17.2/allure-commandline-2.17.2.zip] to this directory [target/allureBinary.zip], please wait as downloading may take some time...",
      "time" : {
        "start" : 1644717316187,
        "stop" : 1644717316187,
        "duration" : 0
      },
      "status" : "passed",
      "steps" : [ ],
      "attachments" : [ ],
      "parameters" : [ {
        "name" : "actionCounter",
        "value" : "3"
      }, {
        "name" : "logText",
        "value" : "Downloading a file from this url [https://repo.maven.apache.org/maven2/io/qameta/allure/allure-commandline/2.17.2/allure-commandline-2.17.2.zip] to this directory [target/allureBinary.zip], please wait as downloading may take some time..."
      } ],
      "stepsCount" : 0,
      "attachmentsCount" : 0,
      "shouldDisplayMessage" : false,
      "hasContent" : true
    }, {
      "name" : "Terminal Action [PerformTerminalCommands] successfully performed. With the following test data [Host Name: \"localHost\" | Command: \"chmod u+x /Users/runner/.m2/repository/allure/allure-2.17.2/bin/allure\" | Exit Status: \"0\"].",
      "time" : {
        "start" : 1644717317879,
        "stop" : 1644717317879,
        "duration" : 0
      },
      "status" : "passed",
      "steps" : [ ],
      "attachments" : [ ],
      "parameters" : [ {
        "name" : "actionCounter",
        "value" : "4"
      }, {
        "name" : "logText",
        "value" : "Terminal Action [PerformTerminalCommands] successfully performed. With the following test data [Host Name: \"localHost\" | Command: \"chmod u+x /Users/runner/.m2/repository/allure/allure-2.17.2/bin/allure\" | Exit Status: \"0\"]."
      } ],
      "stepsCount" : 0,
      "attachmentsCount" : 0,
      "shouldDisplayMessage" : false,
      "hasContent" : true
    }, {
      "name" : "Terminal Action [PerformTerminalCommands] successfully performed. With the following test data [Host Name: \"localHost\" | Command: \"chmod u+x generate_allure_report.sh\" | Exit Status: \"0\"].",
      "time" : {
        "start" : 1644717317886,
        "stop" : 1644717317886,
        "duration" : 0
      },
      "status" : "passed",
      "steps" : [ ],
      "attachments" : [ ],
      "parameters" : [ {
        "name" : "actionCounter",
        "value" : "5"
      }, {
        "name" : "logText",
        "value" : "Terminal Action [PerformTerminalCommands] successfully performed. With the following test data [Host Name: \"localHost\" | Command: \"chmod u+x generate_allure_report.sh\" | Exit Status: \"0\"]."
      } ],
      "stepsCount" : 0,
      "attachmentsCount" : 0,
      "shouldDisplayMessage" : false,
      "hasContent" : true
    }, {
      "name" : "An Exception Occured with this Message: org.xml.sax.SAXParseException; lineNumber: 1; columnNumber: 2048; Element or attribute \"reportPath:\" do not match QName production: QName::=(NCName:)?NCName..",
      "time" : {
        "start" : 1644717317958,
        "stop" : 1644717317961,
        "duration" : 3
      },
      "status" : "passed",
      "steps" : [ ],
      "attachments" : [ {
        "uid" : "346b0a30524b8894",
        "name" : "Attachment: Exception Stack Trace - javax.xml.transform.TransformerException",
        "source" : "346b0a30524b8894.xml",
        "type" : "text/xml",
        "size" : 5583
      } ],
      "parameters" : [ {
        "name" : "actionCounter",
        "value" : "6"
      }, {
        "name" : "logText",
        "value" : "An Exception Occured with this Message: org.xml.sax.SAXParseException; lineNumber: 1; columnNumber: 2048; Element or attribute \"reportPath:\" do not match QName production: QName::=(NCName:)?NCName.."
      }, {
        "name" : "attachments",
        "value" : "[[Exception Stack Trace, javax.xml.transform.TransformerException, javax.xml.transform.TransformerException:\norg.xml.sax.SAXParseException; lineNumber: 1; columnNumber: 2048; Element or attribute \"reportPath:\" do not match QName production: QName::=(NCName:)?NCName.\njava.xml/com.sun.org.apache.xalan.internal.xsltc.trax.TransformerImpl.transform(TransformerImpl.java:794)\njava.xml/com.sun.org.apache.xalan.internal.xsltc.trax.TransformerImpl.transform(TransformerImpl.java:397)\ncom.shaft.api.RestActions.prettyFormatXML(RestActions.java:742)\ncom.shaft.api.RestActions.formatXML(RestActions.java:401)\ncom.shaft.tools.io.ReportManagerHelper.writeEnvironmentVariablesToAllureResultsDirectory(ReportManagerHelper.java:713)\ncom.shaft.tools.io.ReportManagerHelper.initializeAllureReportingEnvironment(ReportManagerHelper.java:196)\ncom.shaft.tools.io.LogsHelper.setupActivities(LogsHelper.java:20)\njava.base/jdk.internal.reflect.NativeMethodAccessorImpl.invoke0(Native Method)\njava.base/jdk.internal.reflect.NativeMethodAccessorImpl.invoke(NativeMethodAccessorImpl.java:77)\njava.base/jdk.internal.reflect.DelegatingMethodAccessorImpl.invoke(DelegatingMethodAccessorImpl.java:43)\njava.base/java.lang.reflect.Method.invoke(Method.java:568)\norg.testng.internal.invokers.MethodInvocationHelper.invokeMethod(MethodInvocationHelper.java:135)\norg.testng.internal.invokers.MethodInvocationHelper.invokeMethodConsideringTimeout(MethodInvocationHelper.java:65)\norg.testng.internal.invokers.ConfigInvoker.invokeConfigurationMethod(ConfigInvoker.java:381)\norg.testng.internal.invokers.ConfigInvoker.invokeConfigurations(ConfigInvoker.java:319)\norg.testng.SuiteRunner.privateRun(SuiteRunner.java:368)\norg.testng.SuiteRunner.run(SuiteRunner.java:326)\norg.testng.SuiteRunnerWorker.runSuite(SuiteRunnerWorker.java:52)\norg.testng.SuiteRunnerWorker.run(SuiteRunnerWorker.java:95)\norg.testng.TestNG.runSuitesSequentially(TestNG.java:1249)\norg.testng.TestNG.runSuitesLocally(TestNG.java:1169)\norg.testng.TestNG.runSuites(TestNG.java:1092)\norg.testng.TestNG.run(TestNG.java:1060)\norg.apache.maven.surefire.testng.TestNGExecutor.run(TestNGExecutor.java:136)\norg.apache.maven.surefire.testng.TestNGDirectoryTestSuite.executeMulti(TestNGDirectoryTestSuite.java:193)\norg.apache.maven.surefire.testng.TestNGDirectoryTestSuite.execute(TestNGDirectoryTestSuite.java:94)\norg.apache.maven.surefire.testng.TestNGProvider.invoke(TestNGProvider.java:145)\norg.apache.maven.surefire.booter.ForkedBooter.runSuitesInProcess(ForkedBooter.java:428)\norg.apache.maven.surefire.booter.ForkedBooter.execute(ForkedBooter.java:162)\norg.apache.maven.surefire.booter.ForkedBooter.run(ForkedBooter.java:562)\norg.apache.maven.surefire.booter.ForkedBooter.main(ForkedBooter.java:548)\n\nCaused by: org.xml.sax.SAXParseException:\nElement or attribute \"reportPath:\" do not match QName production: QName::=(NCName:)?NCName.\njava.xml/com.sun.org.apache.xerces.internal.parsers.AbstractSAXParser.parse(AbstractSAXParser.java:1251)\njava.xml/com.sun.org.apache.xerces.internal.jaxp.SAXParserImpl$JAXPSAXParser.parse(SAXParserImpl.java:637)\njava.xml/com.sun.org.apache.xalan.internal.xsltc.trax.TransformerImpl.transformIdentity(TransformerImpl.java:668)\njava.xml/com.sun.org.apache.xalan.internal.xsltc.trax.TransformerImpl.transform(TransformerImpl.java:782)\njava.xml/com.sun.org.apache.xalan.internal.xsltc.trax.TransformerImpl.transform(TransformerImpl.java:397)\ncom.shaft.api.RestActions.prettyFormatXML(RestActions.java:742)\ncom.shaft.api.RestActions.formatXML(RestActions.java:401)\ncom.shaft.tools.io.ReportManagerHelper.writeEnvironmentVariablesToAllureResultsDirectory(ReportManagerHelper.java:713)\ncom.shaft.tools.io.ReportManagerHelper.initializeAllureReportingEnvironment(ReportManagerHelper.java:196)\ncom.shaft.tools.io.LogsHelper.setupActivities(LogsHelper.java:20)\njava.base/jdk.internal.reflect.NativeMethodAccessorImpl.invoke0(Native Method)\njava.base/jdk.internal.reflect.NativeMethodAccessorImpl.invoke(NativeMethodAccessorImpl.java:77)\njava.base/jdk.internal.reflect.DelegatingMethodAccessorImpl.invoke(DelegatingMethodAccessorImpl.java:43)\njava.base/java.lang.reflect.Method.invoke(Method.java:568)\norg.testng.internal.invokers.MethodInvocationHelper.invokeMethod(MethodInvocationHelper.java:135)\norg.testng.internal.invokers.MethodInvocationHelper.invokeMethodConsideringTimeout(MethodInvocationHelper.java:65)\norg.testng.internal.invokers.ConfigInvoker.invokeConfigurationMethod(ConfigInvoker.java:381)\norg.testng.internal.invokers.ConfigInvoker.invokeConfigurations(ConfigInvoker.java:319)\norg.testng.SuiteRunner.privateRun(SuiteRunner.java:368)\norg.testng.SuiteRunner.run(SuiteRunner.java:326)\norg.testng.SuiteRunnerWorker.runSuite(SuiteRunnerWorker.java:52)\norg.testng.SuiteRunnerWorker.run(SuiteRunnerWorker.java:95)\norg.testng.TestNG.runSuitesSequentially(TestNG.java:1249)\norg.testng.TestNG.runSuitesLocally(TestNG.java:1169)\norg.testng.TestNG.runSuites(TestNG.java:1092)\norg.testng.TestNG.run(TestNG.java:1060)\norg.apache.maven.surefire.testng.TestNGExecutor.run(TestNGExecutor.java:136)\norg.apache.maven.surefire.testng.TestNGDirectoryTestSuite.executeMulti(TestNGDirectoryTestSuite.java:193)\norg.apache.maven.surefire.testng.TestNGDirectoryTestSuite.execute(TestNGDirectoryTestSuite.java:94)\norg.apache.maven.surefire.testng.TestNGProvider.invoke(TestNGProvider.java:145)\norg.apache.maven.surefire.booter.ForkedBooter.runSuitesInProcess(ForkedBooter.java:428)\norg.apache.maven.surefire.booter.ForkedBooter.execute(ForkedBooter.java:162)\norg.apache.maven.surefire.booter.ForkedBooter.run(ForkedBooter.java:562)\norg.apache.maven.surefire.booter.ForkedBooter.main(ForkedBooter.java:548)\n]]"
      } ],
      "stepsCount" : 0,
      "attachmentsCount" : 1,
      "shouldDisplayMessage" : false,
      "hasContent" : true
    }, {
      "name" : "Folder [extent-reports] was not found, it may have already been deleted.",
      "time" : {
        "start" : 1644717317967,
        "stop" : 1644717317967,
        "duration" : 0
      },
      "status" : "passed",
      "steps" : [ ],
      "attachments" : [ ],
      "parameters" : [ {
        "name" : "actionCounter",
        "value" : "8"
      }, {
        "name" : "logText",
        "value" : "Folder [extent-reports] was not found, it may have already been deleted."
      } ],
      "stepsCount" : 0,
      "attachmentsCount" : 0,
      "shouldDisplayMessage" : false,
      "hasContent" : true
    }, {
      "name" : "Terminal Action [PerformTerminalCommands] successfully performed. With the following test data [Host Name: \"localHost\" | Command: \"chmod u+x generateJdk.sh\" | Exit Status: \"1\"].",
      "time" : {
        "start" : 1644717318549,
        "stop" : 1644717318551,
        "duration" : 2
      },
      "status" : "passed",
      "steps" : [ ],
      "attachments" : [ {
        "uid" : "c0ae6f3c2c5a9851",
        "name" : "Attachment: Terminal Action Actual Result - Command Log",
        "source" : "c0ae6f3c2c5a9851.txt",
        "type" : "text/plain",
        "size" : 48
      } ],
      "parameters" : [ {
        "name" : "actionCounter",
        "value" : "9"
      }, {
        "name" : "logText",
        "value" : "Terminal Action [PerformTerminalCommands] successfully performed. With the following test data [Host Name: \"localHost\" | Command: \"chmod u+x generateJdk.sh\" | Exit Status: \"1\"]."
      }, {
        "name" : "attachments",
        "value" : "[[Terminal Action Actual Result, Command Log, chmod: generateJdk.sh: No such file or directory]]"
      } ],
      "stepsCount" : 0,
      "attachmentsCount" : 1,
      "shouldDisplayMessage" : false,
      "hasContent" : true
    } ],
    "attachments" : [ {
      "uid" : "19de7820443ddee9",
      "name" : "Attachment: SHAFT Links - Important",
      "source" : "19de7820443ddee9.uri",
      "type" : "text/uri-list",
      "size" : 346
    }, {
      "uid" : "609196869f67c2b0",
      "name" : "Attachment: Properties - testNG",
      "source" : "609196869f67c2b0.properties",
      "type" : "text/plain",
      "size" : 492
    }, {
      "uid" : "83572bff46cb19b4",
      "name" : "Attachment: Properties - ExecutionPlatform",
      "source" : "83572bff46cb19b4.properties",
      "type" : "text/plain",
      "size" : 394
    }, {
      "uid" : "4dca3903dcebfcf5",
      "name" : "Attachment: Properties - path",
      "source" : "4dca3903dcebfcf5.properties",
      "type" : "text/plain",
      "size" : 687
    }, {
      "uid" : "f7635784a704f70",
      "name" : "Attachment: Properties - video",
      "source" : "f7635784a704f70.properties",
      "type" : "text/plain",
      "size" : 763
    }, {
      "uid" : "4aee75ac711ee639",
      "name" : "Attachment: Properties - pattern",
      "source" : "4aee75ac711ee639.properties",
      "type" : "text/plain",
      "size" : 566
    }, {
      "uid" : "44f852faf1091acc",
      "name" : "Attachment: Properties - internal",
      "source" : "44f852faf1091acc.properties",
      "type" : "text/plain",
      "size" : 111
    }, {
      "uid" : "33ef7606b9c8857",
      "name" : "Attachment: Properties - MobileCapabilities",
      "source" : "33ef7606b9c8857.properties",
      "type" : "text/plain",
      "size" : 470
    }, {
      "uid" : "e60a1fd0c709f9d5",
      "name" : "Attachment: Properties - cucumber",
      "source" : "e60a1fd0c709f9d5.properties",
      "type" : "text/plain",
      "size" : 261
    }, {
      "uid" : "289281a56119331e",
      "name" : "Attachment: Properties - PlatformFlags",
      "source" : "289281a56119331e.properties",
      "type" : "text/plain",
      "size" : 765
    }, {
      "uid" : "8695cd670e6f720b",
      "name" : "Attachment: Properties - Timeouts",
      "source" : "8695cd670e6f720b.properties",
      "type" : "text/plain",
      "size" : 722
    }, {
      "uid" : "3135f10c0c493abc",
      "name" : "Attachment: Properties - Reporting",
      "source" : "3135f10c0c493abc.properties",
      "type" : "text/plain",
      "size" : 614
    }, {
      "uid" : "ce373980b101b0b3",
      "name" : "Attachment: Properties - JiraXRay",
      "source" : "ce373980b101b0b3.properties",
      "type" : "text/plain",
      "size" : 1238
    }, {
      "uid" : "86fe1c20125ccb0",
      "name" : "Attachment: Properties - browserStack",
      "source" : "86fe1c20125ccb0.properties",
      "type" : "text/plain",
      "size" : 877
    }, {
      "uid" : "e1f5d1df6b80dec1",
      "name" : "Attachment: Properties - VisualValidations",
      "source" : "e1f5d1df6b80dec1.properties",
      "type" : "text/plain",
      "size" : 723
    } ],
    "parameters" : [ ],
    "stepsCount" : 8,
    "attachmentsCount" : 17,
    "shouldDisplayMessage" : false,
    "hasContent" : true
  }, {
    "name" : "navigateToJSAlertPage",
    "time" : {
      "start" : 1644717438514,
      "stop" : 1644717439907,
      "duration" : 1393
    },
    "description" : "",
    "status" : "passed",
    "steps" : [ {
      "name" : "Attempting to run locally on: [Mac-64], [Safari], Headless Execution.",
      "time" : {
        "start" : 1644717438514,
        "stop" : 1644717438514,
        "duration" : 0
      },
      "status" : "passed",
      "steps" : [ ],
      "attachments" : [ ],
      "parameters" : [ {
        "name" : "actionCounter",
        "value" : "138"
      }, {
        "name" : "logText",
        "value" : "Attempting to run locally on: [Mac-64], [Safari], Headless Execution."
      } ],
      "stepsCount" : 0,
      "attachmentsCount" : 0,
      "shouldDisplayMessage" : false,
      "hasContent" : true
    }, {
      "name" : "Successfully Opened Safari.",
      "time" : {
        "start" : 1644717439444,
        "stop" : 1644717439444,
        "duration" : 0
      },
      "status" : "passed",
      "steps" : [ ],
      "attachments" : [ ],
      "parameters" : [ {
        "name" : "actionCounter",
        "value" : "139"
      }, {
        "name" : "logText",
        "value" : "Successfully Opened Safari."
      } ],
      "stepsCount" : 0,
      "attachmentsCount" : 0,
      "shouldDisplayMessage" : false,
      "hasContent" : true
    }, {
      "name" : "Browser Action [MaximizeWindow] successfully performed. With the following test data [New screen size is now: (1176, 803)].",
      "time" : {
        "start" : 1644717439477,
        "stop" : 1644717439477,
        "duration" : 0
      },
      "status" : "passed",
      "steps" : [ ],
      "attachments" : [ ],
      "parameters" : [ {
        "name" : "actionCounter",
        "value" : "140"
      }, {
        "name" : "logText",
        "value" : "Browser Action [MaximizeWindow] successfully performed. With the following test data [New screen size is now: (1176, 803)]."
      }, {
        "name" : "attachments",
        "value" : "[null]"
      } ],
      "stepsCount" : 0,
      "attachmentsCount" : 0,
      "shouldDisplayMessage" : false,
      "hasContent" : true
    }, {
      "name" : "Browser Action [NavigateToURL] successfully performed. With the following test data [http://the-internet.herokuapp.com/javascript_alerts].",
      "time" : {
        "start" : 1644717439907,
        "stop" : 1644717439907,
        "duration" : 0
      },
      "status" : "passed",
      "steps" : [ ],
      "attachments" : [ ],
      "parameters" : [ {
        "name" : "actionCounter",
        "value" : "141"
      }, {
        "name" : "logText",
        "value" : "Browser Action [NavigateToURL] successfully performed. With the following test data [http://the-internet.herokuapp.com/javascript_alerts]."
      }, {
        "name" : "attachments",
        "value" : "[null]"
      } ],
      "stepsCount" : 0,
      "attachmentsCount" : 0,
      "shouldDisplayMessage" : false,
      "hasContent" : true
    } ],
    "attachments" : [ ],
    "parameters" : [ ],
    "stepsCount" : 4,
    "attachmentsCount" : 0,
    "shouldDisplayMessage" : false,
    "hasContent" : true
  } ],
  "testStage" : {
    "status" : "failed",
    "statusMessage" : "Element Action [WaitForAlertToBePresent] failed.",
    "statusTrace" : "java.lang.AssertionError: Element Action [WaitForAlertToBePresent] failed.\n\tat org.testng.Assert.fail(Assert.java:98)\n\tat com.shaft.gui.element.WebDriverElementActions.failAction(WebDriverElementActions.java:1465)\n\tat com.shaft.gui.element.WebDriverElementActions.failAction(WebDriverElementActions.java:1304)\n\tat com.shaft.gui.element.AlertActions.waitForAlertToBePresent(AlertActions.java:29)\n\tat com.shaft.gui.element.AlertActions.acceptAlert(AlertActions.java:51)\n\tat testPackage01.TestJSConfirmBox.acceptAlert(TestJSConfirmBox.java:52)\n\tat java.base/jdk.internal.reflect.NativeMethodAccessorImpl.invoke0(Native Method)\n\tat java.base/jdk.internal.reflect.NativeMethodAccessorImpl.invoke(NativeMethodAccessorImpl.java:77)\n\tat java.base/jdk.internal.reflect.DelegatingMethodAccessorImpl.invoke(DelegatingMethodAccessorImpl.java:43)\n\tat java.base/java.lang.reflect.Method.invoke(Method.java:568)\n\tat org.testng.internal.invokers.MethodInvocationHelper.invokeMethod(MethodInvocationHelper.java:135)\n\tat org.testng.internal.invokers.TestInvoker.invokeMethod(TestInvoker.java:673)\n\tat org.testng.internal.invokers.TestInvoker.invokeTestMethod(TestInvoker.java:220)\n\tat org.testng.internal.invokers.MethodRunner.runInSequence(MethodRunner.java:50)\n\tat org.testng.internal.invokers.TestInvoker$MethodInvocationAgent.invoke(TestInvoker.java:945)\n\tat org.testng.internal.invokers.TestInvoker.invokeTestMethods(TestInvoker.java:193)\n\tat org.testng.internal.invokers.TestMethodWorker.invokeTestMethods(TestMethodWorker.java:146)\n\tat org.testng.internal.invokers.TestMethodWorker.run(TestMethodWorker.java:128)\n\tat java.base/java.util.ArrayList.forEach(ArrayList.java:1511)\n\tat org.testng.TestRunner.privateRun(TestRunner.java:808)\n\tat org.testng.TestRunner.run(TestRunner.java:603)\n\tat org.testng.SuiteRunner.runTest(SuiteRunner.java:429)\n\tat org.testng.SuiteRunner.runSequentially(SuiteRunner.java:423)\n\tat org.testng.SuiteRunner.privateRun(SuiteRunner.java:383)\n\tat org.testng.SuiteRunner.run(SuiteRunner.java:326)\n\tat org.testng.SuiteRunnerWorker.runSuite(SuiteRunnerWorker.java:52)\n\tat org.testng.SuiteRunnerWorker.run(SuiteRunnerWorker.java:95)\n\tat org.testng.TestNG.runSuitesSequentially(TestNG.java:1249)\n\tat org.testng.TestNG.runSuitesLocally(TestNG.java:1169)\n\tat org.testng.TestNG.runSuites(TestNG.java:1092)\n\tat org.testng.TestNG.run(TestNG.java:1060)\n\tat org.apache.maven.surefire.testng.TestNGExecutor.run(TestNGExecutor.java:136)\n\tat org.apache.maven.surefire.testng.TestNGDirectoryTestSuite.executeMulti(TestNGDirectoryTestSuite.java:193)\n\tat org.apache.maven.surefire.testng.TestNGDirectoryTestSuite.execute(TestNGDirectoryTestSuite.java:94)\n\tat org.apache.maven.surefire.testng.TestNGProvider.invoke(TestNGProvider.java:145)\n\tat org.apache.maven.surefire.booter.ForkedBooter.runSuitesInProcess(ForkedBooter.java:428)\n\tat org.apache.maven.surefire.booter.ForkedBooter.execute(ForkedBooter.java:162)\n\tat org.apache.maven.surefire.booter.ForkedBooter.run(ForkedBooter.java:562)\n\tat org.apache.maven.surefire.booter.ForkedBooter.main(ForkedBooter.java:548)\nCaused by: org.openqa.selenium.TimeoutException: Expected condition failed: waiting for alert to be present (tried for 30 second(s) with 500 milliseconds interval)\nBuild info: version: '4.1.2', revision: '9a5a329c5a'\nSystem info: host: 'Mac-1644711478419.local', ip: '10.79.9.132', os.name: 'Mac OS X', os.arch: 'x86_64', os.version: '11.6.3', java.version: '17.0.2'\nDriver info: org.openqa.selenium.safari.SafariDriver\nCapabilities {acceptInsecureCerts: false, browserName: Safari, browserVersion: 15.3, goog:loggingPrefs: {browser: ALL, client: ALL, driver: ALL, performance: ALL, profiler: ALL, server: ALL}, javascriptEnabled: true, pageLoadStrategy: normal, platform: MAC, platformName: MAC, safari:automaticInspection: false, safari:automaticProfiling: false, safari:diagnose: false, safari:platformBuildVersion: 20G415, safari:platformVersion: 11.6.3, safari:useSimulator: false, setWindowRect: true, strictFileInteractability: false, timeouts: {pageLoad: 30000, script: 30000}, webkit:WebRTC: {DisableICECandidateFiltering: false, DisableInsecureMediaCapture: false}}\nSession ID: 687C5886-48B9-4CBC-B4D0-9211C3EE547B\n\tat org.openqa.selenium.support.ui.WebDriverWait.timeoutException(WebDriverWait.java:138)\n\tat org.openqa.selenium.support.ui.FluentWait.until(FluentWait.java:231)\n\tat com.shaft.gui.element.AlertActions.waitForAlertToBePresent(AlertActions.java:24)\n\t... 35 more\n",
    "steps" : [ {
      "name" : "Element Action [WaitForAlertToBePresent] failed.",
      "time" : {
        "start" : 1644717470953,
        "stop" : 1644717470954,
        "duration" : 1
      },
      "status" : "passed",
      "steps" : [ ],
      "attachments" : [ {
        "uid" : "3aa9f16d87c04ac0",
        "name" : "Attachment: Screenshot - 1644717470864_acceptAlert_WaitForAlertToBePresent_failed",
        "source" : "3aa9f16d87c04ac0.png",
        "type" : "image/png",
        "size" : 42040
      } ],
      "parameters" : [ {
        "name" : "actionCounter",
        "value" : "151"
      }, {
        "name" : "logText",
        "value" : "Element Action [WaitForAlertToBePresent] failed."
      }, {
        "name" : "attachments",
        "value" : "[[Screenshot, 1644717470864_acceptAlert_WaitForAlertToBePresent_failed, java.io.ByteArrayInputStream@ff291f9]]"
      } ],
      "stepsCount" : 0,
      "attachmentsCount" : 1,
      "shouldDisplayMessage" : false,
      "hasContent" : true
    } ],
    "attachments" : [ {
      "uid" : "5201945b2ec16369",
      "name" : "Attachment: SHAFT Engine Logs - Current Method log: acceptAlert",
      "source" : "5201945b2ec16369.txt",
      "type" : "text/plain",
      "size" : 725
    } ],
    "parameters" : [ ],
    "stepsCount" : 1,
    "attachmentsCount" : 2,
    "shouldDisplayMessage" : true,
    "hasContent" : true
  },
  "afterStages" : [ {
    "name" : "tearDownDriver",
    "time" : {
      "start" : 1644717471169,
      "stop" : 1644717471478,
      "duration" : 309
    },
    "description" : "",
    "status" : "passed",
    "steps" : [ {
      "name" : "Browser Action [CloseCurrentWindow] successfully performed.",
      "time" : {
        "start" : 1644717471476,
        "stop" : 1644717471478,
        "duration" : 2
      },
      "status" : "passed",
      "steps" : [ ],
      "attachments" : [ {
        "uid" : "df226ca018cd10d0",
        "name" : "Attachment: Browser Action Test Data - CloseCurrentWindow - Actual Value",
        "source" : "df226ca018cd10d0.html",
        "type" : "text/html",
        "size" : 2489
      } ],
      "parameters" : [ {
        "name" : "actionCounter",
        "value" : "152"
      }, {
        "name" : "logText",
        "value" : "Browser Action [CloseCurrentWindow] successfully performed."
      }, {
        "name" : "attachments",
        "value" : "[[Browser Action Test Data - CloseCurrentWindow, Actual Value, <html class=\"no-js\" lang=\"en\"><!--<![endif]--><head>\n    <script src=\"/js/vendor/298279967.js\"></script>\n    <meta charset=\"utf-8\">\n    <meta name=\"viewport\" content=\"width=device-width\">\n    <title>The Internet</title>\n    <link href=\"/css/app.css\" rel=\"stylesheet\">\n    <link href=\"/css/font-awesome.css\" rel=\"stylesheet\">\n    <script src=\"/js/vendor/jquery-1.11.3.min.js\"></script>\n    <script src=\"/js/vendor/jquery-ui-1.11.4/jquery-ui.js\"></script>\n    <script src=\"/js/foundation/foundation.js\"></script><meta class=\"foundation-mq-small\"><meta class=\"foundation-mq-medium\"><meta class=\"foundation-mq-large\"><style></style>\n    <script src=\"/js/foundation/foundation.alerts.js\"></script>\n    <script>\n      $(document).foundation();\n    </script>\n  </head>\n  <body>\n    <div class=\"row\">\n      <div id=\"flash-messages\" class=\"large-12 columns\">\n      \n        \n      \n        \n      \n        \n      \n      </div>\n    </div>\n    <div class=\"row\">\n      <a href=\"https://github.com/tourdedave/the-internet\"><img style=\"position: absolute; top: 0; right: 0; border: 0;\" src=\"/img/forkme_right_green_007200.png\" alt=\"Fork me on GitHub\"></a>\n      <div id=\"content\" class=\"large-12 columns\">\n        <script>\n  function jsAlert() {\n    alert('I am a JS Alert');\n    log('You successfully clicked an alert');\n  }\n\n  function jsConfirm() {\n    var c = confirm('I am a JS Confirm');\n    var result = c === true ? 'Ok' : 'Cancel';\n    log('You clicked: ' + result);\n  }\n\n  function jsPrompt() {\n    var p = prompt('I am a JS prompt');\n    log('You entered: ' + p);\n  }\n\n  function log(msg) {\n    var result = document.getElementById('result');\n    result.innerHTML = msg;\n  }\n</script>\n<div class=\"example\">\n  <h3>JavaScript Alerts</h3>\n  <p>Here are some examples of different JavaScript alerts which can be troublesome for automation</p>\n  <ul style=\"list-style-type: none;\">\n    <li><button onclick=\"jsAlert()\">Click for JS Alert</button></li>\n    <li><button onclick=\"jsConfirm()\">Click for JS Confirm</button></li>\n    <li><button onclick=\"jsPrompt()\">Click for JS Prompt</button></li>\n  </ul>\n  <h4>Result:</h4>\n  <p id=\"result\" style=\"color:green\">You clicked: Cancel</p>\n</div>\n\n      </div>\n    </div>\n    <div id=\"page-footer\" class=\"row\">\n      <div class=\"large-4 large-centered columns\">\n        <hr>\n        <div style=\"text-align: center;\">Powered by <a target=\"_blank\" href=\"http://elementalselenium.com/\">Elemental Selenium</a></div>\n      </div>\n    </div>\n  \n\n</body></html>]]"
      } ],
      "stepsCount" : 0,
      "attachmentsCount" : 1,
      "shouldDisplayMessage" : false,
      "hasContent" : true
    } ],
    "attachments" : [ ],
    "parameters" : [ ],
    "stepsCount" : 1,
    "attachmentsCount" : 1,
    "shouldDisplayMessage" : false,
    "hasContent" : true
  }, {
    "name" : "teardownActivities",
    "time" : {
      "start" : 1644717573330,
      "stop" : 1644717574154,
      "duration" : 824
    },
    "description" : "",
    "status" : "passed",
    "steps" : [ {
      "name" : "Successfully Closed All Drivers.",
      "time" : {
        "start" : 1644717573777,
        "stop" : 1644717573777,
        "duration" : 0
      },
      "status" : "passed",
      "steps" : [ ],
      "attachments" : [ ],
      "parameters" : [ {
        "name" : "actionCounter",
        "value" : "343"
      }, {
        "name" : "logText",
        "value" : "Successfully Closed All Drivers."
      } ],
      "stepsCount" : 0,
      "attachmentsCount" : 0,
      "shouldDisplayMessage" : false,
      "hasContent" : true
    }, {
      "name" : "Issue Summary: Total Issues = 7, New issues for Failed Tests = 5, Open issues for Passed Tests = 2, Open issues for Failed Tests = 0. Kindly check the attached Issue details.",
      "time" : {
        "start" : 1644717573786,
        "stop" : 1644717573787,
        "duration" : 1
      },
      "status" : "passed",
      "steps" : [ ],
      "attachments" : [ {
        "uid" : "be3309bbfaca060c",
        "name" : "Attachment: SHAFT Engine Logs - Issues log CSV: 20220213-015933",
        "source" : "be3309bbfaca060c.csv",
        "type" : "text/csv",
        "size" : 886
      } ],
      "parameters" : [ {
        "name" : "actionCounter",
        "value" : "344"
      }, {
        "name" : "logText",
        "value" : "Issue Summary: Total Issues = 7, New issues for Failed Tests = 5, Open issues for Passed Tests = 2, Open issues for Failed Tests = 0. Kindly check the attached Issue details."
      }, {
        "name" : "attachments",
        "value" : "[[SHAFT Engine Logs, Issues log CSV: 20220213-015933, java.io.ByteArrayInputStream@3542293c]]"
      } ],
      "stepsCount" : 0,
      "attachmentsCount" : 1,
      "shouldDisplayMessage" : false,
      "hasContent" : true
    } ],
    "attachments" : [ {
      "uid" : "baeadd9eb0a98dbd",
      "name" : "Attachment: SHAFT Engine Logs - Execution log: 20220213-015933",
      "source" : "baeadd9eb0a98dbd.txt",
      "type" : "text/plain",
      "size" : 216892
    }, {
      "uid" : "77898048bd3494d7",
      "name" : "Attachment: HTML - Extent Emailable Execution Report",
      "source" : "77898048bd3494d7.html",
      "type" : "text/html",
      "size" : 5643234
    } ],
    "parameters" : [ ],
    "stepsCount" : 2,
    "attachmentsCount" : 3,
    "shouldDisplayMessage" : false,
    "hasContent" : true
  } ],
  "labels" : [ {
    "name" : "package",
    "value" : "testPackage01.TestJSConfirmBox"
  }, {
    "name" : "testClass",
    "value" : "testPackage01.TestJSConfirmBox"
  }, {
    "name" : "testMethod",
    "value" : "acceptAlert"
  }, {
    "name" : "parentSuite",
    "value" : "SHAFT: Custom Suite"
  }, {
    "name" : "suite",
    "value" : "SHAFT: Custom Test"
  }, {
    "name" : "subSuite",
    "value" : "testPackage01.TestJSConfirmBox"
  }, {
    "name" : "host",
    "value" : "Mac-1644711478419.local"
  }, {
    "name" : "thread",
    "value" : "2239@Mac-1644711478419.local.main(1)"
  }, {
    "name" : "framework",
    "value" : "testng"
  }, {
    "name" : "language",
    "value" : "java"
  }, {
    "name" : "resultFormat",
    "value" : "allure2"
  } ],
  "parameters" : [ ],
  "links" : [ ],
  "hidden" : false,
  "retry" : false,
  "extra" : {
    "severity" : "normal",
    "retries" : [ ],
    "categories" : [ {
      "name" : "Product defects",
      "matchedStatuses" : [ ],
      "flaky" : false
    } ],
    "history" : {
      "statistic" : {
        "failed" : 18,
        "broken" : 0,
        "skipped" : 6,
        "passed" : 0,
        "unknown" : 0,
        "total" : 24
      },
      "items" : [ {
        "uid" : "2eb929acb0b39152",
        "reportUrl" : "https://MohabMohie.github.io/SHAFT_ENGINE/allure/macOS/Web/1142//#testresult/2eb929acb0b39152",
        "status" : "skipped",
        "statusDetails" : "Method testPackage01.TestJSConfirmBox.acceptAlert() on instance testPackage01.TestJSConfirmBox@1f0b3cfe depends on not successfully finished methods \n[testPackage01.TestJSConfirmBox.getAlertText() on instance testPackage01.TestJSConfirmBox@1f0b3cfe]",
        "time" : {
          "start" : 1644611220627,
          "stop" : 1644611220628,
          "duration" : 1
        }
      }, {
        "uid" : "8f7e2bc56563afdf",
        "reportUrl" : "https://MohabMohie.github.io/SHAFT_ENGINE/allure/macOS/Web/1129//#testresult/8f7e2bc56563afdf",
        "status" : "failed",
        "statusDetails" : "Element Action [WaitForAlertToBePresent] failed.",
        "time" : {
          "start" : 1644372207747,
          "stop" : 1644372238365,
          "duration" : 30618
        }
      }, {
        "uid" : "a3ceefa50926d0fa",
        "reportUrl" : "https://MohabMohie.github.io/SHAFT_ENGINE/allure/macOS/Web/1128//#testresult/a3ceefa50926d0fa",
        "status" : "skipped",
        "statusDetails" : "Method testPackage01.TestJSConfirmBox.acceptAlert() on instance testPackage01.TestJSConfirmBox@7661b5a depends on not successfully finished methods \n[testPackage01.TestJSConfirmBox.getAlertText() on instance testPackage01.TestJSConfirmBox@7661b5a]",
        "time" : {
          "start" : 1644356570212,
          "stop" : 1644356570249,
          "duration" : 37
        }
      }, {
        "uid" : "457f2214762c810c",
        "reportUrl" : "https://MohabMohie.github.io/SHAFT_ENGINE/allure/macOS/Web/1126//#testresult/457f2214762c810c",
        "status" : "failed",
        "statusDetails" : "Element Action [WaitForAlertToBePresent] failed.",
        "time" : {
          "start" : 1644285382844,
          "stop" : 1644285413321,
          "duration" : 30477
        }
      }, {
        "uid" : "fb4afb61ab3fede3",
        "reportUrl" : "https://MohabMohie.github.io/SHAFT_ENGINE/allure/macOS/Web/1125//#testresult/fb4afb61ab3fede3",
        "status" : "failed",
        "statusDetails" : "Element Action [WaitForAlertToBePresent] failed.",
        "time" : {
          "start" : 1644257207533,
          "stop" : 1644257237848,
          "duration" : 30315
        }
      }, {
        "uid" : "d550c025d5117947",
        "reportUrl" : "https://MohabMohie.github.io/SHAFT_ENGINE/allure/macOS/Web/1118//#testresult/d550c025d5117947",
        "status" : "failed",
        "statusDetails" : "Element Action [WaitForAlertToBePresent] failed.",
        "time" : {
          "start" : 1644198842852,
          "stop" : 1644198873432,
          "duration" : 30580
        }
      }, {
        "uid" : "1b20d4bd258876f7",
        "reportUrl" : "https://MohabMohie.github.io/SHAFT_ENGINE/allure/macOS/Web/1117//#testresult/1b20d4bd258876f7",
        "status" : "failed",
        "statusDetails" : "Element Action [WaitForAlertToBePresent] failed.",
        "time" : {
          "start" : 1644157997174,
          "stop" : 1644158027535,
          "duration" : 30361
        }
      }, {
        "uid" : "b2186037afabb93",
        "reportUrl" : "https://MohabMohie.github.io/SHAFT_ENGINE/allure/macOS/Web/1114//#testresult/b2186037afabb93",
        "status" : "failed",
        "statusDetails" : "Element Action [WaitForAlertToBePresent] failed.",
        "time" : {
          "start" : 1644024923095,
          "stop" : 1644024953623,
          "duration" : 30528
        }
      }, {
        "uid" : "8a53d0b9959c01b6",
        "reportUrl" : "https://MohabMohie.github.io/SHAFT_ENGINE/allure/macOS/Web/1110//#testresult/8a53d0b9959c01b6",
        "status" : "skipped",
        "statusDetails" : "Method testPackage01.TestJSConfirmBox.acceptAlert() on instance testPackage01.TestJSConfirmBox@51a6cc2a depends on not successfully finished methods \n[testPackage01.TestJSConfirmBox.getAlertText() on instance testPackage01.TestJSConfirmBox@51a6cc2a]",
        "time" : {
          "start" : 1643939025600,
          "stop" : 1643939025682,
          "duration" : 82
        }
      }, {
        "uid" : "b183cbea27cb984c",
        "reportUrl" : "https://MohabMohie.github.io/SHAFT_ENGINE/allure/macOS/Web/1097//#testresult/b183cbea27cb984c",
        "status" : "failed",
        "statusDetails" : "Element Action [WaitForAlertToBePresent] failed.",
        "time" : {
          "start" : 1643421041013,
          "stop" : 1643421071491,
          "duration" : 30478
        }
      }, {
        "uid" : "b70601797b835b97",
        "reportUrl" : "https://MohabMohie.github.io/SHAFT_ENGINE/allure/macOS/Web/1096//#testresult/b70601797b835b97",
        "status" : "skipped",
        "statusDetails" : "Method testPackage01.TestJSConfirmBox.acceptAlert() on instance testPackage01.TestJSConfirmBox@41fe8e5f depends on not successfully finished methods \n[testPackage01.TestJSConfirmBox.getAlertText() on instance testPackage01.TestJSConfirmBox@41fe8e5f]",
        "time" : {
          "start" : 1643335017073,
          "stop" : 1643335017075,
          "duration" : 2
        }
      }, {
        "uid" : "89209ee6e484d37d",
        "reportUrl" : "https://MohabMohie.github.io/SHAFT_ENGINE/allure/macOS/Web/1093//#testresult/89209ee6e484d37d",
        "status" : "failed",
        "statusDetails" : "Element Action [WaitForAlertToBePresent] failed.",
        "time" : {
          "start" : 1643116571129,
          "stop" : 1643116601385,
          "duration" : 30256
        }
      }, {
        "uid" : "3fe62552ec7433d3",
        "reportUrl" : "https://MohabMohie.github.io/SHAFT_ENGINE/allure/macOS/Web/1089//#testresult/3fe62552ec7433d3",
        "status" : "skipped",
        "statusDetails" : "Method testPackage01.TestJSConfirmBox.acceptAlert() on instance testPackage01.TestJSConfirmBox@6f1a80fb depends on not successfully finished methods \n[testPackage01.TestJSConfirmBox.getAlertText() on instance testPackage01.TestJSConfirmBox@6f1a80fb]",
        "time" : {
          "start" : 1643075991169,
          "stop" : 1643075991251,
          "duration" : 82
        }
      }, {
        "uid" : "952745b2ddb6630f",
        "reportUrl" : "https://MohabMohie.github.io/SHAFT_ENGINE/allure/macOS/Web/1086//#testresult/952745b2ddb6630f",
        "status" : "failed",
        "statusDetails" : "Element Action [WaitForAlertToBePresent] failed.",
        "time" : {
          "start" : 1642989555357,
          "stop" : 1642989585973,
          "duration" : 30616
        }
      }, {
        "uid" : "ad98a3ecede66beb",
        "reportUrl" : "https://MohabMohie.github.io/SHAFT_ENGINE/allure/macOS/Web/1080//#testresult/ad98a3ecede66beb",
        "status" : "failed",
        "statusDetails" : "Element Action [WaitForAlertToBePresent] failed.",
        "time" : {
          "start" : 1642644424093,
          "stop" : 1642644454595,
          "duration" : 30502
        }
      }, {
        "uid" : "12129708e8a432cc",
        "reportUrl" : "https://MohabMohie.github.io/SHAFT_ENGINE/allure/macOS/Web/1077//#testresult/12129708e8a432cc",
        "status" : "failed",
        "statusDetails" : "Element Action [WaitForAlertToBePresent] failed.",
        "time" : {
          "start" : 1642539007475,
          "stop" : 1642539038419,
          "duration" : 30944
        }
      }, {
        "uid" : "a411c11277bed2c5",
        "reportUrl" : "https://MohabMohie.github.io/SHAFT_ENGINE/allure/macOS/Web/1072//#testresult/a411c11277bed2c5",
        "status" : "skipped",
        "statusDetails" : "Method testPackage01.TestJSConfirmBox.acceptAlert() on instance testPackage01.TestJSConfirmBox@2b10ace9 depends on not successfully finished methods \n[testPackage01.TestJSConfirmBox.getAlertText() on instance testPackage01.TestJSConfirmBox@2b10ace9]",
        "time" : {
          "start" : 1642345290363,
          "stop" : 1642345290364,
          "duration" : 1
        }
      }, {
        "uid" : "1b9ab244d4cb6f21",
        "reportUrl" : "https://MohabMohie.github.io/SHAFT_ENGINE/allure/macOS/Web/1068//#testresult/1b9ab244d4cb6f21",
        "status" : "failed",
        "statusDetails" : "Element Action [WaitForAlertToBePresent] failed.",
        "time" : {
          "start" : 1642298737561,
          "stop" : 1642298768168,
          "duration" : 30607
        }
      }, {
        "uid" : "69f73eec8ef64bac",
        "reportUrl" : "https://MohabMohie.github.io/SHAFT_ENGINE/allure/macOS/Web/1067//#testresult/69f73eec8ef64bac",
        "status" : "failed",
        "statusDetails" : "Element Action [WaitForAlertToBePresent] failed.",
        "time" : {
          "start" : 1642212167528,
          "stop" : 1642212197980,
          "duration" : 30452
        }
      }, {
        "uid" : "1c9b3a13250fbd15",
        "reportUrl" : "https://MohabMohie.github.io/SHAFT_ENGINE/allure/macOS/Web/1063//#testresult/1c9b3a13250fbd15",
        "status" : "failed",
        "statusDetails" : "Element Action [WaitForAlertToBePresent] failed.",
        "time" : {
          "start" : 1642192600876,
          "stop" : 1642192631278,
          "duration" : 30402
        }
      } ]
    },
    "tags" : [ ]
  },
  "source" : "a3a58e13c3e6f2e3.json",
  "parameterValues" : [ ]
}