{
  "uid" : "b8dc98122ec14e17",
  "name" : "getAlertText",
  "fullName" : "testPackage01.TestJSConfirmBox.getAlertText",
  "historyId" : "29286b1e51fc227b9e82df438242ddee",
  "time" : {
    "start" : 1643335017067,
    "stop" : 1643335017070,
    "duration" : 3
  },
  "status" : "skipped",
  "statusMessage" : "Method testPackage01.TestJSConfirmBox.getAlertText() on instance testPackage01.TestJSConfirmBox@41fe8e5f depends on not successfully finished methods \n[testPackage01.TestJSConfirmBox.assertOnCancelAlertResultText() on instance testPackage01.TestJSConfirmBox@41fe8e5f]",
  "statusTrace" : "java.lang.Throwable: Method testPackage01.TestJSConfirmBox.getAlertText() on instance testPackage01.TestJSConfirmBox@41fe8e5f depends on not successfully finished methods \n[testPackage01.TestJSConfirmBox.assertOnCancelAlertResultText() on instance testPackage01.TestJSConfirmBox@41fe8e5f]\n\tat org.testng.internal.invokers.TestInvoker.invokeTestMethods(TestInvoker.java:149)\n\tat org.testng.internal.invokers.TestMethodWorker.invokeTestMethods(TestMethodWorker.java:146)\n\tat org.testng.internal.invokers.TestMethodWorker.run(TestMethodWorker.java:128)\n\tat java.base/java.util.ArrayList.forEach(ArrayList.java:1511)\n\tat org.testng.TestRunner.privateRun(TestRunner.java:808)\n\tat org.testng.TestRunner.run(TestRunner.java:603)\n\tat org.testng.SuiteRunner.runTest(SuiteRunner.java:429)\n\tat org.testng.SuiteRunner.runSequentially(SuiteRunner.java:423)\n\tat org.testng.SuiteRunner.privateRun(SuiteRunner.java:383)\n\tat org.testng.SuiteRunner.run(SuiteRunner.java:326)\n\tat org.testng.SuiteRunnerWorker.runSuite(SuiteRunnerWorker.java:52)\n\tat org.testng.SuiteRunnerWorker.run(SuiteRunnerWorker.java:95)\n\tat org.testng.TestNG.runSuitesSequentially(TestNG.java:1249)\n\tat org.testng.TestNG.runSuitesLocally(TestNG.java:1169)\n\tat org.testng.TestNG.runSuites(TestNG.java:1092)\n\tat org.testng.TestNG.run(TestNG.java:1060)\n\tat org.apache.maven.surefire.testng.TestNGExecutor.run(TestNGExecutor.java:136)\n\tat org.apache.maven.surefire.testng.TestNGDirectoryTestSuite.executeMulti(TestNGDirectoryTestSuite.java:193)\n\tat org.apache.maven.surefire.testng.TestNGDirectoryTestSuite.execute(TestNGDirectoryTestSuite.java:94)\n\tat org.apache.maven.surefire.testng.TestNGProvider.invoke(TestNGProvider.java:145)\n\tat org.apache.maven.surefire.booter.ForkedBooter.runSuitesInProcess(ForkedBooter.java:428)\n\tat org.apache.maven.surefire.booter.ForkedBooter.execute(ForkedBooter.java:162)\n\tat org.apache.maven.surefire.booter.ForkedBooter.run(ForkedBooter.java:562)\n\tat org.apache.maven.surefire.booter.ForkedBooter.main(ForkedBooter.java:548)\n",
  "flaky" : false,
  "newFailed" : false,
  "newBroken" : false,
  "newPassed" : false,
  "retriesCount" : 0,
  "retriesStatusChange" : false,
  "beforeStages" : [ {
    "name" : "setupActivities",
    "time" : {
      "start" : 1643334809509,
      "stop" : 1643334812870,
      "duration" : 3361
    },
    "description" : "",
    "status" : "passed",
    "steps" : [ {
      "name" : "Folder [allure-results] was not found, it may have already been deleted.",
      "time" : {
        "start" : 1643334809563,
        "stop" : 1643334809566,
        "duration" : 3
      },
      "status" : "passed",
      "steps" : [ ],
      "attachments" : [ ],
      "parameters" : [ {
        "name" : "actionCounter",
        "value" : "1"
      }, {
        "name" : "logText",
        "value" : "Folder [allure-results] was not found, it may have already been deleted."
      } ],
      "stepsCount" : 0,
      "attachmentsCount" : 0,
      "shouldDisplayMessage" : false,
      "hasContent" : true
    }, {
      "name" : "Folder [/Users/runner/.m2/repository/allure/] was not found, it may have already been deleted.",
      "time" : {
        "start" : 1643334809567,
        "stop" : 1643334809567,
        "duration" : 0
      },
      "status" : "passed",
      "steps" : [ ],
      "attachments" : [ ],
      "parameters" : [ {
        "name" : "actionCounter",
        "value" : "2"
      }, {
        "name" : "logText",
        "value" : "Folder [/Users/runner/.m2/repository/allure/] was not found, it may have already been deleted."
      } ],
      "stepsCount" : 0,
      "attachmentsCount" : 0,
      "shouldDisplayMessage" : false,
      "hasContent" : true
    }, {
      "name" : "Downloading a file from this url [https://repo.maven.apache.org/maven2/io/qameta/allure/allure-commandline/2.17.2/allure-commandline-2.17.2.zip] to this directory [target/allureBinary.zip], please wait as downloading may take some time...",
      "time" : {
        "start" : 1643334809568,
        "stop" : 1643334809568,
        "duration" : 0
      },
      "status" : "passed",
      "steps" : [ ],
      "attachments" : [ ],
      "parameters" : [ {
        "name" : "actionCounter",
        "value" : "3"
      }, {
        "name" : "logText",
        "value" : "Downloading a file from this url [https://repo.maven.apache.org/maven2/io/qameta/allure/allure-commandline/2.17.2/allure-commandline-2.17.2.zip] to this directory [target/allureBinary.zip], please wait as downloading may take some time..."
      } ],
      "stepsCount" : 0,
      "attachmentsCount" : 0,
      "shouldDisplayMessage" : false,
      "hasContent" : true
    }, {
      "name" : "Terminal Action [PerformTerminalCommands] successfully performed. With the following test data [Host Name: \"localHost\" | Command: \"chmod u+x /Users/runner/.m2/repository/allure/allure-2.17.2/bin/allure\" | Exit Status: \"0\"].",
      "time" : {
        "start" : 1643334811218,
        "stop" : 1643334811218,
        "duration" : 0
      },
      "status" : "passed",
      "steps" : [ ],
      "attachments" : [ ],
      "parameters" : [ {
        "name" : "actionCounter",
        "value" : "4"
      }, {
        "name" : "logText",
        "value" : "Terminal Action [PerformTerminalCommands] successfully performed. With the following test data [Host Name: \"localHost\" | Command: \"chmod u+x /Users/runner/.m2/repository/allure/allure-2.17.2/bin/allure\" | Exit Status: \"0\"]."
      } ],
      "stepsCount" : 0,
      "attachmentsCount" : 0,
      "shouldDisplayMessage" : false,
      "hasContent" : true
    }, {
      "name" : "Terminal Action [PerformTerminalCommands] successfully performed. With the following test data [Host Name: \"localHost\" | Command: \"chmod u+x generate_allure_report.sh\" | Exit Status: \"0\"].",
      "time" : {
        "start" : 1643334811226,
        "stop" : 1643334811226,
        "duration" : 0
      },
      "status" : "passed",
      "steps" : [ ],
      "attachments" : [ ],
      "parameters" : [ {
        "name" : "actionCounter",
        "value" : "5"
      }, {
        "name" : "logText",
        "value" : "Terminal Action [PerformTerminalCommands] successfully performed. With the following test data [Host Name: \"localHost\" | Command: \"chmod u+x generate_allure_report.sh\" | Exit Status: \"0\"]."
      } ],
      "stepsCount" : 0,
      "attachmentsCount" : 0,
      "shouldDisplayMessage" : false,
      "hasContent" : true
    }, {
      "name" : "Folder [extent-reports] was not found, it may have already been deleted.",
      "time" : {
        "start" : 1643334811345,
        "stop" : 1643334811345,
        "duration" : 0
      },
      "status" : "passed",
      "steps" : [ ],
      "attachments" : [ ],
      "parameters" : [ {
        "name" : "actionCounter",
        "value" : "6"
      }, {
        "name" : "logText",
        "value" : "Folder [extent-reports] was not found, it may have already been deleted."
      } ],
      "stepsCount" : 0,
      "attachmentsCount" : 0,
      "shouldDisplayMessage" : false,
      "hasContent" : true
    }, {
      "name" : "Terminal Action [PerformTerminalCommands] successfully performed. With the following test data [Host Name: \"localHost\" | Command: \"chmod u+x generateJdk.sh\" | Exit Status: \"1\"].",
      "time" : {
        "start" : 1643334812867,
        "stop" : 1643334812868,
        "duration" : 1
      },
      "status" : "passed",
      "steps" : [ ],
      "attachments" : [ {
        "uid" : "cceb1eb4be7f242a",
        "name" : "Attachment: Terminal Action Actual Result - Command Log",
        "source" : "cceb1eb4be7f242a.txt",
        "type" : "text/plain",
        "size" : 48
      } ],
      "parameters" : [ {
        "name" : "actionCounter",
        "value" : "7"
      }, {
        "name" : "logText",
        "value" : "Terminal Action [PerformTerminalCommands] successfully performed. With the following test data [Host Name: \"localHost\" | Command: \"chmod u+x generateJdk.sh\" | Exit Status: \"1\"]."
      }, {
        "name" : "attachments",
        "value" : "[[Terminal Action Actual Result, Command Log, chmod: generateJdk.sh: No such file or directory]]"
      } ],
      "stepsCount" : 0,
      "attachmentsCount" : 1,
      "shouldDisplayMessage" : false,
      "hasContent" : true
    } ],
    "attachments" : [ {
      "uid" : "52fe8cd19b75a416",
      "name" : "Attachment: SHAFT Links - Important",
      "source" : "52fe8cd19b75a416.uri",
      "type" : "text/uri-list",
      "size" : 346
    }, {
      "uid" : "caa785b4e8eec97a",
      "name" : "Attachment: Properties - testNG",
      "source" : "caa785b4e8eec97a.properties",
      "type" : "text/plain",
      "size" : 492
    }, {
      "uid" : "88c93095ffba000a",
      "name" : "Attachment: Properties - ExecutionPlatform",
      "source" : "88c93095ffba000a.properties",
      "type" : "text/plain",
      "size" : 394
    }, {
      "uid" : "3093db9f4eff3f24",
      "name" : "Attachment: Properties - path",
      "source" : "3093db9f4eff3f24.properties",
      "type" : "text/plain",
      "size" : 687
    }, {
      "uid" : "75b8c4281141e20b",
      "name" : "Attachment: Properties - video",
      "source" : "75b8c4281141e20b.properties",
      "type" : "text/plain",
      "size" : 763
    }, {
      "uid" : "29f95bb21db8e37d",
      "name" : "Attachment: Properties - pattern",
      "source" : "29f95bb21db8e37d.properties",
      "type" : "text/plain",
      "size" : 564
    }, {
      "uid" : "cf87f6f85ccbe57d",
      "name" : "Attachment: Properties - internal",
      "source" : "cf87f6f85ccbe57d.properties",
      "type" : "text/plain",
      "size" : 111
    }, {
      "uid" : "ed4459a176c9cdeb",
      "name" : "Attachment: Properties - MobileCapabilities",
      "source" : "ed4459a176c9cdeb.properties",
      "type" : "text/plain",
      "size" : 470
    }, {
      "uid" : "103fbba67a50a8e4",
      "name" : "Attachment: Properties - cucumber",
      "source" : "103fbba67a50a8e4.properties",
      "type" : "text/plain",
      "size" : 226
    }, {
      "uid" : "89335901d7e6c330",
      "name" : "Attachment: Properties - PlatformFlags",
      "source" : "89335901d7e6c330.properties",
      "type" : "text/plain",
      "size" : 765
    }, {
      "uid" : "de6170565b820106",
      "name" : "Attachment: Properties - Timeouts",
      "source" : "de6170565b820106.properties",
      "type" : "text/plain",
      "size" : 722
    }, {
      "uid" : "debf080eba0f1e15",
      "name" : "Attachment: Properties - Reporting",
      "source" : "debf080eba0f1e15.properties",
      "type" : "text/plain",
      "size" : 614
    }, {
      "uid" : "79c3ddcfe63e95ec",
      "name" : "Attachment: Properties - browserStack",
      "source" : "79c3ddcfe63e95ec.properties",
      "type" : "text/plain",
      "size" : 877
    }, {
      "uid" : "4a9f101acb19297f",
      "name" : "Attachment: Properties - VisualValidations",
      "source" : "4a9f101acb19297f.properties",
      "type" : "text/plain",
      "size" : 723
    } ],
    "parameters" : [ ],
    "stepsCount" : 7,
    "attachmentsCount" : 15,
    "shouldDisplayMessage" : false,
    "hasContent" : true
  }, {
    "name" : "navigateToJSAlertPage",
    "time" : {
      "start" : 1643335016892,
      "stop" : 1643335017056,
      "duration" : 164
    },
    "description" : "",
    "status" : "failed",
    "statusMessage" : "Driver Factory Action [createNewLocalDriverInstanceForSafari] failed. With the following test data [Failed to create a session on DESKTOP_SAFARI].",
    "statusTrace" : "java.lang.AssertionError: Driver Factory Action [createNewLocalDriverInstanceForSafari] failed. With the following test data [Failed to create a session on DESKTOP_SAFARI].\n\tat org.testng.Assert.fail(Assert.java:110)\n\tat com.shaft.driver.DriverFactoryHelper.failAction(DriverFactoryHelper.java:306)\n\tat com.shaft.driver.DriverFactoryHelper.createNewLocalDriverInstanceForSafari(DriverFactoryHelper.java:576)\n\tat com.shaft.driver.DriverFactoryHelper.createNewLocalDriverInstance(DriverFactoryHelper.java:596)\n\tat com.shaft.driver.DriverFactoryHelper.getDriver(DriverFactoryHelper.java:815)\n\tat com.shaft.driver.DriverFactoryHelper.getDriver(DriverFactoryHelper.java:140)\n\tat com.shaft.driver.DriverFactory.getDriver(DriverFactory.java:27)\n\tat testPackage01.TestJSConfirmBox.navigateToJSAlertPage(TestJSConfirmBox.java:23)\n\tat java.base/jdk.internal.reflect.NativeMethodAccessorImpl.invoke0(Native Method)\n\tat java.base/jdk.internal.reflect.NativeMethodAccessorImpl.invoke(NativeMethodAccessorImpl.java:77)\n\tat java.base/jdk.internal.reflect.DelegatingMethodAccessorImpl.invoke(DelegatingMethodAccessorImpl.java:43)\n\tat java.base/java.lang.reflect.Method.invoke(Method.java:568)\n\tat org.testng.internal.invokers.MethodInvocationHelper.invokeMethod(MethodInvocationHelper.java:135)\n\tat org.testng.internal.invokers.MethodInvocationHelper.invokeMethodConsideringTimeout(MethodInvocationHelper.java:65)\n\tat org.testng.internal.invokers.ConfigInvoker.invokeConfigurationMethod(ConfigInvoker.java:381)\n\tat org.testng.internal.invokers.ConfigInvoker.invokeConfigurations(ConfigInvoker.java:319)\n\tat org.testng.internal.invokers.TestMethodWorker.invokeBeforeClassMethods(TestMethodWorker.java:178)\n\tat org.testng.internal.invokers.TestMethodWorker.run(TestMethodWorker.java:122)\n\tat java.base/java.util.ArrayList.forEach(ArrayList.java:1511)\n\tat org.testng.TestRunner.privateRun(TestRunner.java:808)\n\tat org.testng.TestRunner.run(TestRunner.java:603)\n\tat org.testng.SuiteRunner.runTest(SuiteRunner.java:429)\n\tat org.testng.SuiteRunner.runSequentially(SuiteRunner.java:423)\n\tat org.testng.SuiteRunner.privateRun(SuiteRunner.java:383)\n\tat org.testng.SuiteRunner.run(SuiteRunner.java:326)\n\tat org.testng.SuiteRunnerWorker.runSuite(SuiteRunnerWorker.java:52)\n\tat org.testng.SuiteRunnerWorker.run(SuiteRunnerWorker.java:95)\n\tat org.testng.TestNG.runSuitesSequentially(TestNG.java:1249)\n\tat org.testng.TestNG.runSuitesLocally(TestNG.java:1169)\n\tat org.testng.TestNG.runSuites(TestNG.java:1092)\n\tat org.testng.TestNG.run(TestNG.java:1060)\n\tat org.apache.maven.surefire.testng.TestNGExecutor.run(TestNGExecutor.java:136)\n\tat org.apache.maven.surefire.testng.TestNGDirectoryTestSuite.executeMulti(TestNGDirectoryTestSuite.java:193)\n\tat org.apache.maven.surefire.testng.TestNGDirectoryTestSuite.execute(TestNGDirectoryTestSuite.java:94)\n\tat org.apache.maven.surefire.testng.TestNGProvider.invoke(TestNGProvider.java:145)\n\tat org.apache.maven.surefire.booter.ForkedBooter.runSuitesInProcess(ForkedBooter.java:428)\n\tat org.apache.maven.surefire.booter.ForkedBooter.execute(ForkedBooter.java:162)\n\tat org.apache.maven.surefire.booter.ForkedBooter.run(ForkedBooter.java:562)\n\tat org.apache.maven.surefire.booter.ForkedBooter.main(ForkedBooter.java:548)\n",
    "steps" : [ {
      "name" : "Attempting to run locally on: [Mac-64], [Safari], Headless Execution.",
      "time" : {
        "start" : 1643335016892,
        "stop" : 1643335016892,
        "duration" : 0
      },
      "status" : "passed",
      "steps" : [ ],
      "attachments" : [ ],
      "parameters" : [ {
        "name" : "actionCounter",
        "value" : "271"
      }, {
        "name" : "logText",
        "value" : "Attempting to run locally on: [Mac-64], [Safari], Headless Execution."
      } ],
      "stepsCount" : 0,
      "attachmentsCount" : 0,
      "shouldDisplayMessage" : false,
      "hasContent" : true
    }, {
      "name" : "An Exception Occured with this Message: Could not start a new session. Possible causes are invalid address of the remote server or browser start-up failure..",
      "time" : {
        "start" : 1643335017024,
        "stop" : 1643335017055,
        "duration" : 31
      },
      "status" : "passed",
      "steps" : [ ],
      "attachments" : [ {
        "uid" : "3de5abbe2b799ae4",
        "name" : "Attachment: Exception Stack Trace - org.openqa.selenium.SessionNotCreatedException",
        "source" : "3de5abbe2b799ae4.txt",
        "type" : "text/plain",
        "size" : 13391
      } ],
      "parameters" : [ {
        "name" : "actionCounter",
        "value" : "272"
      }, {
        "name" : "logText",
        "value" : "An Exception Occured with this Message: Could not start a new session. Possible causes are invalid address of the remote server or browser start-up failure.."
      }, {
        "name" : "attachments",
        "value" : "[[Exception Stack Trace, org.openqa.selenium.SessionNotCreatedException, org.openqa.selenium.SessionNotCreatedException:\nCould not start a new session. Possible causes are invalid address of the remote server or browser start-up failure.\norg.openqa.selenium.remote.RemoteWebDriver.execute(RemoteWebDriver.java:561)\norg.openqa.selenium.remote.RemoteWebDriver.startSession(RemoteWebDriver.java:230)\norg.openqa.selenium.remote.RemoteWebDriver.<init>(RemoteWebDriver.java:151)\norg.openqa.selenium.safari.SafariDriver.<init>(SafariDriver.java:87)\norg.openqa.selenium.safari.SafariDriver.<init>(SafariDriver.java:69)\ncom.shaft.driver.DriverFactoryHelper.createNewLocalDriverInstanceForSafari(DriverFactoryHelper.java:573)\ncom.shaft.driver.DriverFactoryHelper.createNewLocalDriverInstance(DriverFactoryHelper.java:596)\ncom.shaft.driver.DriverFactoryHelper.getDriver(DriverFactoryHelper.java:815)\ncom.shaft.driver.DriverFactoryHelper.getDriver(DriverFactoryHelper.java:140)\ncom.shaft.driver.DriverFactory.getDriver(DriverFactory.java:27)\ntestPackage01.TestJSConfirmBox.navigateToJSAlertPage(TestJSConfirmBox.java:23)\njava.base/jdk.internal.reflect.NativeMethodAccessorImpl.invoke0(Native Method)\njava.base/jdk.internal.reflect.NativeMethodAccessorImpl.invoke(NativeMethodAccessorImpl.java:77)\njava.base/jdk.internal.reflect.DelegatingMethodAccessorImpl.invoke(DelegatingMethodAccessorImpl.java:43)\njava.base/java.lang.reflect.Method.invoke(Method.java:568)\norg.testng.internal.invokers.MethodInvocationHelper.invokeMethod(MethodInvocationHelper.java:135)\norg.testng.internal.invokers.MethodInvocationHelper.invokeMethodConsideringTimeout(MethodInvocationHelper.java:65)\norg.testng.internal.invokers.ConfigInvoker.invokeConfigurationMethod(ConfigInvoker.java:381)\norg.testng.internal.invokers.ConfigInvoker.invokeConfigurations(ConfigInvoker.java:319)\norg.testng.internal.invokers.TestMethodWorker.invokeBeforeClassMethods(TestMethodWorker.java:178)\norg.testng.internal.invokers.TestMethodWorker.run(TestMethodWorker.java:122)\njava.base/java.util.ArrayList.forEach(ArrayList.java:1511)\norg.testng.TestRunner.privateRun(TestRunner.java:808)\norg.testng.TestRunner.run(TestRunner.java:603)\norg.testng.SuiteRunner.runTest(SuiteRunner.java:429)\norg.testng.SuiteRunner.runSequentially(SuiteRunner.java:423)\norg.testng.SuiteRunner.privateRun(SuiteRunner.java:383)\norg.testng.SuiteRunner.run(SuiteRunner.java:326)\norg.testng.SuiteRunnerWorker.runSuite(SuiteRunnerWorker.java:52)\norg.testng.SuiteRunnerWorker.run(SuiteRunnerWorker.java:95)\norg.testng.TestNG.runSuitesSequentially(TestNG.java:1249)\norg.testng.TestNG.runSuitesLocally(TestNG.java:1169)\norg.testng.TestNG.runSuites(TestNG.java:1092)\norg.testng.TestNG.run(TestNG.java:1060)\norg.apache.maven.surefire.testng.TestNGExecutor.run(TestNGExecutor.java:136)\norg.apache.maven.surefire.testng.TestNGDirectoryTestSuite.executeMulti(TestNGDirectoryTestSuite.java:193)\norg.apache.maven.surefire.testng.TestNGDirectoryTestSuite.execute(TestNGDirectoryTestSuite.java:94)\norg.apache.maven.surefire.testng.TestNGProvider.invoke(TestNGProvider.java:145)\norg.apache.maven.surefire.booter.ForkedBooter.runSuitesInProcess(ForkedBooter.java:428)\norg.apache.maven.surefire.booter.ForkedBooter.execute(ForkedBooter.java:162)\norg.apache.maven.surefire.booter.ForkedBooter.run(ForkedBooter.java:562)\norg.apache.maven.surefire.booter.ForkedBooter.main(ForkedBooter.java:548)\n\nCaused by: org.openqa.selenium.WebDriverException:\nTimed out waiting for driver server to start.\nBuild info: version: '4.1.1', revision: 'e8fcc2cecf'\nSystem info: host: 'Mac-1643334384389.local', ip: '10.212.0.50', os.name: 'Mac OS X', os.arch: 'x86_64', os.version: '11.6.2', java.version: '17.0.2'\nDriver info: driver.version: SafariDriver\norg.openqa.selenium.remote.service.DriverService.start(DriverService.java:230)\norg.openqa.selenium.remote.service.DriverCommandExecutor.execute(DriverCommandExecutor.java:98)\norg.openqa.selenium.remote.RemoteWebDriver.execute(RemoteWebDriver.java:543)\norg.openqa.selenium.remote.RemoteWebDriver.startSession(RemoteWebDriver.java:230)\norg.openqa.selenium.remote.RemoteWebDriver.<init>(RemoteWebDriver.java:151)\norg.openqa.selenium.safari.SafariDriver.<init>(SafariDriver.java:87)\norg.openqa.selenium.safari.SafariDriver.<init>(SafariDriver.java:69)\ncom.shaft.driver.DriverFactoryHelper.createNewLocalDriverInstanceForSafari(DriverFactoryHelper.java:573)\ncom.shaft.driver.DriverFactoryHelper.createNewLocalDriverInstance(DriverFactoryHelper.java:596)\ncom.shaft.driver.DriverFactoryHelper.getDriver(DriverFactoryHelper.java:815)\ncom.shaft.driver.DriverFactoryHelper.getDriver(DriverFactoryHelper.java:140)\ncom.shaft.driver.DriverFactory.getDriver(DriverFactory.java:27)\ntestPackage01.TestJSConfirmBox.navigateToJSAlertPage(TestJSConfirmBox.java:23)\njava.base/jdk.internal.reflect.NativeMethodAccessorImpl.invoke0(Native Method)\njava.base/jdk.internal.reflect.NativeMethodAccessorImpl.invoke(NativeMethodAccessorImpl.java:77)\njava.base/jdk.internal.reflect.DelegatingMethodAccessorImpl.invoke(DelegatingMethodAccessorImpl.java:43)\njava.base/java.lang.reflect.Method.invoke(Method.java:568)\norg.testng.internal.invokers.MethodInvocationHelper.invokeMethod(MethodInvocationHelper.java:135)\norg.testng.internal.invokers.MethodInvocationHelper.invokeMethodConsideringTimeout(MethodInvocationHelper.java:65)\norg.testng.internal.invokers.ConfigInvoker.invokeConfigurationMethod(ConfigInvoker.java:381)\norg.testng.internal.invokers.ConfigInvoker.invokeConfigurations(ConfigInvoker.java:319)\norg.testng.internal.invokers.TestMethodWorker.invokeBeforeClassMethods(TestMethodWorker.java:178)\norg.testng.internal.invokers.TestMethodWorker.run(TestMethodWorker.java:122)\njava.base/java.util.ArrayList.forEach(ArrayList.java:1511)\norg.testng.TestRunner.privateRun(TestRunner.java:808)\norg.testng.TestRunner.run(TestRunner.java:603)\norg.testng.SuiteRunner.runTest(SuiteRunner.java:429)\norg.testng.SuiteRunner.runSequentially(SuiteRunner.java:423)\norg.testng.SuiteRunner.privateRun(SuiteRunner.java:383)\norg.testng.SuiteRunner.run(SuiteRunner.java:326)\norg.testng.SuiteRunnerWorker.runSuite(SuiteRunnerWorker.java:52)\norg.testng.SuiteRunnerWorker.run(SuiteRunnerWorker.java:95)\norg.testng.TestNG.runSuitesSequentially(TestNG.java:1249)\norg.testng.TestNG.runSuitesLocally(TestNG.java:1169)\norg.testng.TestNG.runSuites(TestNG.java:1092)\norg.testng.TestNG.run(TestNG.java:1060)\norg.apache.maven.surefire.testng.TestNGExecutor.run(TestNGExecutor.java:136)\norg.apache.maven.surefire.testng.TestNGDirectoryTestSuite.executeMulti(TestNGDirectoryTestSuite.java:193)\norg.apache.maven.surefire.testng.TestNGDirectoryTestSuite.execute(TestNGDirectoryTestSuite.java:94)\norg.apache.maven.surefire.testng.TestNGProvider.invoke(TestNGProvider.java:145)\norg.apache.maven.surefire.booter.ForkedBooter.runSuitesInProcess(ForkedBooter.java:428)\norg.apache.maven.surefire.booter.ForkedBooter.execute(ForkedBooter.java:162)\norg.apache.maven.surefire.booter.ForkedBooter.run(ForkedBooter.java:562)\norg.apache.maven.surefire.booter.ForkedBooter.main(ForkedBooter.java:548)\n\nCaused by: java.util.concurrent.ExecutionException:\norg.openqa.selenium.WebDriverException: java.io.UncheckedIOException: java.net.SocketException: Invalid argument\nBuild info: version: '4.1.1', revision: 'e8fcc2cecf'\nSystem info: host: 'Mac-1643334384389.local', ip: '10.212.0.50', os.name: 'Mac OS X', os.arch: 'x86_64', os.version: '11.6.2', java.version: '17.0.2'\nDriver info: driver.version: unknown\njava.base/java.util.concurrent.CompletableFuture.reportGet(CompletableFuture.java:396)\njava.base/java.util.concurrent.CompletableFuture.get(CompletableFuture.java:2096)\norg.openqa.selenium.remote.service.DriverService.start(DriverService.java:220)\norg.openqa.selenium.remote.service.DriverCommandExecutor.execute(DriverCommandExecutor.java:98)\norg.openqa.selenium.remote.RemoteWebDriver.execute(RemoteWebDriver.java:543)\norg.openqa.selenium.remote.RemoteWebDriver.startSession(RemoteWebDriver.java:230)\norg.openqa.selenium.remote.RemoteWebDriver.<init>(RemoteWebDriver.java:151)\norg.openqa.selenium.safari.SafariDriver.<init>(SafariDriver.java:87)\norg.openqa.selenium.safari.SafariDriver.<init>(SafariDriver.java:69)\ncom.shaft.driver.DriverFactoryHelper.createNewLocalDriverInstanceForSafari(DriverFactoryHelper.java:573)\ncom.shaft.driver.DriverFactoryHelper.createNewLocalDriverInstance(DriverFactoryHelper.java:596)\ncom.shaft.driver.DriverFactoryHelper.getDriver(DriverFactoryHelper.java:815)\ncom.shaft.driver.DriverFactoryHelper.getDriver(DriverFactoryHelper.java:140)\ncom.shaft.driver.DriverFactory.getDriver(DriverFactory.java:27)\ntestPackage01.TestJSConfirmBox.navigateToJSAlertPage(TestJSConfirmBox.java:23)\njava.base/jdk.internal.reflect.NativeMethodAccessorImpl.invoke0(Native Method)\njava.base/jdk.internal.reflect.NativeMethodAccessorImpl.invoke(NativeMethodAccessorImpl.java:77)\njava.base/jdk.internal.reflect.DelegatingMethodAccessorImpl.invoke(DelegatingMethodAccessorImpl.java:43)\njava.base/java.lang.reflect.Method.invoke(Method.java:568)\norg.testng.internal.invokers.MethodInvocationHelper.invokeMethod(MethodInvocationHelper.java:135)\norg.testng.internal.invokers.MethodInvocationHelper.invokeMethodConsideringTimeout(MethodInvocationHelper.java:65)\norg.testng.internal.invokers.ConfigInvoker.invokeConfigurationMethod(ConfigInvoker.java:381)\norg.testng.internal.invokers.ConfigInvoker.invokeConfigurations(ConfigInvoker.java:319)\norg.testng.internal.invokers.TestMethodWorker.invokeBeforeClassMethods(TestMethodWorker.java:178)\norg.testng.internal.invokers.TestMethodWorker.run(TestMethodWorker.java:122)\njava.base/java.util.ArrayList.forEach(ArrayList.java:1511)\norg.testng.TestRunner.privateRun(TestRunner.java:808)\norg.testng.TestRunner.run(TestRunner.java:603)\norg.testng.SuiteRunner.runTest(SuiteRunner.java:429)\norg.testng.SuiteRunner.runSequentially(SuiteRunner.java:423)\norg.testng.SuiteRunner.privateRun(SuiteRunner.java:383)\norg.testng.SuiteRunner.run(SuiteRunner.java:326)\norg.testng.SuiteRunnerWorker.runSuite(SuiteRunnerWorker.java:52)\norg.testng.SuiteRunnerWorker.run(SuiteRunnerWorker.java:95)\norg.testng.TestNG.runSuitesSequentially(TestNG.java:1249)\norg.testng.TestNG.runSuitesLocally(TestNG.java:1169)\norg.testng.TestNG.runSuites(TestNG.java:1092)\norg.testng.TestNG.run(TestNG.java:1060)\norg.apache.maven.surefire.testng.TestNGExecutor.run(TestNGExecutor.java:136)\norg.apache.maven.surefire.testng.TestNGDirectoryTestSuite.executeMulti(TestNGDirectoryTestSuite.java:193)\norg.apache.maven.surefire.testng.TestNGDirectoryTestSuite.execute(TestNGDirectoryTestSuite.java:94)\norg.apache.maven.surefire.testng.TestNGProvider.invoke(TestNGProvider.java:145)\norg.apache.maven.surefire.booter.ForkedBooter.runSuitesInProcess(ForkedBooter.java:428)\norg.apache.maven.surefire.booter.ForkedBooter.execute(ForkedBooter.java:162)\norg.apache.maven.surefire.booter.ForkedBooter.run(ForkedBooter.java:562)\norg.apache.maven.surefire.booter.ForkedBooter.main(ForkedBooter.java:548)\n\nCaused by: org.openqa.selenium.WebDriverException:\njava.io.UncheckedIOException: java.net.SocketException: Invalid argument\nBuild info: version: '4.1.1', revision: 'e8fcc2cecf'\nSystem info: host: 'Mac-1643334384389.local', ip: '10.212.0.50', os.name: 'Mac OS X', os.arch: 'x86_64', os.version: '11.6.2', java.version: '17.0.2'\nDriver info: driver.version: unknown\norg.openqa.selenium.safari.SafariDriverService.waitUntilAvailable(SafariDriverService.java:86)\norg.openqa.selenium.remote.service.DriverService.lambda$start$1(DriverService.java:205)\njava.base/java.util.concurrent.CompletableFuture$AsyncSupply.run(CompletableFuture.java:1768)\njava.base/java.util.concurrent.ThreadPoolExecutor.runWorker(ThreadPoolExecutor.java:1136)\njava.base/java.util.concurrent.ThreadPoolExecutor$Worker.run(ThreadPoolExecutor.java:635)\njava.base/java.lang.Thread.run(Thread.java:833)\n\nCaused by: java.io.UncheckedIOException:\njava.net.SocketException: Invalid argument\norg.openqa.selenium.net.PortProber.waitForPortUp(PortProber.java:117)\norg.openqa.selenium.safari.SafariDriverService.waitUntilAvailable(SafariDriverService.java:84)\norg.openqa.selenium.remote.service.DriverService.lambda$start$1(DriverService.java:205)\njava.base/java.util.concurrent.CompletableFuture$AsyncSupply.run(CompletableFuture.java:1768)\njava.base/java.util.concurrent.ThreadPoolExecutor.runWorker(ThreadPoolExecutor.java:1136)\njava.base/java.util.concurrent.ThreadPoolExecutor$Worker.run(ThreadPoolExecutor.java:635)\njava.base/java.lang.Thread.run(Thread.java:833)\n\nCaused by: java.net.SocketException:\nInvalid argument\njava.base/sun.nio.ch.Net.connect0(Native Method)\njava.base/sun.nio.ch.Net.connect(Net.java:579)\njava.base/sun.nio.ch.Net.connect(Net.java:568)\njava.base/sun.nio.ch.NioSocketImpl.connect(NioSocketImpl.java:588)\njava.base/java.net.SocksSocketImpl.connect(SocksSocketImpl.java:327)\njava.base/java.net.Socket.connect(Socket.java:633)\norg.openqa.selenium.net.PortProber.waitForPortUp(PortProber.java:112)\norg.openqa.selenium.safari.SafariDriverService.waitUntilAvailable(SafariDriverService.java:84)\norg.openqa.selenium.remote.service.DriverService.lambda$start$1(DriverService.java:205)\njava.base/java.util.concurrent.CompletableFuture$AsyncSupply.run(CompletableFuture.java:1768)\njava.base/java.util.concurrent.ThreadPoolExecutor.runWorker(ThreadPoolExecutor.java:1136)\njava.base/java.util.concurrent.ThreadPoolExecutor$Worker.run(ThreadPoolExecutor.java:635)\njava.base/java.lang.Thread.run(Thread.java:833)\n]]"
      } ],
      "stepsCount" : 0,
      "attachmentsCount" : 1,
      "shouldDisplayMessage" : false,
      "hasContent" : true
    }, {
      "name" : "Driver Factory Action [createNewLocalDriverInstanceForSafari] failed. With the following test data [Failed to create a session on DESKTOP_SAFARI].",
      "time" : {
        "start" : 1643335017055,
        "stop" : 1643335017055,
        "duration" : 0
      },
      "status" : "passed",
      "steps" : [ ],
      "attachments" : [ ],
      "parameters" : [ {
        "name" : "actionCounter",
        "value" : "274"
      }, {
        "name" : "logText",
        "value" : "Driver Factory Action [createNewLocalDriverInstanceForSafari] failed. With the following test data [Failed to create a session on DESKTOP_SAFARI]."
      } ],
      "stepsCount" : 0,
      "attachmentsCount" : 0,
      "shouldDisplayMessage" : false,
      "hasContent" : true
    } ],
    "attachments" : [ ],
    "parameters" : [ ],
    "stepsCount" : 3,
    "attachmentsCount" : 1,
    "shouldDisplayMessage" : true,
    "hasContent" : true
  } ],
  "testStage" : {
    "status" : "skipped",
    "statusMessage" : "Method testPackage01.TestJSConfirmBox.getAlertText() on instance testPackage01.TestJSConfirmBox@41fe8e5f depends on not successfully finished methods \n[testPackage01.TestJSConfirmBox.assertOnCancelAlertResultText() on instance testPackage01.TestJSConfirmBox@41fe8e5f]",
    "statusTrace" : "java.lang.Throwable: Method testPackage01.TestJSConfirmBox.getAlertText() on instance testPackage01.TestJSConfirmBox@41fe8e5f depends on not successfully finished methods \n[testPackage01.TestJSConfirmBox.assertOnCancelAlertResultText() on instance testPackage01.TestJSConfirmBox@41fe8e5f]\n\tat org.testng.internal.invokers.TestInvoker.invokeTestMethods(TestInvoker.java:149)\n\tat org.testng.internal.invokers.TestMethodWorker.invokeTestMethods(TestMethodWorker.java:146)\n\tat org.testng.internal.invokers.TestMethodWorker.run(TestMethodWorker.java:128)\n\tat java.base/java.util.ArrayList.forEach(ArrayList.java:1511)\n\tat org.testng.TestRunner.privateRun(TestRunner.java:808)\n\tat org.testng.TestRunner.run(TestRunner.java:603)\n\tat org.testng.SuiteRunner.runTest(SuiteRunner.java:429)\n\tat org.testng.SuiteRunner.runSequentially(SuiteRunner.java:423)\n\tat org.testng.SuiteRunner.privateRun(SuiteRunner.java:383)\n\tat org.testng.SuiteRunner.run(SuiteRunner.java:326)\n\tat org.testng.SuiteRunnerWorker.runSuite(SuiteRunnerWorker.java:52)\n\tat org.testng.SuiteRunnerWorker.run(SuiteRunnerWorker.java:95)\n\tat org.testng.TestNG.runSuitesSequentially(TestNG.java:1249)\n\tat org.testng.TestNG.runSuitesLocally(TestNG.java:1169)\n\tat org.testng.TestNG.runSuites(TestNG.java:1092)\n\tat org.testng.TestNG.run(TestNG.java:1060)\n\tat org.apache.maven.surefire.testng.TestNGExecutor.run(TestNGExecutor.java:136)\n\tat org.apache.maven.surefire.testng.TestNGDirectoryTestSuite.executeMulti(TestNGDirectoryTestSuite.java:193)\n\tat org.apache.maven.surefire.testng.TestNGDirectoryTestSuite.execute(TestNGDirectoryTestSuite.java:94)\n\tat org.apache.maven.surefire.testng.TestNGProvider.invoke(TestNGProvider.java:145)\n\tat org.apache.maven.surefire.booter.ForkedBooter.runSuitesInProcess(ForkedBooter.java:428)\n\tat org.apache.maven.surefire.booter.ForkedBooter.execute(ForkedBooter.java:162)\n\tat org.apache.maven.surefire.booter.ForkedBooter.run(ForkedBooter.java:562)\n\tat org.apache.maven.surefire.booter.ForkedBooter.main(ForkedBooter.java:548)\n",
    "steps" : [ ],
    "attachments" : [ {
      "uid" : "587f7d85552b0237",
      "name" : "Attachment: SHAFT Engine Logs - Current Method log: getAlertText",
      "source" : "587f7d85552b0237.txt",
      "type" : "text/plain",
      "size" : 417
    } ],
    "parameters" : [ ],
    "stepsCount" : 0,
    "attachmentsCount" : 1,
    "shouldDisplayMessage" : true,
    "hasContent" : true
  },
  "afterStages" : [ {
    "name" : "tearDownDriver",
    "time" : {
      "start" : 1643335017080,
      "stop" : 1643335017081,
      "duration" : 1
    },
    "description" : "",
    "status" : "broken",
    "steps" : [ ],
    "attachments" : [ ],
    "parameters" : [ ],
    "stepsCount" : 0,
    "attachmentsCount" : 0,
    "shouldDisplayMessage" : false,
    "hasContent" : false
  }, {
    "name" : "teardownActivities",
    "time" : {
      "start" : 1643335226162,
      "stop" : 1643335226609,
      "duration" : 447
    },
    "description" : "",
    "status" : "passed",
    "steps" : [ {
      "name" : "Successfully Closed All Drivers.",
      "time" : {
        "start" : 1643335226163,
        "stop" : 1643335226163,
        "duration" : 0
      },
      "status" : "passed",
      "steps" : [ ],
      "attachments" : [ ],
      "parameters" : [ {
        "name" : "actionCounter",
        "value" : "520"
      }, {
        "name" : "logText",
        "value" : "Successfully Closed All Drivers."
      } ],
      "stepsCount" : 0,
      "attachmentsCount" : 0,
      "shouldDisplayMessage" : false,
      "hasContent" : true
    }, {
      "name" : "Issue Summary: Total Issues = 6, New issues for Failed Tests = 4, Open issues for Passed Tests = 2, Open issues for Failed Tests = 0. Kindly check the attached Issue details.",
      "time" : {
        "start" : 1643335226171,
        "stop" : 1643335226172,
        "duration" : 1
      },
      "status" : "passed",
      "steps" : [ ],
      "attachments" : [ {
        "uid" : "d0f8fa7e7d7b7771",
        "name" : "Attachment: SHAFT Engine Logs - Issues log CSV: 20220128-020026",
        "source" : "d0f8fa7e7d7b7771.csv",
        "type" : "text/csv",
        "size" : 767
      } ],
      "parameters" : [ {
        "name" : "actionCounter",
        "value" : "521"
      }, {
        "name" : "logText",
        "value" : "Issue Summary: Total Issues = 6, New issues for Failed Tests = 4, Open issues for Passed Tests = 2, Open issues for Failed Tests = 0. Kindly check the attached Issue details."
      }, {
        "name" : "attachments",
        "value" : "[[SHAFT Engine Logs, Issues log CSV: 20220128-020026, java.io.ByteArrayInputStream@2d474536]]"
      } ],
      "stepsCount" : 0,
      "attachmentsCount" : 1,
      "shouldDisplayMessage" : false,
      "hasContent" : true
    } ],
    "attachments" : [ {
      "uid" : "4b1d49bf7b5094a",
      "name" : "Attachment: SHAFT Engine Logs - Execution log: 20220128-020026",
      "source" : "4b1d49bf7b5094a.txt",
      "type" : "text/plain",
      "size" : 315253
    }, {
      "uid" : "27120dd7a6da8685",
      "name" : "Attachment: HTML - Extent Emailable Execution Report",
      "source" : "27120dd7a6da8685.html",
      "type" : "text/html",
      "size" : 8734272
    } ],
    "parameters" : [ ],
    "stepsCount" : 2,
    "attachmentsCount" : 3,
    "shouldDisplayMessage" : false,
    "hasContent" : true
  } ],
  "labels" : [ {
    "name" : "package",
    "value" : "testPackage01.TestJSConfirmBox"
  }, {
    "name" : "testClass",
    "value" : "testPackage01.TestJSConfirmBox"
  }, {
    "name" : "testMethod",
    "value" : "getAlertText"
  }, {
    "name" : "parentSuite",
    "value" : "SHAFT: Custom Suite"
  }, {
    "name" : "suite",
    "value" : "SHAFT: Custom Test"
  }, {
    "name" : "subSuite",
    "value" : "testPackage01.TestJSConfirmBox"
  }, {
    "name" : "host",
    "value" : "Mac-1643334384389.local"
  }, {
    "name" : "thread",
    "value" : "2911@Mac-1643334384389.local.main(1)"
  }, {
    "name" : "framework",
    "value" : "testng"
  }, {
    "name" : "language",
    "value" : "java"
  }, {
    "name" : "resultFormat",
    "value" : "allure2"
  } ],
  "parameters" : [ ],
  "links" : [ ],
  "hidden" : false,
  "retry" : false,
  "extra" : {
    "severity" : "normal",
    "retries" : [ ],
    "categories" : [ ],
    "history" : {
      "statistic" : {
        "failed" : 0,
        "broken" : 0,
        "skipped" : 3,
        "passed" : 10,
        "unknown" : 0,
        "total" : 13
      },
      "items" : [ {
        "uid" : "df19bdc996c1e56",
        "reportUrl" : "https://MohabMohie.github.io/SHAFT_ENGINE/allure/macOS/Web/1093//#testresult/df19bdc996c1e56",
        "status" : "passed",
        "time" : {
          "start" : 1643116570798,
          "stop" : 1643116571124,
          "duration" : 326
        }
      }, {
        "uid" : "3599465cc3714b98",
        "reportUrl" : "https://MohabMohie.github.io/SHAFT_ENGINE/allure/macOS/Web/1089//#testresult/3599465cc3714b98",
        "status" : "skipped",
        "statusDetails" : "Method testPackage01.TestJSConfirmBox.getAlertText() on instance testPackage01.TestJSConfirmBox@6f1a80fb depends on not successfully finished methods \n[testPackage01.TestJSConfirmBox.assertOnCancelAlertResultText() on instance testPackage01.TestJSConfirmBox@6f1a80fb]",
        "time" : {
          "start" : 1643075991043,
          "stop" : 1643075991125,
          "duration" : 82
        }
      }, {
        "uid" : "ceb6aea6ce968a34",
        "reportUrl" : "https://MohabMohie.github.io/SHAFT_ENGINE/allure/macOS/Web/1086//#testresult/ceb6aea6ce968a34",
        "status" : "passed",
        "time" : {
          "start" : 1642989554928,
          "stop" : 1642989555313,
          "duration" : 385
        }
      }, {
        "uid" : "32dacd2b4353ba0a",
        "reportUrl" : "https://MohabMohie.github.io/SHAFT_ENGINE/allure/macOS/Web/1080//#testresult/32dacd2b4353ba0a",
        "status" : "passed",
        "time" : {
          "start" : 1642644423445,
          "stop" : 1642644424010,
          "duration" : 565
        }
      }, {
        "uid" : "d618ce7bf55237ee",
        "reportUrl" : "https://MohabMohie.github.io/SHAFT_ENGINE/allure/macOS/Web/1077//#testresult/d618ce7bf55237ee",
        "status" : "passed",
        "time" : {
          "start" : 1642539007225,
          "stop" : 1642539007473,
          "duration" : 248
        }
      }, {
        "uid" : "bff5d0d5f131c7d9",
        "reportUrl" : "https://MohabMohie.github.io/SHAFT_ENGINE/allure/macOS/Web/1072//#testresult/bff5d0d5f131c7d9",
        "status" : "skipped",
        "statusDetails" : "Method testPackage01.TestJSConfirmBox.getAlertText() on instance testPackage01.TestJSConfirmBox@2b10ace9 depends on not successfully finished methods \n[testPackage01.TestJSConfirmBox.assertOnCancelAlertResultText() on instance testPackage01.TestJSConfirmBox@2b10ace9]",
        "time" : {
          "start" : 1642345290360,
          "stop" : 1642345290362,
          "duration" : 2
        }
      }, {
        "uid" : "30b324971489c59a",
        "reportUrl" : "https://MohabMohie.github.io/SHAFT_ENGINE/allure/macOS/Web/1068//#testresult/30b324971489c59a",
        "status" : "passed",
        "time" : {
          "start" : 1642298737316,
          "stop" : 1642298737558,
          "duration" : 242
        }
      }, {
        "uid" : "6d3ef9e7440d5de8",
        "reportUrl" : "https://MohabMohie.github.io/SHAFT_ENGINE/allure/macOS/Web/1067//#testresult/6d3ef9e7440d5de8",
        "status" : "passed",
        "time" : {
          "start" : 1642212167129,
          "stop" : 1642212167523,
          "duration" : 394
        }
      }, {
        "uid" : "799ba90ea47b849c",
        "reportUrl" : "https://MohabMohie.github.io/SHAFT_ENGINE/allure/macOS/Web/1063//#testresult/799ba90ea47b849c",
        "status" : "passed",
        "time" : {
          "start" : 1642192600568,
          "stop" : 1642192600868,
          "duration" : 300
        }
      }, {
        "uid" : "f306630b1fb0b725",
        "reportUrl" : "https://MohabMohie.github.io/SHAFT_ENGINE/allure/macOS/Web/1052//#testresult/f306630b1fb0b725",
        "status" : "passed",
        "time" : {
          "start" : 1642061231933,
          "stop" : 1642061232181,
          "duration" : 248
        }
      }, {
        "uid" : "c2dff04c937237ee",
        "reportUrl" : "https://MohabMohie.github.io/SHAFT_ENGINE/allure/macOS/Web/1051//#testresult/c2dff04c937237ee",
        "status" : "passed",
        "time" : {
          "start" : 1642039599691,
          "stop" : 1642039600053,
          "duration" : 362
        }
      }, {
        "uid" : "6a3d1fd960f4aa6d",
        "reportUrl" : "https://MohabMohie.github.io/SHAFT_ENGINE/allure/macOS/Web/1049//#testresult/6a3d1fd960f4aa6d",
        "status" : "passed",
        "time" : {
          "start" : 1642016379793,
          "stop" : 1642016380195,
          "duration" : 402
        }
      } ]
    },
    "tags" : [ ]
  },
  "source" : "b8dc98122ec14e17.json",
  "parameterValues" : [ ]
}