{
  "uid" : "c3e6888b15fdb843",
  "name" : "assertElementExists_true_expectedToFail",
  "fullName" : "unitTests.tests_validations_assertions.assertElementExists_true_expectedToFail",
  "historyId" : "402cf2e9c00429e23b6068d754dd4dbe",
  "time" : {
    "start" : 1643334920553,
    "stop" : 1643334920555,
    "duration" : 2
  },
  "status" : "skipped",
  "statusMessage" : "Driver Factory Action [createNewLocalDriverInstanceForSafari] failed. With the following test data [Failed to create a session on DESKTOP_SAFARI].",
  "statusTrace" : "java.lang.AssertionError: Driver Factory Action [createNewLocalDriverInstanceForSafari] failed. With the following test data [Failed to create a session on DESKTOP_SAFARI].\n\tat org.testng.Assert.fail(Assert.java:110)\n\tat com.shaft.driver.DriverFactoryHelper.failAction(DriverFactoryHelper.java:306)\n\tat com.shaft.driver.DriverFactoryHelper.createNewLocalDriverInstanceForSafari(DriverFactoryHelper.java:576)\n\tat com.shaft.driver.DriverFactoryHelper.createNewLocalDriverInstance(DriverFactoryHelper.java:596)\n\tat com.shaft.driver.DriverFactoryHelper.getDriver(DriverFactoryHelper.java:815)\n\tat com.shaft.driver.DriverFactoryHelper.getDriver(DriverFactoryHelper.java:140)\n\tat com.shaft.driver.DriverFactory.getDriver(DriverFactory.java:27)\n\tat com.shaft.gui.browser.BrowserFactory.getBrowser(BrowserFactory.java:21)\n\tat unitTests.tests_validations_assertions.beforeMethod(tests_validations_assertions.java:406)\n\tat java.base/jdk.internal.reflect.NativeMethodAccessorImpl.invoke0(Native Method)\n\tat java.base/jdk.internal.reflect.NativeMethodAccessorImpl.invoke(NativeMethodAccessorImpl.java:77)\n\tat java.base/jdk.internal.reflect.DelegatingMethodAccessorImpl.invoke(DelegatingMethodAccessorImpl.java:43)\n\tat java.base/java.lang.reflect.Method.invoke(Method.java:568)\n\tat org.testng.internal.invokers.MethodInvocationHelper.invokeMethod(MethodInvocationHelper.java:135)\n\tat org.testng.internal.invokers.MethodInvocationHelper.invokeMethodConsideringTimeout(MethodInvocationHelper.java:65)\n\tat org.testng.internal.invokers.ConfigInvoker.invokeConfigurationMethod(ConfigInvoker.java:381)\n\tat org.testng.internal.invokers.ConfigInvoker.invokeConfigurations(ConfigInvoker.java:319)\n\tat org.testng.internal.invokers.TestInvoker.runConfigMethods(TestInvoker.java:803)\n\tat org.testng.internal.invokers.TestInvoker.invokeMethod(TestInvoker.java:589)\n\tat org.testng.internal.invokers.TestInvoker.invokeTestMethod(TestInvoker.java:220)\n\tat org.testng.internal.invokers.MethodRunner.runInSequence(MethodRunner.java:50)\n\tat org.testng.internal.invokers.TestInvoker$MethodInvocationAgent.invoke(TestInvoker.java:945)\n\tat org.testng.internal.invokers.TestInvoker.invokeTestMethods(TestInvoker.java:193)\n\tat org.testng.internal.invokers.TestMethodWorker.invokeTestMethods(TestMethodWorker.java:146)\n\tat org.testng.internal.invokers.TestMethodWorker.run(TestMethodWorker.java:128)\n\tat java.base/java.util.ArrayList.forEach(ArrayList.java:1511)\n\tat org.testng.TestRunner.privateRun(TestRunner.java:808)\n\tat org.testng.TestRunner.run(TestRunner.java:603)\n\tat org.testng.SuiteRunner.runTest(SuiteRunner.java:429)\n\tat org.testng.SuiteRunner.runSequentially(SuiteRunner.java:423)\n\tat org.testng.SuiteRunner.privateRun(SuiteRunner.java:383)\n\tat org.testng.SuiteRunner.run(SuiteRunner.java:326)\n\tat org.testng.SuiteRunnerWorker.runSuite(SuiteRunnerWorker.java:52)\n\tat org.testng.SuiteRunnerWorker.run(SuiteRunnerWorker.java:95)\n\tat org.testng.TestNG.runSuitesSequentially(TestNG.java:1249)\n\tat org.testng.TestNG.runSuitesLocally(TestNG.java:1169)\n\tat org.testng.TestNG.runSuites(TestNG.java:1092)\n\tat org.testng.TestNG.run(TestNG.java:1060)\n\tat org.apache.maven.surefire.testng.TestNGExecutor.run(TestNGExecutor.java:136)\n\tat org.apache.maven.surefire.testng.TestNGDirectoryTestSuite.executeMulti(TestNGDirectoryTestSuite.java:193)\n\tat org.apache.maven.surefire.testng.TestNGDirectoryTestSuite.execute(TestNGDirectoryTestSuite.java:94)\n\tat org.apache.maven.surefire.testng.TestNGProvider.invoke(TestNGProvider.java:145)\n\tat org.apache.maven.surefire.booter.ForkedBooter.runSuitesInProcess(ForkedBooter.java:428)\n\tat org.apache.maven.surefire.booter.ForkedBooter.execute(ForkedBooter.java:162)\n\tat org.apache.maven.surefire.booter.ForkedBooter.run(ForkedBooter.java:562)\n\tat org.apache.maven.surefire.booter.ForkedBooter.main(ForkedBooter.java:548)\n",
  "flaky" : false,
  "newFailed" : false,
  "newBroken" : false,
  "newPassed" : false,
  "retriesCount" : 0,
  "retriesStatusChange" : false,
  "beforeStages" : [ {
    "name" : "setupActivities",
    "time" : {
      "start" : 1643334809509,
      "stop" : 1643334812870,
      "duration" : 3361
    },
    "description" : "",
    "status" : "passed",
    "steps" : [ {
      "name" : "Folder [allure-results] was not found, it may have already been deleted.",
      "time" : {
        "start" : 1643334809563,
        "stop" : 1643334809566,
        "duration" : 3
      },
      "status" : "passed",
      "steps" : [ ],
      "attachments" : [ ],
      "parameters" : [ {
        "name" : "actionCounter",
        "value" : "1"
      }, {
        "name" : "logText",
        "value" : "Folder [allure-results] was not found, it may have already been deleted."
      } ],
      "stepsCount" : 0,
      "attachmentsCount" : 0,
      "shouldDisplayMessage" : false,
      "hasContent" : true
    }, {
      "name" : "Folder [/Users/runner/.m2/repository/allure/] was not found, it may have already been deleted.",
      "time" : {
        "start" : 1643334809567,
        "stop" : 1643334809567,
        "duration" : 0
      },
      "status" : "passed",
      "steps" : [ ],
      "attachments" : [ ],
      "parameters" : [ {
        "name" : "actionCounter",
        "value" : "2"
      }, {
        "name" : "logText",
        "value" : "Folder [/Users/runner/.m2/repository/allure/] was not found, it may have already been deleted."
      } ],
      "stepsCount" : 0,
      "attachmentsCount" : 0,
      "shouldDisplayMessage" : false,
      "hasContent" : true
    }, {
      "name" : "Downloading a file from this url [https://repo.maven.apache.org/maven2/io/qameta/allure/allure-commandline/2.17.2/allure-commandline-2.17.2.zip] to this directory [target/allureBinary.zip], please wait as downloading may take some time...",
      "time" : {
        "start" : 1643334809568,
        "stop" : 1643334809568,
        "duration" : 0
      },
      "status" : "passed",
      "steps" : [ ],
      "attachments" : [ ],
      "parameters" : [ {
        "name" : "actionCounter",
        "value" : "3"
      }, {
        "name" : "logText",
        "value" : "Downloading a file from this url [https://repo.maven.apache.org/maven2/io/qameta/allure/allure-commandline/2.17.2/allure-commandline-2.17.2.zip] to this directory [target/allureBinary.zip], please wait as downloading may take some time..."
      } ],
      "stepsCount" : 0,
      "attachmentsCount" : 0,
      "shouldDisplayMessage" : false,
      "hasContent" : true
    }, {
      "name" : "Terminal Action [PerformTerminalCommands] successfully performed. With the following test data [Host Name: \"localHost\" | Command: \"chmod u+x /Users/runner/.m2/repository/allure/allure-2.17.2/bin/allure\" | Exit Status: \"0\"].",
      "time" : {
        "start" : 1643334811218,
        "stop" : 1643334811218,
        "duration" : 0
      },
      "status" : "passed",
      "steps" : [ ],
      "attachments" : [ ],
      "parameters" : [ {
        "name" : "actionCounter",
        "value" : "4"
      }, {
        "name" : "logText",
        "value" : "Terminal Action [PerformTerminalCommands] successfully performed. With the following test data [Host Name: \"localHost\" | Command: \"chmod u+x /Users/runner/.m2/repository/allure/allure-2.17.2/bin/allure\" | Exit Status: \"0\"]."
      } ],
      "stepsCount" : 0,
      "attachmentsCount" : 0,
      "shouldDisplayMessage" : false,
      "hasContent" : true
    }, {
      "name" : "Terminal Action [PerformTerminalCommands] successfully performed. With the following test data [Host Name: \"localHost\" | Command: \"chmod u+x generate_allure_report.sh\" | Exit Status: \"0\"].",
      "time" : {
        "start" : 1643334811226,
        "stop" : 1643334811226,
        "duration" : 0
      },
      "status" : "passed",
      "steps" : [ ],
      "attachments" : [ ],
      "parameters" : [ {
        "name" : "actionCounter",
        "value" : "5"
      }, {
        "name" : "logText",
        "value" : "Terminal Action [PerformTerminalCommands] successfully performed. With the following test data [Host Name: \"localHost\" | Command: \"chmod u+x generate_allure_report.sh\" | Exit Status: \"0\"]."
      } ],
      "stepsCount" : 0,
      "attachmentsCount" : 0,
      "shouldDisplayMessage" : false,
      "hasContent" : true
    }, {
      "name" : "Folder [extent-reports] was not found, it may have already been deleted.",
      "time" : {
        "start" : 1643334811345,
        "stop" : 1643334811345,
        "duration" : 0
      },
      "status" : "passed",
      "steps" : [ ],
      "attachments" : [ ],
      "parameters" : [ {
        "name" : "actionCounter",
        "value" : "6"
      }, {
        "name" : "logText",
        "value" : "Folder [extent-reports] was not found, it may have already been deleted."
      } ],
      "stepsCount" : 0,
      "attachmentsCount" : 0,
      "shouldDisplayMessage" : false,
      "hasContent" : true
    }, {
      "name" : "Terminal Action [PerformTerminalCommands] successfully performed. With the following test data [Host Name: \"localHost\" | Command: \"chmod u+x generateJdk.sh\" | Exit Status: \"1\"].",
      "time" : {
        "start" : 1643334812867,
        "stop" : 1643334812868,
        "duration" : 1
      },
      "status" : "passed",
      "steps" : [ ],
      "attachments" : [ {
        "uid" : "cceb1eb4be7f242a",
        "name" : "Attachment: Terminal Action Actual Result - Command Log",
        "source" : "cceb1eb4be7f242a.txt",
        "type" : "text/plain",
        "size" : 48
      } ],
      "parameters" : [ {
        "name" : "actionCounter",
        "value" : "7"
      }, {
        "name" : "logText",
        "value" : "Terminal Action [PerformTerminalCommands] successfully performed. With the following test data [Host Name: \"localHost\" | Command: \"chmod u+x generateJdk.sh\" | Exit Status: \"1\"]."
      }, {
        "name" : "attachments",
        "value" : "[[Terminal Action Actual Result, Command Log, chmod: generateJdk.sh: No such file or directory]]"
      } ],
      "stepsCount" : 0,
      "attachmentsCount" : 1,
      "shouldDisplayMessage" : false,
      "hasContent" : true
    } ],
    "attachments" : [ {
      "uid" : "52fe8cd19b75a416",
      "name" : "Attachment: SHAFT Links - Important",
      "source" : "52fe8cd19b75a416.uri",
      "type" : "text/uri-list",
      "size" : 346
    }, {
      "uid" : "caa785b4e8eec97a",
      "name" : "Attachment: Properties - testNG",
      "source" : "caa785b4e8eec97a.properties",
      "type" : "text/plain",
      "size" : 492
    }, {
      "uid" : "88c93095ffba000a",
      "name" : "Attachment: Properties - ExecutionPlatform",
      "source" : "88c93095ffba000a.properties",
      "type" : "text/plain",
      "size" : 394
    }, {
      "uid" : "3093db9f4eff3f24",
      "name" : "Attachment: Properties - path",
      "source" : "3093db9f4eff3f24.properties",
      "type" : "text/plain",
      "size" : 687
    }, {
      "uid" : "75b8c4281141e20b",
      "name" : "Attachment: Properties - video",
      "source" : "75b8c4281141e20b.properties",
      "type" : "text/plain",
      "size" : 763
    }, {
      "uid" : "29f95bb21db8e37d",
      "name" : "Attachment: Properties - pattern",
      "source" : "29f95bb21db8e37d.properties",
      "type" : "text/plain",
      "size" : 564
    }, {
      "uid" : "cf87f6f85ccbe57d",
      "name" : "Attachment: Properties - internal",
      "source" : "cf87f6f85ccbe57d.properties",
      "type" : "text/plain",
      "size" : 111
    }, {
      "uid" : "ed4459a176c9cdeb",
      "name" : "Attachment: Properties - MobileCapabilities",
      "source" : "ed4459a176c9cdeb.properties",
      "type" : "text/plain",
      "size" : 470
    }, {
      "uid" : "103fbba67a50a8e4",
      "name" : "Attachment: Properties - cucumber",
      "source" : "103fbba67a50a8e4.properties",
      "type" : "text/plain",
      "size" : 226
    }, {
      "uid" : "89335901d7e6c330",
      "name" : "Attachment: Properties - PlatformFlags",
      "source" : "89335901d7e6c330.properties",
      "type" : "text/plain",
      "size" : 765
    }, {
      "uid" : "de6170565b820106",
      "name" : "Attachment: Properties - Timeouts",
      "source" : "de6170565b820106.properties",
      "type" : "text/plain",
      "size" : 722
    }, {
      "uid" : "debf080eba0f1e15",
      "name" : "Attachment: Properties - Reporting",
      "source" : "debf080eba0f1e15.properties",
      "type" : "text/plain",
      "size" : 614
    }, {
      "uid" : "79c3ddcfe63e95ec",
      "name" : "Attachment: Properties - browserStack",
      "source" : "79c3ddcfe63e95ec.properties",
      "type" : "text/plain",
      "size" : 877
    }, {
      "uid" : "4a9f101acb19297f",
      "name" : "Attachment: Properties - VisualValidations",
      "source" : "4a9f101acb19297f.properties",
      "type" : "text/plain",
      "size" : 723
    } ],
    "parameters" : [ ],
    "stepsCount" : 7,
    "attachmentsCount" : 15,
    "shouldDisplayMessage" : false,
    "hasContent" : true
  }, {
    "name" : "beforeMethod",
    "time" : {
      "start" : 1643334920550,
      "stop" : 1643334920550,
      "duration" : 0
    },
    "description" : "",
    "status" : "broken",
    "steps" : [ ],
    "attachments" : [ ],
    "parameters" : [ ],
    "stepsCount" : 0,
    "attachmentsCount" : 0,
    "shouldDisplayMessage" : false,
    "hasContent" : false
  } ],
  "testStage" : {
    "status" : "skipped",
    "statusMessage" : "Driver Factory Action [createNewLocalDriverInstanceForSafari] failed. With the following test data [Failed to create a session on DESKTOP_SAFARI].",
    "statusTrace" : "java.lang.AssertionError: Driver Factory Action [createNewLocalDriverInstanceForSafari] failed. With the following test data [Failed to create a session on DESKTOP_SAFARI].\n\tat org.testng.Assert.fail(Assert.java:110)\n\tat com.shaft.driver.DriverFactoryHelper.failAction(DriverFactoryHelper.java:306)\n\tat com.shaft.driver.DriverFactoryHelper.createNewLocalDriverInstanceForSafari(DriverFactoryHelper.java:576)\n\tat com.shaft.driver.DriverFactoryHelper.createNewLocalDriverInstance(DriverFactoryHelper.java:596)\n\tat com.shaft.driver.DriverFactoryHelper.getDriver(DriverFactoryHelper.java:815)\n\tat com.shaft.driver.DriverFactoryHelper.getDriver(DriverFactoryHelper.java:140)\n\tat com.shaft.driver.DriverFactory.getDriver(DriverFactory.java:27)\n\tat com.shaft.gui.browser.BrowserFactory.getBrowser(BrowserFactory.java:21)\n\tat unitTests.tests_validations_assertions.beforeMethod(tests_validations_assertions.java:406)\n\tat java.base/jdk.internal.reflect.NativeMethodAccessorImpl.invoke0(Native Method)\n\tat java.base/jdk.internal.reflect.NativeMethodAccessorImpl.invoke(NativeMethodAccessorImpl.java:77)\n\tat java.base/jdk.internal.reflect.DelegatingMethodAccessorImpl.invoke(DelegatingMethodAccessorImpl.java:43)\n\tat java.base/java.lang.reflect.Method.invoke(Method.java:568)\n\tat org.testng.internal.invokers.MethodInvocationHelper.invokeMethod(MethodInvocationHelper.java:135)\n\tat org.testng.internal.invokers.MethodInvocationHelper.invokeMethodConsideringTimeout(MethodInvocationHelper.java:65)\n\tat org.testng.internal.invokers.ConfigInvoker.invokeConfigurationMethod(ConfigInvoker.java:381)\n\tat org.testng.internal.invokers.ConfigInvoker.invokeConfigurations(ConfigInvoker.java:319)\n\tat org.testng.internal.invokers.TestInvoker.runConfigMethods(TestInvoker.java:803)\n\tat org.testng.internal.invokers.TestInvoker.invokeMethod(TestInvoker.java:589)\n\tat org.testng.internal.invokers.TestInvoker.invokeTestMethod(TestInvoker.java:220)\n\tat org.testng.internal.invokers.MethodRunner.runInSequence(MethodRunner.java:50)\n\tat org.testng.internal.invokers.TestInvoker$MethodInvocationAgent.invoke(TestInvoker.java:945)\n\tat org.testng.internal.invokers.TestInvoker.invokeTestMethods(TestInvoker.java:193)\n\tat org.testng.internal.invokers.TestMethodWorker.invokeTestMethods(TestMethodWorker.java:146)\n\tat org.testng.internal.invokers.TestMethodWorker.run(TestMethodWorker.java:128)\n\tat java.base/java.util.ArrayList.forEach(ArrayList.java:1511)\n\tat org.testng.TestRunner.privateRun(TestRunner.java:808)\n\tat org.testng.TestRunner.run(TestRunner.java:603)\n\tat org.testng.SuiteRunner.runTest(SuiteRunner.java:429)\n\tat org.testng.SuiteRunner.runSequentially(SuiteRunner.java:423)\n\tat org.testng.SuiteRunner.privateRun(SuiteRunner.java:383)\n\tat org.testng.SuiteRunner.run(SuiteRunner.java:326)\n\tat org.testng.SuiteRunnerWorker.runSuite(SuiteRunnerWorker.java:52)\n\tat org.testng.SuiteRunnerWorker.run(SuiteRunnerWorker.java:95)\n\tat org.testng.TestNG.runSuitesSequentially(TestNG.java:1249)\n\tat org.testng.TestNG.runSuitesLocally(TestNG.java:1169)\n\tat org.testng.TestNG.runSuites(TestNG.java:1092)\n\tat org.testng.TestNG.run(TestNG.java:1060)\n\tat org.apache.maven.surefire.testng.TestNGExecutor.run(TestNGExecutor.java:136)\n\tat org.apache.maven.surefire.testng.TestNGDirectoryTestSuite.executeMulti(TestNGDirectoryTestSuite.java:193)\n\tat org.apache.maven.surefire.testng.TestNGDirectoryTestSuite.execute(TestNGDirectoryTestSuite.java:94)\n\tat org.apache.maven.surefire.testng.TestNGProvider.invoke(TestNGProvider.java:145)\n\tat org.apache.maven.surefire.booter.ForkedBooter.runSuitesInProcess(ForkedBooter.java:428)\n\tat org.apache.maven.surefire.booter.ForkedBooter.execute(ForkedBooter.java:162)\n\tat org.apache.maven.surefire.booter.ForkedBooter.run(ForkedBooter.java:562)\n\tat org.apache.maven.surefire.booter.ForkedBooter.main(ForkedBooter.java:548)\n",
    "steps" : [ ],
    "attachments" : [ {
      "uid" : "d4caac953bbd905d",
      "name" : "Attachment: SHAFT Engine Logs - Current Method log: assertElementExists_true_expectedToFail",
      "source" : "d4caac953bbd905d.txt",
      "type" : "text/plain",
      "size" : 452
    } ],
    "parameters" : [ ],
    "stepsCount" : 0,
    "attachmentsCount" : 1,
    "shouldDisplayMessage" : true,
    "hasContent" : true
  },
  "afterStages" : [ {
    "name" : "afterMethod",
    "time" : {
      "start" : 1643334920557,
      "stop" : 1643334920557,
      "duration" : 0
    },
    "description" : "",
    "status" : "broken",
    "steps" : [ ],
    "attachments" : [ ],
    "parameters" : [ ],
    "stepsCount" : 0,
    "attachmentsCount" : 0,
    "shouldDisplayMessage" : false,
    "hasContent" : false
  }, {
    "name" : "teardownActivities",
    "time" : {
      "start" : 1643335226162,
      "stop" : 1643335226609,
      "duration" : 447
    },
    "description" : "",
    "status" : "passed",
    "steps" : [ {
      "name" : "Successfully Closed All Drivers.",
      "time" : {
        "start" : 1643335226163,
        "stop" : 1643335226163,
        "duration" : 0
      },
      "status" : "passed",
      "steps" : [ ],
      "attachments" : [ ],
      "parameters" : [ {
        "name" : "actionCounter",
        "value" : "520"
      }, {
        "name" : "logText",
        "value" : "Successfully Closed All Drivers."
      } ],
      "stepsCount" : 0,
      "attachmentsCount" : 0,
      "shouldDisplayMessage" : false,
      "hasContent" : true
    }, {
      "name" : "Issue Summary: Total Issues = 6, New issues for Failed Tests = 4, Open issues for Passed Tests = 2, Open issues for Failed Tests = 0. Kindly check the attached Issue details.",
      "time" : {
        "start" : 1643335226171,
        "stop" : 1643335226172,
        "duration" : 1
      },
      "status" : "passed",
      "steps" : [ ],
      "attachments" : [ {
        "uid" : "d0f8fa7e7d7b7771",
        "name" : "Attachment: SHAFT Engine Logs - Issues log CSV: 20220128-020026",
        "source" : "d0f8fa7e7d7b7771.csv",
        "type" : "text/csv",
        "size" : 767
      } ],
      "parameters" : [ {
        "name" : "actionCounter",
        "value" : "521"
      }, {
        "name" : "logText",
        "value" : "Issue Summary: Total Issues = 6, New issues for Failed Tests = 4, Open issues for Passed Tests = 2, Open issues for Failed Tests = 0. Kindly check the attached Issue details."
      }, {
        "name" : "attachments",
        "value" : "[[SHAFT Engine Logs, Issues log CSV: 20220128-020026, java.io.ByteArrayInputStream@2d474536]]"
      } ],
      "stepsCount" : 0,
      "attachmentsCount" : 1,
      "shouldDisplayMessage" : false,
      "hasContent" : true
    } ],
    "attachments" : [ {
      "uid" : "4b1d49bf7b5094a",
      "name" : "Attachment: SHAFT Engine Logs - Execution log: 20220128-020026",
      "source" : "4b1d49bf7b5094a.txt",
      "type" : "text/plain",
      "size" : 315253
    }, {
      "uid" : "27120dd7a6da8685",
      "name" : "Attachment: HTML - Extent Emailable Execution Report",
      "source" : "27120dd7a6da8685.html",
      "type" : "text/html",
      "size" : 8734272
    } ],
    "parameters" : [ ],
    "stepsCount" : 2,
    "attachmentsCount" : 3,
    "shouldDisplayMessage" : false,
    "hasContent" : true
  } ],
  "labels" : [ {
    "name" : "package",
    "value" : "unitTests.tests_validations_assertions"
  }, {
    "name" : "testClass",
    "value" : "unitTests.tests_validations_assertions"
  }, {
    "name" : "testMethod",
    "value" : "assertElementExists_true_expectedToFail"
  }, {
    "name" : "parentSuite",
    "value" : "SHAFT: Custom Suite"
  }, {
    "name" : "suite",
    "value" : "SHAFT: Custom Test"
  }, {
    "name" : "subSuite",
    "value" : "unitTests.tests_validations_assertions"
  }, {
    "name" : "host",
    "value" : "Mac-1643334384389.local"
  }, {
    "name" : "thread",
    "value" : "2911@Mac-1643334384389.local.main(1)"
  }, {
    "name" : "framework",
    "value" : "testng"
  }, {
    "name" : "language",
    "value" : "java"
  }, {
    "name" : "resultFormat",
    "value" : "allure2"
  } ],
  "parameters" : [ ],
  "links" : [ ],
  "hidden" : false,
  "retry" : false,
  "extra" : {
    "severity" : "normal",
    "retries" : [ ],
    "categories" : [ ],
    "history" : {
      "statistic" : {
        "failed" : 0,
        "broken" : 5,
        "skipped" : 53,
        "passed" : 7,
        "unknown" : 0,
        "total" : 65
      },
      "items" : [ {
        "uid" : "487597fd53a21b0",
        "reportUrl" : "https://MohabMohie.github.io/SHAFT_ENGINE/allure/macOS/Web/1093//#testresult/487597fd53a21b0",
        "status" : "skipped",
        "statusDetails" : "Driver Factory Action [createNewLocalDriverInstanceForSafari] failed. With the following test data [Failed to create a session on DESKTOP_SAFARI].",
        "time" : {
          "start" : 1643116297747,
          "stop" : 1643116297748,
          "duration" : 1
        }
      }, {
        "uid" : "8a91e899199f2a59",
        "reportUrl" : "https://MohabMohie.github.io/SHAFT_ENGINE/allure/macOS/Web/1089//#testresult/8a91e899199f2a59",
        "status" : "skipped",
        "statusDetails" : "Driver Factory Action [createNewLocalDriverInstanceForSafari] failed. With the following test data [Failed to create a session on DESKTOP_SAFARI].",
        "time" : {
          "start" : 1643075894645,
          "stop" : 1643075894646,
          "duration" : 1
        }
      }, {
        "uid" : "4eb9d1b7b2f1af0a",
        "reportUrl" : "https://MohabMohie.github.io/SHAFT_ENGINE/allure/macOS/Web/1086//#testresult/4eb9d1b7b2f1af0a",
        "status" : "skipped",
        "statusDetails" : "Driver Factory Action [createNewLocalDriverInstanceForSafari] failed. With the following test data [Failed to create a session on DESKTOP_SAFARI].",
        "time" : {
          "start" : 1642989446838,
          "stop" : 1642989446839,
          "duration" : 1
        }
      }, {
        "uid" : "6784737cc3087aa0",
        "reportUrl" : "https://MohabMohie.github.io/SHAFT_ENGINE/allure/macOS/Web/1080//#testresult/6784737cc3087aa0",
        "status" : "skipped",
        "statusDetails" : "Driver Factory Action [createNewLocalDriverInstanceForSafari] failed. With the following test data [Failed to create a session on DESKTOP_SAFARI].",
        "time" : {
          "start" : 1642644328555,
          "stop" : 1642644328556,
          "duration" : 1
        }
      }, {
        "uid" : "5ed33f612a1670a8",
        "reportUrl" : "https://MohabMohie.github.io/SHAFT_ENGINE/allure/macOS/Web/1077//#testresult/5ed33f612a1670a8",
        "status" : "skipped",
        "statusDetails" : "Driver Factory Action [createNewLocalDriverInstanceForSafari] failed. With the following test data [Failed to create a session on DESKTOP_SAFARI].",
        "time" : {
          "start" : 1642538948681,
          "stop" : 1642538948683,
          "duration" : 2
        }
      }, {
        "uid" : "dd4394b09a8cd211",
        "reportUrl" : "https://MohabMohie.github.io/SHAFT_ENGINE/allure/macOS/Web/1072//#testresult/dd4394b09a8cd211",
        "status" : "skipped",
        "statusDetails" : "Driver Factory Action [createNewLocalDriverInstanceForSafari] failed. With the following test data [Failed to create a session on DESKTOP_SAFARI].",
        "time" : {
          "start" : 1642345194562,
          "stop" : 1642345194563,
          "duration" : 1
        }
      }, {
        "uid" : "877328ca35d0a54e",
        "reportUrl" : "https://MohabMohie.github.io/SHAFT_ENGINE/allure/macOS/Web/1068//#testresult/877328ca35d0a54e",
        "status" : "skipped",
        "statusDetails" : "Driver Factory Action [createNewLocalDriverInstanceForSafari] failed. With the following test data [Failed to create a session on DESKTOP_SAFARI].",
        "time" : {
          "start" : 1642298641561,
          "stop" : 1642298641562,
          "duration" : 1
        }
      }, {
        "uid" : "53fd877984f4fb6d",
        "reportUrl" : "https://MohabMohie.github.io/SHAFT_ENGINE/allure/macOS/Web/1067//#testresult/53fd877984f4fb6d",
        "status" : "skipped",
        "statusDetails" : "Driver Factory Action [createNewLocalDriverInstanceForSafari] failed. With the following test data [Failed to create a session on DESKTOP_SAFARI].",
        "time" : {
          "start" : 1642211919580,
          "stop" : 1642211919581,
          "duration" : 1
        }
      }, {
        "uid" : "ae0b682eec85da3",
        "reportUrl" : "https://MohabMohie.github.io/SHAFT_ENGINE/allure/macOS/Web/1063//#testresult/ae0b682eec85da3",
        "status" : "skipped",
        "statusDetails" : "Driver Factory Action [createNewLocalDriverInstanceForSafari] failed. With the following test data [Failed to create a session on DESKTOP_SAFARI].",
        "time" : {
          "start" : 1642192545206,
          "stop" : 1642192545207,
          "duration" : 1
        }
      }, {
        "uid" : "ad2237d8de8763",
        "reportUrl" : "https://MohabMohie.github.io/SHAFT_ENGINE/allure/macOS/Web/1052//#testresult/ad2237d8de8763",
        "status" : "skipped",
        "statusDetails" : "Driver Factory Action [createNewLocalDriverInstanceForSafari] failed. With the following test data [Failed to create a session on DESKTOP_SAFARI].",
        "time" : {
          "start" : 1642061168809,
          "stop" : 1642061168810,
          "duration" : 1
        }
      }, {
        "uid" : "58dd917e3e528722",
        "reportUrl" : "https://MohabMohie.github.io/SHAFT_ENGINE/allure/macOS/Web/1051//#testresult/58dd917e3e528722",
        "status" : "skipped",
        "statusDetails" : "Driver Factory Action [createNewLocalDriverInstanceForSafari] failed. With the following test data [Failed to create a session on DESKTOP_SAFARI].",
        "time" : {
          "start" : 1642039353210,
          "stop" : 1642039353213,
          "duration" : 3
        }
      }, {
        "uid" : "c40852c7dd0442cd",
        "reportUrl" : "https://MohabMohie.github.io/SHAFT_ENGINE/allure/macOS/Web/1049//#testresult/c40852c7dd0442cd",
        "status" : "skipped",
        "statusDetails" : "Driver Factory Action [createNewLocalDriverInstanceForSafari] failed. With the following test data [Failed to create a session on DESKTOP_SAFARI].",
        "time" : {
          "start" : 1642016255116,
          "stop" : 1642016255118,
          "duration" : 2
        }
      }, {
        "uid" : "1f6f1e5b9c4e22b2",
        "reportUrl" : "https://MohabMohie.github.io/SHAFT_ENGINE/allure/macOS/Web/1039//#testresult/1f6f1e5b9c4e22b2",
        "status" : "skipped",
        "statusDetails" : "Driver Factory Action [createNewLocalDriverInstanceForSafari] failed. With the following test data [Failed to create a session on DESKTOP_SAFARI].",
        "time" : {
          "start" : 1641866478889,
          "stop" : 1641866478891,
          "duration" : 2
        }
      }, {
        "uid" : "276e8c2e961db97f",
        "reportUrl" : "https://MohabMohie.github.io/SHAFT_ENGINE/allure/macOS/Web/1034//#testresult/276e8c2e961db97f",
        "status" : "skipped",
        "statusDetails" : "Driver Factory Action [createNewLocalDriverInstanceForSafari] failed. With the following test data [Failed to create a session on DESKTOP_SAFARI].",
        "time" : {
          "start" : 1641780019415,
          "stop" : 1641780019496,
          "duration" : 81
        }
      }, {
        "uid" : "b05fe80ee4f1516",
        "reportUrl" : "https://MohabMohie.github.io/SHAFT_ENGINE/allure/macOS/Web/1032//#testresult/b05fe80ee4f1516",
        "status" : "skipped",
        "statusDetails" : "Driver Factory Action [createNewLocalDriverInstanceForSafari] failed. With the following test data [Failed to create a session on DESKTOP_SAFARI].",
        "time" : {
          "start" : 1641607184972,
          "stop" : 1641607184973,
          "duration" : 1
        }
      }, {
        "uid" : "ee57da367968a9b1",
        "reportUrl" : "https://MohabMohie.github.io/SHAFT_ENGINE/allure/macOS/Web/1031//#testresult/ee57da367968a9b1",
        "status" : "passed",
        "time" : {
          "start" : 1641539114274,
          "stop" : 1641539145856,
          "duration" : 31582
        }
      }, {
        "uid" : "236d8929f1b03379",
        "reportUrl" : "https://MohabMohie.github.io/SHAFT_ENGINE/allure/macOS/Web/1030//#testresult/236d8929f1b03379",
        "status" : "skipped",
        "statusDetails" : "Driver Factory Action [createNewLocalDriverInstanceForSafari] failed. With the following test data [Failed to create a session on DESKTOP_SAFARI].",
        "time" : {
          "start" : 1641521098748,
          "stop" : 1641521098749,
          "duration" : 1
        }
      }, {
        "uid" : "62ce3030cd645250",
        "reportUrl" : "https://MohabMohie.github.io/SHAFT_ENGINE/allure/macOS/Web/1028//#testresult/62ce3030cd645250",
        "status" : "skipped",
        "statusDetails" : "Driver Factory Action [createNewLocalDriverInstanceForSafari] failed. With the following test data [Failed to create a session on DESKTOP_SAFARI].",
        "time" : {
          "start" : 1641434742472,
          "stop" : 1641434742473,
          "duration" : 1
        }
      }, {
        "uid" : "90a6121ffdae334d",
        "reportUrl" : "https://MohabMohie.github.io/SHAFT_ENGINE/allure/macOS/Web/1027//#testresult/90a6121ffdae334d",
        "status" : "skipped",
        "statusDetails" : "Driver Factory Action [createNewLocalDriverInstanceForSafari] failed. With the following test data [Failed to create a session on DESKTOP_SAFARI].",
        "time" : {
          "start" : 1641402767195,
          "stop" : 1641402767203,
          "duration" : 8
        }
      }, {
        "uid" : "d31ad852fb0a00a0",
        "reportUrl" : "https://MohabMohie.github.io/SHAFT_ENGINE/allure/macOS/Web/1025//#testresult/d31ad852fb0a00a0",
        "status" : "skipped",
        "statusDetails" : "Driver Factory Action [createNewLocalDriverInstanceForSafari] failed. With the following test data [Failed to create a session on DESKTOP_SAFARI].",
        "time" : {
          "start" : 1641348050769,
          "stop" : 1641348050771,
          "duration" : 2
        }
      } ]
    },
    "tags" : [ ]
  },
  "source" : "c3e6888b15fdb843.json",
  "parameterValues" : [ ]
}