{
  "uid" : "4dca1247227a8b07",
  "name" : "f33",
  "fullName" : "testPackage01.Test_NewValidationHelper.f33",
  "historyId" : "c86091caae292bffb9efd84314332710",
  "time" : {
    "start" : 1642019652253,
    "stop" : 1642019652254,
    "duration" : 1
  },
  "status" : "skipped",
  "statusMessage" : "Driver Factory Action [createNewLocalDriverInstanceForSafari] failed. With the following test data [Failed to create a session on DESKTOP_SAFARI].",
  "statusTrace" : "java.lang.AssertionError: Driver Factory Action [createNewLocalDriverInstanceForSafari] failed. With the following test data [Failed to create a session on DESKTOP_SAFARI].\n\tat org.testng.Assert.fail(Assert.java:110)\n\tat com.shaft.driver.DriverFactoryHelper.failAction(DriverFactoryHelper.java:306)\n\tat com.shaft.driver.DriverFactoryHelper.createNewLocalDriverInstanceForSafari(DriverFactoryHelper.java:576)\n\tat com.shaft.driver.DriverFactoryHelper.createNewLocalDriverInstance(DriverFactoryHelper.java:596)\n\tat com.shaft.driver.DriverFactoryHelper.getDriver(DriverFactoryHelper.java:815)\n\tat com.shaft.driver.DriverFactoryHelper.getDriver(DriverFactoryHelper.java:140)\n\tat com.shaft.driver.DriverFactory.getDriver(DriverFactory.java:27)\n\tat com.shaft.gui.browser.BrowserFactory.getBrowser(BrowserFactory.java:21)\n\tat testPackage01.Test_NewValidationHelper.openBrowser(Test_NewValidationHelper.java:326)\n\tat java.base/jdk.internal.reflect.NativeMethodAccessorImpl.invoke0(Native Method)\n\tat java.base/jdk.internal.reflect.NativeMethodAccessorImpl.invoke(NativeMethodAccessorImpl.java:77)\n\tat java.base/jdk.internal.reflect.DelegatingMethodAccessorImpl.invoke(DelegatingMethodAccessorImpl.java:43)\n\tat java.base/java.lang.reflect.Method.invoke(Method.java:568)\n\tat org.testng.internal.invokers.MethodInvocationHelper.invokeMethod(MethodInvocationHelper.java:135)\n\tat org.testng.internal.invokers.MethodInvocationHelper.invokeMethodConsideringTimeout(MethodInvocationHelper.java:65)\n\tat org.testng.internal.invokers.ConfigInvoker.invokeConfigurationMethod(ConfigInvoker.java:381)\n\tat org.testng.internal.invokers.ConfigInvoker.invokeConfigurations(ConfigInvoker.java:319)\n\tat org.testng.internal.invokers.TestInvoker.runConfigMethods(TestInvoker.java:803)\n\tat org.testng.internal.invokers.TestInvoker.invokeMethod(TestInvoker.java:589)\n\tat org.testng.internal.invokers.TestInvoker.invokeTestMethod(TestInvoker.java:220)\n\tat org.testng.internal.invokers.MethodRunner.runInSequence(MethodRunner.java:50)\n\tat org.testng.internal.invokers.TestInvoker$MethodInvocationAgent.invoke(TestInvoker.java:945)\n\tat org.testng.internal.invokers.TestInvoker.invokeTestMethods(TestInvoker.java:193)\n\tat org.testng.internal.invokers.TestMethodWorker.invokeTestMethods(TestMethodWorker.java:146)\n\tat org.testng.internal.invokers.TestMethodWorker.run(TestMethodWorker.java:128)\n\tat java.base/java.util.ArrayList.forEach(ArrayList.java:1511)\n\tat org.testng.TestRunner.privateRun(TestRunner.java:808)\n\tat org.testng.TestRunner.run(TestRunner.java:603)\n\tat org.testng.SuiteRunner.runTest(SuiteRunner.java:429)\n\tat org.testng.SuiteRunner.runSequentially(SuiteRunner.java:423)\n\tat org.testng.SuiteRunner.privateRun(SuiteRunner.java:383)\n\tat org.testng.SuiteRunner.run(SuiteRunner.java:326)\n\tat org.testng.SuiteRunnerWorker.runSuite(SuiteRunnerWorker.java:52)\n\tat org.testng.SuiteRunnerWorker.run(SuiteRunnerWorker.java:95)\n\tat org.testng.TestNG.runSuitesSequentially(TestNG.java:1249)\n\tat org.testng.TestNG.runSuitesLocally(TestNG.java:1169)\n\tat org.testng.TestNG.runSuites(TestNG.java:1092)\n\tat org.testng.TestNG.run(TestNG.java:1060)\n\tat org.apache.maven.surefire.testng.TestNGExecutor.run(TestNGExecutor.java:136)\n\tat org.apache.maven.surefire.testng.TestNGDirectoryTestSuite.executeMulti(TestNGDirectoryTestSuite.java:193)\n\tat org.apache.maven.surefire.testng.TestNGDirectoryTestSuite.execute(TestNGDirectoryTestSuite.java:94)\n\tat org.apache.maven.surefire.testng.TestNGProvider.invoke(TestNGProvider.java:145)\n\tat org.apache.maven.surefire.booter.ForkedBooter.runSuitesInProcess(ForkedBooter.java:428)\n\tat org.apache.maven.surefire.booter.ForkedBooter.execute(ForkedBooter.java:162)\n\tat org.apache.maven.surefire.booter.ForkedBooter.run(ForkedBooter.java:562)\n\tat org.apache.maven.surefire.booter.ForkedBooter.main(ForkedBooter.java:548)\n",
  "flaky" : false,
  "newFailed" : false,
  "newBroken" : false,
  "newPassed" : false,
  "retriesCount" : 0,
  "retriesStatusChange" : false,
  "beforeStages" : [ {
    "name" : "setupActivities",
    "time" : {
      "start" : 1642019309685,
      "stop" : 1642019312279,
      "duration" : 2594
    },
    "description" : "",
    "status" : "passed",
    "steps" : [ {
      "name" : "Folder [allure-results] was not found, it may have already been deleted.",
      "time" : {
        "start" : 1642019309812,
        "stop" : 1642019309814,
        "duration" : 2
      },
      "status" : "passed",
      "steps" : [ ],
      "attachments" : [ ],
      "parameters" : [ {
        "name" : "actionCounter",
        "value" : "1"
      }, {
        "name" : "logText",
        "value" : "Folder [allure-results] was not found, it may have already been deleted."
      } ],
      "stepsCount" : 0,
      "attachmentsCount" : 0,
      "shouldDisplayMessage" : false,
      "hasContent" : true
    }, {
      "name" : "Folder [/Users/runner/.m2/repository/allure/] was not found, it may have already been deleted.",
      "time" : {
        "start" : 1642019309815,
        "stop" : 1642019309815,
        "duration" : 0
      },
      "status" : "passed",
      "steps" : [ ],
      "attachments" : [ ],
      "parameters" : [ {
        "name" : "actionCounter",
        "value" : "2"
      }, {
        "name" : "logText",
        "value" : "Folder [/Users/runner/.m2/repository/allure/] was not found, it may have already been deleted."
      } ],
      "stepsCount" : 0,
      "attachmentsCount" : 0,
      "shouldDisplayMessage" : false,
      "hasContent" : true
    }, {
      "name" : "Downloading a file from this url [https://repo.maven.apache.org/maven2/io/qameta/allure/allure-commandline/2.17.2/allure-commandline-2.17.2.zip] to this directory [target/allureBinary.zip], please wait as downloading may take some time...",
      "time" : {
        "start" : 1642019309816,
        "stop" : 1642019309816,
        "duration" : 0
      },
      "status" : "passed",
      "steps" : [ ],
      "attachments" : [ ],
      "parameters" : [ {
        "name" : "actionCounter",
        "value" : "3"
      }, {
        "name" : "logText",
        "value" : "Downloading a file from this url [https://repo.maven.apache.org/maven2/io/qameta/allure/allure-commandline/2.17.2/allure-commandline-2.17.2.zip] to this directory [target/allureBinary.zip], please wait as downloading may take some time..."
      } ],
      "stepsCount" : 0,
      "attachmentsCount" : 0,
      "shouldDisplayMessage" : false,
      "hasContent" : true
    }, {
      "name" : "Terminal Action [PerformTerminalCommands] successfully performed. With the following test data [Host Name: \"localHost\" | Command: \"chmod u+x /Users/runner/.m2/repository/allure/allure-2.17.2/bin/allure\" | Exit Status: \"0\"].",
      "time" : {
        "start" : 1642019311518,
        "stop" : 1642019311518,
        "duration" : 0
      },
      "status" : "passed",
      "steps" : [ ],
      "attachments" : [ ],
      "parameters" : [ {
        "name" : "actionCounter",
        "value" : "4"
      }, {
        "name" : "logText",
        "value" : "Terminal Action [PerformTerminalCommands] successfully performed. With the following test data [Host Name: \"localHost\" | Command: \"chmod u+x /Users/runner/.m2/repository/allure/allure-2.17.2/bin/allure\" | Exit Status: \"0\"]."
      } ],
      "stepsCount" : 0,
      "attachmentsCount" : 0,
      "shouldDisplayMessage" : false,
      "hasContent" : true
    }, {
      "name" : "Terminal Action [PerformTerminalCommands] successfully performed. With the following test data [Host Name: \"localHost\" | Command: \"chmod u+x generate_allure_report.sh\" | Exit Status: \"0\"].",
      "time" : {
        "start" : 1642019311525,
        "stop" : 1642019311525,
        "duration" : 0
      },
      "status" : "passed",
      "steps" : [ ],
      "attachments" : [ ],
      "parameters" : [ {
        "name" : "actionCounter",
        "value" : "5"
      }, {
        "name" : "logText",
        "value" : "Terminal Action [PerformTerminalCommands] successfully performed. With the following test data [Host Name: \"localHost\" | Command: \"chmod u+x generate_allure_report.sh\" | Exit Status: \"0\"]."
      } ],
      "stepsCount" : 0,
      "attachmentsCount" : 0,
      "shouldDisplayMessage" : false,
      "hasContent" : true
    }, {
      "name" : "Folder [extent-reports] was not found, it may have already been deleted.",
      "time" : {
        "start" : 1642019311613,
        "stop" : 1642019311613,
        "duration" : 0
      },
      "status" : "passed",
      "steps" : [ ],
      "attachments" : [ ],
      "parameters" : [ {
        "name" : "actionCounter",
        "value" : "6"
      }, {
        "name" : "logText",
        "value" : "Folder [extent-reports] was not found, it may have already been deleted."
      } ],
      "stepsCount" : 0,
      "attachmentsCount" : 0,
      "shouldDisplayMessage" : false,
      "hasContent" : true
    } ],
    "attachments" : [ {
      "uid" : "85f60ddcefcdea66",
      "name" : "Attachment: SHAFT Links - Important",
      "source" : "85f60ddcefcdea66.uri",
      "type" : "text/uri-list",
      "size" : 346
    }, {
      "uid" : "3d378023792fa833",
      "name" : "Attachment: Properties - testNG",
      "source" : "3d378023792fa833.properties",
      "type" : "text/plain",
      "size" : 492
    }, {
      "uid" : "30f52b4a1bf20859",
      "name" : "Attachment: Properties - ExecutionPlatform",
      "source" : "30f52b4a1bf20859.properties",
      "type" : "text/plain",
      "size" : 394
    }, {
      "uid" : "22a6fe0142766a17",
      "name" : "Attachment: Properties - path",
      "source" : "22a6fe0142766a17.properties",
      "type" : "text/plain",
      "size" : 687
    }, {
      "uid" : "af9a541369c0db97",
      "name" : "Attachment: Properties - video",
      "source" : "af9a541369c0db97.properties",
      "type" : "text/plain",
      "size" : 763
    }, {
      "uid" : "73839c838714da12",
      "name" : "Attachment: Properties - pattern",
      "source" : "73839c838714da12.properties",
      "type" : "text/plain",
      "size" : 564
    }, {
      "uid" : "5cc6ad756287de0e",
      "name" : "Attachment: Properties - internal",
      "source" : "5cc6ad756287de0e.properties",
      "type" : "text/plain",
      "size" : 112
    }, {
      "uid" : "b2d4f91893b72616",
      "name" : "Attachment: Properties - MobileCapabilities",
      "source" : "b2d4f91893b72616.properties",
      "type" : "text/plain",
      "size" : 470
    }, {
      "uid" : "b0c95d44ce212b32",
      "name" : "Attachment: Properties - cucumber",
      "source" : "b0c95d44ce212b32.properties",
      "type" : "text/plain",
      "size" : 226
    }, {
      "uid" : "e3a32d2711382df3",
      "name" : "Attachment: Properties - PlatformFlags",
      "source" : "e3a32d2711382df3.properties",
      "type" : "text/plain",
      "size" : 765
    }, {
      "uid" : "552af92d8916a42b",
      "name" : "Attachment: Properties - Timeouts",
      "source" : "552af92d8916a42b.properties",
      "type" : "text/plain",
      "size" : 722
    }, {
      "uid" : "23af761b8fe5489",
      "name" : "Attachment: Properties - Reporting",
      "source" : "23af761b8fe5489.properties",
      "type" : "text/plain",
      "size" : 614
    }, {
      "uid" : "80214fe28dd1455f",
      "name" : "Attachment: Properties - browserStack",
      "source" : "80214fe28dd1455f.properties",
      "type" : "text/plain",
      "size" : 877
    }, {
      "uid" : "c9c3547608777b6f",
      "name" : "Attachment: Properties - VisualValidations",
      "source" : "c9c3547608777b6f.properties",
      "type" : "text/plain",
      "size" : 723
    } ],
    "parameters" : [ ],
    "stepsCount" : 6,
    "attachmentsCount" : 14,
    "shouldDisplayMessage" : false,
    "hasContent" : true
  } ],
  "testStage" : {
    "status" : "skipped",
    "statusMessage" : "Driver Factory Action [createNewLocalDriverInstanceForSafari] failed. With the following test data [Failed to create a session on DESKTOP_SAFARI].",
    "statusTrace" : "java.lang.AssertionError: Driver Factory Action [createNewLocalDriverInstanceForSafari] failed. With the following test data [Failed to create a session on DESKTOP_SAFARI].\n\tat org.testng.Assert.fail(Assert.java:110)\n\tat com.shaft.driver.DriverFactoryHelper.failAction(DriverFactoryHelper.java:306)\n\tat com.shaft.driver.DriverFactoryHelper.createNewLocalDriverInstanceForSafari(DriverFactoryHelper.java:576)\n\tat com.shaft.driver.DriverFactoryHelper.createNewLocalDriverInstance(DriverFactoryHelper.java:596)\n\tat com.shaft.driver.DriverFactoryHelper.getDriver(DriverFactoryHelper.java:815)\n\tat com.shaft.driver.DriverFactoryHelper.getDriver(DriverFactoryHelper.java:140)\n\tat com.shaft.driver.DriverFactory.getDriver(DriverFactory.java:27)\n\tat com.shaft.gui.browser.BrowserFactory.getBrowser(BrowserFactory.java:21)\n\tat testPackage01.Test_NewValidationHelper.openBrowser(Test_NewValidationHelper.java:326)\n\tat java.base/jdk.internal.reflect.NativeMethodAccessorImpl.invoke0(Native Method)\n\tat java.base/jdk.internal.reflect.NativeMethodAccessorImpl.invoke(NativeMethodAccessorImpl.java:77)\n\tat java.base/jdk.internal.reflect.DelegatingMethodAccessorImpl.invoke(DelegatingMethodAccessorImpl.java:43)\n\tat java.base/java.lang.reflect.Method.invoke(Method.java:568)\n\tat org.testng.internal.invokers.MethodInvocationHelper.invokeMethod(MethodInvocationHelper.java:135)\n\tat org.testng.internal.invokers.MethodInvocationHelper.invokeMethodConsideringTimeout(MethodInvocationHelper.java:65)\n\tat org.testng.internal.invokers.ConfigInvoker.invokeConfigurationMethod(ConfigInvoker.java:381)\n\tat org.testng.internal.invokers.ConfigInvoker.invokeConfigurations(ConfigInvoker.java:319)\n\tat org.testng.internal.invokers.TestInvoker.runConfigMethods(TestInvoker.java:803)\n\tat org.testng.internal.invokers.TestInvoker.invokeMethod(TestInvoker.java:589)\n\tat org.testng.internal.invokers.TestInvoker.invokeTestMethod(TestInvoker.java:220)\n\tat org.testng.internal.invokers.MethodRunner.runInSequence(MethodRunner.java:50)\n\tat org.testng.internal.invokers.TestInvoker$MethodInvocationAgent.invoke(TestInvoker.java:945)\n\tat org.testng.internal.invokers.TestInvoker.invokeTestMethods(TestInvoker.java:193)\n\tat org.testng.internal.invokers.TestMethodWorker.invokeTestMethods(TestMethodWorker.java:146)\n\tat org.testng.internal.invokers.TestMethodWorker.run(TestMethodWorker.java:128)\n\tat java.base/java.util.ArrayList.forEach(ArrayList.java:1511)\n\tat org.testng.TestRunner.privateRun(TestRunner.java:808)\n\tat org.testng.TestRunner.run(TestRunner.java:603)\n\tat org.testng.SuiteRunner.runTest(SuiteRunner.java:429)\n\tat org.testng.SuiteRunner.runSequentially(SuiteRunner.java:423)\n\tat org.testng.SuiteRunner.privateRun(SuiteRunner.java:383)\n\tat org.testng.SuiteRunner.run(SuiteRunner.java:326)\n\tat org.testng.SuiteRunnerWorker.runSuite(SuiteRunnerWorker.java:52)\n\tat org.testng.SuiteRunnerWorker.run(SuiteRunnerWorker.java:95)\n\tat org.testng.TestNG.runSuitesSequentially(TestNG.java:1249)\n\tat org.testng.TestNG.runSuitesLocally(TestNG.java:1169)\n\tat org.testng.TestNG.runSuites(TestNG.java:1092)\n\tat org.testng.TestNG.run(TestNG.java:1060)\n\tat org.apache.maven.surefire.testng.TestNGExecutor.run(TestNGExecutor.java:136)\n\tat org.apache.maven.surefire.testng.TestNGDirectoryTestSuite.executeMulti(TestNGDirectoryTestSuite.java:193)\n\tat org.apache.maven.surefire.testng.TestNGDirectoryTestSuite.execute(TestNGDirectoryTestSuite.java:94)\n\tat org.apache.maven.surefire.testng.TestNGProvider.invoke(TestNGProvider.java:145)\n\tat org.apache.maven.surefire.booter.ForkedBooter.runSuitesInProcess(ForkedBooter.java:428)\n\tat org.apache.maven.surefire.booter.ForkedBooter.execute(ForkedBooter.java:162)\n\tat org.apache.maven.surefire.booter.ForkedBooter.run(ForkedBooter.java:562)\n\tat org.apache.maven.surefire.booter.ForkedBooter.main(ForkedBooter.java:548)\n",
    "steps" : [ ],
    "attachments" : [ {
      "uid" : "29249c75c27c1a32",
      "name" : "Attachment: SHAFT Engine Logs - Current Method log: f33",
      "source" : "29249c75c27c1a32.txt",
      "type" : "text/plain",
      "size" : 417
    } ],
    "parameters" : [ ],
    "stepsCount" : 0,
    "attachmentsCount" : 1,
    "shouldDisplayMessage" : true,
    "hasContent" : true
  },
  "afterStages" : [ {
    "name" : "teardownActivities",
    "time" : {
      "start" : 1642019752365,
      "stop" : 1642019752832,
      "duration" : 467
    },
    "description" : "",
    "status" : "passed",
    "steps" : [ {
      "name" : "Successfully Closed All Drivers.",
      "time" : {
        "start" : 1642019752366,
        "stop" : 1642019752366,
        "duration" : 0
      },
      "status" : "passed",
      "steps" : [ ],
      "attachments" : [ ],
      "parameters" : [ {
        "name" : "actionCounter",
        "value" : "407"
      }, {
        "name" : "logText",
        "value" : "Successfully Closed All Drivers."
      } ],
      "stepsCount" : 0,
      "attachmentsCount" : 0,
      "shouldDisplayMessage" : false,
      "hasContent" : true
    }, {
      "name" : "Issue Summary: Total Issues = 8, New issues for Failed Tests = 6, Open issues for Passed Tests = 2, Open issues for Failed Tests = 0. Kindly check the attached Issue details.",
      "time" : {
        "start" : 1642019752377,
        "stop" : 1642019752377,
        "duration" : 0
      },
      "status" : "passed",
      "steps" : [ ],
      "attachments" : [ {
        "uid" : "bb223ced9dbf86d6",
        "name" : "Attachment: SHAFT Engine Logs - Issues log CSV: 20220112-203552",
        "source" : "bb223ced9dbf86d6.csv",
        "type" : "text/csv",
        "size" : 1022
      } ],
      "parameters" : [ {
        "name" : "actionCounter",
        "value" : "408"
      }, {
        "name" : "logText",
        "value" : "Issue Summary: Total Issues = 8, New issues for Failed Tests = 6, Open issues for Passed Tests = 2, Open issues for Failed Tests = 0. Kindly check the attached Issue details."
      }, {
        "name" : "attachments",
        "value" : "[[SHAFT Engine Logs, Issues log CSV: 20220112-203552, java.io.ByteArrayInputStream@683a646c]]"
      } ],
      "stepsCount" : 0,
      "attachmentsCount" : 1,
      "shouldDisplayMessage" : false,
      "hasContent" : true
    } ],
    "attachments" : [ {
      "uid" : "739813f6b95463a",
      "name" : "Attachment: SHAFT Engine Logs - Execution log: 20220112-203552",
      "source" : "739813f6b95463a.txt",
      "type" : "text/plain",
      "size" : 224176
    }, {
      "uid" : "98ae8a5a6b80b3ce",
      "name" : "Attachment: HTML - Extent Emailable Execution Report",
      "source" : "98ae8a5a6b80b3ce.html",
      "type" : "text/html",
      "size" : 6430446
    } ],
    "parameters" : [ ],
    "stepsCount" : 2,
    "attachmentsCount" : 3,
    "shouldDisplayMessage" : false,
    "hasContent" : true
  } ],
  "labels" : [ {
    "name" : "package",
    "value" : "testPackage01.Test_NewValidationHelper"
  }, {
    "name" : "testClass",
    "value" : "testPackage01.Test_NewValidationHelper"
  }, {
    "name" : "testMethod",
    "value" : "f33"
  }, {
    "name" : "parentSuite",
    "value" : "SHAFT: Custom Suite"
  }, {
    "name" : "suite",
    "value" : "SHAFT: Custom Test"
  }, {
    "name" : "subSuite",
    "value" : "testPackage01.Test_NewValidationHelper"
  }, {
    "name" : "host",
    "value" : "Mac-1642019184233.local"
  }, {
    "name" : "thread",
    "value" : "1565@Mac-1642019184233.local.main(1)"
  }, {
    "name" : "framework",
    "value" : "testng"
  }, {
    "name" : "language",
    "value" : "java"
  }, {
    "name" : "resultFormat",
    "value" : "allure2"
  } ],
  "parameters" : [ ],
  "links" : [ ],
  "hidden" : false,
  "retry" : false,
  "extra" : {
    "severity" : "normal",
    "retries" : [ ],
    "categories" : [ ],
    "history" : {
      "statistic" : {
        "failed" : 0,
        "broken" : 5,
        "skipped" : 33,
        "passed" : 16,
        "unknown" : 0,
        "total" : 54
      },
      "items" : [ {
        "uid" : "4070cf2be0f47b7e",
        "reportUrl" : "https://MohabMohie.github.io/SHAFT_ENGINE/allure/macOS/Web/1049//#testresult/4070cf2be0f47b7e",
        "status" : "skipped",
        "statusDetails" : "Driver Factory Action [createNewLocalDriverInstanceForSafari] failed. With the following test data [Failed to create a session on DESKTOP_SAFARI].",
        "time" : {
          "start" : 1642016434213,
          "stop" : 1642016434255,
          "duration" : 42
        }
      }, {
        "uid" : "d6e7dc78bbc59161",
        "reportUrl" : "https://MohabMohie.github.io/SHAFT_ENGINE/allure/macOS/Web/1039//#testresult/d6e7dc78bbc59161",
        "status" : "skipped",
        "statusDetails" : "Driver Factory Action [createNewLocalDriverInstanceForSafari] failed. With the following test data [Failed to create a session on DESKTOP_SAFARI].",
        "time" : {
          "start" : 1641866549692,
          "stop" : 1641866549693,
          "duration" : 1
        }
      }, {
        "uid" : "b7b252244cc8579c",
        "reportUrl" : "https://MohabMohie.github.io/SHAFT_ENGINE/allure/macOS/Web/1034//#testresult/b7b252244cc8579c",
        "status" : "skipped",
        "statusDetails" : "Driver Factory Action [createNewLocalDriverInstanceForSafari] failed. With the following test data [Failed to create a session on DESKTOP_SAFARI].",
        "time" : {
          "start" : 1641780208599,
          "stop" : 1641780208682,
          "duration" : 83
        }
      }, {
        "uid" : "55cad85f22d80899",
        "reportUrl" : "https://MohabMohie.github.io/SHAFT_ENGINE/allure/macOS/Web/1032//#testresult/55cad85f22d80899",
        "status" : "skipped",
        "statusDetails" : "Driver Factory Action [createNewLocalDriverInstanceForSafari] failed. With the following test data [Failed to create a session on DESKTOP_SAFARI].",
        "time" : {
          "start" : 1641607258895,
          "stop" : 1641607258897,
          "duration" : 2
        }
      }, {
        "uid" : "292f95eb8ddaa931",
        "reportUrl" : "https://MohabMohie.github.io/SHAFT_ENGINE/allure/macOS/Web/1031//#testresult/292f95eb8ddaa931",
        "status" : "passed",
        "time" : {
          "start" : 1641539410365,
          "stop" : 1641539410367,
          "duration" : 2
        }
      }, {
        "uid" : "7dc7c5e048bf2c9d",
        "reportUrl" : "https://MohabMohie.github.io/SHAFT_ENGINE/allure/macOS/Web/1030//#testresult/7dc7c5e048bf2c9d",
        "status" : "passed",
        "time" : {
          "start" : 1641521253770,
          "stop" : 1641521253853,
          "duration" : 83
        }
      }, {
        "uid" : "fdf819d05d3ee0ad",
        "reportUrl" : "https://MohabMohie.github.io/SHAFT_ENGINE/allure/macOS/Web/1028//#testresult/fdf819d05d3ee0ad",
        "status" : "skipped",
        "statusDetails" : "Driver Factory Action [createNewLocalDriverInstanceForSafari] failed. With the following test data [Failed to create a session on DESKTOP_SAFARI].",
        "time" : {
          "start" : 1641434780932,
          "stop" : 1641434780933,
          "duration" : 1
        }
      }, {
        "uid" : "cf1914879fb6a841",
        "reportUrl" : "https://MohabMohie.github.io/SHAFT_ENGINE/allure/macOS/Web/1027//#testresult/cf1914879fb6a841",
        "status" : "passed",
        "time" : {
          "start" : 1641402880059,
          "stop" : 1641402880060,
          "duration" : 1
        }
      }, {
        "uid" : "886e85dc49134178",
        "reportUrl" : "https://MohabMohie.github.io/SHAFT_ENGINE/allure/macOS/Web/1025//#testresult/886e85dc49134178",
        "status" : "skipped",
        "statusDetails" : "Driver Factory Action [createNewLocalDriverInstanceForSafari] failed. With the following test data [Failed to create a session on DESKTOP_SAFARI].",
        "time" : {
          "start" : 1641348271471,
          "stop" : 1641348271556,
          "duration" : 85
        }
      }, {
        "uid" : "e5855a20fd0c75b2",
        "reportUrl" : "https://MohabMohie.github.io/SHAFT_ENGINE/allure/macOS/Web/1023//#testresult/e5855a20fd0c75b2",
        "status" : "passed",
        "time" : {
          "start" : 1641261666575,
          "stop" : 1641261666658,
          "duration" : 83
        }
      }, {
        "uid" : "ae8db8cb6c947ba3",
        "reportUrl" : "https://MohabMohie.github.io/SHAFT_ENGINE/allure/macOS/Web/1022//#testresult/ae8db8cb6c947ba3",
        "status" : "skipped",
        "statusDetails" : "Driver Factory Action [createNewLocalDriverInstanceForSafari] failed. With the following test data [Failed to create a session on DESKTOP_SAFARI].",
        "time" : {
          "start" : 1641175159935,
          "stop" : 1641175159937,
          "duration" : 2
        }
      }, {
        "uid" : "c3c76ac724bdf36e",
        "reportUrl" : "https://MohabMohie.github.io/SHAFT_ENGINE/allure/macOS/Web/1021//#testresult/c3c76ac724bdf36e",
        "status" : "skipped",
        "statusDetails" : "Driver Factory Action [createNewLocalDriverInstanceForSafari] failed. With the following test data [Failed to create a session on DESKTOP_SAFARI].",
        "time" : {
          "start" : 1641105502885,
          "stop" : 1641105502886,
          "duration" : 1
        }
      }, {
        "uid" : "ef40b8e3c9b96194",
        "reportUrl" : "https://MohabMohie.github.io/SHAFT_ENGINE/allure/macOS/Web/1020//#testresult/ef40b8e3c9b96194",
        "status" : "passed",
        "time" : {
          "start" : 1641089194656,
          "stop" : 1641089194657,
          "duration" : 1
        }
      }, {
        "uid" : "3eae82431c861147",
        "reportUrl" : "https://MohabMohie.github.io/SHAFT_ENGINE/allure/macOS/Web/1019//#testresult/3eae82431c861147",
        "status" : "skipped",
        "statusDetails" : "Driver Factory Action [createNewLocalDriverInstanceForSafari] failed. With the following test data [Failed to create a session on DESKTOP_SAFARI].",
        "time" : {
          "start" : 1641002785569,
          "stop" : 1641002785571,
          "duration" : 2
        }
      }, {
        "uid" : "28aff8c5311803b4",
        "reportUrl" : "https://MohabMohie.github.io/SHAFT_ENGINE/allure/macOS/Web/1018//#testresult/28aff8c5311803b4",
        "status" : "passed",
        "time" : {
          "start" : 1640916044359,
          "stop" : 1640916044361,
          "duration" : 2
        }
      }, {
        "uid" : "b1bd442d800e54b5",
        "reportUrl" : "https://MohabMohie.github.io/SHAFT_ENGINE/allure/macOS/Web/1017//#testresult/b1bd442d800e54b5",
        "status" : "skipped",
        "statusDetails" : "Driver Factory Action [createNewLocalDriverInstanceForSafari] failed. With the following test data [Failed to create a session on DESKTOP_SAFARI].",
        "time" : {
          "start" : 1640829516748,
          "stop" : 1640829516750,
          "duration" : 2
        }
      }, {
        "uid" : "da40e66c62de07f7",
        "reportUrl" : "https://MohabMohie.github.io/SHAFT_ENGINE/allure/macOS/Web/1014//#testresult/da40e66c62de07f7",
        "status" : "skipped",
        "statusDetails" : "Driver Factory Action [createNewLocalDriverInstanceForSafari] failed. With the following test data [Failed to create a session on DESKTOP_SAFARI].",
        "time" : {
          "start" : 1640743093776,
          "stop" : 1640743093788,
          "duration" : 12
        }
      }, {
        "uid" : "71f61576e31552d0",
        "reportUrl" : "https://MohabMohie.github.io/SHAFT_ENGINE/allure/macOS/Web/1010//#testresult/71f61576e31552d0",
        "status" : "passed",
        "time" : {
          "start" : 1640570607381,
          "stop" : 1640570607382,
          "duration" : 1
        }
      }, {
        "uid" : "926be3ecd6048d1e",
        "reportUrl" : "https://MohabMohie.github.io/SHAFT_ENGINE/allure/macOS/Web/1008//#testresult/926be3ecd6048d1e",
        "status" : "skipped",
        "statusDetails" : "Driver Factory Action [createNewLocalDriverInstanceForSafari] failed. With the following test data [Failed to create a session on DESKTOP_SAFARI].",
        "time" : {
          "start" : 1640551141314,
          "stop" : 1640551141315,
          "duration" : 1
        }
      }, {
        "uid" : "58779c143fe177ca",
        "reportUrl" : "https://MohabMohie.github.io/SHAFT_ENGINE/allure/macOS/Web/1007//#testresult/58779c143fe177ca",
        "status" : "skipped",
        "statusDetails" : "Driver Factory Action [createNewLocalDriverInstanceForSafari] failed. With the following test data [Failed to create a session on DESKTOP_SAFARI].",
        "time" : {
          "start" : 1640484164373,
          "stop" : 1640484164417,
          "duration" : 44
        }
      } ]
    },
    "tags" : [ ]
  },
  "source" : "4dca1247227a8b07.json",
  "parameterValues" : [ ]
}