{
  "uid" : "cd717ec22190ac7b",
  "name" : "visualElementIdentification_samedpi",
  "fullName" : "testPackage01.appium.AndroidBasicInteractionsTest.visualElementIdentification_samedpi",
  "historyId" : "400927def6193b091203ec0a55fad150",
  "time" : {
    "start" : 1639707099820,
    "stop" : 1639707132389,
    "duration" : 32569
  },
  "status" : "failed",
  "statusMessage" : "Assertion [ValidateElementExists] FAILED. Expected [Element Should Exist, locator 'AppiumBy.accessibilityId: Assets'] and Actual [Element Doesn't Exists]. Comparison Type [EQUALS]. Validation Type [POSITIVE].",
  "statusTrace" : "java.lang.AssertionError: Assertion [ValidateElementExists] FAILED. Expected [Element Should Exist, locator 'AppiumBy.accessibilityId: Assets'] and Actual [Element Doesn't Exists]. Comparison Type [EQUALS]. Validation Type [POSITIVE].\n\tat org.testng.Assert.fail(Assert.java:99)\n\tat com.shaft.validation.ValidationsHelper.reportValidationState(ValidationsHelper.java:860)\n\tat com.shaft.validation.ValidationsHelper.fail(ValidationsHelper.java:588)\n\tat com.shaft.validation.ValidationsHelper.validateElementExists(ValidationsHelper.java:155)\n\tat com.shaft.validation.ValidationsExecutor.perform(ValidationsExecutor.java:146)\n\tat testPackage01.appium.AndroidBasicInteractionsTest.visualElementIdentification_samedpi(AndroidBasicInteractionsTest.java:81)\n\tat java.base/jdk.internal.reflect.NativeMethodAccessorImpl.invoke0(Native Method)\n\tat java.base/jdk.internal.reflect.NativeMethodAccessorImpl.invoke(NativeMethodAccessorImpl.java:77)\n\tat java.base/jdk.internal.reflect.DelegatingMethodAccessorImpl.invoke(DelegatingMethodAccessorImpl.java:43)\n\tat java.base/java.lang.reflect.Method.invoke(Method.java:568)\n\tat org.testng.internal.MethodInvocationHelper.invokeMethod(MethodInvocationHelper.java:133)\n\tat org.testng.internal.TestInvoker.invokeMethod(TestInvoker.java:598)\n\tat org.testng.internal.TestInvoker.invokeTestMethod(TestInvoker.java:173)\n\tat org.testng.internal.MethodRunner.runInSequence(MethodRunner.java:46)\n\tat org.testng.internal.TestInvoker$MethodInvocationAgent.invoke(TestInvoker.java:824)\n\tat org.testng.internal.TestInvoker.invokeTestMethods(TestInvoker.java:146)\n\tat org.testng.internal.TestMethodWorker.invokeTestMethods(TestMethodWorker.java:146)\n\tat org.testng.internal.TestMethodWorker.run(TestMethodWorker.java:128)\n\tat java.base/java.util.ArrayList.forEach(ArrayList.java:1511)\n\tat org.testng.TestRunner.privateRun(TestRunner.java:794)\n\tat org.testng.TestRunner.run(TestRunner.java:596)\n\tat org.testng.SuiteRunner.runTest(SuiteRunner.java:377)\n\tat org.testng.SuiteRunner.runSequentially(SuiteRunner.java:371)\n\tat org.testng.SuiteRunner.privateRun(SuiteRunner.java:332)\n\tat org.testng.SuiteRunner.run(SuiteRunner.java:276)\n\tat org.testng.SuiteRunnerWorker.runSuite(SuiteRunnerWorker.java:53)\n\tat org.testng.SuiteRunnerWorker.run(SuiteRunnerWorker.java:96)\n\tat org.testng.TestNG.runSuitesSequentially(TestNG.java:1212)\n\tat org.testng.TestNG.runSuitesLocally(TestNG.java:1134)\n\tat org.testng.TestNG.runSuites(TestNG.java:1063)\n\tat org.testng.TestNG.run(TestNG.java:1031)\n\tat org.apache.maven.surefire.testng.TestNGExecutor.run(TestNGExecutor.java:136)\n\tat org.apache.maven.surefire.testng.TestNGDirectoryTestSuite.executeSingleClass(TestNGDirectoryTestSuite.java:112)\n\tat org.apache.maven.surefire.testng.TestNGDirectoryTestSuite.execute(TestNGDirectoryTestSuite.java:99)\n\tat org.apache.maven.surefire.testng.TestNGProvider.invoke(TestNGProvider.java:145)\n\tat org.apache.maven.surefire.booter.ForkedBooter.runSuitesInProcess(ForkedBooter.java:428)\n\tat org.apache.maven.surefire.booter.ForkedBooter.execute(ForkedBooter.java:162)\n\tat org.apache.maven.surefire.booter.ForkedBooter.run(ForkedBooter.java:562)\n\tat org.apache.maven.surefire.booter.ForkedBooter.main(ForkedBooter.java:548)\n",
  "flaky" : false,
  "newFailed" : false,
  "newBroken" : false,
  "newPassed" : false,
  "retriesCount" : 0,
  "retriesStatusChange" : false,
  "beforeStages" : [ {
    "name" : "setupActivities",
    "time" : {
      "start" : 1639706715381,
      "stop" : 1639706727462,
      "duration" : 12081
    },
    "description" : "",
    "status" : "passed",
    "steps" : [ {
      "name" : "Folder [allure-results] was not found, it may have already been deleted.",
      "time" : {
        "start" : 1639706715543,
        "stop" : 1639706715547,
        "duration" : 4
      },
      "status" : "passed",
      "steps" : [ ],
      "attachments" : [ ],
      "parameters" : [ {
        "name" : "actionCounter",
        "value" : "1"
      }, {
        "name" : "logText",
        "value" : "Folder [allure-results] was not found, it may have already been deleted."
      } ],
      "stepsCount" : 0,
      "attachmentsCount" : 0,
      "shouldDisplayMessage" : false,
      "hasContent" : true
    }, {
      "name" : "Folder [/Users/runner/.m2/repository/allure/] was not found, it may have already been deleted.",
      "time" : {
        "start" : 1639706715550,
        "stop" : 1639706715550,
        "duration" : 0
      },
      "status" : "passed",
      "steps" : [ ],
      "attachments" : [ ],
      "parameters" : [ {
        "name" : "actionCounter",
        "value" : "2"
      }, {
        "name" : "logText",
        "value" : "Folder [/Users/runner/.m2/repository/allure/] was not found, it may have already been deleted."
      } ],
      "stepsCount" : 0,
      "attachmentsCount" : 0,
      "shouldDisplayMessage" : false,
      "hasContent" : true
    }, {
      "name" : "Downloading a file from this url [https://repo.maven.apache.org/maven2/io/qameta/allure/allure-commandline/2.17.2/allure-commandline-2.17.2.zip] to this directory [target/allureBinary.zip], please wait as downloading may take some time...",
      "time" : {
        "start" : 1639706715551,
        "stop" : 1639706715551,
        "duration" : 0
      },
      "status" : "passed",
      "steps" : [ ],
      "attachments" : [ ],
      "parameters" : [ {
        "name" : "actionCounter",
        "value" : "3"
      }, {
        "name" : "logText",
        "value" : "Downloading a file from this url [https://repo.maven.apache.org/maven2/io/qameta/allure/allure-commandline/2.17.2/allure-commandline-2.17.2.zip] to this directory [target/allureBinary.zip], please wait as downloading may take some time..."
      } ],
      "stepsCount" : 0,
      "attachmentsCount" : 0,
      "shouldDisplayMessage" : false,
      "hasContent" : true
    }, {
      "name" : "Terminal Action [PerformTerminalCommands] successfully performed. With the following test data [Host Name: \"localHost\" | Command: \"chmod u+x /Users/runner/.m2/repository/allure/allure-2.17.2/bin/allure\" | Exit Status: \"0\"].",
      "time" : {
        "start" : 1639706717696,
        "stop" : 1639706717696,
        "duration" : 0
      },
      "status" : "passed",
      "steps" : [ ],
      "attachments" : [ ],
      "parameters" : [ {
        "name" : "actionCounter",
        "value" : "4"
      }, {
        "name" : "logText",
        "value" : "Terminal Action [PerformTerminalCommands] successfully performed. With the following test data [Host Name: \"localHost\" | Command: \"chmod u+x /Users/runner/.m2/repository/allure/allure-2.17.2/bin/allure\" | Exit Status: \"0\"]."
      } ],
      "stepsCount" : 0,
      "attachmentsCount" : 0,
      "shouldDisplayMessage" : false,
      "hasContent" : true
    }, {
      "name" : "Terminal Action [PerformTerminalCommands] successfully performed. With the following test data [Host Name: \"localHost\" | Command: \"chmod u+x generate_allure_report.sh\" | Exit Status: \"0\"].",
      "time" : {
        "start" : 1639706717747,
        "stop" : 1639706717747,
        "duration" : 0
      },
      "status" : "passed",
      "steps" : [ ],
      "attachments" : [ ],
      "parameters" : [ {
        "name" : "actionCounter",
        "value" : "5"
      }, {
        "name" : "logText",
        "value" : "Terminal Action [PerformTerminalCommands] successfully performed. With the following test data [Host Name: \"localHost\" | Command: \"chmod u+x generate_allure_report.sh\" | Exit Status: \"0\"]."
      } ],
      "stepsCount" : 0,
      "attachmentsCount" : 0,
      "shouldDisplayMessage" : false,
      "hasContent" : true
    }, {
      "name" : "Folder [extent-reports] was not found, it may have already been deleted.",
      "time" : {
        "start" : 1639706717951,
        "stop" : 1639706717951,
        "duration" : 0
      },
      "status" : "passed",
      "steps" : [ ],
      "attachments" : [ ],
      "parameters" : [ {
        "name" : "actionCounter",
        "value" : "6"
      }, {
        "name" : "logText",
        "value" : "Folder [extent-reports] was not found, it may have already been deleted."
      } ],
      "stepsCount" : 0,
      "attachmentsCount" : 0,
      "shouldDisplayMessage" : false,
      "hasContent" : true
    } ],
    "attachments" : [ {
      "uid" : "e1524616d5799bbc",
      "name" : "Attachment: SHAFT Links - Important",
      "source" : "e1524616d5799bbc.uri",
      "type" : "text/uri-list",
      "size" : 346
    } ],
    "parameters" : [ ],
    "stepsCount" : 6,
    "attachmentsCount" : 1,
    "shouldDisplayMessage" : false,
    "hasContent" : true
  }, {
    "name" : "setup",
    "time" : {
      "start" : 1639707090033,
      "stop" : 1639707099815,
      "duration" : 9782
    },
    "description" : "",
    "status" : "passed",
    "steps" : [ {
      "name" : "Attempting to run remotely on: [Android], [http://0.0.0.0:4723/wd/hub].",
      "time" : {
        "start" : 1639707090034,
        "stop" : 1639707090034,
        "duration" : 0
      },
      "status" : "passed",
      "steps" : [ ],
      "attachments" : [ ],
      "parameters" : [ {
        "name" : "actionCounter",
        "value" : "62"
      }, {
        "name" : "logText",
        "value" : "Attempting to run remotely on: [Android], [http://0.0.0.0:4723/wd/hub]."
      } ],
      "stepsCount" : 0,
      "attachmentsCount" : 0,
      "shouldDisplayMessage" : false,
      "hasContent" : true
    }, {
      "name" : "Successfully Opened [NativeMobileApp].",
      "time" : {
        "start" : 1639707099274,
        "stop" : 1639707099274,
        "duration" : 0
      },
      "status" : "passed",
      "steps" : [ ],
      "attachments" : [ ],
      "parameters" : [ {
        "name" : "actionCounter",
        "value" : "63"
      }, {
        "name" : "logText",
        "value" : "Successfully Opened [NativeMobileApp]."
      } ],
      "stepsCount" : 0,
      "attachmentsCount" : 0,
      "shouldDisplayMessage" : false,
      "hasContent" : true
    } ],
    "attachments" : [ ],
    "parameters" : [ ],
    "stepsCount" : 2,
    "attachmentsCount" : 0,
    "shouldDisplayMessage" : false,
    "hasContent" : true
  } ],
  "testStage" : {
    "status" : "failed",
    "statusMessage" : "Assertion [ValidateElementExists] FAILED. Expected [Element Should Exist, locator 'AppiumBy.accessibilityId: Assets'] and Actual [Element Doesn't Exists]. Comparison Type [EQUALS]. Validation Type [POSITIVE].",
    "statusTrace" : "java.lang.AssertionError: Assertion [ValidateElementExists] FAILED. Expected [Element Should Exist, locator 'AppiumBy.accessibilityId: Assets'] and Actual [Element Doesn't Exists]. Comparison Type [EQUALS]. Validation Type [POSITIVE].\n\tat org.testng.Assert.fail(Assert.java:99)\n\tat com.shaft.validation.ValidationsHelper.reportValidationState(ValidationsHelper.java:860)\n\tat com.shaft.validation.ValidationsHelper.fail(ValidationsHelper.java:588)\n\tat com.shaft.validation.ValidationsHelper.validateElementExists(ValidationsHelper.java:155)\n\tat com.shaft.validation.ValidationsExecutor.perform(ValidationsExecutor.java:146)\n\tat testPackage01.appium.AndroidBasicInteractionsTest.visualElementIdentification_samedpi(AndroidBasicInteractionsTest.java:81)\n\tat java.base/jdk.internal.reflect.NativeMethodAccessorImpl.invoke0(Native Method)\n\tat java.base/jdk.internal.reflect.NativeMethodAccessorImpl.invoke(NativeMethodAccessorImpl.java:77)\n\tat java.base/jdk.internal.reflect.DelegatingMethodAccessorImpl.invoke(DelegatingMethodAccessorImpl.java:43)\n\tat java.base/java.lang.reflect.Method.invoke(Method.java:568)\n\tat org.testng.internal.MethodInvocationHelper.invokeMethod(MethodInvocationHelper.java:133)\n\tat org.testng.internal.TestInvoker.invokeMethod(TestInvoker.java:598)\n\tat org.testng.internal.TestInvoker.invokeTestMethod(TestInvoker.java:173)\n\tat org.testng.internal.MethodRunner.runInSequence(MethodRunner.java:46)\n\tat org.testng.internal.TestInvoker$MethodInvocationAgent.invoke(TestInvoker.java:824)\n\tat org.testng.internal.TestInvoker.invokeTestMethods(TestInvoker.java:146)\n\tat org.testng.internal.TestMethodWorker.invokeTestMethods(TestMethodWorker.java:146)\n\tat org.testng.internal.TestMethodWorker.run(TestMethodWorker.java:128)\n\tat java.base/java.util.ArrayList.forEach(ArrayList.java:1511)\n\tat org.testng.TestRunner.privateRun(TestRunner.java:794)\n\tat org.testng.TestRunner.run(TestRunner.java:596)\n\tat org.testng.SuiteRunner.runTest(SuiteRunner.java:377)\n\tat org.testng.SuiteRunner.runSequentially(SuiteRunner.java:371)\n\tat org.testng.SuiteRunner.privateRun(SuiteRunner.java:332)\n\tat org.testng.SuiteRunner.run(SuiteRunner.java:276)\n\tat org.testng.SuiteRunnerWorker.runSuite(SuiteRunnerWorker.java:53)\n\tat org.testng.SuiteRunnerWorker.run(SuiteRunnerWorker.java:96)\n\tat org.testng.TestNG.runSuitesSequentially(TestNG.java:1212)\n\tat org.testng.TestNG.runSuitesLocally(TestNG.java:1134)\n\tat org.testng.TestNG.runSuites(TestNG.java:1063)\n\tat org.testng.TestNG.run(TestNG.java:1031)\n\tat org.apache.maven.surefire.testng.TestNGExecutor.run(TestNGExecutor.java:136)\n\tat org.apache.maven.surefire.testng.TestNGDirectoryTestSuite.executeSingleClass(TestNGDirectoryTestSuite.java:112)\n\tat org.apache.maven.surefire.testng.TestNGDirectoryTestSuite.execute(TestNGDirectoryTestSuite.java:99)\n\tat org.apache.maven.surefire.testng.TestNGProvider.invoke(TestNGProvider.java:145)\n\tat org.apache.maven.surefire.booter.ForkedBooter.runSuitesInProcess(ForkedBooter.java:428)\n\tat org.apache.maven.surefire.booter.ForkedBooter.execute(ForkedBooter.java:162)\n\tat org.apache.maven.surefire.booter.ForkedBooter.run(ForkedBooter.java:562)\n\tat org.apache.maven.surefire.booter.ForkedBooter.main(ForkedBooter.java:548)\n",
    "steps" : [ {
      "name" : "Element Action [Tap] successfully performed.",
      "time" : {
        "start" : 1639707100362,
        "stop" : 1639707100362,
        "duration" : 0
      },
      "status" : "passed",
      "steps" : [ ],
      "attachments" : [ ],
      "parameters" : [ {
        "name" : "actionCounter",
        "value" : "64"
      }, {
        "name" : "logText",
        "value" : "Element Action [Tap] successfully performed."
      } ],
      "stepsCount" : 0,
      "attachmentsCount" : 0,
      "shouldDisplayMessage" : false,
      "hasContent" : true
    }, {
      "name" : "Assertion Failed: Then I Assert that the element found by [AppiumBy.accessibilityId: Assets] exists.",
      "time" : {
        "start" : 1639707132383,
        "stop" : 1639707132385,
        "duration" : 2
      },
      "status" : "passed",
      "steps" : [ ],
      "attachments" : [ {
        "uid" : "2cc926f8f217362d",
        "name" : "Attachment: Screenshot - 1639707131797_visualElementIdentification_samedpi_ValidateElementExists_failed",
        "source" : "2cc926f8f217362d.png",
        "type" : "image/png",
        "size" : 7662
      } ],
      "parameters" : [ {
        "name" : "actionCounter",
        "value" : "65"
      }, {
        "name" : "customLog",
        "value" : "Assertion Failed: Then I Assert that the element found by [AppiumBy.accessibilityId: Assets] exists."
      }, {
        "name" : "stepLog",
        "value" : "Assertion [ValidateElementExists] FAILED. Expected [Element Should Exist, locator 'AppiumBy.accessibilityId: Assets'] and Actual [Element Doesn't Exists]. Comparison Type [EQUALS]. Validation Type [POSITIVE]."
      }, {
        "name" : "attachments",
        "value" : "[[Screenshot, 1639707131797_visualElementIdentification_samedpi_ValidateElementExists_failed, java.io.ByteArrayInputStream@272d0dd3]]"
      } ],
      "stepsCount" : 0,
      "attachmentsCount" : 1,
      "shouldDisplayMessage" : false,
      "hasContent" : true
    } ],
    "attachments" : [ {
      "uid" : "5e0908ce17c3b5bb",
      "name" : "Attachment: Animated Gif - visualElementIdentification_samedpi",
      "source" : "5e0908ce17c3b5bb.gif",
      "type" : "image/gif",
      "size" : 7151
    }, {
      "uid" : "ee631b0073f669d0",
      "name" : "Attachment: SHAFT Engine Logs - Current Method log: visualElementIdentification_samedpi",
      "source" : "ee631b0073f669d0.txt",
      "type" : "text/plain",
      "size" : 21828
    } ],
    "parameters" : [ ],
    "stepsCount" : 2,
    "attachmentsCount" : 3,
    "shouldDisplayMessage" : true,
    "hasContent" : true
  },
  "afterStages" : [ {
    "name" : "teardown",
    "time" : {
      "start" : 1639707132391,
      "stop" : 1639707133984,
      "duration" : 1593
    },
    "description" : "",
    "status" : "passed",
    "steps" : [ {
      "name" : "Successfully Closed All Drivers.",
      "time" : {
        "start" : 1639707133984,
        "stop" : 1639707133984,
        "duration" : 0
      },
      "status" : "passed",
      "steps" : [ ],
      "attachments" : [ ],
      "parameters" : [ {
        "name" : "actionCounter",
        "value" : "66"
      }, {
        "name" : "logText",
        "value" : "Successfully Closed All Drivers."
      } ],
      "stepsCount" : 0,
      "attachmentsCount" : 0,
      "shouldDisplayMessage" : false,
      "hasContent" : true
    } ],
    "attachments" : [ {
      "uid" : "31cd172e35791d48",
      "name" : "Attachment: Video Recording - teardown",
      "source" : "31cd172e35791d48.mp4",
      "type" : "video/mp4",
      "size" : 4808
    } ],
    "parameters" : [ ],
    "stepsCount" : 1,
    "attachmentsCount" : 1,
    "shouldDisplayMessage" : false,
    "hasContent" : true
  }, {
    "name" : "teardownActivities",
    "time" : {
      "start" : 1639707133998,
      "stop" : 1639707134552,
      "duration" : 554
    },
    "description" : "",
    "status" : "passed",
    "steps" : [ {
      "name" : "Issue Summary: Total Issues = 3, New issues for Failed Tests = 3, Open issues for Passed Tests = 0, Open issues for Failed Tests = 0. Kindly check the attached Issue details.",
      "time" : {
        "start" : 1639707134016,
        "stop" : 1639707134018,
        "duration" : 2
      },
      "status" : "passed",
      "steps" : [ ],
      "attachments" : [ {
        "uid" : "8e66e791ca2d7daf",
        "name" : "Attachment: SHAFT Engine Logs - Issues log CSV: 20211217-021213",
        "source" : "8e66e791ca2d7daf.csv",
        "type" : "text/csv",
        "size" : 518
      } ],
      "parameters" : [ {
        "name" : "actionCounter",
        "value" : "67"
      }, {
        "name" : "logText",
        "value" : "Issue Summary: Total Issues = 3, New issues for Failed Tests = 3, Open issues for Passed Tests = 0, Open issues for Failed Tests = 0. Kindly check the attached Issue details."
      }, {
        "name" : "attachments",
        "value" : "[[SHAFT Engine Logs, Issues log CSV: 20211217-021213, java.io.ByteArrayInputStream@1c619a77]]"
      } ],
      "stepsCount" : 0,
      "attachmentsCount" : 1,
      "shouldDisplayMessage" : false,
      "hasContent" : true
    } ],
    "attachments" : [ {
      "uid" : "bb5a89a614ebd82d",
      "name" : "Attachment: SHAFT Engine Logs - Execution log: 20211217-021213",
      "source" : "bb5a89a614ebd82d.txt",
      "type" : "text/plain",
      "size" : 89279
    }, {
      "uid" : "e1d37e28dadbf58c",
      "name" : "Attachment: HTML - Extent Emailable Execution Report",
      "source" : "e1d37e28dadbf58c.html",
      "type" : "text/html",
      "size" : 453701
    } ],
    "parameters" : [ ],
    "stepsCount" : 1,
    "attachmentsCount" : 3,
    "shouldDisplayMessage" : false,
    "hasContent" : true
  } ],
  "labels" : [ {
    "name" : "package",
    "value" : "testPackage01.appium.AndroidBasicInteractionsTest"
  }, {
    "name" : "testClass",
    "value" : "testPackage01.appium.AndroidBasicInteractionsTest"
  }, {
    "name" : "testMethod",
    "value" : "visualElementIdentification_samedpi"
  }, {
    "name" : "parentSuite",
    "value" : "SHAFT: Custom Suite"
  }, {
    "name" : "suite",
    "value" : "SHAFT: Custom Test"
  }, {
    "name" : "subSuite",
    "value" : "testPackage01.appium.AndroidBasicInteractionsTest"
  }, {
    "name" : "host",
    "value" : "Mac-1639706262618.local"
  }, {
    "name" : "thread",
    "value" : "9151@Mac-1639706262618.local.main(1)"
  }, {
    "name" : "framework",
    "value" : "testng"
  }, {
    "name" : "language",
    "value" : "java"
  }, {
    "name" : "resultFormat",
    "value" : "allure2"
  } ],
  "parameters" : [ ],
  "links" : [ ],
  "hidden" : false,
  "retry" : false,
  "extra" : {
    "severity" : "normal",
    "retries" : [ ],
    "categories" : [ {
      "name" : "Product defects",
      "matchedStatuses" : [ ],
      "flaky" : false
    } ],
    "history" : {
      "statistic" : {
        "failed" : 27,
        "broken" : 4,
        "skipped" : 0,
        "passed" : 0,
        "unknown" : 0,
        "total" : 31
      },
      "items" : [ {
        "uid" : "3e70d3bbc7a9e1d1",
        "reportUrl" : "https://MohabMohie.github.io/SHAFT_ENGINE/allure/MobileNative/Android/298//#testresult/3e70d3bbc7a9e1d1",
        "status" : "failed",
        "statusDetails" : "Assertion [ValidateElementExists] FAILED. Expected [Element Should Exist, locator 'AppiumBy.accessibilityId: Assets'] and Actual [Element Doesn't Exists]. Comparison Type [EQUALS]. Validation Type [POSITIVE].",
        "time" : {
          "start" : 1639620544684,
          "stop" : 1639620576744,
          "duration" : 32060
        }
      }, {
        "uid" : "9f811339e481d2b6",
        "reportUrl" : "https://MohabMohie.github.io/SHAFT_ENGINE/allure/MobileNative/Android/297//#testresult/9f811339e481d2b6",
        "status" : "failed",
        "statusDetails" : "Assertion [ValidateElementExists] FAILED. Expected [Element Should Exist, locator 'AppiumBy.accessibilityId: Assets'] and Actual [Element Doesn't Exists]. Comparison Type [EQUALS]. Validation Type [POSITIVE].",
        "time" : {
          "start" : 1639534149826,
          "stop" : 1639534182006,
          "duration" : 32180
        }
      }, {
        "uid" : "28521aa9edf83a8c",
        "reportUrl" : "https://MohabMohie.github.io/SHAFT_ENGINE/allure/MobileNative/Android/295//#testresult/28521aa9edf83a8c",
        "status" : "failed",
        "statusDetails" : "Assertion [ValidateElementExists] FAILED. Expected [Element Should Exist, locator 'AppiumBy.accessibilityId: Assets'] and Actual [Element Doesn't Exists]. Comparison Type [EQUALS]. Validation Type [POSITIVE].",
        "time" : {
          "start" : 1639506323880,
          "stop" : 1639506356806,
          "duration" : 32926
        }
      }, {
        "uid" : "4ce3dc04f45ee165",
        "reportUrl" : "https://MohabMohie.github.io/SHAFT_ENGINE/allure/MobileNative/Android/291//#testresult/4ce3dc04f45ee165",
        "status" : "failed",
        "statusDetails" : "Assertion [ValidateElementExists] FAILED. Expected [Element Should Exist, locator 'AppiumBy.accessibilityId: Assets'] and Actual [Element Doesn't Exists]. Comparison Type [EQUALS]. Validation Type [POSITIVE].",
        "time" : {
          "start" : 1639448027677,
          "stop" : 1639448059493,
          "duration" : 31816
        }
      }, {
        "uid" : "4d5cbb4f315ce1e5",
        "reportUrl" : "https://MohabMohie.github.io/SHAFT_ENGINE/allure/MobileNative/Android/289//#testresult/4d5cbb4f315ce1e5",
        "status" : "failed",
        "statusDetails" : "Assertion [ValidateElementExists] FAILED. Expected [Element Should Exist, locator 'AppiumBy.accessibilityId: Assets'] and Actual [Element Doesn't Exists]. Comparison Type [EQUALS]. Validation Type [POSITIVE].",
        "time" : {
          "start" : 1639361423463,
          "stop" : 1639361457135,
          "duration" : 33672
        }
      }, {
        "uid" : "da87b30bc19ed63e",
        "reportUrl" : "https://MohabMohie.github.io/SHAFT_ENGINE/allure/MobileNative/Android/288//#testresult/da87b30bc19ed63e",
        "status" : "failed",
        "statusDetails" : "Assertion [ValidateElementExists] FAILED. Expected [Element Should Exist, locator 'AppiumBy.accessibilityId: Assets'] and Actual [Element Doesn't Exists]. Comparison Type [EQUALS]. Validation Type [POSITIVE].",
        "time" : {
          "start" : 1639275015542,
          "stop" : 1639275048300,
          "duration" : 32758
        }
      }, {
        "uid" : "554f24cd2e4f34ea",
        "reportUrl" : "https://MohabMohie.github.io/SHAFT_ENGINE/allure/MobileNative/Android/287//#testresult/554f24cd2e4f34ea",
        "status" : "failed",
        "statusDetails" : "Assertion [ValidateElementExists] FAILED. Expected [Element Should Exist, locator 'AppiumBy.accessibilityId: Assets'] and Actual [Element Doesn't Exists]. Comparison Type [EQUALS]. Validation Type [POSITIVE].",
        "time" : {
          "start" : 1639248244054,
          "stop" : 1639248276484,
          "duration" : 32430
        }
      }, {
        "uid" : "e1154fb8834376e4",
        "reportUrl" : "https://MohabMohie.github.io/SHAFT_ENGINE/allure/MobileNative/Android/283//#testresult/e1154fb8834376e4",
        "status" : "failed",
        "statusDetails" : "Assertion [ValidateElementExists] FAILED. Expected [Element Should Exist, locator 'AppiumBy.accessibilityId: Assets'] and Actual [Element Doesn't Exists]. Comparison Type [EQUALS]. Validation Type [POSITIVE].",
        "time" : {
          "start" : 1639247150324,
          "stop" : 1639247182802,
          "duration" : 32478
        }
      }, {
        "uid" : "c52031d77f9fab33",
        "reportUrl" : "https://MohabMohie.github.io/SHAFT_ENGINE/allure/MobileNative/Android/280//#testresult/c52031d77f9fab33",
        "status" : "failed",
        "statusDetails" : "Assertion [ValidateElementExists] FAILED. Expected [Element Should Exist, locator 'AppiumBy.accessibilityId: Assets'] and Actual [Element Doesn't Exists]. Comparison Type [EQUALS]. Validation Type [POSITIVE].",
        "time" : {
          "start" : 1639101860123,
          "stop" : 1639101892930,
          "duration" : 32807
        }
      }, {
        "uid" : "6a0218efefd5d657",
        "reportUrl" : "https://MohabMohie.github.io/SHAFT_ENGINE/allure/MobileNative/Android/278//#testresult/6a0218efefd5d657",
        "status" : "failed",
        "statusDetails" : "Assertion [ValidateElementExists] FAILED. Expected [Element Should Exist, locator 'AppiumBy.accessibilityId: Assets'] and Actual [Element Doesn't Exists]. Comparison Type [EQUALS]. Validation Type [POSITIVE].",
        "time" : {
          "start" : 1639015847854,
          "stop" : 1639015880395,
          "duration" : 32541
        }
      }, {
        "uid" : "4c1d0d7ef7664bc3",
        "reportUrl" : "https://MohabMohie.github.io/SHAFT_ENGINE/allure/MobileNative/Android/275//#testresult/4c1d0d7ef7664bc3",
        "status" : "failed",
        "statusDetails" : "Assertion [ValidateElementExists] FAILED. Expected [Element Should Exist, locator 'AppiumBy.accessibilityId: Assets'] and Actual [Element Doesn't Exists]. Comparison Type [EQUALS]. Validation Type [POSITIVE].",
        "time" : {
          "start" : 1638929344955,
          "stop" : 1638929377371,
          "duration" : 32416
        }
      }, {
        "uid" : "8134128caa4afa6a",
        "reportUrl" : "https://MohabMohie.github.io/SHAFT_ENGINE/allure/MobileNative/Android/274//#testresult/8134128caa4afa6a",
        "status" : "failed",
        "statusDetails" : "Assertion [ValidateElementExists] FAILED. Expected [Element Should Exist, locator 'AppiumBy.accessibilityId: Assets'] and Actual [Element Doesn't Exists]. Comparison Type [EQUALS]. Validation Type [POSITIVE].",
        "time" : {
          "start" : 1638843038666,
          "stop" : 1638843071185,
          "duration" : 32519
        }
      }, {
        "uid" : "29d6cf2cbab0c2d0",
        "reportUrl" : "https://MohabMohie.github.io/SHAFT_ENGINE/allure/MobileNative/Android/273//#testresult/29d6cf2cbab0c2d0",
        "status" : "broken",
        "statusDetails" : "Cannot invoke \"com.aventstack.extentreports.ExtentReports.createTest(String)\" because \"com.shaft.tools.io.ReportManagerHelper.extentReport\" is null",
        "time" : {
          "start" : 1638794452735,
          "stop" : 1638794452736,
          "duration" : 1
        }
      }, {
        "uid" : "641f1c56e30b636d",
        "reportUrl" : "https://MohabMohie.github.io/SHAFT_ENGINE/allure/MobileNative/Android/271//#testresult/641f1c56e30b636d",
        "status" : "broken",
        "statusDetails" : "Cannot invoke \"com.aventstack.extentreports.ExtentReports.createTest(String)\" because \"com.shaft.tools.io.ReportManagerHelper.extentReport\" is null",
        "time" : {
          "start" : 1638756171049,
          "stop" : 1638756171050,
          "duration" : 1
        }
      }, {
        "uid" : "4dc07e02ee44f3cb",
        "reportUrl" : "https://MohabMohie.github.io/SHAFT_ENGINE/allure/MobileNative/Android/270//#testresult/4dc07e02ee44f3cb",
        "status" : "broken",
        "statusDetails" : "Cannot invoke \"com.aventstack.extentreports.ExtentReports.createTest(String)\" because \"com.shaft.tools.io.ReportManagerHelper.extentReport\" is null",
        "time" : {
          "start" : 1638669981302,
          "stop" : 1638669981302,
          "duration" : 0
        }
      }, {
        "uid" : "317f101d19faef3c",
        "reportUrl" : "https://MohabMohie.github.io/SHAFT_ENGINE/allure/MobileNative/Android/269//#testresult/317f101d19faef3c",
        "status" : "broken",
        "statusDetails" : "Cannot invoke \"com.aventstack.extentreports.ExtentReports.createTest(String)\" because \"com.shaft.tools.io.ReportManagerHelper.extentReport\" is null",
        "time" : {
          "start" : 1638632266190,
          "stop" : 1638632266190,
          "duration" : 0
        }
      }, {
        "uid" : "61cf0340b908560",
        "reportUrl" : "https://MohabMohie.github.io/SHAFT_ENGINE/allure/MobileNative/Android/263//#testresult/61cf0340b908560",
        "status" : "failed",
        "statusDetails" : "Assertion [ValidateElementExists] FAILED. Expected [Element Should Exist, locator 'AppiumBy.accessibilityId: Assets'] and Actual [Element Doesn't Exists]. Comparison Type [EQUALS]. Validation Type [POSITIVE].",
        "time" : {
          "start" : 1638437686779,
          "stop" : 1638437718988,
          "duration" : 32209
        }
      }, {
        "uid" : "a7dfba43a1a89679",
        "reportUrl" : "https://MohabMohie.github.io/SHAFT_ENGINE/allure/MobileNative/Android/262//#testresult/a7dfba43a1a89679",
        "status" : "failed",
        "statusDetails" : "Assertion [ValidateElementExists] FAILED. Expected [Element Should Exist, locator 'AppiumBy.accessibilityId: Assets'] and Actual [Element Doesn't Exists]. Comparison Type [EQUALS]. Validation Type [POSITIVE].",
        "time" : {
          "start" : 1638410858548,
          "stop" : 1638410891075,
          "duration" : 32527
        }
      }, {
        "uid" : "8bd4c78830f5d85d",
        "reportUrl" : "https://MohabMohie.github.io/SHAFT_ENGINE/allure/MobileNative/Android/259//#testresult/8bd4c78830f5d85d",
        "status" : "failed",
        "statusDetails" : "Assertion [ValidateElementExists] FAILED. Expected [Element Should Exist, locator 'AppiumBy.accessibilityId: Assets'] and Actual [Element Doesn't Exists]. Comparison Type [EQUALS]. Validation Type [POSITIVE].",
        "time" : {
          "start" : 1638355057368,
          "stop" : 1638355089935,
          "duration" : 32567
        }
      }, {
        "uid" : "79875198f1f6877f",
        "reportUrl" : "https://MohabMohie.github.io/SHAFT_ENGINE/allure/MobileNative/Android/257//#testresult/79875198f1f6877f",
        "status" : "failed",
        "statusDetails" : "Assertion [ValidateElementExists] FAILED. Expected [Element Should Exist, locator 'AppiumBy.accessibilityId: Assets'] and Actual [Element Doesn't Exists]. Comparison Type [EQUALS]. Validation Type [POSITIVE].",
        "time" : {
          "start" : 1638346934009,
          "stop" : 1638346966390,
          "duration" : 32381
        }
      } ]
    },
    "tags" : [ ]
  },
  "source" : "cd717ec22190ac7b.json",
  "parameterValues" : [ ]
}