################################################################################################################################################
Detected SHAFT Engine Version: [SHAFT Engine v5.4.20211202-BETA]
################################################################################################################################################
[ReportManager] File Action [GetAbsolutePath] successfully performed. With the following test data [Relative Folder Path: "target/downloadedFiles/"]. @06-01-2022 02:13:27.0160 AM
[ReportManager] Attempting to run remotely on: [Android], [http://0.0.0.0:4723/wd/hub]. @06-01-2022 02:13:27.0271 AM
[ReportManager] File Action [GetAbsolutePath] successfully performed. With the following test data [Relative Folder Path: "src/test/resources/testDataFiles/apps/ApiDemos-debug.apk"]. @06-01-2022 02:13:27.0275 AM
[ReportManager] Successfully Opened [NativeMobileApp]. @06-01-2022 02:14:08.0142 AM
[ReportManager] Started recording device screen @06-01-2022 02:14:08.0766 A

################################################################################################################################################
Starting Execution:	[1 out of 8] test cases in the current suite
Test Method:		[testPackage01.appium.AndroidBasicInteractionsTest.scrollInExpandableLists_horizontalScrolling_insideElement]
################################################################################################################################################
[ReportManager] File Action [CreateFile] successfully performed. With the following test data [Target Folder: "allure-results//screenshots/20220106-021408", Target File: "/1641435250407_scrollInExpandableLists_horizontalScrolling_insideElement.gif"]. @06-01-2022 02:14:16.0749 AM
[ReportManager] Element Action [Tap] successfully performed. With the following test data [Views]. @06-01-2022 02:14:30.0353 AM
[ReportManager] Swiping to find Element using W3C Compliant Actions. SwipeDirection [DOWN], TargetElementLocator [AppiumBy.accessibilityId: Tabs]. @06-01-2022 02:14:30.0474 AM
[ReportManager] Attempted to scroll using these parameters: [{width=720, top=100, percent=0.8, left=0, height=1065, direction=DOWN}], there is still more room to keep scrolling. @06-01-2022 02:14:32.0976 AM
[ReportManager] Swiping to find Element using W3C Compliant Actions. SwipeDirection [DOWN], TargetElementLocator [AppiumBy.accessibilityId: Tabs]. @06-01-2022 02:14:33.0026 AM
[ReportManager] Attempted to scroll using these parameters: [{width=720, top=100, percent=0.8, left=0, height=1065, direction=DOWN}], there is still more room to keep scrolling. @06-01-2022 02:14:35.0479 AM
[ReportManager] Swiping to find Element using W3C Compliant Actions. SwipeDirection [DOWN], TargetElementLocator [AppiumBy.accessibilityId: Tabs]. @06-01-2022 02:14:35.0521 AM
[ReportManager] Attempted to scroll using these parameters: [{width=720, top=100, percent=0.8, left=0, height=1065, direction=DOWN}], there is still more room to keep scrolling. @06-01-2022 02:14:38.0098 AM
[ReportManager] Element Action [IsElementDisplayed] successfully performed. @06-01-2022 02:14:39.0264 AM
[ReportManager] Element found on screen. @06-01-2022 02:14:39.0264 AM
[ReportManager] Element Action [SwipeElementIntoView] successfully performed. @06-01-2022 02:14:39.0816 AM
[ReportManager] Element Action [Tap] successfully performed. With the following test data [Tabs]. @06-01-2022 02:14:41.0749 AM
[ReportManager] Element Action [Tap] successfully performed. With the following test data [5. Scrollable]. @06-01-2022 02:14:43.0729 AM
[ReportManager] Swiping to find Element using W3C Compliant Actions. SwipeDirection [RIGHT], TargetElementLocator [By.xpath: //android.widget.HorizontalScrollView//android.widget.TextView[@text='TAB 12']], inside ScrollableElement [By.xpath: //android.widget.HorizontalScrollView]. @06-01-2022 02:14:45.0252 AM
[ReportManager] Attempted to scroll using these parameters: [{width=490, top=122, percent=1, left=100, height=112, direction=RIGHT}], there is no more room to keep scrolling. @06-01-2022 02:14:47.0826 AM
[ReportManager] Element Action [SwipeElementIntoView] failed. @06-01-2022 02:14:49.0265 AM
[ReportManager] Successfully created attachment [Screenshot - 1641435288387_scrollInExpandableLists_horizontalScrolling_insideElement_SwipeElementIntoView_failed] @06-01-2022 02:14:49.0357 AM
[ReportManager] Successfully created attachment [Animated Gif - scrollInExpandableLists_horizontalScrolling_insideElement] @06-01-2022 02:14:49.0447 A
[ReportManager] Successfully created attachment [Video Recording - teardown] @06-01-2022 02:14:50.0782 AM
[ReportManager] Successfully Closed All Drivers. @06-01-2022 02:14:51.0257 A
[ReportManager] File Action [GetAbsolutePath] successfully performed. With the following test data [Relative Folder Path: "target/downloadedFiles/"]. @06-01-2022 02:14:51.0386 AM
[ReportManager] Attempting to run remotely on: [Android], [http://0.0.0.0:4723/wd/hub]. @06-01-2022 02:14:51.0388 AM
[ReportManager] File Action [GetAbsolutePath] successfully performed. With the following test data [Relative Folder Path: "src/test/resources/testDataFiles/apps/ApiDemos-debug.apk"]. @06-01-2022 02:14:51.0389 AM
[ReportManager] Successfully Opened [NativeMobileApp]. @06-01-2022 02:14:59.0399 AM
[ReportManager] Started recording device screen @06-01-2022 02:14:59.0943 A

################################################################################################################################################
Starting Execution:	[2 out of 8] test cases in the current suite
Test Method:		[testPackage01.appium.AndroidBasicInteractionsTest.scrollInExpandableLists_verticalScrolling_insideElement]
################################################################################################################################################
[ReportManager] File Action [CreateFile] successfully performed. With the following test data [Target Folder: "allure-results//screenshots/20220106-021408", Target File: "/1641435300554_scrollInExpandableLists_verticalScrolling_insideElement.gif"]. @06-01-2022 02:15:00.0612 AM
[ReportManager] Element Action [Tap] successfully performed. With the following test data [Views]. @06-01-2022 02:15:02.0509 AM
[ReportManager] Swiping to find Element using W3C Compliant Actions. SwipeDirection [DOWN], TargetElementLocator [AppiumBy.accessibilityId: Splitting Touches across Views]. @06-01-2022 02:15:02.0974 AM
[ReportManager] Attempted to scroll using these parameters: [{width=720, top=100, percent=0.8, left=0, height=1065, direction=DOWN}], there is still more room to keep scrolling. @06-01-2022 02:15:05.0455 AM
[ReportManager] Swiping to find Element using W3C Compliant Actions. SwipeDirection [DOWN], TargetElementLocator [AppiumBy.accessibilityId: Splitting Touches across Views]. @06-01-2022 02:15:05.0513 AM
[ReportManager] Attempted to scroll using these parameters: [{width=720, top=100, percent=0.8, left=0, height=1065, direction=DOWN}], there is still more room to keep scrolling. @06-01-2022 02:15:08.0020 AM
[ReportManager] Swiping to find Element using W3C Compliant Actions. SwipeDirection [DOWN], TargetElementLocator [AppiumBy.accessibilityId: Splitting Touches across Views]. @06-01-2022 02:15:08.0067 AM
[ReportManager] Attempted to scroll using these parameters: [{width=720, top=100, percent=0.8, left=0, height=1065, direction=DOWN}], there is still more room to keep scrolling. @06-01-2022 02:15:10.0630 AM
[ReportManager] Element Action [IsElementDisplayed] successfully performed. @06-01-2022 02:15:11.0272 AM
[ReportManager] Element found on screen. @06-01-2022 02:15:11.0273 AM
[ReportManager] Element Action [SwipeElementIntoView] successfully performed. @06-01-2022 02:15:11.0770 AM
[ReportManager] Element Action [Tap] successfully performed. With the following test data [Splitting Touches across Views]. @06-01-2022 02:15:14.0251 AM
[ReportManager] Swiping to find Element using W3C Compliant Actions. SwipeDirection [DOWN], TargetElementLocator [By.xpath: //android.widget.ListView[2]/android.widget.TextView[@text='Blue']], inside ScrollableElement [By.id: io.appium.android.apis:id/list2]. @06-01-2022 02:15:15.0445 AM
[ReportManager] Attempted to scroll using these parameters: [{width=360, top=100, percent=0.8, left=360, height=811, direction=DOWN}], there is still more room to keep scrolling. @06-01-2022 02:15:18.0050 AM
[ReportManager] Swiping to find Element using W3C Compliant Actions. SwipeDirection [DOWN], TargetElementLocator [By.xpath: //android.widget.ListView[2]/android.widget.TextView[@text='Blue']], inside ScrollableElement [By.id: io.appium.android.apis:id/list2]. @06-01-2022 02:15:18.0145 AM
[ReportManager] Attempted to scroll using these parameters: [{width=360, top=100, percent=0.8, left=360, height=811, direction=DOWN}], there is still more room to keep scrolling. @06-01-2022 02:15:20.0789 AM
[ReportManager] Swiping to find Element using W3C Compliant Actions. SwipeDirection [DOWN], TargetElementLocator [By.xpath: //android.widget.ListView[2]/android.widget.TextView[@text='Blue']], inside ScrollableElement [By.id: io.appium.android.apis:id/list2]. @06-01-2022 02:15:20.0876 AM
[ReportManager] Attempted to scroll using these parameters: [{width=360, top=100, percent=0.8, left=360, height=811, direction=DOWN}], there is still more room to keep scrolling. @06-01-2022 02:15:23.0454 AM
[ReportManager] Swiping to find Element using W3C Compliant Actions. SwipeDirection [DOWN], TargetElementLocator [By.xpath: //android.widget.ListView[2]/android.widget.TextView[@text='Blue']], inside ScrollableElement [By.id: io.appium.android.apis:id/list2]. @06-01-2022 02:15:23.0542 AM
[ReportManager] Attempted to scroll using these parameters: [{width=360, top=100, percent=0.8, left=360, height=811, direction=DOWN}], there is still more room to keep scrolling. @06-01-2022 02:15:26.0130 AM
[ReportManager] Swiping to find Element using W3C Compliant Actions. SwipeDirection [DOWN], TargetElementLocator [By.xpath: //android.widget.ListView[2]/android.widget.TextView[@text='Blue']], inside ScrollableElement [By.id: io.appium.android.apis:id/list2]. @06-01-2022 02:15:26.0227 AM
[ReportManager] Attempted to scroll using these parameters: [{width=360, top=100, percent=0.8, left=360, height=811, direction=DOWN}], there is still more room to keep scrolling. @06-01-2022 02:15:28.0819 AM
[ReportManager] Swiping to find Element using W3C Compliant Actions. SwipeDirection [DOWN], TargetElementLocator [By.xpath: //android.widget.ListView[2]/android.widget.TextView[@text='Blue']], inside ScrollableElement [By.id: io.appium.android.apis:id/list2]. @06-01-2022 02:15:29.0445 AM
[ReportManager] Attempted to scroll using these parameters: [{width=360, top=100, percent=0.8, left=360, height=811, direction=DOWN}], there is still more room to keep scrolling. @06-01-2022 02:15:32.0489 AM
[ReportManager] Swiping to find Element using W3C Compliant Actions. SwipeDirection [DOWN], TargetElementLocator [By.xpath: //android.widget.ListView[2]/android.widget.TextView[@text='Blue']], inside ScrollableElement [By.id: io.appium.android.apis:id/list2]. @06-01-2022 02:15:32.0718 AM
[ReportManager] Attempted to scroll using these parameters: [{width=360, top=100, percent=0.8, left=360, height=811, direction=DOWN}], there is still more room to keep scrolling. @06-01-2022 02:15:35.0384 AM
[ReportManager] Swiping to find Element using W3C Compliant Actions. SwipeDirection [DOWN], TargetElementLocator [By.xpath: //android.widget.ListView[2]/android.widget.TextView[@text='Blue']], inside ScrollableElement [By.id: io.appium.android.apis:id/list2]. @06-01-2022 02:15:35.0470 AM
[ReportManager] Attempted to scroll using these parameters: [{width=360, top=100, percent=0.8, left=360, height=811, direction=DOWN}], there is still more room to keep scrolling. @06-01-2022 02:15:38.0038 AM
[ReportManager] Swiping to find Element using W3C Compliant Actions. SwipeDirection [DOWN], TargetElementLocator [By.xpath: //android.widget.ListView[2]/android.widget.TextView[@text='Blue']], inside ScrollableElement [By.id: io.appium.android.apis:id/list2]. @06-01-2022 02:15:38.0113 AM
[ReportManager] Attempted to scroll using these parameters: [{width=360, top=100, percent=0.8, left=360, height=811, direction=DOWN}], there is still more room to keep scrolling. @06-01-2022 02:15:40.0596 AM
[ReportManager] Element Action [IsElementDisplayed] successfully performed. @06-01-2022 02:15:41.0618 AM
[ReportManager] Element found on screen. @06-01-2022 02:15:41.0618 AM
[ReportManager] Element Action [SwipeElementIntoView] successfully performed. @06-01-2022 02:15:42.0219 AM
[ReportManager] Element Action [Tap] successfully performed. With the following test data [Blue]. @06-01-2022 02:15:44.0133 AM
[ReportManager] Swiping to find Element using W3C Compliant Actions. SwipeDirection [UP], TargetElementLocator [By.xpath: //android.widget.ListView[2]/android.widget.TextView[@text='Abbaye de Belloc']], inside ScrollableElement [By.id: io.appium.android.apis:id/list2]. @06-01-2022 02:15:44.0204 AM
[ReportManager] Attempted to scroll using these parameters: [{width=360, top=802, percent=0.8, left=360, height=811, direction=UP}], there is still more room to keep scrolling. @06-01-2022 02:15:46.0805 AM
[ReportManager] Swiping to find Element using W3C Compliant Actions. SwipeDirection [UP], TargetElementLocator [By.xpath: //android.widget.ListView[2]/android.widget.TextView[@text='Abbaye de Belloc']], inside ScrollableElement [By.id: io.appium.android.apis:id/list2]. @06-01-2022 02:15:47.0085 AM
[ReportManager] Attempted to scroll using these parameters: [{width=360, top=802, percent=0.8, left=360, height=811, direction=UP}], there is still more room to keep scrolling. @06-01-2022 02:15:49.0850 AM
[ReportManager] Swiping to find Element using W3C Compliant Actions. SwipeDirection [UP], TargetElementLocator [By.xpath: //android.widget.ListView[2]/android.widget.TextView[@text='Abbaye de Belloc']], inside ScrollableElement [By.id: io.appium.android.apis:id/list2]. @06-01-2022 02:15:49.0905 AM
[ReportManager] Attempted to scroll using these parameters: [{width=360, top=802, percent=0.8, left=360, height=811, direction=UP}], there is still more room to keep scrolling. @06-01-2022 02:15:52.0545 AM
[ReportManager] Swiping to find Element using W3C Compliant Actions. SwipeDirection [UP], TargetElementLocator [By.xpath: //android.widget.ListView[2]/android.widget.TextView[@text='Abbaye de Belloc']], inside ScrollableElement [By.id: io.appium.android.apis:id/list2]. @06-01-2022 02:15:52.0595 AM
[ReportManager] Attempted to scroll using these parameters: [{width=360, top=802, percent=0.8, left=360, height=811, direction=UP}], there is still more room to keep scrolling. @06-01-2022 02:15:55.0082 AM
[ReportManager] Swiping to find Element using W3C Compliant Actions. SwipeDirection [UP], TargetElementLocator [By.xpath: //android.widget.ListView[2]/android.widget.TextView[@text='Abbaye de Belloc']], inside ScrollableElement [By.id: io.appium.android.apis:id/list2]. @06-01-2022 02:15:55.0153 AM
[ReportManager] Attempted to scroll using these parameters: [{width=360, top=802, percent=0.8, left=360, height=811, direction=UP}], there is still more room to keep scrolling. @06-01-2022 02:15:57.0975 AM
[ReportManager] Swiping to find Element using W3C Compliant Actions. SwipeDirection [UP], TargetElementLocator [By.xpath: //android.widget.ListView[2]/android.widget.TextView[@text='Abbaye de Belloc']], inside ScrollableElement [By.id: io.appium.android.apis:id/list2]. @06-01-2022 02:15:58.0174 AM
[ReportManager] Attempted to scroll using these parameters: [{width=360, top=802, percent=0.8, left=360, height=811, direction=UP}], there is still more room to keep scrolling. @06-01-2022 02:16:00.0779 AM
[ReportManager] Swiping to find Element using W3C Compliant Actions. SwipeDirection [UP], TargetElementLocator [By.xpath: //android.widget.ListView[2]/android.widget.TextView[@text='Abbaye de Belloc']], inside ScrollableElement [By.id: io.appium.android.apis:id/list2]. @06-01-2022 02:16:00.0838 AM
[ReportManager] Attempted to scroll using these parameters: [{width=360, top=802, percent=0.8, left=360, height=811, direction=UP}], there is still more room to keep scrolling. @06-01-2022 02:16:03.0483 AM
[ReportManager] Swiping to find Element using W3C Compliant Actions. SwipeDirection [UP], TargetElementLocator [By.xpath: //android.widget.ListView[2]/android.widget.TextView[@text='Abbaye de Belloc']], inside ScrollableElement [By.id: io.appium.android.apis:id/list2]. @06-01-2022 02:16:03.0526 AM
[ReportManager] Attempted to scroll using these parameters: [{width=360, top=802, percent=0.8, left=360, height=811, direction=UP}], there is still more room to keep scrolling. @06-01-2022 02:16:06.0000 AM
[ReportManager] Swiping to find Element using W3C Compliant Actions. SwipeDirection [UP], TargetElementLocator [By.xpath: //android.widget.ListView[2]/android.widget.TextView[@text='Abbaye de Belloc']], inside ScrollableElement [By.id: io.appium.android.apis:id/list2]. @06-01-2022 02:16:06.0076 AM
[ReportManager] Attempted to scroll using these parameters: [{width=360, top=802, percent=0.8, left=360, height=811, direction=UP}], there is no more room to keep scrolling. @06-01-2022 02:16:07.0640 AM
[ReportManager] Element Action [IsElementDisplayed] successfully performed. @06-01-2022 02:16:08.0571 AM
[ReportManager] Element found on screen. @06-01-2022 02:16:08.0571 AM
[ReportManager] Element Action [SwipeElementIntoView] successfully performed. @06-01-2022 02:16:09.0036 AM
[ReportManager] Element Action [Tap] successfully performed. With the following test data [Abbaye de Belloc]. @06-01-2022 02:16:11.0799 AM
[ReportManager] Successfully created attachment [Animated Gif - scrollInExpandableLists_verticalScrolling_insideElement] @06-01-2022 02:16:11.0803 A
[ReportManager] Successfully created attachment [Video Recording - teardown] @06-01-2022 02:16:12.0972 AM
[ReportManager] Successfully Closed All Drivers. @06-01-2022 02:16:13.0428 A
[ReportManager] File Action [GetAbsolutePath] successfully performed. With the following test data [Relative Folder Path: "target/downloadedFiles/"]. @06-01-2022 02:16:13.0430 AM
[ReportManager] Attempting to run remotely on: [Android], [http://0.0.0.0:4723/wd/hub]. @06-01-2022 02:16:13.0431 AM
[ReportManager] File Action [GetAbsolutePath] successfully performed. With the following test data [Relative Folder Path: "src/test/resources/testDataFiles/apps/ApiDemos-debug.apk"]. @06-01-2022 02:16:13.0431 AM
[ReportManager] Successfully Opened [NativeMobileApp]. @06-01-2022 02:16:25.0636 AM
[ReportManager] Started recording device screen @06-01-2022 02:16:26.0163 A

################################################################################################################################################
Starting Execution:	[3 out of 8] test cases in the current suite
Test Method:		[testPackage01.appium.AndroidBasicInteractionsTest.scrollInExpandableLists_verticalScrolling_insideElement2]
################################################################################################################################################
[ReportManager] File Action [CreateFile] successfully performed. With the following test data [Target Folder: "allure-results//screenshots/20220106-021408", Target File: "/1641435387042_scrollInExpandableLists_verticalScrolling_insideElement2.gif"]. @06-01-2022 02:16:27.0057 AM
[ReportManager] Element Action [Tap] successfully performed. With the following test data [Views]. @06-01-2022 02:16:29.0092 AM
[ReportManager] Swiping to find Element using W3C Compliant Actions. SwipeDirection [DOWN], TargetElementLocator [AppiumBy.accessibilityId: Splitting Touches across Views]. @06-01-2022 02:16:29.0779 AM
[ReportManager] Attempted to scroll using these parameters: [{width=720, top=100, percent=0.8, left=0, height=1065, direction=DOWN}], there is still more room to keep scrolling. @06-01-2022 02:16:32.0349 AM
[ReportManager] Swiping to find Element using W3C Compliant Actions. SwipeDirection [DOWN], TargetElementLocator [AppiumBy.accessibilityId: Splitting Touches across Views]. @06-01-2022 02:16:32.0409 AM
[ReportManager] Attempted to scroll using these parameters: [{width=720, top=100, percent=0.8, left=0, height=1065, direction=DOWN}], there is still more room to keep scrolling. @06-01-2022 02:16:35.0100 AM
[ReportManager] Swiping to find Element using W3C Compliant Actions. SwipeDirection [DOWN], TargetElementLocator [AppiumBy.accessibilityId: Splitting Touches across Views]. @06-01-2022 02:16:35.0157 AM
[ReportManager] Attempted to scroll using these parameters: [{width=720, top=100, percent=0.8, left=0, height=1065, direction=DOWN}], there is still more room to keep scrolling. @06-01-2022 02:16:37.0650 AM
[ReportManager] Element Action [IsElementDisplayed] successfully performed. @06-01-2022 02:16:38.0407 AM
[ReportManager] Element found on screen. @06-01-2022 02:16:38.0407 AM
[ReportManager] Element Action [SwipeElementIntoView] successfully performed. @06-01-2022 02:16:38.0876 AM
[ReportManager] Element Action [Tap] successfully performed. With the following test data [Splitting Touches across Views]. @06-01-2022 02:16:40.0687 AM
[ReportManager] Swiping to find Element using W3C Compliant Actions. SwipeDirection [DOWN], TargetElementLocator [By.xpath: //android.widget.ListView[1]/android.widget.TextView[@text='Blue']], inside ScrollableElement [By.id: io.appium.android.apis:id/list1]. @06-01-2022 02:16:42.0036 AM
[ReportManager] Attempted to scroll using these parameters: [{width=360, top=100, percent=0.8, left=0, height=811, direction=DOWN}], there is still more room to keep scrolling. @06-01-2022 02:16:44.0808 AM
[ReportManager] Swiping to find Element using W3C Compliant Actions. SwipeDirection [DOWN], TargetElementLocator [By.xpath: //android.widget.ListView[1]/android.widget.TextView[@text='Blue']], inside ScrollableElement [By.id: io.appium.android.apis:id/list1]. @06-01-2022 02:16:44.0921 AM
[ReportManager] Attempted to scroll using these parameters: [{width=360, top=100, percent=0.8, left=0, height=811, direction=DOWN}], there is still more room to keep scrolling. @06-01-2022 02:16:47.0516 AM
[ReportManager] Swiping to find Element using W3C Compliant Actions. SwipeDirection [DOWN], TargetElementLocator [By.xpath: //android.widget.ListView[1]/android.widget.TextView[@text='Blue']], inside ScrollableElement [By.id: io.appium.android.apis:id/list1]. @06-01-2022 02:16:47.0629 AM
[ReportManager] Attempted to scroll using these parameters: [{width=360, top=100, percent=0.8, left=0, height=811, direction=DOWN}], there is still more room to keep scrolling. @06-01-2022 02:16:50.0188 AM
[ReportManager] Swiping to find Element using W3C Compliant Actions. SwipeDirection [DOWN], TargetElementLocator [By.xpath: //android.widget.ListView[1]/android.widget.TextView[@text='Blue']], inside ScrollableElement [By.id: io.appium.android.apis:id/list1]. @06-01-2022 02:16:50.0266 AM
[ReportManager] Attempted to scroll using these parameters: [{width=360, top=100, percent=0.8, left=0, height=811, direction=DOWN}], there is still more room to keep scrolling. @06-01-2022 02:16:52.0810 AM
[ReportManager] Swiping to find Element using W3C Compliant Actions. SwipeDirection [DOWN], TargetElementLocator [By.xpath: //android.widget.ListView[1]/android.widget.TextView[@text='Blue']], inside ScrollableElement [By.id: io.appium.android.apis:id/list1]. @06-01-2022 02:16:52.0882 AM
[ReportManager] Attempted to scroll using these parameters: [{width=360, top=100, percent=0.8, left=0, height=811, direction=DOWN}], there is still more room to keep scrolling. @06-01-2022 02:16:55.0441 AM
[ReportManager] Swiping to find Element using W3C Compliant Actions. SwipeDirection [DOWN], TargetElementLocator [By.xpath: //android.widget.ListView[1]/android.widget.TextView[@text='Blue']], inside ScrollableElement [By.id: io.appium.android.apis:id/list1]. @06-01-2022 02:16:55.0549 AM
[ReportManager] Attempted to scroll using these parameters: [{width=360, top=100, percent=0.8, left=0, height=811, direction=DOWN}], there is still more room to keep scrolling. @06-01-2022 02:16:58.0087 AM
[ReportManager] Swiping to find Element using W3C Compliant Actions. SwipeDirection [DOWN], TargetElementLocator [By.xpath: //android.widget.ListView[1]/android.widget.TextView[@text='Blue']], inside ScrollableElement [By.id: io.appium.android.apis:id/list1]. @06-01-2022 02:16:58.0193 AM
[ReportManager] Attempted to scroll using these parameters: [{width=360, top=100, percent=0.8, left=0, height=811, direction=DOWN}], there is still more room to keep scrolling. @06-01-2022 02:17:00.0924 AM
[ReportManager] Swiping to find Element using W3C Compliant Actions. SwipeDirection [DOWN], TargetElementLocator [By.xpath: //android.widget.ListView[1]/android.widget.TextView[@text='Blue']], inside ScrollableElement [By.id: io.appium.android.apis:id/list1]. @06-01-2022 02:17:00.0990 AM
[ReportManager] Attempted to scroll using these parameters: [{width=360, top=100, percent=0.8, left=0, height=811, direction=DOWN}], there is still more room to keep scrolling. @06-01-2022 02:17:03.0588 AM
[ReportManager] Element Action [IsElementDisplayed] successfully performed. @06-01-2022 02:17:04.0656 AM
[ReportManager] Element found on screen. @06-01-2022 02:17:04.0657 AM
[ReportManager] Element Action [SwipeElementIntoView] successfully performed. @06-01-2022 02:17:05.0152 AM
[ReportManager] Element Action [Tap] successfully performed. With the following test data [Blue]. @06-01-2022 02:17:06.0942 AM
[ReportManager] Swiping to find Element using W3C Compliant Actions. SwipeDirection [UP], TargetElementLocator [By.xpath: //android.widget.ListView[1]/android.widget.TextView[@text='Abbaye de Belloc']], inside ScrollableElement [By.id: io.appium.android.apis:id/list1]. @06-01-2022 02:17:07.0027 AM
[ReportManager] Attempted to scroll using these parameters: [{width=360, top=802, percent=0.8, left=0, height=811, direction=UP}], there is still more room to keep scrolling. @06-01-2022 02:17:09.0820 AM
[ReportManager] Swiping to find Element using W3C Compliant Actions. SwipeDirection [UP], TargetElementLocator [By.xpath: //android.widget.ListView[1]/android.widget.TextView[@text='Abbaye de Belloc']], inside ScrollableElement [By.id: io.appium.android.apis:id/list1]. @06-01-2022 02:17:09.0937 AM
[ReportManager] Attempted to scroll using these parameters: [{width=360, top=802, percent=0.8, left=0, height=811, direction=UP}], there is still more room to keep scrolling. @06-01-2022 02:17:12.0817 AM
[ReportManager] Swiping to find Element using W3C Compliant Actions. SwipeDirection [UP], TargetElementLocator [By.xpath: //android.widget.ListView[1]/android.widget.TextView[@text='Abbaye de Belloc']], inside ScrollableElement [By.id: io.appium.android.apis:id/list1]. @06-01-2022 02:17:12.0910 AM
[ReportManager] Attempted to scroll using these parameters: [{width=360, top=802, percent=0.8, left=0, height=811, direction=UP}], there is still more room to keep scrolling. @06-01-2022 02:17:15.0413 AM
[ReportManager] Swiping to find Element using W3C Compliant Actions. SwipeDirection [UP], TargetElementLocator [By.xpath: //android.widget.ListView[1]/android.widget.TextView[@text='Abbaye de Belloc']], inside ScrollableElement [By.id: io.appium.android.apis:id/list1]. @06-01-2022 02:17:15.0472 AM
[ReportManager] Attempted to scroll using these parameters: [{width=360, top=802, percent=0.8, left=0, height=811, direction=UP}], there is still more room to keep scrolling. @06-01-2022 02:17:17.0959 AM
[ReportManager] Swiping to find Element using W3C Compliant Actions. SwipeDirection [UP], TargetElementLocator [By.xpath: //android.widget.ListView[1]/android.widget.TextView[@text='Abbaye de Belloc']], inside ScrollableElement [By.id: io.appium.android.apis:id/list1]. @06-01-2022 02:17:18.0012 AM
[ReportManager] Attempted to scroll using these parameters: [{width=360, top=802, percent=0.8, left=0, height=811, direction=UP}], there is still more room to keep scrolling. @06-01-2022 02:17:20.0616 AM
[ReportManager] Swiping to find Element using W3C Compliant Actions. SwipeDirection [UP], TargetElementLocator [By.xpath: //android.widget.ListView[1]/android.widget.TextView[@text='Abbaye de Belloc']], inside ScrollableElement [By.id: io.appium.android.apis:id/list1]. @06-01-2022 02:17:20.0666 AM
[ReportManager] Attempted to scroll using these parameters: [{width=360, top=802, percent=0.8, left=0, height=811, direction=UP}], there is still more room to keep scrolling. @06-01-2022 02:17:23.0223 AM
[ReportManager] Swiping to find Element using W3C Compliant Actions. SwipeDirection [UP], TargetElementLocator [By.xpath: //android.widget.ListView[1]/android.widget.TextView[@text='Abbaye de Belloc']], inside ScrollableElement [By.id: io.appium.android.apis:id/list1]. @06-01-2022 02:17:23.0330 AM
[ReportManager] Attempted to scroll using these parameters: [{width=360, top=802, percent=0.8, left=0, height=811, direction=UP}], there is still more room to keep scrolling. @06-01-2022 02:17:26.0040 AM
[ReportManager] Swiping to find Element using W3C Compliant Actions. SwipeDirection [UP], TargetElementLocator [By.xpath: //android.widget.ListView[1]/android.widget.TextView[@text='Abbaye de Belloc']], inside ScrollableElement [By.id: io.appium.android.apis:id/list1]. @06-01-2022 02:17:26.0089 AM
[ReportManager] Attempted to scroll using these parameters: [{width=360, top=802, percent=0.8, left=0, height=811, direction=UP}], there is no more room to keep scrolling. @06-01-2022 02:17:27.0624 AM
[ReportManager] Element Action [IsElementDisplayed] successfully performed. @06-01-2022 02:17:29.0014 AM
[ReportManager] Element found on screen. @06-01-2022 02:17:29.0015 AM
[ReportManager] Element Action [SwipeElementIntoView] successfully performed. @06-01-2022 02:17:29.0486 AM
[ReportManager] Element Action [Tap] successfully performed. With the following test data [Abbaye de Belloc]. @06-01-2022 02:17:31.0491 AM
[ReportManager] Successfully created attachment [Animated Gif - scrollInExpandableLists_verticalScrolling_insideElement2] @06-01-2022 02:17:31.0495 A
[ReportManager] Successfully created attachment [Video Recording - teardown] @06-01-2022 02:17:32.0384 AM
[ReportManager] Successfully Closed All Drivers. @06-01-2022 02:17:32.0883 A
[ReportManager] File Action [GetAbsolutePath] successfully performed. With the following test data [Relative Folder Path: "target/downloadedFiles/"]. @06-01-2022 02:17:32.0887 AM
[ReportManager] Attempting to run remotely on: [Android], [http://0.0.0.0:4723/wd/hub]. @06-01-2022 02:17:32.0887 AM
[ReportManager] File Action [GetAbsolutePath] successfully performed. With the following test data [Relative Folder Path: "src/test/resources/testDataFiles/apps/ApiDemos-debug.apk"]. @06-01-2022 02:17:32.0887 AM
[ReportManager] Successfully Opened [NativeMobileApp]. @06-01-2022 02:17:44.0107 AM
[ReportManager] Started recording device screen @06-01-2022 02:17:44.0639 A

################################################################################################################################################
Starting Execution:	[4 out of 8] test cases in the current suite
Test Method:		[testPackage01.appium.AndroidBasicInteractionsTest.scrollInExpandableLists_verticalScrolling_insideScreen]
################################################################################################################################################
[ReportManager] File Action [CreateFile] successfully performed. With the following test data [Target Folder: "allure-results//screenshots/20220106-021408", Target File: "/1641435465865_scrollInExpandableLists_verticalScrolling_insideScreen.gif"]. @06-01-2022 02:17:45.0884 AM
[ReportManager] Element Action [Tap] successfully performed. With the following test data [Views]. @06-01-2022 02:17:48.0920 AM
[ReportManager] Element Action [Tap] successfully performed. With the following test data [Expandable Lists]. @06-01-2022 02:17:51.0450 AM
[ReportManager] Element Action [Tap] successfully performed. With the following test data [3. Simple Adapter]. @06-01-2022 02:17:53.0392 AM
[ReportManager] Swiping to find Element using W3C Compliant Actions. SwipeDirection [DOWN], TargetElementLocator [By.xpath: //android.widget.TextView[@text='Group 18']]. @06-01-2022 02:17:55.0376 AM
[ReportManager] Attempted to scroll using these parameters: [{width=720, top=100, percent=0.8, left=0, height=1065, direction=DOWN}], there is still more room to keep scrolling. @06-01-2022 02:17:57.0890 AM
[ReportManager] Swiping to find Element using W3C Compliant Actions. SwipeDirection [DOWN], TargetElementLocator [By.xpath: //android.widget.TextView[@text='Group 18']]. @06-01-2022 02:17:57.0970 AM
[ReportManager] Attempted to scroll using these parameters: [{width=720, top=100, percent=0.8, left=0, height=1065, direction=DOWN}], there is no more room to keep scrolling. @06-01-2022 02:17:59.0432 AM
[ReportManager] Element Action [IsElementDisplayed] successfully performed. @06-01-2022 02:18:01.0275 AM
[ReportManager] Element found on screen. @06-01-2022 02:18:01.0275 AM
[ReportManager] Element Action [SwipeElementIntoView] successfully performed. @06-01-2022 02:18:01.0711 AM
[ReportManager] Element Action [Tap] successfully performed. With the following test data [Group 18]. @06-01-2022 02:18:03.0471 AM
[ReportManager] Swiping to find Element using W3C Compliant Actions. SwipeDirection [DOWN], TargetElementLocator [By.xpath: //android.widget.TextView[@text='Child 13']]. @06-01-2022 02:18:03.0878 AM
[ReportManager] Attempted to scroll using these parameters: [{width=720, top=100, percent=0.8, left=0, height=1065, direction=DOWN}], there is still more room to keep scrolling. @06-01-2022 02:18:06.0455 AM
[ReportManager] Element Action [IsElementDisplayed] successfully performed. @06-01-2022 02:18:07.0340 AM
[ReportManager] Element found on screen. @06-01-2022 02:18:07.0340 AM
[ReportManager] Element Action [SwipeElementIntoView] successfully performed. @06-01-2022 02:18:07.0878 AM
[ReportManager] Swiping to find Element using W3C Compliant Actions. SwipeDirection [UP], TargetElementLocator [By.xpath: //android.widget.TextView[@text='Group 1']]. @06-01-2022 02:18:07.0962 AM
[ReportManager] Attempted to scroll using these parameters: [{width=720, top=1084, percent=0.8, left=0, height=1065, direction=UP}], there is still more room to keep scrolling. @06-01-2022 02:18:10.0455 AM
[ReportManager] Swiping to find Element using W3C Compliant Actions. SwipeDirection [UP], TargetElementLocator [By.xpath: //android.widget.TextView[@text='Group 1']]. @06-01-2022 02:18:10.0526 AM
[ReportManager] Attempted to scroll using these parameters: [{width=720, top=1084, percent=0.8, left=0, height=1065, direction=UP}], there is still more room to keep scrolling. @06-01-2022 02:18:13.0102 AM
[ReportManager] Swiping to find Element using W3C Compliant Actions. SwipeDirection [UP], TargetElementLocator [By.xpath: //android.widget.TextView[@text='Group 1']]. @06-01-2022 02:18:13.0167 AM
[ReportManager] Attempted to scroll using these parameters: [{width=720, top=1084, percent=0.8, left=0, height=1065, direction=UP}], there is still more room to keep scrolling. @06-01-2022 02:18:15.0725 AM
[ReportManager] Swiping to find Element using W3C Compliant Actions. SwipeDirection [UP], TargetElementLocator [By.xpath: //android.widget.TextView[@text='Group 1']]. @06-01-2022 02:18:15.0781 AM
[ReportManager] Attempted to scroll using these parameters: [{width=720, top=1084, percent=0.8, left=0, height=1065, direction=UP}], there is no more room to keep scrolling. @06-01-2022 02:18:17.0299 AM
[ReportManager] Element Action [IsElementDisplayed] successfully performed. @06-01-2022 02:18:18.0407 AM
[ReportManager] Element found on screen. @06-01-2022 02:18:18.0408 AM
[ReportManager] Element Action [SwipeElementIntoView] successfully performed. @06-01-2022 02:18:18.0857 AM
[ReportManager] Successfully created attachment [Animated Gif - scrollInExpandableLists_verticalScrolling_insideScreen] @06-01-2022 02:18:18.0860 A
[ReportManager] Successfully created attachment [Video Recording - teardown] @06-01-2022 02:18:19.0653 AM
[ReportManager] Successfully Closed All Drivers. @06-01-2022 02:18:20.0295 A
[ReportManager] File Action [GetAbsolutePath] successfully performed. With the following test data [Relative Folder Path: "target/downloadedFiles/"]. @06-01-2022 02:18:20.0297 AM
[ReportManager] Attempting to run remotely on: [Android], [http://0.0.0.0:4723/wd/hub]. @06-01-2022 02:18:20.0298 AM
[ReportManager] File Action [GetAbsolutePath] successfully performed. With the following test data [Relative Folder Path: "src/test/resources/testDataFiles/apps/ApiDemos-debug.apk"]. @06-01-2022 02:18:20.0298 AM
[ReportManager] Successfully Opened [NativeMobileApp]. @06-01-2022 02:18:31.0366 AM
[ReportManager] Started recording device screen @06-01-2022 02:18:31.0906 A

################################################################################################################################################
Starting Execution:	[5 out of 8] test cases in the current suite
Test Method:		[testPackage01.appium.AndroidBasicInteractionsTest.testOpensAlert]
################################################################################################################################################
[ReportManager] File Action [CreateFile] successfully performed. With the following test data [Target Folder: "allure-results//screenshots/20220106-021408", Target File: "/1641435514745_testOpensAlert.gif"]. @06-01-2022 02:18:34.0767 AM
[ReportManager] Element Action [Tap] successfully performed. With the following test data [OK CANCEL DIALOG WITH A MESSAGE]. @06-01-2022 02:18:37.0586 AM
[ReportManager] Element Action [GetText] successfully performed. With the following test data [Lorem ipsum dolor sit aie consectetur adipiscing
Plloaso mako nuto siwuf cakso dodtos anr koop.]. @06-01-2022 02:18:38.0467 AM
[ReportManager] Loaded Shared OpenCV @06-01-2022 02:18:40.0654 AM
[ReportManager] Verification Passed: Then I Verify that the element found by [By.id: android:id/alertTitle] text is equal to [Lorem ipsum dolor sit aie consectetur adipiscing
Plloaso mako nuto siwuf cakso dodtos anr koop.]. @06-01-2022 02:18:41.0366 AM
[ReportManager] Successfully created attachment [Screenshot - 1641435519415_testOpensAlert_ValidateElementAttribute_passed] @06-01-2022 02:18:41.0368 AM
[ReportManager] Verification [ValidateElementAttribute] PASSED. Expected [Value Should be 'Lorem ipsum dolor sit aie consectetur adipiscing
Plloaso mako nuto siwuf cakso dodtos anr koop.' for the 'text' attribute, element locator 'By.id: android:id/alertTitle'] and Actual [Lorem ipsum dolor sit aie consectetur adipiscing
Plloaso mako nuto siwuf cakso dodtos anr koop.]. Comparison Type [EQUALS]. Validation Type [POSITIVE]. @06-01-2022 02:18:41.0368 AM
[ReportManager] Element Action [Tap] successfully performed. With the following test data [OK]. @06-01-2022 02:18:43.0056 AM
[ReportManager] Successfully created attachment [Animated Gif - testOpensAlert] @06-01-2022 02:18:43.0057 A
[ReportManager] Successfully created attachment [Video Recording - teardown] @06-01-2022 02:18:43.0878 AM
[ReportManager] Successfully Closed All Drivers. @06-01-2022 02:18:44.0336 A
[ReportManager] File Action [GetAbsolutePath] successfully performed. With the following test data [Relative Folder Path: "target/downloadedFiles/"]. @06-01-2022 02:18:44.0339 AM
[ReportManager] Attempting to run remotely on: [Android], [http://0.0.0.0:4723/wd/hub]. @06-01-2022 02:18:44.0340 AM
[ReportManager] File Action [GetAbsolutePath] successfully performed. With the following test data [Relative Folder Path: "src/test/resources/testDataFiles/apps/ApiDemos-debug.apk"]. @06-01-2022 02:18:44.0340 AM
[ReportManager] Successfully Opened [NativeMobileApp]. @06-01-2022 02:18:54.0408 AM
[ReportManager] Started recording device screen @06-01-2022 02:18:54.0917 A

################################################################################################################################################
Starting Execution:	[6 out of 8] test cases in the current suite
Test Method:		[testPackage01.appium.AndroidBasicInteractionsTest.testSendKeys]
################################################################################################################################################
[ReportManager] File Action [CreateFile] successfully performed. With the following test data [Target Folder: "allure-results//screenshots/20220106-021408", Target File: "/1641435538672_testSendKeys.gif"]. @06-01-2022 02:18:58.0698 AM
[ReportManager] Element Action [Type] successfully performed. With the following test data [Hello world!]. @06-01-2022 02:18:59.0198 AM
[ReportManager] Element Action [Tap] successfully performed. With the following test data [ONSEARCHREQUESTED()]. @06-01-2022 02:19:01.0960 AM
[ReportManager] Element Action [GetText] successfully performed. With the following test data [Hello world!]. @06-01-2022 02:19:02.0996 AM
[ReportManager] Loaded Shared OpenCV @06-01-2022 02:19:03.0514 AM
[ReportManager] Assertion Passed: Then I Assert that the element found by [By.id: android:id/search_src_text] text is equal to [Hello world!]. @06-01-2022 02:19:03.0887 AM
[ReportManager] Successfully created attachment [Screenshot - 1641435543513_testSendKeys_ValidateElementAttribute_passed] @06-01-2022 02:19:03.0888 AM
[ReportManager] Assertion [ValidateElementAttribute] PASSED. Expected [Value Should be 'Hello world!' for the 'text' attribute, element locator 'By.id: android:id/search_src_text'] and Actual [Hello world!]. Comparison Type [EQUALS]. Validation Type [POSITIVE]. @06-01-2022 02:19:03.0888 AM
[ReportManager] Successfully created attachment [Animated Gif - testSendKeys] @06-01-2022 02:19:03.0889 A
[ReportManager] Successfully created attachment [Video Recording - teardown] @06-01-2022 02:19:04.0905 AM
[ReportManager] Successfully Closed All Drivers. @06-01-2022 02:19:05.0467 A
[ReportManager] File Action [GetAbsolutePath] successfully performed. With the following test data [Relative Folder Path: "target/downloadedFiles/"]. @06-01-2022 02:19:05.0470 AM
[ReportManager] Attempting to run remotely on: [Android], [http://0.0.0.0:4723/wd/hub]. @06-01-2022 02:19:05.0470 AM
[ReportManager] File Action [GetAbsolutePath] successfully performed. With the following test data [Relative Folder Path: "src/test/resources/testDataFiles/apps/ApiDemos-debug.apk"]. @06-01-2022 02:19:05.0471 AM
[ReportManager] Successfully Opened [NativeMobileApp]. @06-01-2022 02:19:15.0341 AM
[ReportManager] Started recording device screen @06-01-2022 02:19:16.0004 A

################################################################################################################################################
Starting Execution:	[7 out of 8] test cases in the current suite
Test Method:		[testPackage01.appium.AndroidBasicInteractionsTest.visualElementIdentification_requiresProcessing]
################################################################################################################################################
[ReportManager] File Action [DoesFileExist] successfully performed. With the following test data [File Path: "src/main/resources/dynamicObjectRepository/content2.png"]. @06-01-2022 02:19:16.0278 AM
[ReportManager] Loaded Shared OpenCV @06-01-2022 02:19:16.0278 AM
[ReportManager] Successfully identified the element using AI; OpenCV. @06-01-2022 02:19:16.0365 AM
[ReportManager] Element Action [Tap] successfully performed. @06-01-2022 02:19:16.0651 AM
[ReportManager] org.openqa.selenium.TimeoutException:
Expected condition failed: waiting for com.shaft.gui.element.ElementActionsHelper$$Lambda$618/0x000000080110b148@7a98f106 (tried for 25 second(s) with 1000 milliseconds interval)
org.openqa.selenium.support.ui.FluentWait.timeoutException(FluentWait.java:263)
org.openqa.selenium.support.ui.FluentWait.until(FluentWait.java:231)
com.shaft.gui.element.ElementActionsHelper.waitForElementPresence(ElementActionsHelper.java:63)
com.shaft.gui.element.ElementActionsHelper.waitForElementPresence(ElementActionsHelper.java:37)
com.shaft.gui.element.WebDriverElementActions.getMatchingElementsCount(WebDriverElementActions.java:1468)
com.shaft.gui.element.WebDriverElementActions.getElementsCount(WebDriverElementActions.java:559)
com.shaft.gui.element.ElementActions.getElementsCount(ElementActions.java:261)
com.shaft.validation.ValidationsHelper.validateElementExists(ValidationsHelper.java:149)
com.shaft.validation.ValidationsExecutor.perform(ValidationsExecutor.java:146)
testPackage01.appium.AndroidBasicInteractionsTest.visualElementIdentification_requiresProcessing(AndroidBasicInteractionsTest.java:90)
java.base/jdk.internal.reflect.NativeMethodAccessorImpl.invoke0(Native Method)
java.base/jdk.internal.reflect.NativeMethodAccessorImpl.invoke(NativeMethodAccessorImpl.java:77)
java.base/jdk.internal.reflect.DelegatingMethodAccessorImpl.invoke(DelegatingMethodAccessorImpl.java:43)
java.base/java.lang.reflect.Method.invoke(Method.java:568)
org.testng.internal.MethodInvocationHelper.invokeMethod(MethodInvocationHelper.java:133)
org.testng.internal.TestInvoker.invokeMethod(TestInvoker.java:598)
org.testng.internal.TestInvoker.invokeTestMethod(TestInvoker.java:173)
org.testng.internal.MethodRunner.runInSequence(MethodRunner.java:46)
org.testng.internal.TestInvoker$MethodInvocationAgent.invoke(TestInvoker.java:824)
org.testng.internal.TestInvoker.invokeTestMethods(TestInvoker.java:146)
org.testng.internal.TestMethodWorker.invokeTestMethods(TestMethodWorker.java:146)
org.testng.internal.TestMethodWorker.run(TestMethodWorker.java:128)
java.base/java.util.ArrayList.forEach(ArrayList.java:1511)
org.testng.TestRunner.privateRun(TestRunner.java:794)
org.testng.TestRunner.run(TestRunner.java:596)
org.testng.SuiteRunner.runTest(SuiteRunner.java:377)
org.testng.SuiteRunner.runSequentially(SuiteRunner.java:371)
org.testng.SuiteRunner.privateRun(SuiteRunner.java:332)
org.testng.SuiteRunner.run(SuiteRunner.java:276)
org.testng.SuiteRunnerWorker.runSuite(SuiteRunnerWorker.java:53)
org.testng.SuiteRunnerWorker.run(SuiteRunnerWorker.java:96)
org.testng.TestNG.runSuitesSequentially(TestNG.java:1212)
org.testng.TestNG.runSuitesLocally(TestNG.java:1134)
org.testng.TestNG.runSuites(TestNG.java:1063)
org.testng.TestNG.run(TestNG.java:1031)
org.apache.maven.surefire.testng.TestNGExecutor.run(TestNGExecutor.java:136)
org.apache.maven.surefire.testng.TestNGDirectoryTestSuite.executeSingleClass(TestNGDirectoryTestSuite.java:112)
org.apache.maven.surefire.testng.TestNGDirectoryTestSuite.execute(TestNGDirectoryTestSuite.java:99)
org.apache.maven.surefire.testng.TestNGProvider.invoke(TestNGProvider.java:145)
org.apache.maven.surefire.booter.ForkedBooter.runSuitesInProcess(ForkedBooter.java:428)
org.apache.maven.surefire.booter.ForkedBooter.execute(ForkedBooter.java:162)
org.apache.maven.surefire.booter.ForkedBooter.run(ForkedBooter.java:562)
org.apache.maven.surefire.booter.ForkedBooter.main(ForkedBooter.java:548)

Caused by: org.openqa.selenium.NoSuchElementException:
An element could not be located on the page using the given search parameters.
For documentation on this error, please visit: https://selenium.dev/exceptions/#no_such_element
Build info: version: '4.1.1', revision: 'e8fcc2cecf'
System info: host: 'Mac-1641434782508.local', ip: '10.212.9.41', os.name: 'Mac OS X', os.arch: 'x86_64', os.version: '11.5', java.version: '17.0.1'
Driver info: io.appium.java_client.android.AndroidDriver
Command: [486565e6-c7b7-45c1-9297-811996c88d89, findElement {using=accessibility id, value=Assets}]
Capabilities {appium:app: /Users/runner/work/SHAFT_EN..., appium:appPackage: io.appium.android.apis, appium:appWaitActivity: *, appium:automationName: UIAutomator2, appium:databaseEnabled: false, appium:desired: {app: /Users/runner/work/SHAFT_EN..., appWaitActivity: *, automationName: UIAutomator2, disableWindowAnimation: true, platformName: android}, appium:deviceApiLevel: 30, appium:deviceManufacturer: unknown, appium:deviceModel: Android SDK built for x86, appium:deviceName: emulator-5554, appium:deviceScreenDensity: 320, appium:deviceScreenSize: 720x1280, appium:deviceUDID: emulator-5554, appium:disableWindowAnimation: true, appium:javascriptEnabled: true, appium:locationContextEnabled: false, appium:networkConnectionEnabled: true, appium:pixelRatio: 2, appium:platformVersion: 11, appium:statBarHeight: 48, appium:takesScreenshot: true, appium:viewportRect: {height: 1136, left: 0, top: 48, width: 720}, appium:warnings: {}, appium:webStorageEnabled: false, platformName: android}
Session ID: 486565e6-c7b7-45c1-9297-811996c88d89
jdk.internal.reflect.GeneratedConstructorAccessor13.newInstance(Unknown Source)
java.base/jdk.internal.reflect.DelegatingConstructorAccessorImpl.newInstance(DelegatingConstructorAccessorImpl.java:45)
java.base/java.lang.reflect.Constructor.newInstanceWithCaller(Constructor.java:499)
java.base/java.lang.reflect.Constructor.newInstance(Constructor.java:480)
org.openqa.selenium.remote.codec.w3c.W3CHttpResponseCodec.createException(W3CHttpResponseCodec.java:200)
org.openqa.selenium.remote.codec.w3c.W3CHttpResponseCodec.decode(W3CHttpResponseCodec.java:133)
org.openqa.selenium.remote.codec.w3c.W3CHttpResponseCodec.decode(W3CHttpResponseCodec.java:53)
org.openqa.selenium.remote.HttpCommandExecutor.execute(HttpCommandExecutor.java:184)
io.appium.java_client.remote.AppiumCommandExecutor.execute(AppiumCommandExecutor.java:180)
org.openqa.selenium.remote.RemoteWebDriver.execute(RemoteWebDriver.java:543)
org.openqa.selenium.remote.ElementLocation$ElementFinder$2.findElement(ElementLocation.java:162)
org.openqa.selenium.remote.ElementLocation.findElement(ElementLocation.java:60)
org.openqa.selenium.remote.RemoteWebDriver.findElement(RemoteWebDriver.java:367)
org.openqa.selenium.remote.RemoteWebDriver.findElement(RemoteWebDriver.java:359)
com.shaft.gui.element.ElementActionsHelper.lambda$waitForElementPresence$0(ElementActionsHelper.java:68)
org.openqa.selenium.support.ui.FluentWait.until(FluentWait.java:208)
com.shaft.gui.element.ElementActionsHelper.waitForElementPresence(ElementActionsHelper.java:63)
com.shaft.gui.element.ElementActionsHelper.waitForElementPresence(ElementActionsHelper.java:37)
com.shaft.gui.element.WebDriverElementActions.getMatchingElementsCount(WebDriverElementActions.java:1468)
com.shaft.gui.element.WebDriverElementActions.getElementsCount(WebDriverElementActions.java:559)
com.shaft.gui.element.ElementActions.getElementsCount(ElementActions.java:261)
com.shaft.validation.ValidationsHelper.validateElementExists(ValidationsHelper.java:149)
com.shaft.validation.ValidationsExecutor.perform(ValidationsExecutor.java:146)
testPackage01.appium.AndroidBasicInteractionsTest.visualElementIdentification_requiresProcessing(AndroidBasicInteractionsTest.java:90)
java.base/jdk.internal.reflect.NativeMethodAccessorImpl.invoke0(Native Method)
java.base/jdk.internal.reflect.NativeMethodAccessorImpl.invoke(NativeMethodAccessorImpl.java:77)
java.base/jdk.internal.reflect.DelegatingMethodAccessorImpl.invoke(DelegatingMethodAccessorImpl.java:43)
java.base/java.lang.reflect.Method.invoke(Method.java:568)
org.testng.internal.MethodInvocationHelper.invokeMethod(MethodInvocationHelper.java:133)
org.testng.internal.TestInvoker.invokeMethod(TestInvoker.java:598)
org.testng.internal.TestInvoker.invokeTestMethod(TestInvoker.java:173)
org.testng.internal.MethodRunner.runInSequence(MethodRunner.java:46)
org.testng.internal.TestInvoker$MethodInvocationAgent.invoke(TestInvoker.java:824)
org.testng.internal.TestInvoker.invokeTestMethods(TestInvoker.java:146)
org.testng.internal.TestMethodWorker.invokeTestMethods(TestMethodWorker.java:146)
org.testng.internal.TestMethodWorker.run(TestMethodWorker.java:128)
java.base/java.util.ArrayList.forEach(ArrayList.java:1511)
org.testng.TestRunner.privateRun(TestRunner.java:794)
org.testng.TestRunner.run(TestRunner.java:596)
org.testng.SuiteRunner.runTest(SuiteRunner.java:377)
org.testng.SuiteRunner.runSequentially(SuiteRunner.java:371)
org.testng.SuiteRunner.privateRun(SuiteRunner.java:332)
org.testng.SuiteRunner.run(SuiteRunner.java:276)
org.testng.SuiteRunnerWorker.runSuite(SuiteRunnerWorker.java:53)
org.testng.SuiteRunnerWorker.run(SuiteRunnerWorker.java:96)
org.testng.TestNG.runSuitesSequentially(TestNG.java:1212)
org.testng.TestNG.runSuitesLocally(TestNG.java:1134)
org.testng.TestNG.runSuites(TestNG.java:1063)
org.testng.TestNG.run(TestNG.java:1031)
org.apache.maven.surefire.testng.TestNGExecutor.run(TestNGExecutor.java:136)
org.apache.maven.surefire.testng.TestNGDirectoryTestSuite.executeSingleClass(TestNGDirectoryTestSuite.java:112)
org.apache.maven.surefire.testng.TestNGDirectoryTestSuite.execute(TestNGDirectoryTestSuite.java:99)
org.apache.maven.surefire.testng.TestNGProvider.invoke(TestNGProvider.java:145)
org.apache.maven.surefire.booter.ForkedBooter.runSuitesInProcess(ForkedBooter.java:428)
org.apache.maven.surefire.booter.ForkedBooter.execute(ForkedBooter.java:162)
org.apache.maven.surefire.booter.ForkedBooter.run(ForkedBooter.java:562)
org.apache.maven.surefire.booter.ForkedBooter.main(ForkedBooter.java:548) @06-01-2022 02:19:42.0403 AM
[ReportManager] org.openqa.selenium.TimeoutException:
Expected condition failed: waiting for com.shaft.gui.element.ElementActionsHelper$$Lambda$618/0x000000080110b148@1f748d43 (tried for 5 second(s) with 1000 milliseconds interval)
org.openqa.selenium.support.ui.FluentWait.timeoutException(FluentWait.java:263)
org.openqa.selenium.support.ui.FluentWait.until(FluentWait.java:231)
com.shaft.gui.element.ElementActionsHelper.waitForElementPresence(ElementActionsHelper.java:63)
com.shaft.gui.element.ElementActionsHelper.waitForElementPresence(ElementActionsHelper.java:37)
com.shaft.gui.element.WebDriverElementActions.getMatchingElementsCount(WebDriverElementActions.java:1468)
com.shaft.gui.element.WebDriverElementActions.getElementsCount(WebDriverElementActions.java:559)
com.shaft.gui.element.ElementActions.getElementsCount(ElementActions.java:261)
com.shaft.gui.image.ScreenshotManager.internalCaptureScreenShot(ScreenshotManager.java:394)
com.shaft.gui.image.ScreenshotManager.captureScreenShot(ScreenshotManager.java:141)
com.shaft.validation.ValidationsHelper.reportValidationState(ValidationsHelper.java:823)
com.shaft.validation.ValidationsHelper.fail(ValidationsHelper.java:588)
com.shaft.validation.ValidationsHelper.validateElementExists(ValidationsHelper.java:155)
com.shaft.validation.ValidationsExecutor.perform(ValidationsExecutor.java:146)
testPackage01.appium.AndroidBasicInteractionsTest.visualElementIdentification_requiresProcessing(AndroidBasicInteractionsTest.java:90)
java.base/jdk.internal.reflect.NativeMethodAccessorImpl.invoke0(Native Method)
java.base/jdk.internal.reflect.NativeMethodAccessorImpl.invoke(NativeMethodAccessorImpl.java:77)
java.base/jdk.internal.reflect.DelegatingMethodAccessorImpl.invoke(DelegatingMethodAccessorImpl.java:43)
java.base/java.lang.reflect.Method.invoke(Method.java:568)
org.testng.internal.MethodInvocationHelper.invokeMethod(MethodInvocationHelper.java:133)
org.testng.internal.TestInvoker.invokeMethod(TestInvoker.java:598)
org.testng.internal.TestInvoker.invokeTestMethod(TestInvoker.java:173)
org.testng.internal.MethodRunner.runInSequence(MethodRunner.java:46)
org.testng.internal.TestInvoker$MethodInvocationAgent.invoke(TestInvoker.java:824)
org.testng.internal.TestInvoker.invokeTestMethods(TestInvoker.java:146)
org.testng.internal.TestMethodWorker.invokeTestMethods(TestMethodWorker.java:146)
org.testng.internal.TestMethodWorker.run(TestMethodWorker.java:128)
java.base/java.util.ArrayList.forEach(ArrayList.java:1511)
org.testng.TestRunner.privateRun(TestRunner.java:794)
org.testng.TestRunner.run(TestRunner.java:596)
org.testng.SuiteRunner.runTest(SuiteRunner.java:377)
org.testng.SuiteRunner.runSequentially(SuiteRunner.java:371)
org.testng.SuiteRunner.privateRun(SuiteRunner.java:332)
org.testng.SuiteRunner.run(SuiteRunner.java:276)
org.testng.SuiteRunnerWorker.runSuite(SuiteRunnerWorker.java:53)
org.testng.SuiteRunnerWorker.run(SuiteRunnerWorker.java:96)
org.testng.TestNG.runSuitesSequentially(TestNG.java:1212)
org.testng.TestNG.runSuitesLocally(TestNG.java:1134)
org.testng.TestNG.runSuites(TestNG.java:1063)
org.testng.TestNG.run(TestNG.java:1031)
org.apache.maven.surefire.testng.TestNGExecutor.run(TestNGExecutor.java:136)
org.apache.maven.surefire.testng.TestNGDirectoryTestSuite.executeSingleClass(TestNGDirectoryTestSuite.java:112)
org.apache.maven.surefire.testng.TestNGDirectoryTestSuite.execute(TestNGDirectoryTestSuite.java:99)
org.apache.maven.surefire.testng.TestNGProvider.invoke(TestNGProvider.java:145)
org.apache.maven.surefire.booter.ForkedBooter.runSuitesInProcess(ForkedBooter.java:428)
org.apache.maven.surefire.booter.ForkedBooter.execute(ForkedBooter.java:162)
org.apache.maven.surefire.booter.ForkedBooter.run(ForkedBooter.java:562)
org.apache.maven.surefire.booter.ForkedBooter.main(ForkedBooter.java:548)

Caused by: org.openqa.selenium.NoSuchElementException:
An element could not be located on the page using the given search parameters.
For documentation on this error, please visit: https://selenium.dev/exceptions/#no_such_element
Build info: version: '4.1.1', revision: 'e8fcc2cecf'
System info: host: 'Mac-1641434782508.local', ip: '10.212.9.41', os.name: 'Mac OS X', os.arch: 'x86_64', os.version: '11.5', java.version: '17.0.1'
Driver info: io.appium.java_client.android.AndroidDriver
Command: [486565e6-c7b7-45c1-9297-811996c88d89, findElement {using=accessibility id, value=Assets}]
Capabilities {appium:app: /Users/runner/work/SHAFT_EN..., appium:appPackage: io.appium.android.apis, appium:appWaitActivity: *, appium:automationName: UIAutomator2, appium:databaseEnabled: false, appium:desired: {app: /Users/runner/work/SHAFT_EN..., appWaitActivity: *, automationName: UIAutomator2, disableWindowAnimation: true, platformName: android}, appium:deviceApiLevel: 30, appium:deviceManufacturer: unknown, appium:deviceModel: Android SDK built for x86, appium:deviceName: emulator-5554, appium:deviceScreenDensity: 320, appium:deviceScreenSize: 720x1280, appium:deviceUDID: emulator-5554, appium:disableWindowAnimation: true, appium:javascriptEnabled: true, appium:locationContextEnabled: false, appium:networkConnectionEnabled: true, appium:pixelRatio: 2, appium:platformVersion: 11, appium:statBarHeight: 48, appium:takesScreenshot: true, appium:viewportRect: {height: 1136, left: 0, top: 48, width: 720}, appium:warnings: {}, appium:webStorageEnabled: false, platformName: android}
Session ID: 486565e6-c7b7-45c1-9297-811996c88d89
jdk.internal.reflect.GeneratedConstructorAccessor13.newInstance(Unknown Source)
java.base/jdk.internal.reflect.DelegatingConstructorAccessorImpl.newInstance(DelegatingConstructorAccessorImpl.java:45)
java.base/java.lang.reflect.Constructor.newInstanceWithCaller(Constructor.java:499)
java.base/java.lang.reflect.Constructor.newInstance(Constructor.java:480)
org.openqa.selenium.remote.codec.w3c.W3CHttpResponseCodec.createException(W3CHttpResponseCodec.java:200)
org.openqa.selenium.remote.codec.w3c.W3CHttpResponseCodec.decode(W3CHttpResponseCodec.java:133)
org.openqa.selenium.remote.codec.w3c.W3CHttpResponseCodec.decode(W3CHttpResponseCodec.java:53)
org.openqa.selenium.remote.HttpCommandExecutor.execute(HttpCommandExecutor.java:184)
io.appium.java_client.remote.AppiumCommandExecutor.execute(AppiumCommandExecutor.java:180)
org.openqa.selenium.remote.RemoteWebDriver.execute(RemoteWebDriver.java:543)
org.openqa.selenium.remote.ElementLocation$ElementFinder$2.findElement(ElementLocation.java:162)
org.openqa.selenium.remote.ElementLocation.findElement(ElementLocation.java:60)
org.openqa.selenium.remote.RemoteWebDriver.findElement(RemoteWebDriver.java:367)
org.openqa.selenium.remote.RemoteWebDriver.findElement(RemoteWebDriver.java:359)
com.shaft.gui.element.ElementActionsHelper.lambda$waitForElementPresence$0(ElementActionsHelper.java:68)
org.openqa.selenium.support.ui.FluentWait.until(FluentWait.java:208)
com.shaft.gui.element.ElementActionsHelper.waitForElementPresence(ElementActionsHelper.java:63)
com.shaft.gui.element.ElementActionsHelper.waitForElementPresence(ElementActionsHelper.java:37)
com.shaft.gui.element.WebDriverElementActions.getMatchingElementsCount(WebDriverElementActions.java:1468)
com.shaft.gui.element.WebDriverElementActions.getElementsCount(WebDriverElementActions.java:559)
com.shaft.gui.element.ElementActions.getElementsCount(ElementActions.java:261)
com.shaft.gui.image.ScreenshotManager.internalCaptureScreenShot(ScreenshotManager.java:394)
com.shaft.gui.image.ScreenshotManager.captureScreenShot(ScreenshotManager.java:141)
com.shaft.validation.ValidationsHelper.reportValidationState(ValidationsHelper.java:823)
com.shaft.validation.ValidationsHelper.fail(ValidationsHelper.java:588)
com.shaft.validation.ValidationsHelper.validateElementExists(ValidationsHelper.java:155)
com.shaft.validation.ValidationsExecutor.perform(ValidationsExecutor.java:146)
testPackage01.appium.AndroidBasicInteractionsTest.visualElementIdentification_requiresProcessing(AndroidBasicInteractionsTest.java:90)
java.base/jdk.internal.reflect.NativeMethodAccessorImpl.invoke0(Native Method)
java.base/jdk.internal.reflect.NativeMethodAccessorImpl.invoke(NativeMethodAccessorImpl.java:77)
java.base/jdk.internal.reflect.DelegatingMethodAccessorImpl.invoke(DelegatingMethodAccessorImpl.java:43)
java.base/java.lang.reflect.Method.invoke(Method.java:568)
org.testng.internal.MethodInvocationHelper.invokeMethod(MethodInvocationHelper.java:133)
org.testng.internal.TestInvoker.invokeMethod(TestInvoker.java:598)
org.testng.internal.TestInvoker.invokeTestMethod(TestInvoker.java:173)
org.testng.internal.MethodRunner.runInSequence(MethodRunner.java:46)
org.testng.internal.TestInvoker$MethodInvocationAgent.invoke(TestInvoker.java:824)
org.testng.internal.TestInvoker.invokeTestMethods(TestInvoker.java:146)
org.testng.internal.TestMethodWorker.invokeTestMethods(TestMethodWorker.java:146)
org.testng.internal.TestMethodWorker.run(TestMethodWorker.java:128)
java.base/java.util.ArrayList.forEach(ArrayList.java:1511)
org.testng.TestRunner.privateRun(TestRunner.java:794)
org.testng.TestRunner.run(TestRunner.java:596)
org.testng.SuiteRunner.runTest(SuiteRunner.java:377)
org.testng.SuiteRunner.runSequentially(SuiteRunner.java:371)
org.testng.SuiteRunner.privateRun(SuiteRunner.java:332)
org.testng.SuiteRunner.run(SuiteRunner.java:276)
org.testng.SuiteRunnerWorker.runSuite(SuiteRunnerWorker.java:53)
org.testng.SuiteRunnerWorker.run(SuiteRunnerWorker.java:96)
org.testng.TestNG.runSuitesSequentially(TestNG.java:1212)
org.testng.TestNG.runSuitesLocally(TestNG.java:1134)
org.testng.TestNG.runSuites(TestNG.java:1063)
org.testng.TestNG.run(TestNG.java:1031)
org.apache.maven.surefire.testng.TestNGExecutor.run(TestNGExecutor.java:136)
org.apache.maven.surefire.testng.TestNGDirectoryTestSuite.executeSingleClass(TestNGDirectoryTestSuite.java:112)
org.apache.maven.surefire.testng.TestNGDirectoryTestSuite.execute(TestNGDirectoryTestSuite.java:99)
org.apache.maven.surefire.testng.TestNGProvider.invoke(TestNGProvider.java:145)
org.apache.maven.surefire.booter.ForkedBooter.runSuitesInProcess(ForkedBooter.java:428)
org.apache.maven.surefire.booter.ForkedBooter.execute(ForkedBooter.java:162)
org.apache.maven.surefire.booter.ForkedBooter.run(ForkedBooter.java:562)
org.apache.maven.surefire.booter.ForkedBooter.main(ForkedBooter.java:548) @06-01-2022 02:19:47.0956 AM
[ReportManager] File Action [CreateFile] successfully performed. With the following test data [Target Folder: "allure-results//screenshots/20220106-021408", Target File: "/1641435588354_visualElementIdentification_requiresProcessing.gif"]. @06-01-2022 02:19:48.0378 AM
[ReportManager] Assertion Failed: Then I Assert that the element found by [AppiumBy.accessibilityId: Assets] exists. @06-01-2022 02:19:49.0273 AM
[ReportManager] Successfully created attachment [Screenshot - 1641435588354_visualElementIdentification_requiresProcessing_ValidateElementExists_failed] @06-01-2022 02:19:49.0275 AM
[ReportManager] Assertion [ValidateElementExists] FAILED. Expected [Element Should Exist, locator 'AppiumBy.accessibilityId: Assets'] and Actual [Element Doesn't Exists]. Comparison Type [EQUALS]. Validation Type [POSITIVE]. @06-01-2022 02:19:49.0275 AM
[ReportManager] Successfully created attachment [Animated Gif - visualElementIdentification_requiresProcessing] @06-01-2022 02:19:49.0276 A
[ReportManager] Successfully created attachment [Video Recording - teardown] @06-01-2022 02:19:50.0292 AM
[ReportManager] Successfully Closed All Drivers. @06-01-2022 02:19:51.0153 A
[ReportManager] File Action [GetAbsolutePath] successfully performed. With the following test data [Relative Folder Path: "target/downloadedFiles/"]. @06-01-2022 02:19:51.0155 AM
[ReportManager] Attempting to run remotely on: [Android], [http://0.0.0.0:4723/wd/hub]. @06-01-2022 02:19:51.0155 AM
[ReportManager] File Action [GetAbsolutePath] successfully performed. With the following test data [Relative Folder Path: "src/test/resources/testDataFiles/apps/ApiDemos-debug.apk"]. @06-01-2022 02:19:51.0156 AM
[ReportManager] Successfully Opened [NativeMobileApp]. @06-01-2022 02:20:00.0889 AM
[ReportManager] Started recording device screen @06-01-2022 02:20:01.0951 A

################################################################################################################################################
Starting Execution:	[8 out of 8] test cases in the current suite
Test Method:		[testPackage01.appium.AndroidBasicInteractionsTest.visualElementIdentification_samedpi]
################################################################################################################################################
[ReportManager] File Action [DoesFileExist] successfully performed. With the following test data [File Path: "src/main/resources/dynamicObjectRepository/content.png"]. @06-01-2022 02:20:02.0216 AM
[ReportManager] Loaded Shared OpenCV @06-01-2022 02:20:02.0216 AM
[ReportManager] Successfully identified the element using AI; OpenCV. @06-01-2022 02:20:02.0290 AM
[ReportManager] Element Action [Tap] successfully performed. @06-01-2022 02:20:02.0587 AM
[ReportManager] org.openqa.selenium.TimeoutException:
Expected condition failed: waiting for com.shaft.gui.element.ElementActionsHelper$$Lambda$618/0x000000080110b148@7a1587e8 (tried for 25 second(s) with 1000 milliseconds interval)
org.openqa.selenium.support.ui.FluentWait.timeoutException(FluentWait.java:263)
org.openqa.selenium.support.ui.FluentWait.until(FluentWait.java:231)
com.shaft.gui.element.ElementActionsHelper.waitForElementPresence(ElementActionsHelper.java:63)
com.shaft.gui.element.ElementActionsHelper.waitForElementPresence(ElementActionsHelper.java:37)
com.shaft.gui.element.WebDriverElementActions.getMatchingElementsCount(WebDriverElementActions.java:1468)
com.shaft.gui.element.WebDriverElementActions.getElementsCount(WebDriverElementActions.java:559)
com.shaft.gui.element.ElementActions.getElementsCount(ElementActions.java:261)
com.shaft.validation.ValidationsHelper.validateElementExists(ValidationsHelper.java:149)
com.shaft.validation.ValidationsExecutor.perform(ValidationsExecutor.java:146)
testPackage01.appium.AndroidBasicInteractionsTest.visualElementIdentification_samedpi(AndroidBasicInteractionsTest.java:81)
java.base/jdk.internal.reflect.NativeMethodAccessorImpl.invoke0(Native Method)
java.base/jdk.internal.reflect.NativeMethodAccessorImpl.invoke(NativeMethodAccessorImpl.java:77)
java.base/jdk.internal.reflect.DelegatingMethodAccessorImpl.invoke(DelegatingMethodAccessorImpl.java:43)
java.base/java.lang.reflect.Method.invoke(Method.java:568)
org.testng.internal.MethodInvocationHelper.invokeMethod(MethodInvocationHelper.java:133)
org.testng.internal.TestInvoker.invokeMethod(TestInvoker.java:598)
org.testng.internal.TestInvoker.invokeTestMethod(TestInvoker.java:173)
org.testng.internal.MethodRunner.runInSequence(MethodRunner.java:46)
org.testng.internal.TestInvoker$MethodInvocationAgent.invoke(TestInvoker.java:824)
org.testng.internal.TestInvoker.invokeTestMethods(TestInvoker.java:146)
org.testng.internal.TestMethodWorker.invokeTestMethods(TestMethodWorker.java:146)
org.testng.internal.TestMethodWorker.run(TestMethodWorker.java:128)
java.base/java.util.ArrayList.forEach(ArrayList.java:1511)
org.testng.TestRunner.privateRun(TestRunner.java:794)
org.testng.TestRunner.run(TestRunner.java:596)
org.testng.SuiteRunner.runTest(SuiteRunner.java:377)
org.testng.SuiteRunner.runSequentially(SuiteRunner.java:371)
org.testng.SuiteRunner.privateRun(SuiteRunner.java:332)
org.testng.SuiteRunner.run(SuiteRunner.java:276)
org.testng.SuiteRunnerWorker.runSuite(SuiteRunnerWorker.java:53)
org.testng.SuiteRunnerWorker.run(SuiteRunnerWorker.java:96)
org.testng.TestNG.runSuitesSequentially(TestNG.java:1212)
org.testng.TestNG.runSuitesLocally(TestNG.java:1134)
org.testng.TestNG.runSuites(TestNG.java:1063)
org.testng.TestNG.run(TestNG.java:1031)
org.apache.maven.surefire.testng.TestNGExecutor.run(TestNGExecutor.java:136)
org.apache.maven.surefire.testng.TestNGDirectoryTestSuite.executeSingleClass(TestNGDirectoryTestSuite.java:112)
org.apache.maven.surefire.testng.TestNGDirectoryTestSuite.execute(TestNGDirectoryTestSuite.java:99)
org.apache.maven.surefire.testng.TestNGProvider.invoke(TestNGProvider.java:145)
org.apache.maven.surefire.booter.ForkedBooter.runSuitesInProcess(ForkedBooter.java:428)
org.apache.maven.surefire.booter.ForkedBooter.execute(ForkedBooter.java:162)
org.apache.maven.surefire.booter.ForkedBooter.run(ForkedBooter.java:562)
org.apache.maven.surefire.booter.ForkedBooter.main(ForkedBooter.java:548)

Caused by: org.openqa.selenium.NoSuchElementException:
An element could not be located on the page using the given search parameters.
For documentation on this error, please visit: https://selenium.dev/exceptions/#no_such_element
Build info: version: '4.1.1', revision: 'e8fcc2cecf'
System info: host: 'Mac-1641434782508.local', ip: '10.212.9.41', os.name: 'Mac OS X', os.arch: 'x86_64', os.version: '11.5', java.version: '17.0.1'
Driver info: io.appium.java_client.android.AndroidDriver
Command: [c325093a-497f-480d-812c-ba5991fa7b0f, findElement {using=accessibility id, value=Assets}]
Capabilities {appium:app: /Users/runner/work/SHAFT_EN..., appium:appPackage: io.appium.android.apis, appium:appWaitActivity: *, appium:automationName: UIAutomator2, appium:databaseEnabled: false, appium:desired: {app: /Users/runner/work/SHAFT_EN..., appWaitActivity: *, automationName: UIAutomator2, disableWindowAnimation: true, platformName: android}, appium:deviceApiLevel: 30, appium:deviceManufacturer: unknown, appium:deviceModel: Android SDK built for x86, appium:deviceName: emulator-5554, appium:deviceScreenDensity: 320, appium:deviceScreenSize: 720x1280, appium:deviceUDID: emulator-5554, appium:disableWindowAnimation: true, appium:javascriptEnabled: true, appium:locationContextEnabled: false, appium:networkConnectionEnabled: true, appium:pixelRatio: 2, appium:platformVersion: 11, appium:statBarHeight: 48, appium:takesScreenshot: true, appium:viewportRect: {height: 1136, left: 0, top: 48, width: 720}, appium:warnings: {}, appium:webStorageEnabled: false, platformName: android}
Session ID: c325093a-497f-480d-812c-ba5991fa7b0f
jdk.internal.reflect.GeneratedConstructorAccessor13.newInstance(Unknown Source)
java.base/jdk.internal.reflect.DelegatingConstructorAccessorImpl.newInstance(DelegatingConstructorAccessorImpl.java:45)
java.base/java.lang.reflect.Constructor.newInstanceWithCaller(Constructor.java:499)
java.base/java.lang.reflect.Constructor.newInstance(Constructor.java:480)
org.openqa.selenium.remote.codec.w3c.W3CHttpResponseCodec.createException(W3CHttpResponseCodec.java:200)
org.openqa.selenium.remote.codec.w3c.W3CHttpResponseCodec.decode(W3CHttpResponseCodec.java:133)
org.openqa.selenium.remote.codec.w3c.W3CHttpResponseCodec.decode(W3CHttpResponseCodec.java:53)
org.openqa.selenium.remote.HttpCommandExecutor.execute(HttpCommandExecutor.java:184)
io.appium.java_client.remote.AppiumCommandExecutor.execute(AppiumCommandExecutor.java:180)
org.openqa.selenium.remote.RemoteWebDriver.execute(RemoteWebDriver.java:543)
org.openqa.selenium.remote.ElementLocation$ElementFinder$2.findElement(ElementLocation.java:162)
org.openqa.selenium.remote.ElementLocation.findElement(ElementLocation.java:60)
org.openqa.selenium.remote.RemoteWebDriver.findElement(RemoteWebDriver.java:367)
org.openqa.selenium.remote.RemoteWebDriver.findElement(RemoteWebDriver.java:359)
com.shaft.gui.element.ElementActionsHelper.lambda$waitForElementPresence$0(ElementActionsHelper.java:68)
org.openqa.selenium.support.ui.FluentWait.until(FluentWait.java:208)
com.shaft.gui.element.ElementActionsHelper.waitForElementPresence(ElementActionsHelper.java:63)
com.shaft.gui.element.ElementActionsHelper.waitForElementPresence(ElementActionsHelper.java:37)
com.shaft.gui.element.WebDriverElementActions.getMatchingElementsCount(WebDriverElementActions.java:1468)
com.shaft.gui.element.WebDriverElementActions.getElementsCount(WebDriverElementActions.java:559)
com.shaft.gui.element.ElementActions.getElementsCount(ElementActions.java:261)
com.shaft.validation.ValidationsHelper.validateElementExists(ValidationsHelper.java:149)
com.shaft.validation.ValidationsExecutor.perform(ValidationsExecutor.java:146)
testPackage01.appium.AndroidBasicInteractionsTest.visualElementIdentification_samedpi(AndroidBasicInteractionsTest.java:81)
java.base/jdk.internal.reflect.NativeMethodAccessorImpl.invoke0(Native Method)
java.base/jdk.internal.reflect.NativeMethodAccessorImpl.invoke(NativeMethodAccessorImpl.java:77)
java.base/jdk.internal.reflect.DelegatingMethodAccessorImpl.invoke(DelegatingMethodAccessorImpl.java:43)
java.base/java.lang.reflect.Method.invoke(Method.java:568)
org.testng.internal.MethodInvocationHelper.invokeMethod(MethodInvocationHelper.java:133)
org.testng.internal.TestInvoker.invokeMethod(TestInvoker.java:598)
org.testng.internal.TestInvoker.invokeTestMethod(TestInvoker.java:173)
org.testng.internal.MethodRunner.runInSequence(MethodRunner.java:46)
org.testng.internal.TestInvoker$MethodInvocationAgent.invoke(TestInvoker.java:824)
org.testng.internal.TestInvoker.invokeTestMethods(TestInvoker.java:146)
org.testng.internal.TestMethodWorker.invokeTestMethods(TestMethodWorker.java:146)
org.testng.internal.TestMethodWorker.run(TestMethodWorker.java:128)
java.base/java.util.ArrayList.forEach(ArrayList.java:1511)
org.testng.TestRunner.privateRun(TestRunner.java:794)
org.testng.TestRunner.run(TestRunner.java:596)
org.testng.SuiteRunner.runTest(SuiteRunner.java:377)
org.testng.SuiteRunner.runSequentially(SuiteRunner.java:371)
org.testng.SuiteRunner.privateRun(SuiteRunner.java:332)
org.testng.SuiteRunner.run(SuiteRunner.java:276)
org.testng.SuiteRunnerWorker.runSuite(SuiteRunnerWorker.java:53)
org.testng.SuiteRunnerWorker.run(SuiteRunnerWorker.java:96)
org.testng.TestNG.runSuitesSequentially(TestNG.java:1212)
org.testng.TestNG.runSuitesLocally(TestNG.java:1134)
org.testng.TestNG.runSuites(TestNG.java:1063)
org.testng.TestNG.run(TestNG.java:1031)
org.apache.maven.surefire.testng.TestNGExecutor.run(TestNGExecutor.java:136)
org.apache.maven.surefire.testng.TestNGDirectoryTestSuite.executeSingleClass(TestNGDirectoryTestSuite.java:112)
org.apache.maven.surefire.testng.TestNGDirectoryTestSuite.execute(TestNGDirectoryTestSuite.java:99)
org.apache.maven.surefire.testng.TestNGProvider.invoke(TestNGProvider.java:145)
org.apache.maven.surefire.booter.ForkedBooter.runSuitesInProcess(ForkedBooter.java:428)
org.apache.maven.surefire.booter.ForkedBooter.execute(ForkedBooter.java:162)
org.apache.maven.surefire.booter.ForkedBooter.run(ForkedBooter.java:562)
org.apache.maven.surefire.booter.ForkedBooter.main(ForkedBooter.java:548) @06-01-2022 02:20:28.0436 AM
[ReportManager] org.openqa.selenium.TimeoutException:
Expected condition failed: waiting for com.shaft.gui.element.ElementActionsHelper$$Lambda$618/0x000000080110b148@2c3c05ff (tried for 5 second(s) with 1000 milliseconds interval)
org.openqa.selenium.support.ui.FluentWait.timeoutException(FluentWait.java:263)
org.openqa.selenium.support.ui.FluentWait.until(FluentWait.java:231)
com.shaft.gui.element.ElementActionsHelper.waitForElementPresence(ElementActionsHelper.java:63)
com.shaft.gui.element.ElementActionsHelper.waitForElementPresence(ElementActionsHelper.java:37)
com.shaft.gui.element.WebDriverElementActions.getMatchingElementsCount(WebDriverElementActions.java:1468)
com.shaft.gui.element.WebDriverElementActions.getElementsCount(WebDriverElementActions.java:559)
com.shaft.gui.element.ElementActions.getElementsCount(ElementActions.java:261)
com.shaft.gui.image.ScreenshotManager.internalCaptureScreenShot(ScreenshotManager.java:394)
com.shaft.gui.image.ScreenshotManager.captureScreenShot(ScreenshotManager.java:141)
com.shaft.validation.ValidationsHelper.reportValidationState(ValidationsHelper.java:823)
com.shaft.validation.ValidationsHelper.fail(ValidationsHelper.java:588)
com.shaft.validation.ValidationsHelper.validateElementExists(ValidationsHelper.java:155)
com.shaft.validation.ValidationsExecutor.perform(ValidationsExecutor.java:146)
testPackage01.appium.AndroidBasicInteractionsTest.visualElementIdentification_samedpi(AndroidBasicInteractionsTest.java:81)
java.base/jdk.internal.reflect.NativeMethodAccessorImpl.invoke0(Native Method)
java.base/jdk.internal.reflect.NativeMethodAccessorImpl.invoke(NativeMethodAccessorImpl.java:77)
java.base/jdk.internal.reflect.DelegatingMethodAccessorImpl.invoke(DelegatingMethodAccessorImpl.java:43)
java.base/java.lang.reflect.Method.invoke(Method.java:568)
org.testng.internal.MethodInvocationHelper.invokeMethod(MethodInvocationHelper.java:133)
org.testng.internal.TestInvoker.invokeMethod(TestInvoker.java:598)
org.testng.internal.TestInvoker.invokeTestMethod(TestInvoker.java:173)
org.testng.internal.MethodRunner.runInSequence(MethodRunner.java:46)
org.testng.internal.TestInvoker$MethodInvocationAgent.invoke(TestInvoker.java:824)
org.testng.internal.TestInvoker.invokeTestMethods(TestInvoker.java:146)
org.testng.internal.TestMethodWorker.invokeTestMethods(TestMethodWorker.java:146)
org.testng.internal.TestMethodWorker.run(TestMethodWorker.java:128)
java.base/java.util.ArrayList.forEach(ArrayList.java:1511)
org.testng.TestRunner.privateRun(TestRunner.java:794)
org.testng.TestRunner.run(TestRunner.java:596)
org.testng.SuiteRunner.runTest(SuiteRunner.java:377)
org.testng.SuiteRunner.runSequentially(SuiteRunner.java:371)
org.testng.SuiteRunner.privateRun(SuiteRunner.java:332)
org.testng.SuiteRunner.run(SuiteRunner.java:276)
org.testng.SuiteRunnerWorker.runSuite(SuiteRunnerWorker.java:53)
org.testng.SuiteRunnerWorker.run(SuiteRunnerWorker.java:96)
org.testng.TestNG.runSuitesSequentially(TestNG.java:1212)
org.testng.TestNG.runSuitesLocally(TestNG.java:1134)
org.testng.TestNG.runSuites(TestNG.java:1063)
org.testng.TestNG.run(TestNG.java:1031)
org.apache.maven.surefire.testng.TestNGExecutor.run(TestNGExecutor.java:136)
org.apache.maven.surefire.testng.TestNGDirectoryTestSuite.executeSingleClass(TestNGDirectoryTestSuite.java:112)
org.apache.maven.surefire.testng.TestNGDirectoryTestSuite.execute(TestNGDirectoryTestSuite.java:99)
org.apache.maven.surefire.testng.TestNGProvider.invoke(TestNGProvider.java:145)
org.apache.maven.surefire.booter.ForkedBooter.runSuitesInProcess(ForkedBooter.java:428)
org.apache.maven.surefire.booter.ForkedBooter.execute(ForkedBooter.java:162)
org.apache.maven.surefire.booter.ForkedBooter.run(ForkedBooter.java:562)
org.apache.maven.surefire.booter.ForkedBooter.main(ForkedBooter.java:548)

Caused by: org.openqa.selenium.NoSuchElementException:
An element could not be located on the page using the given search parameters.
For documentation on this error, please visit: https://selenium.dev/exceptions/#no_such_element
Build info: version: '4.1.1', revision: 'e8fcc2cecf'
System info: host: 'Mac-1641434782508.local', ip: '10.212.9.41', os.name: 'Mac OS X', os.arch: 'x86_64', os.version: '11.5', java.version: '17.0.1'
Driver info: io.appium.java_client.android.AndroidDriver
Command: [c325093a-497f-480d-812c-ba5991fa7b0f, findElement {using=accessibility id, value=Assets}]
Capabilities {appium:app: /Users/runner/work/SHAFT_EN..., appium:appPackage: io.appium.android.apis, appium:appWaitActivity: *, appium:automationName: UIAutomator2, appium:databaseEnabled: false, appium:desired: {app: /Users/runner/work/SHAFT_EN..., appWaitActivity: *, automationName: UIAutomator2, disableWindowAnimation: true, platformName: android}, appium:deviceApiLevel: 30, appium:deviceManufacturer: unknown, appium:deviceModel: Android SDK built for x86, appium:deviceName: emulator-5554, appium:deviceScreenDensity: 320, appium:deviceScreenSize: 720x1280, appium:deviceUDID: emulator-5554, appium:disableWindowAnimation: true, appium:javascriptEnabled: true, appium:locationContextEnabled: false, appium:networkConnectionEnabled: true, appium:pixelRatio: 2, appium:platformVersion: 11, appium:statBarHeight: 48, appium:takesScreenshot: true, appium:viewportRect: {height: 1136, left: 0, top: 48, width: 720}, appium:warnings: {}, appium:webStorageEnabled: false, platformName: android}
Session ID: c325093a-497f-480d-812c-ba5991fa7b0f
jdk.internal.reflect.GeneratedConstructorAccessor13.newInstance(Unknown Source)
java.base/jdk.internal.reflect.DelegatingConstructorAccessorImpl.newInstance(DelegatingConstructorAccessorImpl.java:45)
java.base/java.lang.reflect.Constructor.newInstanceWithCaller(Constructor.java:499)
java.base/java.lang.reflect.Constructor.newInstance(Constructor.java:480)
org.openqa.selenium.remote.codec.w3c.W3CHttpResponseCodec.createException(W3CHttpResponseCodec.java:200)
org.openqa.selenium.remote.codec.w3c.W3CHttpResponseCodec.decode(W3CHttpResponseCodec.java:133)
org.openqa.selenium.remote.codec.w3c.W3CHttpResponseCodec.decode(W3CHttpResponseCodec.java:53)
org.openqa.selenium.remote.HttpCommandExecutor.execute(HttpCommandExecutor.java:184)
io.appium.java_client.remote.AppiumCommandExecutor.execute(AppiumCommandExecutor.java:180)
org.openqa.selenium.remote.RemoteWebDriver.execute(RemoteWebDriver.java:543)
org.openqa.selenium.remote.ElementLocation$ElementFinder$2.findElement(ElementLocation.java:162)
org.openqa.selenium.remote.ElementLocation.findElement(ElementLocation.java:60)
org.openqa.selenium.remote.RemoteWebDriver.findElement(RemoteWebDriver.java:367)
org.openqa.selenium.remote.RemoteWebDriver.findElement(RemoteWebDriver.java:359)
com.shaft.gui.element.ElementActionsHelper.lambda$waitForElementPresence$0(ElementActionsHelper.java:68)
org.openqa.selenium.support.ui.FluentWait.until(FluentWait.java:208)
com.shaft.gui.element.ElementActionsHelper.waitForElementPresence(ElementActionsHelper.java:63)
com.shaft.gui.element.ElementActionsHelper.waitForElementPresence(ElementActionsHelper.java:37)
com.shaft.gui.element.WebDriverElementActions.getMatchingElementsCount(WebDriverElementActions.java:1468)
com.shaft.gui.element.WebDriverElementActions.getElementsCount(WebDriverElementActions.java:559)
com.shaft.gui.element.ElementActions.getElementsCount(ElementActions.java:261)
com.shaft.gui.image.ScreenshotManager.internalCaptureScreenShot(ScreenshotManager.java:394)
com.shaft.gui.image.ScreenshotManager.captureScreenShot(ScreenshotManager.java:141)
com.shaft.validation.ValidationsHelper.reportValidationState(ValidationsHelper.java:823)
com.shaft.validation.ValidationsHelper.fail(ValidationsHelper.java:588)
com.shaft.validation.ValidationsHelper.validateElementExists(ValidationsHelper.java:155)
com.shaft.validation.ValidationsExecutor.perform(ValidationsExecutor.java:146)
testPackage01.appium.AndroidBasicInteractionsTest.visualElementIdentification_samedpi(AndroidBasicInteractionsTest.java:81)
java.base/jdk.internal.reflect.NativeMethodAccessorImpl.invoke0(Native Method)
java.base/jdk.internal.reflect.NativeMethodAccessorImpl.invoke(NativeMethodAccessorImpl.java:77)
java.base/jdk.internal.reflect.DelegatingMethodAccessorImpl.invoke(DelegatingMethodAccessorImpl.java:43)
java.base/java.lang.reflect.Method.invoke(Method.java:568)
org.testng.internal.MethodInvocationHelper.invokeMethod(MethodInvocationHelper.java:133)
org.testng.internal.TestInvoker.invokeMethod(TestInvoker.java:598)
org.testng.internal.TestInvoker.invokeTestMethod(TestInvoker.java:173)
org.testng.internal.MethodRunner.runInSequence(MethodRunner.java:46)
org.testng.internal.TestInvoker$MethodInvocationAgent.invoke(TestInvoker.java:824)
org.testng.internal.TestInvoker.invokeTestMethods(TestInvoker.java:146)
org.testng.internal.TestMethodWorker.invokeTestMethods(TestMethodWorker.java:146)
org.testng.internal.TestMethodWorker.run(TestMethodWorker.java:128)
java.base/java.util.ArrayList.forEach(ArrayList.java:1511)
org.testng.TestRunner.privateRun(TestRunner.java:794)
org.testng.TestRunner.run(TestRunner.java:596)
org.testng.SuiteRunner.runTest(SuiteRunner.java:377)
org.testng.SuiteRunner.runSequentially(SuiteRunner.java:371)
org.testng.SuiteRunner.privateRun(SuiteRunner.java:332)
org.testng.SuiteRunner.run(SuiteRunner.java:276)
org.testng.SuiteRunnerWorker.runSuite(SuiteRunnerWorker.java:53)
org.testng.SuiteRunnerWorker.run(SuiteRunnerWorker.java:96)
org.testng.TestNG.runSuitesSequentially(TestNG.java:1212)
org.testng.TestNG.runSuitesLocally(TestNG.java:1134)
org.testng.TestNG.runSuites(TestNG.java:1063)
org.testng.TestNG.run(TestNG.java:1031)
org.apache.maven.surefire.testng.TestNGExecutor.run(TestNGExecutor.java:136)
org.apache.maven.surefire.testng.TestNGDirectoryTestSuite.executeSingleClass(TestNGDirectoryTestSuite.java:112)
org.apache.maven.surefire.testng.TestNGDirectoryTestSuite.execute(TestNGDirectoryTestSuite.java:99)
org.apache.maven.surefire.testng.TestNGProvider.invoke(TestNGProvider.java:145)
org.apache.maven.surefire.booter.ForkedBooter.runSuitesInProcess(ForkedBooter.java:428)
org.apache.maven.surefire.booter.ForkedBooter.execute(ForkedBooter.java:162)
org.apache.maven.surefire.booter.ForkedBooter.run(ForkedBooter.java:562)
org.apache.maven.surefire.booter.ForkedBooter.main(ForkedBooter.java:548) @06-01-2022 02:20:34.0263 AM
[ReportManager] File Action [CreateFile] successfully performed. With the following test data [Target Folder: "allure-results//screenshots/20220106-021408", Target File: "/1641435634462_visualElementIdentification_samedpi.gif"]. @06-01-2022 02:20:34.0478 AM
[ReportManager] Assertion Failed: Then I Assert that the element found by [AppiumBy.accessibilityId: Assets] exists. @06-01-2022 02:20:35.0290 AM
[ReportManager] Successfully created attachment [Screenshot - 1641435634462_visualElementIdentification_samedpi_ValidateElementExists_failed] @06-01-2022 02:20:35.0292 AM
[ReportManager] Assertion [ValidateElementExists] FAILED. Expected [Element Should Exist, locator 'AppiumBy.accessibilityId: Assets'] and Actual [Element Doesn't Exists]. Comparison Type [EQUALS]. Validation Type [POSITIVE]. @06-01-2022 02:20:35.0292 AM
[ReportManager] Successfully created attachment [Animated Gif - visualElementIdentification_samedpi] @06-01-2022 02:20:35.0298 A
[ReportManager] Successfully created attachment [Video Recording - teardown] @06-01-2022 02:20:37.0553 AM
[ReportManager] Successfully Closed All Drivers. @06-01-2022 02:20:38.0163 A
[ReportManager] Successfully created attachment [SHAFT Engine Logs - Execution log] @06-01-2022 02:20:38.0185 AM

################################################################################################################################################
This test run was powered by SHAFT Engine Version: [SHAFT Engine v5.4.20211202-BETA]
SHAFT Engine is licensed under the MIT License: [https://github.com/MohabMohie/SHAFT_ENGINE/blob/master/LICENSE].
################################################################################################################################################