{
  "uid" : "ae98a7fe8fedf215",
  "name" : "TC001 - Navigate to URL and Verify Google Logo is Displayed",
  "fullName" : "testPackage01.Test_google.navigateToURLandVerifyGoogleLogoIsDisplayed",
  "historyId" : "42db9a0b95e9103a321dfe36eb368c1b",
  "time" : {
    "start" : 1642730252852,
    "stop" : 1642730252853,
    "duration" : 1
  },
  "status" : "skipped",
  "statusMessage" : "Driver Factory Action [createNewLocalDriverInstanceForSafari] failed. With the following test data [Failed to create a session on DESKTOP_SAFARI].",
  "statusTrace" : "java.lang.AssertionError: Driver Factory Action [createNewLocalDriverInstanceForSafari] failed. With the following test data [Failed to create a session on DESKTOP_SAFARI].\n\tat org.testng.Assert.fail(Assert.java:110)\n\tat com.shaft.driver.DriverFactoryHelper.failAction(DriverFactoryHelper.java:306)\n\tat com.shaft.driver.DriverFactoryHelper.createNewLocalDriverInstanceForSafari(DriverFactoryHelper.java:576)\n\tat com.shaft.driver.DriverFactoryHelper.createNewLocalDriverInstance(DriverFactoryHelper.java:596)\n\tat com.shaft.driver.DriverFactoryHelper.getDriver(DriverFactoryHelper.java:815)\n\tat com.shaft.driver.DriverFactoryHelper.getDriver(DriverFactoryHelper.java:140)\n\tat com.shaft.driver.DriverFactory.getDriver(DriverFactory.java:27)\n\tat testPackage01.Test_google.beforeClass(Test_google.java:53)\n\tat java.base/jdk.internal.reflect.NativeMethodAccessorImpl.invoke0(Native Method)\n\tat java.base/jdk.internal.reflect.NativeMethodAccessorImpl.invoke(NativeMethodAccessorImpl.java:77)\n\tat java.base/jdk.internal.reflect.DelegatingMethodAccessorImpl.invoke(DelegatingMethodAccessorImpl.java:43)\n\tat java.base/java.lang.reflect.Method.invoke(Method.java:568)\n\tat org.testng.internal.invokers.MethodInvocationHelper.invokeMethod(MethodInvocationHelper.java:135)\n\tat org.testng.internal.invokers.MethodInvocationHelper.invokeMethodConsideringTimeout(MethodInvocationHelper.java:65)\n\tat org.testng.internal.invokers.ConfigInvoker.invokeConfigurationMethod(ConfigInvoker.java:381)\n\tat org.testng.internal.invokers.ConfigInvoker.invokeConfigurations(ConfigInvoker.java:319)\n\tat org.testng.internal.invokers.TestMethodWorker.invokeBeforeClassMethods(TestMethodWorker.java:178)\n\tat org.testng.internal.invokers.TestMethodWorker.run(TestMethodWorker.java:122)\n\tat java.base/java.util.ArrayList.forEach(ArrayList.java:1511)\n\tat org.testng.TestRunner.privateRun(TestRunner.java:808)\n\tat org.testng.TestRunner.run(TestRunner.java:603)\n\tat org.testng.SuiteRunner.runTest(SuiteRunner.java:429)\n\tat org.testng.SuiteRunner.runSequentially(SuiteRunner.java:423)\n\tat org.testng.SuiteRunner.privateRun(SuiteRunner.java:383)\n\tat org.testng.SuiteRunner.run(SuiteRunner.java:326)\n\tat org.testng.SuiteRunnerWorker.runSuite(SuiteRunnerWorker.java:52)\n\tat org.testng.SuiteRunnerWorker.run(SuiteRunnerWorker.java:95)\n\tat org.testng.TestNG.runSuitesSequentially(TestNG.java:1249)\n\tat org.testng.TestNG.runSuitesLocally(TestNG.java:1169)\n\tat org.testng.TestNG.runSuites(TestNG.java:1092)\n\tat org.testng.TestNG.run(TestNG.java:1060)\n\tat org.apache.maven.surefire.testng.TestNGExecutor.run(TestNGExecutor.java:136)\n\tat org.apache.maven.surefire.testng.TestNGDirectoryTestSuite.executeMulti(TestNGDirectoryTestSuite.java:193)\n\tat org.apache.maven.surefire.testng.TestNGDirectoryTestSuite.execute(TestNGDirectoryTestSuite.java:94)\n\tat org.apache.maven.surefire.testng.TestNGProvider.invoke(TestNGProvider.java:145)\n\tat org.apache.maven.surefire.booter.ForkedBooter.runSuitesInProcess(ForkedBooter.java:428)\n\tat org.apache.maven.surefire.booter.ForkedBooter.execute(ForkedBooter.java:162)\n\tat org.apache.maven.surefire.booter.ForkedBooter.run(ForkedBooter.java:562)\n\tat org.apache.maven.surefire.booter.ForkedBooter.main(ForkedBooter.java:548)\n",
  "flaky" : false,
  "newFailed" : false,
  "newBroken" : false,
  "newPassed" : false,
  "retriesCount" : 0,
  "retriesStatusChange" : false,
  "beforeStages" : [ {
    "name" : "setupActivities",
    "time" : {
      "start" : 1642729862089,
      "stop" : 1642729864372,
      "duration" : 2283
    },
    "description" : "",
    "status" : "passed",
    "steps" : [ {
      "name" : "Folder [allure-results] was not found, it may have already been deleted.",
      "time" : {
        "start" : 1642729862144,
        "stop" : 1642729862146,
        "duration" : 2
      },
      "status" : "passed",
      "steps" : [ ],
      "attachments" : [ ],
      "parameters" : [ {
        "name" : "actionCounter",
        "value" : "1"
      }, {
        "name" : "logText",
        "value" : "Folder [allure-results] was not found, it may have already been deleted."
      } ],
      "stepsCount" : 0,
      "attachmentsCount" : 0,
      "shouldDisplayMessage" : false,
      "hasContent" : true
    }, {
      "name" : "Folder [/Users/runner/.m2/repository/allure/] was not found, it may have already been deleted.",
      "time" : {
        "start" : 1642729862147,
        "stop" : 1642729862147,
        "duration" : 0
      },
      "status" : "passed",
      "steps" : [ ],
      "attachments" : [ ],
      "parameters" : [ {
        "name" : "actionCounter",
        "value" : "2"
      }, {
        "name" : "logText",
        "value" : "Folder [/Users/runner/.m2/repository/allure/] was not found, it may have already been deleted."
      } ],
      "stepsCount" : 0,
      "attachmentsCount" : 0,
      "shouldDisplayMessage" : false,
      "hasContent" : true
    }, {
      "name" : "Downloading a file from this url [https://repo.maven.apache.org/maven2/io/qameta/allure/allure-commandline/2.17.2/allure-commandline-2.17.2.zip] to this directory [target/allureBinary.zip], please wait as downloading may take some time...",
      "time" : {
        "start" : 1642729862148,
        "stop" : 1642729862148,
        "duration" : 0
      },
      "status" : "passed",
      "steps" : [ ],
      "attachments" : [ ],
      "parameters" : [ {
        "name" : "actionCounter",
        "value" : "3"
      }, {
        "name" : "logText",
        "value" : "Downloading a file from this url [https://repo.maven.apache.org/maven2/io/qameta/allure/allure-commandline/2.17.2/allure-commandline-2.17.2.zip] to this directory [target/allureBinary.zip], please wait as downloading may take some time..."
      } ],
      "stepsCount" : 0,
      "attachmentsCount" : 0,
      "shouldDisplayMessage" : false,
      "hasContent" : true
    }, {
      "name" : "Terminal Action [PerformTerminalCommands] successfully performed. With the following test data [Host Name: \"localHost\" | Command: \"chmod u+x /Users/runner/.m2/repository/allure/allure-2.17.2/bin/allure\" | Exit Status: \"0\"].",
      "time" : {
        "start" : 1642729863579,
        "stop" : 1642729863579,
        "duration" : 0
      },
      "status" : "passed",
      "steps" : [ ],
      "attachments" : [ ],
      "parameters" : [ {
        "name" : "actionCounter",
        "value" : "4"
      }, {
        "name" : "logText",
        "value" : "Terminal Action [PerformTerminalCommands] successfully performed. With the following test data [Host Name: \"localHost\" | Command: \"chmod u+x /Users/runner/.m2/repository/allure/allure-2.17.2/bin/allure\" | Exit Status: \"0\"]."
      } ],
      "stepsCount" : 0,
      "attachmentsCount" : 0,
      "shouldDisplayMessage" : false,
      "hasContent" : true
    }, {
      "name" : "Terminal Action [PerformTerminalCommands] successfully performed. With the following test data [Host Name: \"localHost\" | Command: \"chmod u+x generate_allure_report.sh\" | Exit Status: \"0\"].",
      "time" : {
        "start" : 1642729863586,
        "stop" : 1642729863586,
        "duration" : 0
      },
      "status" : "passed",
      "steps" : [ ],
      "attachments" : [ ],
      "parameters" : [ {
        "name" : "actionCounter",
        "value" : "5"
      }, {
        "name" : "logText",
        "value" : "Terminal Action [PerformTerminalCommands] successfully performed. With the following test data [Host Name: \"localHost\" | Command: \"chmod u+x generate_allure_report.sh\" | Exit Status: \"0\"]."
      } ],
      "stepsCount" : 0,
      "attachmentsCount" : 0,
      "shouldDisplayMessage" : false,
      "hasContent" : true
    }, {
      "name" : "Folder [extent-reports] was not found, it may have already been deleted.",
      "time" : {
        "start" : 1642729863674,
        "stop" : 1642729863674,
        "duration" : 0
      },
      "status" : "passed",
      "steps" : [ ],
      "attachments" : [ ],
      "parameters" : [ {
        "name" : "actionCounter",
        "value" : "6"
      }, {
        "name" : "logText",
        "value" : "Folder [extent-reports] was not found, it may have already been deleted."
      } ],
      "stepsCount" : 0,
      "attachmentsCount" : 0,
      "shouldDisplayMessage" : false,
      "hasContent" : true
    }, {
      "name" : "Terminal Action [PerformTerminalCommands] successfully performed. With the following test data [Host Name: \"localHost\" | Command: \"chmod u+x generateJdk.sh\" | Exit Status: \"1\"].",
      "time" : {
        "start" : 1642729864369,
        "stop" : 1642729864370,
        "duration" : 1
      },
      "status" : "passed",
      "steps" : [ ],
      "attachments" : [ {
        "uid" : "ef190ddf84c0c26e",
        "name" : "Attachment: Terminal Action Actual Result - Command Log",
        "source" : "ef190ddf84c0c26e.txt",
        "type" : "text/plain",
        "size" : 48
      } ],
      "parameters" : [ {
        "name" : "actionCounter",
        "value" : "7"
      }, {
        "name" : "logText",
        "value" : "Terminal Action [PerformTerminalCommands] successfully performed. With the following test data [Host Name: \"localHost\" | Command: \"chmod u+x generateJdk.sh\" | Exit Status: \"1\"]."
      }, {
        "name" : "attachments",
        "value" : "[[Terminal Action Actual Result, Command Log, chmod: generateJdk.sh: No such file or directory]]"
      } ],
      "stepsCount" : 0,
      "attachmentsCount" : 1,
      "shouldDisplayMessage" : false,
      "hasContent" : true
    } ],
    "attachments" : [ {
      "uid" : "dedd45f4ad90e9dd",
      "name" : "Attachment: SHAFT Links - Important",
      "source" : "dedd45f4ad90e9dd.uri",
      "type" : "text/uri-list",
      "size" : 346
    }, {
      "uid" : "cb9cd4607f544ca0",
      "name" : "Attachment: Properties - testNG",
      "source" : "cb9cd4607f544ca0.properties",
      "type" : "text/plain",
      "size" : 492
    }, {
      "uid" : "9cb3ea6b00debac7",
      "name" : "Attachment: Properties - ExecutionPlatform",
      "source" : "9cb3ea6b00debac7.properties",
      "type" : "text/plain",
      "size" : 394
    }, {
      "uid" : "57f092b7bea35302",
      "name" : "Attachment: Properties - path",
      "source" : "57f092b7bea35302.properties",
      "type" : "text/plain",
      "size" : 687
    }, {
      "uid" : "f7474c80c9bada3b",
      "name" : "Attachment: Properties - video",
      "source" : "f7474c80c9bada3b.properties",
      "type" : "text/plain",
      "size" : 763
    }, {
      "uid" : "c584a6e09df2d469",
      "name" : "Attachment: Properties - pattern",
      "source" : "c584a6e09df2d469.properties",
      "type" : "text/plain",
      "size" : 564
    }, {
      "uid" : "51aa242bfaf7dc10",
      "name" : "Attachment: Properties - internal",
      "source" : "51aa242bfaf7dc10.properties",
      "type" : "text/plain",
      "size" : 111
    }, {
      "uid" : "8f90c7c165805a95",
      "name" : "Attachment: Properties - MobileCapabilities",
      "source" : "8f90c7c165805a95.properties",
      "type" : "text/plain",
      "size" : 470
    }, {
      "uid" : "ecb9dd70c9f6fc26",
      "name" : "Attachment: Properties - cucumber",
      "source" : "ecb9dd70c9f6fc26.properties",
      "type" : "text/plain",
      "size" : 226
    }, {
      "uid" : "91cfa082a9f2b747",
      "name" : "Attachment: Properties - PlatformFlags",
      "source" : "91cfa082a9f2b747.properties",
      "type" : "text/plain",
      "size" : 765
    }, {
      "uid" : "88f7234fcfa40ecf",
      "name" : "Attachment: Properties - Timeouts",
      "source" : "88f7234fcfa40ecf.properties",
      "type" : "text/plain",
      "size" : 722
    }, {
      "uid" : "50d4e9de0790cd4f",
      "name" : "Attachment: Properties - Reporting",
      "source" : "50d4e9de0790cd4f.properties",
      "type" : "text/plain",
      "size" : 614
    }, {
      "uid" : "4d83d3139cb9c6a9",
      "name" : "Attachment: Properties - browserStack",
      "source" : "4d83d3139cb9c6a9.properties",
      "type" : "text/plain",
      "size" : 877
    }, {
      "uid" : "85ff00e3575fc527",
      "name" : "Attachment: Properties - VisualValidations",
      "source" : "85ff00e3575fc527.properties",
      "type" : "text/plain",
      "size" : 723
    } ],
    "parameters" : [ ],
    "stepsCount" : 7,
    "attachmentsCount" : 15,
    "shouldDisplayMessage" : false,
    "hasContent" : true
  }, {
    "name" : "beforeClass",
    "time" : {
      "start" : 1642730252652,
      "stop" : 1642730252848,
      "duration" : 196
    },
    "description" : "",
    "status" : "failed",
    "statusMessage" : "Driver Factory Action [createNewLocalDriverInstanceForSafari] failed. With the following test data [Failed to create a session on DESKTOP_SAFARI].",
    "statusTrace" : "java.lang.AssertionError: Driver Factory Action [createNewLocalDriverInstanceForSafari] failed. With the following test data [Failed to create a session on DESKTOP_SAFARI].\n\tat org.testng.Assert.fail(Assert.java:110)\n\tat com.shaft.driver.DriverFactoryHelper.failAction(DriverFactoryHelper.java:306)\n\tat com.shaft.driver.DriverFactoryHelper.createNewLocalDriverInstanceForSafari(DriverFactoryHelper.java:576)\n\tat com.shaft.driver.DriverFactoryHelper.createNewLocalDriverInstance(DriverFactoryHelper.java:596)\n\tat com.shaft.driver.DriverFactoryHelper.getDriver(DriverFactoryHelper.java:815)\n\tat com.shaft.driver.DriverFactoryHelper.getDriver(DriverFactoryHelper.java:140)\n\tat com.shaft.driver.DriverFactory.getDriver(DriverFactory.java:27)\n\tat testPackage01.Test_google.beforeClass(Test_google.java:53)\n\tat java.base/jdk.internal.reflect.NativeMethodAccessorImpl.invoke0(Native Method)\n\tat java.base/jdk.internal.reflect.NativeMethodAccessorImpl.invoke(NativeMethodAccessorImpl.java:77)\n\tat java.base/jdk.internal.reflect.DelegatingMethodAccessorImpl.invoke(DelegatingMethodAccessorImpl.java:43)\n\tat java.base/java.lang.reflect.Method.invoke(Method.java:568)\n\tat org.testng.internal.invokers.MethodInvocationHelper.invokeMethod(MethodInvocationHelper.java:135)\n\tat org.testng.internal.invokers.MethodInvocationHelper.invokeMethodConsideringTimeout(MethodInvocationHelper.java:65)\n\tat org.testng.internal.invokers.ConfigInvoker.invokeConfigurationMethod(ConfigInvoker.java:381)\n\tat org.testng.internal.invokers.ConfigInvoker.invokeConfigurations(ConfigInvoker.java:319)\n\tat org.testng.internal.invokers.TestMethodWorker.invokeBeforeClassMethods(TestMethodWorker.java:178)\n\tat org.testng.internal.invokers.TestMethodWorker.run(TestMethodWorker.java:122)\n\tat java.base/java.util.ArrayList.forEach(ArrayList.java:1511)\n\tat org.testng.TestRunner.privateRun(TestRunner.java:808)\n\tat org.testng.TestRunner.run(TestRunner.java:603)\n\tat org.testng.SuiteRunner.runTest(SuiteRunner.java:429)\n\tat org.testng.SuiteRunner.runSequentially(SuiteRunner.java:423)\n\tat org.testng.SuiteRunner.privateRun(SuiteRunner.java:383)\n\tat org.testng.SuiteRunner.run(SuiteRunner.java:326)\n\tat org.testng.SuiteRunnerWorker.runSuite(SuiteRunnerWorker.java:52)\n\tat org.testng.SuiteRunnerWorker.run(SuiteRunnerWorker.java:95)\n\tat org.testng.TestNG.runSuitesSequentially(TestNG.java:1249)\n\tat org.testng.TestNG.runSuitesLocally(TestNG.java:1169)\n\tat org.testng.TestNG.runSuites(TestNG.java:1092)\n\tat org.testng.TestNG.run(TestNG.java:1060)\n\tat org.apache.maven.surefire.testng.TestNGExecutor.run(TestNGExecutor.java:136)\n\tat org.apache.maven.surefire.testng.TestNGDirectoryTestSuite.executeMulti(TestNGDirectoryTestSuite.java:193)\n\tat org.apache.maven.surefire.testng.TestNGDirectoryTestSuite.execute(TestNGDirectoryTestSuite.java:94)\n\tat org.apache.maven.surefire.testng.TestNGProvider.invoke(TestNGProvider.java:145)\n\tat org.apache.maven.surefire.booter.ForkedBooter.runSuitesInProcess(ForkedBooter.java:428)\n\tat org.apache.maven.surefire.booter.ForkedBooter.execute(ForkedBooter.java:162)\n\tat org.apache.maven.surefire.booter.ForkedBooter.run(ForkedBooter.java:562)\n\tat org.apache.maven.surefire.booter.ForkedBooter.main(ForkedBooter.java:548)\n",
    "steps" : [ {
      "name" : "Successfully loaded the following test data file [src/test/resources/testDataFiles/testSuite01/TestData.xlsx].",
      "time" : {
        "start" : 1642730252682,
        "stop" : 1642730252683,
        "duration" : 1
      },
      "status" : "passed",
      "steps" : [ ],
      "attachments" : [ {
        "uid" : "f8111cfb687c62f5",
        "name" : "Attachment: Test Data - Excel",
        "source" : "f8111cfb687c62f5.xlsx",
        "type" : "application/vnd.openxmlformats-officedocument.spreadsheetml.sheet",
        "size" : 12483
      } ],
      "parameters" : [ {
        "name" : "actionCounter",
        "value" : "429"
      }, {
        "name" : "logText",
        "value" : "Successfully loaded the following test data file [src/test/resources/testDataFiles/testSuite01/TestData.xlsx]."
      }, {
        "name" : "attachments",
        "value" : "[[Test Data, Excel, java.io.FileInputStream@3949693f]]"
      } ],
      "stepsCount" : 0,
      "attachmentsCount" : 1,
      "shouldDisplayMessage" : false,
      "hasContent" : true
    }, {
      "name" : "Attempting to run locally on: [Mac-64], [Safari], Headless Execution.",
      "time" : {
        "start" : 1642730252683,
        "stop" : 1642730252683,
        "duration" : 0
      },
      "status" : "passed",
      "steps" : [ ],
      "attachments" : [ ],
      "parameters" : [ {
        "name" : "actionCounter",
        "value" : "430"
      }, {
        "name" : "logText",
        "value" : "Attempting to run locally on: [Mac-64], [Safari], Headless Execution."
      } ],
      "stepsCount" : 0,
      "attachmentsCount" : 0,
      "shouldDisplayMessage" : false,
      "hasContent" : true
    }, {
      "name" : "An Exception Occured with this Message: Could not start a new session. Possible causes are invalid address of the remote server or browser start-up failure..",
      "time" : {
        "start" : 1642730252847,
        "stop" : 1642730252847,
        "duration" : 0
      },
      "status" : "passed",
      "steps" : [ ],
      "attachments" : [ {
        "uid" : "379aaab8f73be21",
        "name" : "Attachment: Exception Stack Trace - org.openqa.selenium.SessionNotCreatedException",
        "source" : "379aaab8f73be21.txt",
        "type" : "text/plain",
        "size" : 13337
      } ],
      "parameters" : [ {
        "name" : "actionCounter",
        "value" : "431"
      }, {
        "name" : "logText",
        "value" : "An Exception Occured with this Message: Could not start a new session. Possible causes are invalid address of the remote server or browser start-up failure.."
      }, {
        "name" : "attachments",
        "value" : "[[Exception Stack Trace, org.openqa.selenium.SessionNotCreatedException, org.openqa.selenium.SessionNotCreatedException:\nCould not start a new session. Possible causes are invalid address of the remote server or browser start-up failure.\norg.openqa.selenium.remote.RemoteWebDriver.execute(RemoteWebDriver.java:561)\norg.openqa.selenium.remote.RemoteWebDriver.startSession(RemoteWebDriver.java:230)\norg.openqa.selenium.remote.RemoteWebDriver.<init>(RemoteWebDriver.java:151)\norg.openqa.selenium.safari.SafariDriver.<init>(SafariDriver.java:87)\norg.openqa.selenium.safari.SafariDriver.<init>(SafariDriver.java:69)\ncom.shaft.driver.DriverFactoryHelper.createNewLocalDriverInstanceForSafari(DriverFactoryHelper.java:573)\ncom.shaft.driver.DriverFactoryHelper.createNewLocalDriverInstance(DriverFactoryHelper.java:596)\ncom.shaft.driver.DriverFactoryHelper.getDriver(DriverFactoryHelper.java:815)\ncom.shaft.driver.DriverFactoryHelper.getDriver(DriverFactoryHelper.java:140)\ncom.shaft.driver.DriverFactory.getDriver(DriverFactory.java:27)\ntestPackage01.Test_google.beforeClass(Test_google.java:53)\njava.base/jdk.internal.reflect.NativeMethodAccessorImpl.invoke0(Native Method)\njava.base/jdk.internal.reflect.NativeMethodAccessorImpl.invoke(NativeMethodAccessorImpl.java:77)\njava.base/jdk.internal.reflect.DelegatingMethodAccessorImpl.invoke(DelegatingMethodAccessorImpl.java:43)\njava.base/java.lang.reflect.Method.invoke(Method.java:568)\norg.testng.internal.invokers.MethodInvocationHelper.invokeMethod(MethodInvocationHelper.java:135)\norg.testng.internal.invokers.MethodInvocationHelper.invokeMethodConsideringTimeout(MethodInvocationHelper.java:65)\norg.testng.internal.invokers.ConfigInvoker.invokeConfigurationMethod(ConfigInvoker.java:381)\norg.testng.internal.invokers.ConfigInvoker.invokeConfigurations(ConfigInvoker.java:319)\norg.testng.internal.invokers.TestMethodWorker.invokeBeforeClassMethods(TestMethodWorker.java:178)\norg.testng.internal.invokers.TestMethodWorker.run(TestMethodWorker.java:122)\njava.base/java.util.ArrayList.forEach(ArrayList.java:1511)\norg.testng.TestRunner.privateRun(TestRunner.java:808)\norg.testng.TestRunner.run(TestRunner.java:603)\norg.testng.SuiteRunner.runTest(SuiteRunner.java:429)\norg.testng.SuiteRunner.runSequentially(SuiteRunner.java:423)\norg.testng.SuiteRunner.privateRun(SuiteRunner.java:383)\norg.testng.SuiteRunner.run(SuiteRunner.java:326)\norg.testng.SuiteRunnerWorker.runSuite(SuiteRunnerWorker.java:52)\norg.testng.SuiteRunnerWorker.run(SuiteRunnerWorker.java:95)\norg.testng.TestNG.runSuitesSequentially(TestNG.java:1249)\norg.testng.TestNG.runSuitesLocally(TestNG.java:1169)\norg.testng.TestNG.runSuites(TestNG.java:1092)\norg.testng.TestNG.run(TestNG.java:1060)\norg.apache.maven.surefire.testng.TestNGExecutor.run(TestNGExecutor.java:136)\norg.apache.maven.surefire.testng.TestNGDirectoryTestSuite.executeMulti(TestNGDirectoryTestSuite.java:193)\norg.apache.maven.surefire.testng.TestNGDirectoryTestSuite.execute(TestNGDirectoryTestSuite.java:94)\norg.apache.maven.surefire.testng.TestNGProvider.invoke(TestNGProvider.java:145)\norg.apache.maven.surefire.booter.ForkedBooter.runSuitesInProcess(ForkedBooter.java:428)\norg.apache.maven.surefire.booter.ForkedBooter.execute(ForkedBooter.java:162)\norg.apache.maven.surefire.booter.ForkedBooter.run(ForkedBooter.java:562)\norg.apache.maven.surefire.booter.ForkedBooter.main(ForkedBooter.java:548)\n\nCaused by: org.openqa.selenium.WebDriverException:\nTimed out waiting for driver server to start.\nBuild info: version: '4.1.1', revision: 'e8fcc2cecf'\nSystem info: host: 'Mac-1642729641903.local', ip: '10.212.20.219', os.name: 'Mac OS X', os.arch: 'x86_64', os.version: '11.6.2', java.version: '17.0.2'\nDriver info: driver.version: SafariDriver\norg.openqa.selenium.remote.service.DriverService.start(DriverService.java:230)\norg.openqa.selenium.remote.service.DriverCommandExecutor.execute(DriverCommandExecutor.java:98)\norg.openqa.selenium.remote.RemoteWebDriver.execute(RemoteWebDriver.java:543)\norg.openqa.selenium.remote.RemoteWebDriver.startSession(RemoteWebDriver.java:230)\norg.openqa.selenium.remote.RemoteWebDriver.<init>(RemoteWebDriver.java:151)\norg.openqa.selenium.safari.SafariDriver.<init>(SafariDriver.java:87)\norg.openqa.selenium.safari.SafariDriver.<init>(SafariDriver.java:69)\ncom.shaft.driver.DriverFactoryHelper.createNewLocalDriverInstanceForSafari(DriverFactoryHelper.java:573)\ncom.shaft.driver.DriverFactoryHelper.createNewLocalDriverInstance(DriverFactoryHelper.java:596)\ncom.shaft.driver.DriverFactoryHelper.getDriver(DriverFactoryHelper.java:815)\ncom.shaft.driver.DriverFactoryHelper.getDriver(DriverFactoryHelper.java:140)\ncom.shaft.driver.DriverFactory.getDriver(DriverFactory.java:27)\ntestPackage01.Test_google.beforeClass(Test_google.java:53)\njava.base/jdk.internal.reflect.NativeMethodAccessorImpl.invoke0(Native Method)\njava.base/jdk.internal.reflect.NativeMethodAccessorImpl.invoke(NativeMethodAccessorImpl.java:77)\njava.base/jdk.internal.reflect.DelegatingMethodAccessorImpl.invoke(DelegatingMethodAccessorImpl.java:43)\njava.base/java.lang.reflect.Method.invoke(Method.java:568)\norg.testng.internal.invokers.MethodInvocationHelper.invokeMethod(MethodInvocationHelper.java:135)\norg.testng.internal.invokers.MethodInvocationHelper.invokeMethodConsideringTimeout(MethodInvocationHelper.java:65)\norg.testng.internal.invokers.ConfigInvoker.invokeConfigurationMethod(ConfigInvoker.java:381)\norg.testng.internal.invokers.ConfigInvoker.invokeConfigurations(ConfigInvoker.java:319)\norg.testng.internal.invokers.TestMethodWorker.invokeBeforeClassMethods(TestMethodWorker.java:178)\norg.testng.internal.invokers.TestMethodWorker.run(TestMethodWorker.java:122)\njava.base/java.util.ArrayList.forEach(ArrayList.java:1511)\norg.testng.TestRunner.privateRun(TestRunner.java:808)\norg.testng.TestRunner.run(TestRunner.java:603)\norg.testng.SuiteRunner.runTest(SuiteRunner.java:429)\norg.testng.SuiteRunner.runSequentially(SuiteRunner.java:423)\norg.testng.SuiteRunner.privateRun(SuiteRunner.java:383)\norg.testng.SuiteRunner.run(SuiteRunner.java:326)\norg.testng.SuiteRunnerWorker.runSuite(SuiteRunnerWorker.java:52)\norg.testng.SuiteRunnerWorker.run(SuiteRunnerWorker.java:95)\norg.testng.TestNG.runSuitesSequentially(TestNG.java:1249)\norg.testng.TestNG.runSuitesLocally(TestNG.java:1169)\norg.testng.TestNG.runSuites(TestNG.java:1092)\norg.testng.TestNG.run(TestNG.java:1060)\norg.apache.maven.surefire.testng.TestNGExecutor.run(TestNGExecutor.java:136)\norg.apache.maven.surefire.testng.TestNGDirectoryTestSuite.executeMulti(TestNGDirectoryTestSuite.java:193)\norg.apache.maven.surefire.testng.TestNGDirectoryTestSuite.execute(TestNGDirectoryTestSuite.java:94)\norg.apache.maven.surefire.testng.TestNGProvider.invoke(TestNGProvider.java:145)\norg.apache.maven.surefire.booter.ForkedBooter.runSuitesInProcess(ForkedBooter.java:428)\norg.apache.maven.surefire.booter.ForkedBooter.execute(ForkedBooter.java:162)\norg.apache.maven.surefire.booter.ForkedBooter.run(ForkedBooter.java:562)\norg.apache.maven.surefire.booter.ForkedBooter.main(ForkedBooter.java:548)\n\nCaused by: java.util.concurrent.ExecutionException:\norg.openqa.selenium.WebDriverException: java.io.UncheckedIOException: java.net.SocketException: Invalid argument\nBuild info: version: '4.1.1', revision: 'e8fcc2cecf'\nSystem info: host: 'Mac-1642729641903.local', ip: '10.212.20.219', os.name: 'Mac OS X', os.arch: 'x86_64', os.version: '11.6.2', java.version: '17.0.2'\nDriver info: driver.version: unknown\njava.base/java.util.concurrent.CompletableFuture.reportGet(CompletableFuture.java:396)\njava.base/java.util.concurrent.CompletableFuture.get(CompletableFuture.java:2096)\norg.openqa.selenium.remote.service.DriverService.start(DriverService.java:220)\norg.openqa.selenium.remote.service.DriverCommandExecutor.execute(DriverCommandExecutor.java:98)\norg.openqa.selenium.remote.RemoteWebDriver.execute(RemoteWebDriver.java:543)\norg.openqa.selenium.remote.RemoteWebDriver.startSession(RemoteWebDriver.java:230)\norg.openqa.selenium.remote.RemoteWebDriver.<init>(RemoteWebDriver.java:151)\norg.openqa.selenium.safari.SafariDriver.<init>(SafariDriver.java:87)\norg.openqa.selenium.safari.SafariDriver.<init>(SafariDriver.java:69)\ncom.shaft.driver.DriverFactoryHelper.createNewLocalDriverInstanceForSafari(DriverFactoryHelper.java:573)\ncom.shaft.driver.DriverFactoryHelper.createNewLocalDriverInstance(DriverFactoryHelper.java:596)\ncom.shaft.driver.DriverFactoryHelper.getDriver(DriverFactoryHelper.java:815)\ncom.shaft.driver.DriverFactoryHelper.getDriver(DriverFactoryHelper.java:140)\ncom.shaft.driver.DriverFactory.getDriver(DriverFactory.java:27)\ntestPackage01.Test_google.beforeClass(Test_google.java:53)\njava.base/jdk.internal.reflect.NativeMethodAccessorImpl.invoke0(Native Method)\njava.base/jdk.internal.reflect.NativeMethodAccessorImpl.invoke(NativeMethodAccessorImpl.java:77)\njava.base/jdk.internal.reflect.DelegatingMethodAccessorImpl.invoke(DelegatingMethodAccessorImpl.java:43)\njava.base/java.lang.reflect.Method.invoke(Method.java:568)\norg.testng.internal.invokers.MethodInvocationHelper.invokeMethod(MethodInvocationHelper.java:135)\norg.testng.internal.invokers.MethodInvocationHelper.invokeMethodConsideringTimeout(MethodInvocationHelper.java:65)\norg.testng.internal.invokers.ConfigInvoker.invokeConfigurationMethod(ConfigInvoker.java:381)\norg.testng.internal.invokers.ConfigInvoker.invokeConfigurations(ConfigInvoker.java:319)\norg.testng.internal.invokers.TestMethodWorker.invokeBeforeClassMethods(TestMethodWorker.java:178)\norg.testng.internal.invokers.TestMethodWorker.run(TestMethodWorker.java:122)\njava.base/java.util.ArrayList.forEach(ArrayList.java:1511)\norg.testng.TestRunner.privateRun(TestRunner.java:808)\norg.testng.TestRunner.run(TestRunner.java:603)\norg.testng.SuiteRunner.runTest(SuiteRunner.java:429)\norg.testng.SuiteRunner.runSequentially(SuiteRunner.java:423)\norg.testng.SuiteRunner.privateRun(SuiteRunner.java:383)\norg.testng.SuiteRunner.run(SuiteRunner.java:326)\norg.testng.SuiteRunnerWorker.runSuite(SuiteRunnerWorker.java:52)\norg.testng.SuiteRunnerWorker.run(SuiteRunnerWorker.java:95)\norg.testng.TestNG.runSuitesSequentially(TestNG.java:1249)\norg.testng.TestNG.runSuitesLocally(TestNG.java:1169)\norg.testng.TestNG.runSuites(TestNG.java:1092)\norg.testng.TestNG.run(TestNG.java:1060)\norg.apache.maven.surefire.testng.TestNGExecutor.run(TestNGExecutor.java:136)\norg.apache.maven.surefire.testng.TestNGDirectoryTestSuite.executeMulti(TestNGDirectoryTestSuite.java:193)\norg.apache.maven.surefire.testng.TestNGDirectoryTestSuite.execute(TestNGDirectoryTestSuite.java:94)\norg.apache.maven.surefire.testng.TestNGProvider.invoke(TestNGProvider.java:145)\norg.apache.maven.surefire.booter.ForkedBooter.runSuitesInProcess(ForkedBooter.java:428)\norg.apache.maven.surefire.booter.ForkedBooter.execute(ForkedBooter.java:162)\norg.apache.maven.surefire.booter.ForkedBooter.run(ForkedBooter.java:562)\norg.apache.maven.surefire.booter.ForkedBooter.main(ForkedBooter.java:548)\n\nCaused by: org.openqa.selenium.WebDriverException:\njava.io.UncheckedIOException: java.net.SocketException: Invalid argument\nBuild info: version: '4.1.1', revision: 'e8fcc2cecf'\nSystem info: host: 'Mac-1642729641903.local', ip: '10.212.20.219', os.name: 'Mac OS X', os.arch: 'x86_64', os.version: '11.6.2', java.version: '17.0.2'\nDriver info: driver.version: unknown\norg.openqa.selenium.safari.SafariDriverService.waitUntilAvailable(SafariDriverService.java:86)\norg.openqa.selenium.remote.service.DriverService.lambda$start$1(DriverService.java:205)\njava.base/java.util.concurrent.CompletableFuture$AsyncSupply.run(CompletableFuture.java:1768)\njava.base/java.util.concurrent.ThreadPoolExecutor.runWorker(ThreadPoolExecutor.java:1136)\njava.base/java.util.concurrent.ThreadPoolExecutor$Worker.run(ThreadPoolExecutor.java:635)\njava.base/java.lang.Thread.run(Thread.java:833)\n\nCaused by: java.io.UncheckedIOException:\njava.net.SocketException: Invalid argument\norg.openqa.selenium.net.PortProber.waitForPortUp(PortProber.java:117)\norg.openqa.selenium.safari.SafariDriverService.waitUntilAvailable(SafariDriverService.java:84)\norg.openqa.selenium.remote.service.DriverService.lambda$start$1(DriverService.java:205)\njava.base/java.util.concurrent.CompletableFuture$AsyncSupply.run(CompletableFuture.java:1768)\njava.base/java.util.concurrent.ThreadPoolExecutor.runWorker(ThreadPoolExecutor.java:1136)\njava.base/java.util.concurrent.ThreadPoolExecutor$Worker.run(ThreadPoolExecutor.java:635)\njava.base/java.lang.Thread.run(Thread.java:833)\n\nCaused by: java.net.SocketException:\nInvalid argument\njava.base/sun.nio.ch.Net.connect0(Native Method)\njava.base/sun.nio.ch.Net.connect(Net.java:579)\njava.base/sun.nio.ch.Net.connect(Net.java:568)\njava.base/sun.nio.ch.NioSocketImpl.connect(NioSocketImpl.java:588)\njava.base/java.net.SocksSocketImpl.connect(SocksSocketImpl.java:327)\njava.base/java.net.Socket.connect(Socket.java:633)\norg.openqa.selenium.net.PortProber.waitForPortUp(PortProber.java:112)\norg.openqa.selenium.safari.SafariDriverService.waitUntilAvailable(SafariDriverService.java:84)\norg.openqa.selenium.remote.service.DriverService.lambda$start$1(DriverService.java:205)\njava.base/java.util.concurrent.CompletableFuture$AsyncSupply.run(CompletableFuture.java:1768)\njava.base/java.util.concurrent.ThreadPoolExecutor.runWorker(ThreadPoolExecutor.java:1136)\njava.base/java.util.concurrent.ThreadPoolExecutor$Worker.run(ThreadPoolExecutor.java:635)\njava.base/java.lang.Thread.run(Thread.java:833)\n]]"
      } ],
      "stepsCount" : 0,
      "attachmentsCount" : 1,
      "shouldDisplayMessage" : false,
      "hasContent" : true
    }, {
      "name" : "Driver Factory Action [createNewLocalDriverInstanceForSafari] failed. With the following test data [Failed to create a session on DESKTOP_SAFARI].",
      "time" : {
        "start" : 1642730252848,
        "stop" : 1642730252848,
        "duration" : 0
      },
      "status" : "passed",
      "steps" : [ ],
      "attachments" : [ ],
      "parameters" : [ {
        "name" : "actionCounter",
        "value" : "433"
      }, {
        "name" : "logText",
        "value" : "Driver Factory Action [createNewLocalDriverInstanceForSafari] failed. With the following test data [Failed to create a session on DESKTOP_SAFARI]."
      } ],
      "stepsCount" : 0,
      "attachmentsCount" : 0,
      "shouldDisplayMessage" : false,
      "hasContent" : true
    } ],
    "attachments" : [ ],
    "parameters" : [ ],
    "stepsCount" : 4,
    "attachmentsCount" : 2,
    "shouldDisplayMessage" : true,
    "hasContent" : true
  } ],
  "testStage" : {
    "status" : "skipped",
    "statusMessage" : "Driver Factory Action [createNewLocalDriverInstanceForSafari] failed. With the following test data [Failed to create a session on DESKTOP_SAFARI].",
    "statusTrace" : "java.lang.AssertionError: Driver Factory Action [createNewLocalDriverInstanceForSafari] failed. With the following test data [Failed to create a session on DESKTOP_SAFARI].\n\tat org.testng.Assert.fail(Assert.java:110)\n\tat com.shaft.driver.DriverFactoryHelper.failAction(DriverFactoryHelper.java:306)\n\tat com.shaft.driver.DriverFactoryHelper.createNewLocalDriverInstanceForSafari(DriverFactoryHelper.java:576)\n\tat com.shaft.driver.DriverFactoryHelper.createNewLocalDriverInstance(DriverFactoryHelper.java:596)\n\tat com.shaft.driver.DriverFactoryHelper.getDriver(DriverFactoryHelper.java:815)\n\tat com.shaft.driver.DriverFactoryHelper.getDriver(DriverFactoryHelper.java:140)\n\tat com.shaft.driver.DriverFactory.getDriver(DriverFactory.java:27)\n\tat testPackage01.Test_google.beforeClass(Test_google.java:53)\n\tat java.base/jdk.internal.reflect.NativeMethodAccessorImpl.invoke0(Native Method)\n\tat java.base/jdk.internal.reflect.NativeMethodAccessorImpl.invoke(NativeMethodAccessorImpl.java:77)\n\tat java.base/jdk.internal.reflect.DelegatingMethodAccessorImpl.invoke(DelegatingMethodAccessorImpl.java:43)\n\tat java.base/java.lang.reflect.Method.invoke(Method.java:568)\n\tat org.testng.internal.invokers.MethodInvocationHelper.invokeMethod(MethodInvocationHelper.java:135)\n\tat org.testng.internal.invokers.MethodInvocationHelper.invokeMethodConsideringTimeout(MethodInvocationHelper.java:65)\n\tat org.testng.internal.invokers.ConfigInvoker.invokeConfigurationMethod(ConfigInvoker.java:381)\n\tat org.testng.internal.invokers.ConfigInvoker.invokeConfigurations(ConfigInvoker.java:319)\n\tat org.testng.internal.invokers.TestMethodWorker.invokeBeforeClassMethods(TestMethodWorker.java:178)\n\tat org.testng.internal.invokers.TestMethodWorker.run(TestMethodWorker.java:122)\n\tat java.base/java.util.ArrayList.forEach(ArrayList.java:1511)\n\tat org.testng.TestRunner.privateRun(TestRunner.java:808)\n\tat org.testng.TestRunner.run(TestRunner.java:603)\n\tat org.testng.SuiteRunner.runTest(SuiteRunner.java:429)\n\tat org.testng.SuiteRunner.runSequentially(SuiteRunner.java:423)\n\tat org.testng.SuiteRunner.privateRun(SuiteRunner.java:383)\n\tat org.testng.SuiteRunner.run(SuiteRunner.java:326)\n\tat org.testng.SuiteRunnerWorker.runSuite(SuiteRunnerWorker.java:52)\n\tat org.testng.SuiteRunnerWorker.run(SuiteRunnerWorker.java:95)\n\tat org.testng.TestNG.runSuitesSequentially(TestNG.java:1249)\n\tat org.testng.TestNG.runSuitesLocally(TestNG.java:1169)\n\tat org.testng.TestNG.runSuites(TestNG.java:1092)\n\tat org.testng.TestNG.run(TestNG.java:1060)\n\tat org.apache.maven.surefire.testng.TestNGExecutor.run(TestNGExecutor.java:136)\n\tat org.apache.maven.surefire.testng.TestNGDirectoryTestSuite.executeMulti(TestNGDirectoryTestSuite.java:193)\n\tat org.apache.maven.surefire.testng.TestNGDirectoryTestSuite.execute(TestNGDirectoryTestSuite.java:94)\n\tat org.apache.maven.surefire.testng.TestNGProvider.invoke(TestNGProvider.java:145)\n\tat org.apache.maven.surefire.booter.ForkedBooter.runSuitesInProcess(ForkedBooter.java:428)\n\tat org.apache.maven.surefire.booter.ForkedBooter.execute(ForkedBooter.java:162)\n\tat org.apache.maven.surefire.booter.ForkedBooter.run(ForkedBooter.java:562)\n\tat org.apache.maven.surefire.booter.ForkedBooter.main(ForkedBooter.java:548)\n",
    "steps" : [ ],
    "attachments" : [ {
      "uid" : "bfd6c4d22af0f697",
      "name" : "Attachment: SHAFT Engine Logs - Current Method log: navigateToURLandVerifyGoogleLogoIsDisplayed",
      "source" : "bfd6c4d22af0f697.txt",
      "type" : "text/plain",
      "size" : 524
    } ],
    "parameters" : [ ],
    "stepsCount" : 0,
    "attachmentsCount" : 1,
    "shouldDisplayMessage" : true,
    "hasContent" : true
  },
  "afterStages" : [ {
    "name" : "afterClass",
    "time" : {
      "start" : 1642730252861,
      "stop" : 1642730252861,
      "duration" : 0
    },
    "description" : "",
    "status" : "broken",
    "steps" : [ ],
    "attachments" : [ ],
    "parameters" : [ ],
    "stepsCount" : 0,
    "attachmentsCount" : 0,
    "shouldDisplayMessage" : false,
    "hasContent" : false
  }, {
    "name" : "teardownActivities",
    "time" : {
      "start" : 1642730326970,
      "stop" : 1642730327814,
      "duration" : 844
    },
    "description" : "",
    "status" : "passed",
    "steps" : [ {
      "name" : "Successfully Closed All Drivers.",
      "time" : {
        "start" : 1642730326971,
        "stop" : 1642730326971,
        "duration" : 0
      },
      "status" : "passed",
      "steps" : [ ],
      "attachments" : [ ],
      "parameters" : [ {
        "name" : "actionCounter",
        "value" : "520"
      }, {
        "name" : "logText",
        "value" : "Successfully Closed All Drivers."
      } ],
      "stepsCount" : 0,
      "attachmentsCount" : 0,
      "shouldDisplayMessage" : false,
      "hasContent" : true
    }, {
      "name" : "Issue Summary: Total Issues = 7, New issues for Failed Tests = 5, Open issues for Passed Tests = 2, Open issues for Failed Tests = 0. Kindly check the attached Issue details.",
      "time" : {
        "start" : 1642730326982,
        "stop" : 1642730326983,
        "duration" : 1
      },
      "status" : "passed",
      "steps" : [ ],
      "attachments" : [ {
        "uid" : "74b30c90b462fd74",
        "name" : "Attachment: SHAFT Engine Logs - Issues log CSV: 20220121-015846",
        "source" : "74b30c90b462fd74.csv",
        "type" : "text/csv",
        "size" : 886
      } ],
      "parameters" : [ {
        "name" : "actionCounter",
        "value" : "521"
      }, {
        "name" : "logText",
        "value" : "Issue Summary: Total Issues = 7, New issues for Failed Tests = 5, Open issues for Passed Tests = 2, Open issues for Failed Tests = 0. Kindly check the attached Issue details."
      }, {
        "name" : "attachments",
        "value" : "[[SHAFT Engine Logs, Issues log CSV: 20220121-015846, java.io.ByteArrayInputStream@4b2c8f99]]"
      } ],
      "stepsCount" : 0,
      "attachmentsCount" : 1,
      "shouldDisplayMessage" : false,
      "hasContent" : true
    } ],
    "attachments" : [ {
      "uid" : "9a61d7722ae36383",
      "name" : "Attachment: SHAFT Engine Logs - Execution log: 20220121-015846",
      "source" : "9a61d7722ae36383.txt",
      "type" : "text/plain",
      "size" : 298704
    }, {
      "uid" : "30f72ffe7b854e5b",
      "name" : "Attachment: HTML - Extent Emailable Execution Report",
      "source" : "30f72ffe7b854e5b.html",
      "type" : "text/html",
      "size" : 8672200
    } ],
    "parameters" : [ ],
    "stepsCount" : 2,
    "attachmentsCount" : 3,
    "shouldDisplayMessage" : false,
    "hasContent" : true
  } ],
  "labels" : [ {
    "name" : "package",
    "value" : "testPackage01.Test_google"
  }, {
    "name" : "testClass",
    "value" : "testPackage01.Test_google"
  }, {
    "name" : "testMethod",
    "value" : "navigateToURLandVerifyGoogleLogoIsDisplayed"
  }, {
    "name" : "parentSuite",
    "value" : "SHAFT: Custom Suite"
  }, {
    "name" : "suite",
    "value" : "SHAFT: Custom Test"
  }, {
    "name" : "subSuite",
    "value" : "testPackage01.Test_google"
  }, {
    "name" : "host",
    "value" : "Mac-1642729641903.local"
  }, {
    "name" : "thread",
    "value" : "1606@Mac-1642729641903.local.main(1)"
  }, {
    "name" : "framework",
    "value" : "testng"
  }, {
    "name" : "language",
    "value" : "java"
  }, {
    "name" : "resultFormat",
    "value" : "allure2"
  } ],
  "parameters" : [ ],
  "links" : [ ],
  "hidden" : false,
  "retry" : false,
  "extra" : {
    "severity" : "normal",
    "retries" : [ ],
    "categories" : [ ],
    "history" : {
      "statistic" : {
        "failed" : 0,
        "broken" : 5,
        "skipped" : 8,
        "passed" : 49,
        "unknown" : 0,
        "total" : 62
      },
      "items" : [ {
        "uid" : "255d80a45da0404f",
        "reportUrl" : "https://MohabMohie.github.io/SHAFT_ENGINE/allure/macOS/Web/1080//#testresult/255d80a45da0404f",
        "status" : "passed",
        "time" : {
          "start" : 1642644537212,
          "stop" : 1642644539469,
          "duration" : 2257
        }
      }, {
        "uid" : "4352c4cb3934d199",
        "reportUrl" : "https://MohabMohie.github.io/SHAFT_ENGINE/allure/macOS/Web/1077//#testresult/4352c4cb3934d199",
        "status" : "passed",
        "time" : {
          "start" : 1642539075342,
          "stop" : 1642539077365,
          "duration" : 2023
        }
      }, {
        "uid" : "c9493b7a27de1604",
        "reportUrl" : "https://MohabMohie.github.io/SHAFT_ENGINE/allure/macOS/Web/1072//#testresult/c9493b7a27de1604",
        "status" : "passed",
        "time" : {
          "start" : 1642345324520,
          "stop" : 1642345326960,
          "duration" : 2440
        }
      }, {
        "uid" : "1571ade70040c111",
        "reportUrl" : "https://MohabMohie.github.io/SHAFT_ENGINE/allure/macOS/Web/1068//#testresult/1571ade70040c111",
        "status" : "passed",
        "time" : {
          "start" : 1642298788695,
          "stop" : 1642298791189,
          "duration" : 2494
        }
      }, {
        "uid" : "e27184ff79e885a5",
        "reportUrl" : "https://MohabMohie.github.io/SHAFT_ENGINE/allure/macOS/Web/1067//#testresult/e27184ff79e885a5",
        "status" : "passed",
        "time" : {
          "start" : 1642212265893,
          "stop" : 1642212267722,
          "duration" : 1829
        }
      }, {
        "uid" : "2314bb5dc3c9ed51",
        "reportUrl" : "https://MohabMohie.github.io/SHAFT_ENGINE/allure/macOS/Web/1063//#testresult/2314bb5dc3c9ed51",
        "status" : "skipped",
        "statusDetails" : "Driver Factory Action [createNewLocalDriverInstanceForSafari] failed. With the following test data [Failed to create a session on DESKTOP_SAFARI].",
        "time" : {
          "start" : 1642192653906,
          "stop" : 1642192653989,
          "duration" : 83
        }
      }, {
        "uid" : "422e47614f927584",
        "reportUrl" : "https://MohabMohie.github.io/SHAFT_ENGINE/allure/macOS/Web/1052//#testresult/422e47614f927584",
        "status" : "passed",
        "time" : {
          "start" : 1642061275184,
          "stop" : 1642061276681,
          "duration" : 1497
        }
      }, {
        "uid" : "28cfa961ab1c6077",
        "reportUrl" : "https://MohabMohie.github.io/SHAFT_ENGINE/allure/macOS/Web/1051//#testresult/28cfa961ab1c6077",
        "status" : "passed",
        "time" : {
          "start" : 1642039703583,
          "stop" : 1642039705940,
          "duration" : 2357
        }
      }, {
        "uid" : "844db9745ee2e77a",
        "reportUrl" : "https://MohabMohie.github.io/SHAFT_ENGINE/allure/macOS/Web/1049//#testresult/844db9745ee2e77a",
        "status" : "passed",
        "time" : {
          "start" : 1642016441428,
          "stop" : 1642016443719,
          "duration" : 2291
        }
      }, {
        "uid" : "385d4a44ac95a23",
        "reportUrl" : "https://MohabMohie.github.io/SHAFT_ENGINE/allure/macOS/Web/1039//#testresult/385d4a44ac95a23",
        "status" : "skipped",
        "statusDetails" : "Driver Factory Action [createNewLocalDriverInstanceForSafari] failed. With the following test data [Failed to create a session on DESKTOP_SAFARI].",
        "time" : {
          "start" : 1641866578542,
          "stop" : 1641866578543,
          "duration" : 1
        }
      }, {
        "uid" : "81579c22f8d62be6",
        "reportUrl" : "https://MohabMohie.github.io/SHAFT_ENGINE/allure/macOS/Web/1034//#testresult/81579c22f8d62be6",
        "status" : "passed",
        "time" : {
          "start" : 1641780223067,
          "stop" : 1641780225144,
          "duration" : 2077
        }
      }, {
        "uid" : "43509a8ae9795f4b",
        "reportUrl" : "https://MohabMohie.github.io/SHAFT_ENGINE/allure/macOS/Web/1032//#testresult/43509a8ae9795f4b",
        "status" : "passed",
        "time" : {
          "start" : 1641607268387,
          "stop" : 1641607270055,
          "duration" : 1668
        }
      }, {
        "uid" : "ea211613844cdc72",
        "reportUrl" : "https://MohabMohie.github.io/SHAFT_ENGINE/allure/macOS/Web/1031//#testresult/ea211613844cdc72",
        "status" : "passed",
        "time" : {
          "start" : 1641539457548,
          "stop" : 1641539459635,
          "duration" : 2087
        }
      }, {
        "uid" : "1922bbfc3f761473",
        "reportUrl" : "https://MohabMohie.github.io/SHAFT_ENGINE/allure/macOS/Web/1030//#testresult/1922bbfc3f761473",
        "status" : "passed",
        "time" : {
          "start" : 1641521308028,
          "stop" : 1641521310922,
          "duration" : 2894
        }
      }, {
        "uid" : "fc865d4494e1de83",
        "reportUrl" : "https://MohabMohie.github.io/SHAFT_ENGINE/allure/macOS/Web/1028//#testresult/fc865d4494e1de83",
        "status" : "passed",
        "time" : {
          "start" : 1641434794557,
          "stop" : 1641434796081,
          "duration" : 1524
        }
      }, {
        "uid" : "674efb260070d5ed",
        "reportUrl" : "https://MohabMohie.github.io/SHAFT_ENGINE/allure/macOS/Web/1027//#testresult/674efb260070d5ed",
        "status" : "passed",
        "time" : {
          "start" : 1641402925767,
          "stop" : 1641402927392,
          "duration" : 1625
        }
      }, {
        "uid" : "c4151dc6eebf8012",
        "reportUrl" : "https://MohabMohie.github.io/SHAFT_ENGINE/allure/macOS/Web/1025//#testresult/c4151dc6eebf8012",
        "status" : "passed",
        "time" : {
          "start" : 1641348277697,
          "stop" : 1641348279531,
          "duration" : 1834
        }
      }, {
        "uid" : "938715b854e82010",
        "reportUrl" : "https://MohabMohie.github.io/SHAFT_ENGINE/allure/macOS/Web/1023//#testresult/938715b854e82010",
        "status" : "passed",
        "time" : {
          "start" : 1641261690001,
          "stop" : 1641261692791,
          "duration" : 2790
        }
      }, {
        "uid" : "2039664566ab881a",
        "reportUrl" : "https://MohabMohie.github.io/SHAFT_ENGINE/allure/macOS/Web/1022//#testresult/2039664566ab881a",
        "status" : "passed",
        "time" : {
          "start" : 1641175176215,
          "stop" : 1641175178313,
          "duration" : 2098
        }
      }, {
        "uid" : "40f7f93d1c885cf5",
        "reportUrl" : "https://MohabMohie.github.io/SHAFT_ENGINE/allure/macOS/Web/1021//#testresult/40f7f93d1c885cf5",
        "status" : "passed",
        "time" : {
          "start" : 1641105515141,
          "stop" : 1641105517621,
          "duration" : 2480
        }
      } ]
    },
    "tags" : [ ]
  },
  "source" : "ae98a7fe8fedf215.json",
  "parameterValues" : [ ]
}