{
  "uid" : "4ea9b64908c61878",
  "name" : "acceptAlert",
  "fullName" : "testPackage01.TestJSAlertBox.acceptAlert",
  "historyId" : "9ee600c4564b8a84210f113c6a571e46",
  "time" : {
    "start" : 1644157963257,
    "stop" : 1644157993736,
    "duration" : 30479
  },
  "status" : "failed",
  "statusMessage" : "Element Action [WaitForAlertToBePresent] failed.",
  "statusTrace" : "java.lang.AssertionError: Element Action [WaitForAlertToBePresent] failed.\n\tat org.testng.Assert.fail(Assert.java:98)\n\tat com.shaft.gui.element.WebDriverElementActions.failAction(WebDriverElementActions.java:1465)\n\tat com.shaft.gui.element.WebDriverElementActions.failAction(WebDriverElementActions.java:1304)\n\tat com.shaft.gui.element.AlertActions.waitForAlertToBePresent(AlertActions.java:29)\n\tat com.shaft.gui.element.AlertActions.acceptAlert(AlertActions.java:51)\n\tat testPackage01.TestJSAlertBox.acceptAlert(TestJSAlertBox.java:41)\n\tat java.base/jdk.internal.reflect.NativeMethodAccessorImpl.invoke0(Native Method)\n\tat java.base/jdk.internal.reflect.NativeMethodAccessorImpl.invoke(NativeMethodAccessorImpl.java:77)\n\tat java.base/jdk.internal.reflect.DelegatingMethodAccessorImpl.invoke(DelegatingMethodAccessorImpl.java:43)\n\tat java.base/java.lang.reflect.Method.invoke(Method.java:568)\n\tat org.testng.internal.invokers.MethodInvocationHelper.invokeMethod(MethodInvocationHelper.java:135)\n\tat org.testng.internal.invokers.TestInvoker.invokeMethod(TestInvoker.java:673)\n\tat org.testng.internal.invokers.TestInvoker.invokeTestMethod(TestInvoker.java:220)\n\tat org.testng.internal.invokers.MethodRunner.runInSequence(MethodRunner.java:50)\n\tat org.testng.internal.invokers.TestInvoker$MethodInvocationAgent.invoke(TestInvoker.java:945)\n\tat org.testng.internal.invokers.TestInvoker.invokeTestMethods(TestInvoker.java:193)\n\tat org.testng.internal.invokers.TestMethodWorker.invokeTestMethods(TestMethodWorker.java:146)\n\tat org.testng.internal.invokers.TestMethodWorker.run(TestMethodWorker.java:128)\n\tat java.base/java.util.ArrayList.forEach(ArrayList.java:1511)\n\tat org.testng.TestRunner.privateRun(TestRunner.java:808)\n\tat org.testng.TestRunner.run(TestRunner.java:603)\n\tat org.testng.SuiteRunner.runTest(SuiteRunner.java:429)\n\tat org.testng.SuiteRunner.runSequentially(SuiteRunner.java:423)\n\tat org.testng.SuiteRunner.privateRun(SuiteRunner.java:383)\n\tat org.testng.SuiteRunner.run(SuiteRunner.java:326)\n\tat org.testng.SuiteRunnerWorker.runSuite(SuiteRunnerWorker.java:52)\n\tat org.testng.SuiteRunnerWorker.run(SuiteRunnerWorker.java:95)\n\tat org.testng.TestNG.runSuitesSequentially(TestNG.java:1249)\n\tat org.testng.TestNG.runSuitesLocally(TestNG.java:1169)\n\tat org.testng.TestNG.runSuites(TestNG.java:1092)\n\tat org.testng.TestNG.run(TestNG.java:1060)\n\tat org.apache.maven.surefire.testng.TestNGExecutor.run(TestNGExecutor.java:136)\n\tat org.apache.maven.surefire.testng.TestNGDirectoryTestSuite.executeMulti(TestNGDirectoryTestSuite.java:193)\n\tat org.apache.maven.surefire.testng.TestNGDirectoryTestSuite.execute(TestNGDirectoryTestSuite.java:94)\n\tat org.apache.maven.surefire.testng.TestNGProvider.invoke(TestNGProvider.java:145)\n\tat org.apache.maven.surefire.booter.ForkedBooter.runSuitesInProcess(ForkedBooter.java:428)\n\tat org.apache.maven.surefire.booter.ForkedBooter.execute(ForkedBooter.java:162)\n\tat org.apache.maven.surefire.booter.ForkedBooter.run(ForkedBooter.java:562)\n\tat org.apache.maven.surefire.booter.ForkedBooter.main(ForkedBooter.java:548)\nCaused by: org.openqa.selenium.TimeoutException: Expected condition failed: waiting for alert to be present (tried for 30 second(s) with 500 milliseconds interval)\nBuild info: version: '4.1.2', revision: '9a5a329c5a'\nSystem info: host: 'Mac-1644156912204.local', ip: '10.212.11.246', os.name: 'Mac OS X', os.arch: 'x86_64', os.version: '11.6.3', java.version: '17.0.2'\nDriver info: org.openqa.selenium.safari.SafariDriver\nCapabilities {acceptInsecureCerts: false, browserName: Safari, browserVersion: 15.3, goog:loggingPrefs: {browser: ALL, client: ALL, driver: ALL, performance: ALL, profiler: ALL, server: ALL}, javascriptEnabled: true, pageLoadStrategy: normal, platform: MAC, platformName: MAC, safari:automaticInspection: false, safari:automaticProfiling: false, safari:diagnose: false, safari:platformBuildVersion: 20G415, safari:platformVersion: 11.6.3, safari:useSimulator: false, setWindowRect: true, strictFileInteractability: false, timeouts: {pageLoad: 30000, script: 30000}, webkit:WebRTC: {DisableICECandidateFiltering: false, DisableInsecureMediaCapture: false}}\nSession ID: DEA025D7-4522-411B-9B5B-C9220CCC8FC9\n\tat org.openqa.selenium.support.ui.WebDriverWait.timeoutException(WebDriverWait.java:138)\n\tat org.openqa.selenium.support.ui.FluentWait.until(FluentWait.java:231)\n\tat com.shaft.gui.element.AlertActions.waitForAlertToBePresent(AlertActions.java:24)\n\t... 35 more\n",
  "flaky" : false,
  "newFailed" : false,
  "newBroken" : false,
  "newPassed" : false,
  "retriesCount" : 0,
  "retriesStatusChange" : false,
  "beforeStages" : [ {
    "name" : "setupActivities",
    "time" : {
      "start" : 1644157916362,
      "stop" : 1644157919040,
      "duration" : 2678
    },
    "description" : "",
    "status" : "passed",
    "steps" : [ {
      "name" : "Folder [allure-results] was not found, it may have already been deleted.",
      "time" : {
        "start" : 1644157916415,
        "stop" : 1644157916417,
        "duration" : 2
      },
      "status" : "passed",
      "steps" : [ ],
      "attachments" : [ ],
      "parameters" : [ {
        "name" : "actionCounter",
        "value" : "1"
      }, {
        "name" : "logText",
        "value" : "Folder [allure-results] was not found, it may have already been deleted."
      } ],
      "stepsCount" : 0,
      "attachmentsCount" : 0,
      "shouldDisplayMessage" : false,
      "hasContent" : true
    }, {
      "name" : "Folder [/Users/runner/.m2/repository/allure/] was not found, it may have already been deleted.",
      "time" : {
        "start" : 1644157916418,
        "stop" : 1644157916418,
        "duration" : 0
      },
      "status" : "passed",
      "steps" : [ ],
      "attachments" : [ ],
      "parameters" : [ {
        "name" : "actionCounter",
        "value" : "2"
      }, {
        "name" : "logText",
        "value" : "Folder [/Users/runner/.m2/repository/allure/] was not found, it may have already been deleted."
      } ],
      "stepsCount" : 0,
      "attachmentsCount" : 0,
      "shouldDisplayMessage" : false,
      "hasContent" : true
    }, {
      "name" : "Downloading a file from this url [https://repo.maven.apache.org/maven2/io/qameta/allure/allure-commandline/2.17.2/allure-commandline-2.17.2.zip] to this directory [target/allureBinary.zip], please wait as downloading may take some time...",
      "time" : {
        "start" : 1644157916418,
        "stop" : 1644157916419,
        "duration" : 1
      },
      "status" : "passed",
      "steps" : [ ],
      "attachments" : [ ],
      "parameters" : [ {
        "name" : "actionCounter",
        "value" : "3"
      }, {
        "name" : "logText",
        "value" : "Downloading a file from this url [https://repo.maven.apache.org/maven2/io/qameta/allure/allure-commandline/2.17.2/allure-commandline-2.17.2.zip] to this directory [target/allureBinary.zip], please wait as downloading may take some time..."
      } ],
      "stepsCount" : 0,
      "attachmentsCount" : 0,
      "shouldDisplayMessage" : false,
      "hasContent" : true
    }, {
      "name" : "Terminal Action [PerformTerminalCommands] successfully performed. With the following test data [Host Name: \"localHost\" | Command: \"chmod u+x /Users/runner/.m2/repository/allure/allure-2.17.2/bin/allure\" | Exit Status: \"0\"].",
      "time" : {
        "start" : 1644157918081,
        "stop" : 1644157918081,
        "duration" : 0
      },
      "status" : "passed",
      "steps" : [ ],
      "attachments" : [ ],
      "parameters" : [ {
        "name" : "actionCounter",
        "value" : "4"
      }, {
        "name" : "logText",
        "value" : "Terminal Action [PerformTerminalCommands] successfully performed. With the following test data [Host Name: \"localHost\" | Command: \"chmod u+x /Users/runner/.m2/repository/allure/allure-2.17.2/bin/allure\" | Exit Status: \"0\"]."
      } ],
      "stepsCount" : 0,
      "attachmentsCount" : 0,
      "shouldDisplayMessage" : false,
      "hasContent" : true
    }, {
      "name" : "Terminal Action [PerformTerminalCommands] successfully performed. With the following test data [Host Name: \"localHost\" | Command: \"chmod u+x generate_allure_report.sh\" | Exit Status: \"0\"].",
      "time" : {
        "start" : 1644157918089,
        "stop" : 1644157918089,
        "duration" : 0
      },
      "status" : "passed",
      "steps" : [ ],
      "attachments" : [ ],
      "parameters" : [ {
        "name" : "actionCounter",
        "value" : "5"
      }, {
        "name" : "logText",
        "value" : "Terminal Action [PerformTerminalCommands] successfully performed. With the following test data [Host Name: \"localHost\" | Command: \"chmod u+x generate_allure_report.sh\" | Exit Status: \"0\"]."
      } ],
      "stepsCount" : 0,
      "attachmentsCount" : 0,
      "shouldDisplayMessage" : false,
      "hasContent" : true
    }, {
      "name" : "An Exception Occured with this Message: org.xml.sax.SAXParseException; lineNumber: 1; columnNumber: 308; Element or attribute \"JiraProjectID:\" do not match QName production: QName::=(NCName:)?NCName..",
      "time" : {
        "start" : 1644157918159,
        "stop" : 1644157918162,
        "duration" : 3
      },
      "status" : "passed",
      "steps" : [ ],
      "attachments" : [ {
        "uid" : "b9cd805cb2c7a4b6",
        "name" : "Attachment: Exception Stack Trace - javax.xml.transform.TransformerException",
        "source" : "b9cd805cb2c7a4b6.xml",
        "type" : "text/xml",
        "size" : 5588
      } ],
      "parameters" : [ {
        "name" : "actionCounter",
        "value" : "6"
      }, {
        "name" : "logText",
        "value" : "An Exception Occured with this Message: org.xml.sax.SAXParseException; lineNumber: 1; columnNumber: 308; Element or attribute \"JiraProjectID:\" do not match QName production: QName::=(NCName:)?NCName.."
      }, {
        "name" : "attachments",
        "value" : "[[Exception Stack Trace, javax.xml.transform.TransformerException, javax.xml.transform.TransformerException:\norg.xml.sax.SAXParseException; lineNumber: 1; columnNumber: 308; Element or attribute \"JiraProjectID:\" do not match QName production: QName::=(NCName:)?NCName.\njava.xml/com.sun.org.apache.xalan.internal.xsltc.trax.TransformerImpl.transform(TransformerImpl.java:794)\njava.xml/com.sun.org.apache.xalan.internal.xsltc.trax.TransformerImpl.transform(TransformerImpl.java:397)\ncom.shaft.api.RestActions.prettyFormatXML(RestActions.java:742)\ncom.shaft.api.RestActions.formatXML(RestActions.java:401)\ncom.shaft.tools.io.ReportManagerHelper.writeEnvironmentVariablesToAllureResultsDirectory(ReportManagerHelper.java:713)\ncom.shaft.tools.io.ReportManagerHelper.initializeAllureReportingEnvironment(ReportManagerHelper.java:196)\ncom.shaft.tools.io.LogsHelper.setupActivities(LogsHelper.java:20)\njava.base/jdk.internal.reflect.NativeMethodAccessorImpl.invoke0(Native Method)\njava.base/jdk.internal.reflect.NativeMethodAccessorImpl.invoke(NativeMethodAccessorImpl.java:77)\njava.base/jdk.internal.reflect.DelegatingMethodAccessorImpl.invoke(DelegatingMethodAccessorImpl.java:43)\njava.base/java.lang.reflect.Method.invoke(Method.java:568)\norg.testng.internal.invokers.MethodInvocationHelper.invokeMethod(MethodInvocationHelper.java:135)\norg.testng.internal.invokers.MethodInvocationHelper.invokeMethodConsideringTimeout(MethodInvocationHelper.java:65)\norg.testng.internal.invokers.ConfigInvoker.invokeConfigurationMethod(ConfigInvoker.java:381)\norg.testng.internal.invokers.ConfigInvoker.invokeConfigurations(ConfigInvoker.java:319)\norg.testng.SuiteRunner.privateRun(SuiteRunner.java:368)\norg.testng.SuiteRunner.run(SuiteRunner.java:326)\norg.testng.SuiteRunnerWorker.runSuite(SuiteRunnerWorker.java:52)\norg.testng.SuiteRunnerWorker.run(SuiteRunnerWorker.java:95)\norg.testng.TestNG.runSuitesSequentially(TestNG.java:1249)\norg.testng.TestNG.runSuitesLocally(TestNG.java:1169)\norg.testng.TestNG.runSuites(TestNG.java:1092)\norg.testng.TestNG.run(TestNG.java:1060)\norg.apache.maven.surefire.testng.TestNGExecutor.run(TestNGExecutor.java:136)\norg.apache.maven.surefire.testng.TestNGDirectoryTestSuite.executeMulti(TestNGDirectoryTestSuite.java:193)\norg.apache.maven.surefire.testng.TestNGDirectoryTestSuite.execute(TestNGDirectoryTestSuite.java:94)\norg.apache.maven.surefire.testng.TestNGProvider.invoke(TestNGProvider.java:145)\norg.apache.maven.surefire.booter.ForkedBooter.runSuitesInProcess(ForkedBooter.java:428)\norg.apache.maven.surefire.booter.ForkedBooter.execute(ForkedBooter.java:162)\norg.apache.maven.surefire.booter.ForkedBooter.run(ForkedBooter.java:562)\norg.apache.maven.surefire.booter.ForkedBooter.main(ForkedBooter.java:548)\n\nCaused by: org.xml.sax.SAXParseException:\nElement or attribute \"JiraProjectID:\" do not match QName production: QName::=(NCName:)?NCName.\njava.xml/com.sun.org.apache.xerces.internal.parsers.AbstractSAXParser.parse(AbstractSAXParser.java:1251)\njava.xml/com.sun.org.apache.xerces.internal.jaxp.SAXParserImpl$JAXPSAXParser.parse(SAXParserImpl.java:637)\njava.xml/com.sun.org.apache.xalan.internal.xsltc.trax.TransformerImpl.transformIdentity(TransformerImpl.java:668)\njava.xml/com.sun.org.apache.xalan.internal.xsltc.trax.TransformerImpl.transform(TransformerImpl.java:782)\njava.xml/com.sun.org.apache.xalan.internal.xsltc.trax.TransformerImpl.transform(TransformerImpl.java:397)\ncom.shaft.api.RestActions.prettyFormatXML(RestActions.java:742)\ncom.shaft.api.RestActions.formatXML(RestActions.java:401)\ncom.shaft.tools.io.ReportManagerHelper.writeEnvironmentVariablesToAllureResultsDirectory(ReportManagerHelper.java:713)\ncom.shaft.tools.io.ReportManagerHelper.initializeAllureReportingEnvironment(ReportManagerHelper.java:196)\ncom.shaft.tools.io.LogsHelper.setupActivities(LogsHelper.java:20)\njava.base/jdk.internal.reflect.NativeMethodAccessorImpl.invoke0(Native Method)\njava.base/jdk.internal.reflect.NativeMethodAccessorImpl.invoke(NativeMethodAccessorImpl.java:77)\njava.base/jdk.internal.reflect.DelegatingMethodAccessorImpl.invoke(DelegatingMethodAccessorImpl.java:43)\njava.base/java.lang.reflect.Method.invoke(Method.java:568)\norg.testng.internal.invokers.MethodInvocationHelper.invokeMethod(MethodInvocationHelper.java:135)\norg.testng.internal.invokers.MethodInvocationHelper.invokeMethodConsideringTimeout(MethodInvocationHelper.java:65)\norg.testng.internal.invokers.ConfigInvoker.invokeConfigurationMethod(ConfigInvoker.java:381)\norg.testng.internal.invokers.ConfigInvoker.invokeConfigurations(ConfigInvoker.java:319)\norg.testng.SuiteRunner.privateRun(SuiteRunner.java:368)\norg.testng.SuiteRunner.run(SuiteRunner.java:326)\norg.testng.SuiteRunnerWorker.runSuite(SuiteRunnerWorker.java:52)\norg.testng.SuiteRunnerWorker.run(SuiteRunnerWorker.java:95)\norg.testng.TestNG.runSuitesSequentially(TestNG.java:1249)\norg.testng.TestNG.runSuitesLocally(TestNG.java:1169)\norg.testng.TestNG.runSuites(TestNG.java:1092)\norg.testng.TestNG.run(TestNG.java:1060)\norg.apache.maven.surefire.testng.TestNGExecutor.run(TestNGExecutor.java:136)\norg.apache.maven.surefire.testng.TestNGDirectoryTestSuite.executeMulti(TestNGDirectoryTestSuite.java:193)\norg.apache.maven.surefire.testng.TestNGDirectoryTestSuite.execute(TestNGDirectoryTestSuite.java:94)\norg.apache.maven.surefire.testng.TestNGProvider.invoke(TestNGProvider.java:145)\norg.apache.maven.surefire.booter.ForkedBooter.runSuitesInProcess(ForkedBooter.java:428)\norg.apache.maven.surefire.booter.ForkedBooter.execute(ForkedBooter.java:162)\norg.apache.maven.surefire.booter.ForkedBooter.run(ForkedBooter.java:562)\norg.apache.maven.surefire.booter.ForkedBooter.main(ForkedBooter.java:548)\n]]"
      } ],
      "stepsCount" : 0,
      "attachmentsCount" : 1,
      "shouldDisplayMessage" : false,
      "hasContent" : true
    }, {
      "name" : "Folder [extent-reports] was not found, it may have already been deleted.",
      "time" : {
        "start" : 1644157918170,
        "stop" : 1644157918170,
        "duration" : 0
      },
      "status" : "passed",
      "steps" : [ ],
      "attachments" : [ ],
      "parameters" : [ {
        "name" : "actionCounter",
        "value" : "8"
      }, {
        "name" : "logText",
        "value" : "Folder [extent-reports] was not found, it may have already been deleted."
      } ],
      "stepsCount" : 0,
      "attachmentsCount" : 0,
      "shouldDisplayMessage" : false,
      "hasContent" : true
    }, {
      "name" : "Terminal Action [PerformTerminalCommands] successfully performed. With the following test data [Host Name: \"localHost\" | Command: \"chmod u+x generateJdk.sh\" | Exit Status: \"1\"].",
      "time" : {
        "start" : 1644157919037,
        "stop" : 1644157919038,
        "duration" : 1
      },
      "status" : "passed",
      "steps" : [ ],
      "attachments" : [ {
        "uid" : "b7b12467a7077d5f",
        "name" : "Attachment: Terminal Action Actual Result - Command Log",
        "source" : "b7b12467a7077d5f.txt",
        "type" : "text/plain",
        "size" : 48
      } ],
      "parameters" : [ {
        "name" : "actionCounter",
        "value" : "9"
      }, {
        "name" : "logText",
        "value" : "Terminal Action [PerformTerminalCommands] successfully performed. With the following test data [Host Name: \"localHost\" | Command: \"chmod u+x generateJdk.sh\" | Exit Status: \"1\"]."
      }, {
        "name" : "attachments",
        "value" : "[[Terminal Action Actual Result, Command Log, chmod: generateJdk.sh: No such file or directory]]"
      } ],
      "stepsCount" : 0,
      "attachmentsCount" : 1,
      "shouldDisplayMessage" : false,
      "hasContent" : true
    } ],
    "attachments" : [ {
      "uid" : "f954564306c4f1eb",
      "name" : "Attachment: SHAFT Links - Important",
      "source" : "f954564306c4f1eb.uri",
      "type" : "text/uri-list",
      "size" : 346
    }, {
      "uid" : "3cb0098311e05988",
      "name" : "Attachment: Properties - testNG",
      "source" : "3cb0098311e05988.properties",
      "type" : "text/plain",
      "size" : 492
    }, {
      "uid" : "515f7fd81b737df1",
      "name" : "Attachment: Properties - ExecutionPlatform",
      "source" : "515f7fd81b737df1.properties",
      "type" : "text/plain",
      "size" : 394
    }, {
      "uid" : "8a6c99411718961a",
      "name" : "Attachment: Properties - path",
      "source" : "8a6c99411718961a.properties",
      "type" : "text/plain",
      "size" : 687
    }, {
      "uid" : "2fd16ddf08f38014",
      "name" : "Attachment: Properties - video",
      "source" : "2fd16ddf08f38014.properties",
      "type" : "text/plain",
      "size" : 763
    }, {
      "uid" : "cfe8237f9c0eefe6",
      "name" : "Attachment: Properties - pattern",
      "source" : "cfe8237f9c0eefe6.properties",
      "type" : "text/plain",
      "size" : 564
    }, {
      "uid" : "2e25c01377b3f04",
      "name" : "Attachment: Properties - internal",
      "source" : "2e25c01377b3f04.properties",
      "type" : "text/plain",
      "size" : 111
    }, {
      "uid" : "4f01a26377ad8ed3",
      "name" : "Attachment: Properties - MobileCapabilities",
      "source" : "4f01a26377ad8ed3.properties",
      "type" : "text/plain",
      "size" : 470
    }, {
      "uid" : "e20d03da0dc15e3c",
      "name" : "Attachment: Properties - cucumber",
      "source" : "e20d03da0dc15e3c.properties",
      "type" : "text/plain",
      "size" : 261
    }, {
      "uid" : "4e8f85928106b613",
      "name" : "Attachment: Properties - PlatformFlags",
      "source" : "4e8f85928106b613.properties",
      "type" : "text/plain",
      "size" : 765
    }, {
      "uid" : "9821fe78dbab7acb",
      "name" : "Attachment: Properties - Timeouts",
      "source" : "9821fe78dbab7acb.properties",
      "type" : "text/plain",
      "size" : 722
    }, {
      "uid" : "5b4a953cfb430f09",
      "name" : "Attachment: Properties - Reporting",
      "source" : "5b4a953cfb430f09.properties",
      "type" : "text/plain",
      "size" : 614
    }, {
      "uid" : "b0ad1217239b3353",
      "name" : "Attachment: Properties - JiraXRay",
      "source" : "b0ad1217239b3353.properties",
      "type" : "text/plain",
      "size" : 1076
    }, {
      "uid" : "6248b142c831ca8e",
      "name" : "Attachment: Properties - browserStack",
      "source" : "6248b142c831ca8e.properties",
      "type" : "text/plain",
      "size" : 877
    }, {
      "uid" : "2ae135ace11875e4",
      "name" : "Attachment: Properties - VisualValidations",
      "source" : "2ae135ace11875e4.properties",
      "type" : "text/plain",
      "size" : 723
    } ],
    "parameters" : [ ],
    "stepsCount" : 8,
    "attachmentsCount" : 17,
    "shouldDisplayMessage" : false,
    "hasContent" : true
  }, {
    "name" : "navigateToJSAlertPage",
    "time" : {
      "start" : 1644157960878,
      "stop" : 1644157962933,
      "duration" : 2055
    },
    "description" : "",
    "status" : "passed",
    "steps" : [ {
      "name" : "Attempting to run locally on: [Mac-64], [Safari], Headless Execution.",
      "time" : {
        "start" : 1644157960879,
        "stop" : 1644157960879,
        "duration" : 0
      },
      "status" : "passed",
      "steps" : [ ],
      "attachments" : [ ],
      "parameters" : [ {
        "name" : "actionCounter",
        "value" : "86"
      }, {
        "name" : "logText",
        "value" : "Attempting to run locally on: [Mac-64], [Safari], Headless Execution."
      } ],
      "stepsCount" : 0,
      "attachmentsCount" : 0,
      "shouldDisplayMessage" : false,
      "hasContent" : true
    }, {
      "name" : "Successfully Opened Safari.",
      "time" : {
        "start" : 1644157961750,
        "stop" : 1644157961750,
        "duration" : 0
      },
      "status" : "passed",
      "steps" : [ ],
      "attachments" : [ ],
      "parameters" : [ {
        "name" : "actionCounter",
        "value" : "87"
      }, {
        "name" : "logText",
        "value" : "Successfully Opened Safari."
      } ],
      "stepsCount" : 0,
      "attachmentsCount" : 0,
      "shouldDisplayMessage" : false,
      "hasContent" : true
    }, {
      "name" : "Browser Action [MaximizeWindow] successfully performed. With the following test data [New screen size is now: (1176, 803)].",
      "time" : {
        "start" : 1644157961799,
        "stop" : 1644157961799,
        "duration" : 0
      },
      "status" : "passed",
      "steps" : [ ],
      "attachments" : [ ],
      "parameters" : [ {
        "name" : "actionCounter",
        "value" : "88"
      }, {
        "name" : "logText",
        "value" : "Browser Action [MaximizeWindow] successfully performed. With the following test data [New screen size is now: (1176, 803)]."
      }, {
        "name" : "attachments",
        "value" : "[null]"
      } ],
      "stepsCount" : 0,
      "attachmentsCount" : 0,
      "shouldDisplayMessage" : false,
      "hasContent" : true
    }, {
      "name" : "Browser Action [NavigateToURL] successfully performed. With the following test data [http://the-internet.herokuapp.com/javascript_alerts].",
      "time" : {
        "start" : 1644157962933,
        "stop" : 1644157962933,
        "duration" : 0
      },
      "status" : "passed",
      "steps" : [ ],
      "attachments" : [ ],
      "parameters" : [ {
        "name" : "actionCounter",
        "value" : "89"
      }, {
        "name" : "logText",
        "value" : "Browser Action [NavigateToURL] successfully performed. With the following test data [http://the-internet.herokuapp.com/javascript_alerts]."
      }, {
        "name" : "attachments",
        "value" : "[null]"
      } ],
      "stepsCount" : 0,
      "attachmentsCount" : 0,
      "shouldDisplayMessage" : false,
      "hasContent" : true
    } ],
    "attachments" : [ ],
    "parameters" : [ ],
    "stepsCount" : 4,
    "attachmentsCount" : 0,
    "shouldDisplayMessage" : false,
    "hasContent" : true
  } ],
  "testStage" : {
    "status" : "failed",
    "statusMessage" : "Element Action [WaitForAlertToBePresent] failed.",
    "statusTrace" : "java.lang.AssertionError: Element Action [WaitForAlertToBePresent] failed.\n\tat org.testng.Assert.fail(Assert.java:98)\n\tat com.shaft.gui.element.WebDriverElementActions.failAction(WebDriverElementActions.java:1465)\n\tat com.shaft.gui.element.WebDriverElementActions.failAction(WebDriverElementActions.java:1304)\n\tat com.shaft.gui.element.AlertActions.waitForAlertToBePresent(AlertActions.java:29)\n\tat com.shaft.gui.element.AlertActions.acceptAlert(AlertActions.java:51)\n\tat testPackage01.TestJSAlertBox.acceptAlert(TestJSAlertBox.java:41)\n\tat java.base/jdk.internal.reflect.NativeMethodAccessorImpl.invoke0(Native Method)\n\tat java.base/jdk.internal.reflect.NativeMethodAccessorImpl.invoke(NativeMethodAccessorImpl.java:77)\n\tat java.base/jdk.internal.reflect.DelegatingMethodAccessorImpl.invoke(DelegatingMethodAccessorImpl.java:43)\n\tat java.base/java.lang.reflect.Method.invoke(Method.java:568)\n\tat org.testng.internal.invokers.MethodInvocationHelper.invokeMethod(MethodInvocationHelper.java:135)\n\tat org.testng.internal.invokers.TestInvoker.invokeMethod(TestInvoker.java:673)\n\tat org.testng.internal.invokers.TestInvoker.invokeTestMethod(TestInvoker.java:220)\n\tat org.testng.internal.invokers.MethodRunner.runInSequence(MethodRunner.java:50)\n\tat org.testng.internal.invokers.TestInvoker$MethodInvocationAgent.invoke(TestInvoker.java:945)\n\tat org.testng.internal.invokers.TestInvoker.invokeTestMethods(TestInvoker.java:193)\n\tat org.testng.internal.invokers.TestMethodWorker.invokeTestMethods(TestMethodWorker.java:146)\n\tat org.testng.internal.invokers.TestMethodWorker.run(TestMethodWorker.java:128)\n\tat java.base/java.util.ArrayList.forEach(ArrayList.java:1511)\n\tat org.testng.TestRunner.privateRun(TestRunner.java:808)\n\tat org.testng.TestRunner.run(TestRunner.java:603)\n\tat org.testng.SuiteRunner.runTest(SuiteRunner.java:429)\n\tat org.testng.SuiteRunner.runSequentially(SuiteRunner.java:423)\n\tat org.testng.SuiteRunner.privateRun(SuiteRunner.java:383)\n\tat org.testng.SuiteRunner.run(SuiteRunner.java:326)\n\tat org.testng.SuiteRunnerWorker.runSuite(SuiteRunnerWorker.java:52)\n\tat org.testng.SuiteRunnerWorker.run(SuiteRunnerWorker.java:95)\n\tat org.testng.TestNG.runSuitesSequentially(TestNG.java:1249)\n\tat org.testng.TestNG.runSuitesLocally(TestNG.java:1169)\n\tat org.testng.TestNG.runSuites(TestNG.java:1092)\n\tat org.testng.TestNG.run(TestNG.java:1060)\n\tat org.apache.maven.surefire.testng.TestNGExecutor.run(TestNGExecutor.java:136)\n\tat org.apache.maven.surefire.testng.TestNGDirectoryTestSuite.executeMulti(TestNGDirectoryTestSuite.java:193)\n\tat org.apache.maven.surefire.testng.TestNGDirectoryTestSuite.execute(TestNGDirectoryTestSuite.java:94)\n\tat org.apache.maven.surefire.testng.TestNGProvider.invoke(TestNGProvider.java:145)\n\tat org.apache.maven.surefire.booter.ForkedBooter.runSuitesInProcess(ForkedBooter.java:428)\n\tat org.apache.maven.surefire.booter.ForkedBooter.execute(ForkedBooter.java:162)\n\tat org.apache.maven.surefire.booter.ForkedBooter.run(ForkedBooter.java:562)\n\tat org.apache.maven.surefire.booter.ForkedBooter.main(ForkedBooter.java:548)\nCaused by: org.openqa.selenium.TimeoutException: Expected condition failed: waiting for alert to be present (tried for 30 second(s) with 500 milliseconds interval)\nBuild info: version: '4.1.2', revision: '9a5a329c5a'\nSystem info: host: 'Mac-1644156912204.local', ip: '10.212.11.246', os.name: 'Mac OS X', os.arch: 'x86_64', os.version: '11.6.3', java.version: '17.0.2'\nDriver info: org.openqa.selenium.safari.SafariDriver\nCapabilities {acceptInsecureCerts: false, browserName: Safari, browserVersion: 15.3, goog:loggingPrefs: {browser: ALL, client: ALL, driver: ALL, performance: ALL, profiler: ALL, server: ALL}, javascriptEnabled: true, pageLoadStrategy: normal, platform: MAC, platformName: MAC, safari:automaticInspection: false, safari:automaticProfiling: false, safari:diagnose: false, safari:platformBuildVersion: 20G415, safari:platformVersion: 11.6.3, safari:useSimulator: false, setWindowRect: true, strictFileInteractability: false, timeouts: {pageLoad: 30000, script: 30000}, webkit:WebRTC: {DisableICECandidateFiltering: false, DisableInsecureMediaCapture: false}}\nSession ID: DEA025D7-4522-411B-9B5B-C9220CCC8FC9\n\tat org.openqa.selenium.support.ui.WebDriverWait.timeoutException(WebDriverWait.java:138)\n\tat org.openqa.selenium.support.ui.FluentWait.until(FluentWait.java:231)\n\tat com.shaft.gui.element.AlertActions.waitForAlertToBePresent(AlertActions.java:24)\n\t... 35 more\n",
    "steps" : [ {
      "name" : "Element Action [WaitForAlertToBePresent] failed.",
      "time" : {
        "start" : 1644157993730,
        "stop" : 1644157993731,
        "duration" : 1
      },
      "status" : "passed",
      "steps" : [ ],
      "attachments" : [ {
        "uid" : "cfac398368c95214",
        "name" : "Attachment: Screenshot - 1644157993588_acceptAlert_WaitForAlertToBePresent_failed",
        "source" : "cfac398368c95214.png",
        "type" : "image/png",
        "size" : 42887
      } ],
      "parameters" : [ {
        "name" : "actionCounter",
        "value" : "96"
      }, {
        "name" : "logText",
        "value" : "Element Action [WaitForAlertToBePresent] failed."
      }, {
        "name" : "attachments",
        "value" : "[[Screenshot, 1644157993588_acceptAlert_WaitForAlertToBePresent_failed, java.io.ByteArrayInputStream@27f0979]]"
      } ],
      "stepsCount" : 0,
      "attachmentsCount" : 1,
      "shouldDisplayMessage" : false,
      "hasContent" : true
    } ],
    "attachments" : [ {
      "uid" : "3f9773c904a4f7c",
      "name" : "Attachment: SHAFT Engine Logs - Current Method log: acceptAlert",
      "source" : "3f9773c904a4f7c.txt",
      "type" : "text/plain",
      "size" : 723
    } ],
    "parameters" : [ ],
    "stepsCount" : 1,
    "attachmentsCount" : 2,
    "shouldDisplayMessage" : true,
    "hasContent" : true
  },
  "afterStages" : [ {
    "name" : "tearDownDriver",
    "time" : {
      "start" : 1644157993745,
      "stop" : 1644157994146,
      "duration" : 401
    },
    "description" : "",
    "status" : "passed",
    "steps" : [ {
      "name" : "Browser Action [CloseCurrentWindow] successfully performed.",
      "time" : {
        "start" : 1644157994145,
        "stop" : 1644157994146,
        "duration" : 1
      },
      "status" : "passed",
      "steps" : [ ],
      "attachments" : [ {
        "uid" : "5edc7a90a433e995",
        "name" : "Attachment: Browser Action Test Data - CloseCurrentWindow - Actual Value",
        "source" : "5edc7a90a433e995.html",
        "type" : "text/html",
        "size" : 2503
      } ],
      "parameters" : [ {
        "name" : "actionCounter",
        "value" : "97"
      }, {
        "name" : "logText",
        "value" : "Browser Action [CloseCurrentWindow] successfully performed."
      }, {
        "name" : "attachments",
        "value" : "[[Browser Action Test Data - CloseCurrentWindow, Actual Value, <html class=\"no-js\" lang=\"en\"><!--<![endif]--><head>\n    <script src=\"/js/vendor/298279967.js\"></script>\n    <meta charset=\"utf-8\">\n    <meta name=\"viewport\" content=\"width=device-width\">\n    <title>The Internet</title>\n    <link href=\"/css/app.css\" rel=\"stylesheet\">\n    <link href=\"/css/font-awesome.css\" rel=\"stylesheet\">\n    <script src=\"/js/vendor/jquery-1.11.3.min.js\"></script>\n    <script src=\"/js/vendor/jquery-ui-1.11.4/jquery-ui.js\"></script>\n    <script src=\"/js/foundation/foundation.js\"></script><meta class=\"foundation-mq-small\"><meta class=\"foundation-mq-medium\"><meta class=\"foundation-mq-large\"><style></style>\n    <script src=\"/js/foundation/foundation.alerts.js\"></script>\n    <script>\n      $(document).foundation();\n    </script>\n  </head>\n  <body>\n    <div class=\"row\">\n      <div id=\"flash-messages\" class=\"large-12 columns\">\n      \n        \n      \n        \n      \n        \n      \n      </div>\n    </div>\n    <div class=\"row\">\n      <a href=\"https://github.com/tourdedave/the-internet\"><img style=\"position: absolute; top: 0; right: 0; border: 0;\" src=\"/img/forkme_right_green_007200.png\" alt=\"Fork me on GitHub\"></a>\n      <div id=\"content\" class=\"large-12 columns\">\n        <script>\n  function jsAlert() {\n    alert('I am a JS Alert');\n    log('You successfully clicked an alert');\n  }\n\n  function jsConfirm() {\n    var c = confirm('I am a JS Confirm');\n    var result = c === true ? 'Ok' : 'Cancel';\n    log('You clicked: ' + result);\n  }\n\n  function jsPrompt() {\n    var p = prompt('I am a JS prompt');\n    log('You entered: ' + p);\n  }\n\n  function log(msg) {\n    var result = document.getElementById('result');\n    result.innerHTML = msg;\n  }\n</script>\n<div class=\"example\">\n  <h3>JavaScript Alerts</h3>\n  <p>Here are some examples of different JavaScript alerts which can be troublesome for automation</p>\n  <ul style=\"list-style-type: none;\">\n    <li><button onclick=\"jsAlert()\">Click for JS Alert</button></li>\n    <li><button onclick=\"jsConfirm()\">Click for JS Confirm</button></li>\n    <li><button onclick=\"jsPrompt()\">Click for JS Prompt</button></li>\n  </ul>\n  <h4>Result:</h4>\n  <p id=\"result\" style=\"color:green\">You successfully clicked an alert</p>\n</div>\n\n      </div>\n    </div>\n    <div id=\"page-footer\" class=\"row\">\n      <div class=\"large-4 large-centered columns\">\n        <hr>\n        <div style=\"text-align: center;\">Powered by <a target=\"_blank\" href=\"http://elementalselenium.com/\">Elemental Selenium</a></div>\n      </div>\n    </div>\n  \n\n</body></html>]]"
      } ],
      "stepsCount" : 0,
      "attachmentsCount" : 1,
      "shouldDisplayMessage" : false,
      "hasContent" : true
    } ],
    "attachments" : [ ],
    "parameters" : [ ],
    "stepsCount" : 1,
    "attachmentsCount" : 1,
    "shouldDisplayMessage" : false,
    "hasContent" : true
  }, {
    "name" : "teardownActivities",
    "time" : {
      "start" : 1644158201184,
      "stop" : 1644158201728,
      "duration" : 544
    },
    "description" : "",
    "status" : "passed",
    "steps" : [ {
      "name" : "Successfully Closed All Drivers.",
      "time" : {
        "start" : 1644158201185,
        "stop" : 1644158201185,
        "duration" : 0
      },
      "status" : "passed",
      "steps" : [ ],
      "attachments" : [ ],
      "parameters" : [ {
        "name" : "actionCounter",
        "value" : "301"
      }, {
        "name" : "logText",
        "value" : "Successfully Closed All Drivers."
      } ],
      "stepsCount" : 0,
      "attachmentsCount" : 0,
      "shouldDisplayMessage" : false,
      "hasContent" : true
    }, {
      "name" : "Issue Summary: Total Issues = 5, New issues for Failed Tests = 3, Open issues for Passed Tests = 2, Open issues for Failed Tests = 0. Kindly check the attached Issue details.",
      "time" : {
        "start" : 1644158201195,
        "stop" : 1644158201196,
        "duration" : 1
      },
      "status" : "passed",
      "steps" : [ ],
      "attachments" : [ {
        "uid" : "c0a4386d40e67d2f",
        "name" : "Attachment: SHAFT Engine Logs - Issues log CSV: 20220206-143641",
        "source" : "c0a4386d40e67d2f.csv",
        "type" : "text/csv",
        "size" : 605
      } ],
      "parameters" : [ {
        "name" : "actionCounter",
        "value" : "302"
      }, {
        "name" : "logText",
        "value" : "Issue Summary: Total Issues = 5, New issues for Failed Tests = 3, Open issues for Passed Tests = 2, Open issues for Failed Tests = 0. Kindly check the attached Issue details."
      }, {
        "name" : "attachments",
        "value" : "[[SHAFT Engine Logs, Issues log CSV: 20220206-143641, java.io.ByteArrayInputStream@1f6e38fa]]"
      } ],
      "stepsCount" : 0,
      "attachmentsCount" : 1,
      "shouldDisplayMessage" : false,
      "hasContent" : true
    } ],
    "attachments" : [ {
      "uid" : "a5258c0e29b1b241",
      "name" : "Attachment: SHAFT Engine Logs - Execution log: 20220206-143641",
      "source" : "a5258c0e29b1b241.txt",
      "type" : "text/plain",
      "size" : 214710
    }, {
      "uid" : "dfe4973cf02b5cf6",
      "name" : "Attachment: HTML - Extent Emailable Execution Report",
      "source" : "dfe4973cf02b5cf6.html",
      "type" : "text/html",
      "size" : 6019401
    } ],
    "parameters" : [ ],
    "stepsCount" : 2,
    "attachmentsCount" : 3,
    "shouldDisplayMessage" : false,
    "hasContent" : true
  } ],
  "labels" : [ {
    "name" : "package",
    "value" : "testPackage01.TestJSAlertBox"
  }, {
    "name" : "testClass",
    "value" : "testPackage01.TestJSAlertBox"
  }, {
    "name" : "testMethod",
    "value" : "acceptAlert"
  }, {
    "name" : "parentSuite",
    "value" : "SHAFT: Custom Suite"
  }, {
    "name" : "suite",
    "value" : "SHAFT: Custom Test"
  }, {
    "name" : "subSuite",
    "value" : "testPackage01.TestJSAlertBox"
  }, {
    "name" : "host",
    "value" : "Mac-1644156912204.local"
  }, {
    "name" : "thread",
    "value" : "1925@Mac-1644156912204.local.main(1)"
  }, {
    "name" : "framework",
    "value" : "testng"
  }, {
    "name" : "language",
    "value" : "java"
  }, {
    "name" : "resultFormat",
    "value" : "allure2"
  } ],
  "parameters" : [ ],
  "links" : [ ],
  "hidden" : false,
  "retry" : false,
  "extra" : {
    "severity" : "normal",
    "retries" : [ ],
    "categories" : [ {
      "name" : "Product defects",
      "matchedStatuses" : [ ],
      "flaky" : false
    } ],
    "history" : {
      "statistic" : {
        "failed" : 15,
        "broken" : 0,
        "skipped" : 2,
        "passed" : 0,
        "unknown" : 0,
        "total" : 17
      },
      "items" : [ {
        "uid" : "92905018bd009a19",
        "reportUrl" : "https://MohabMohie.github.io/SHAFT_ENGINE/allure/macOS/Web/1114//#testresult/92905018bd009a19",
        "status" : "failed",
        "statusDetails" : "Element Action [WaitForAlertToBePresent] failed.",
        "time" : {
          "start" : 1644024889891,
          "stop" : 1644024920202,
          "duration" : 30311
        }
      }, {
        "uid" : "6d41ecf66973e57",
        "reportUrl" : "https://MohabMohie.github.io/SHAFT_ENGINE/allure/macOS/Web/1110//#testresult/6d41ecf66973e57",
        "status" : "failed",
        "statusDetails" : "Element Action [WaitForAlertToBePresent] failed.",
        "time" : {
          "start" : 1643938993391,
          "stop" : 1643939024130,
          "duration" : 30739
        }
      }, {
        "uid" : "e2f8e2076f61b468",
        "reportUrl" : "https://MohabMohie.github.io/SHAFT_ENGINE/allure/macOS/Web/1097//#testresult/e2f8e2076f61b468",
        "status" : "failed",
        "statusDetails" : "Element Action [WaitForAlertToBePresent] failed.",
        "time" : {
          "start" : 1643421007052,
          "stop" : 1643421037628,
          "duration" : 30576
        }
      }, {
        "uid" : "edb0de5e2d3b3e0",
        "reportUrl" : "https://MohabMohie.github.io/SHAFT_ENGINE/allure/macOS/Web/1096//#testresult/edb0de5e2d3b3e0",
        "status" : "failed",
        "statusDetails" : "Element Action [WaitForAlertToBePresent] failed.",
        "time" : {
          "start" : 1643334985911,
          "stop" : 1643335016416,
          "duration" : 30505
        }
      }, {
        "uid" : "ccdf45a2028481ab",
        "reportUrl" : "https://MohabMohie.github.io/SHAFT_ENGINE/allure/macOS/Web/1093//#testresult/ccdf45a2028481ab",
        "status" : "failed",
        "statusDetails" : "Element Action [WaitForAlertToBePresent] failed.",
        "time" : {
          "start" : 1643116537646,
          "stop" : 1643116568281,
          "duration" : 30635
        }
      }, {
        "uid" : "baad7ee0b25507d9",
        "reportUrl" : "https://MohabMohie.github.io/SHAFT_ENGINE/allure/macOS/Web/1089//#testresult/baad7ee0b25507d9",
        "status" : "failed",
        "statusDetails" : "Element Action [WaitForAlertToBePresent] failed.",
        "time" : {
          "start" : 1643075958542,
          "stop" : 1643075988948,
          "duration" : 30406
        }
      }, {
        "uid" : "8c6276ee0362c3b3",
        "reportUrl" : "https://MohabMohie.github.io/SHAFT_ENGINE/allure/macOS/Web/1086//#testresult/8c6276ee0362c3b3",
        "status" : "failed",
        "statusDetails" : "Element Action [WaitForAlertToBePresent] failed.",
        "time" : {
          "start" : 1642989520402,
          "stop" : 1642989550804,
          "duration" : 30402
        }
      }, {
        "uid" : "87205f0bed4491dd",
        "reportUrl" : "https://MohabMohie.github.io/SHAFT_ENGINE/allure/macOS/Web/1080//#testresult/87205f0bed4491dd",
        "status" : "failed",
        "statusDetails" : "Element Action [WaitForAlertToBePresent] failed.",
        "time" : {
          "start" : 1642644388300,
          "stop" : 1642644419124,
          "duration" : 30824
        }
      }, {
        "uid" : "3dd0d70ab47e1060",
        "reportUrl" : "https://MohabMohie.github.io/SHAFT_ENGINE/allure/macOS/Web/1077//#testresult/3dd0d70ab47e1060",
        "status" : "skipped",
        "statusDetails" : "Method testPackage01.TestJSAlertBox.acceptAlert() on instance testPackage01.TestJSAlertBox@1729ec00 depends on not successfully finished methods \n[testPackage01.TestJSAlertBox.getJSAlertText() on instance testPackage01.TestJSAlertBox@1729ec00]",
        "time" : {
          "start" : 1642539005326,
          "stop" : 1642539005327,
          "duration" : 1
        }
      }, {
        "uid" : "10ed4716cf5878b1",
        "reportUrl" : "https://MohabMohie.github.io/SHAFT_ENGINE/allure/macOS/Web/1072//#testresult/10ed4716cf5878b1",
        "status" : "failed",
        "statusDetails" : "Element Action [WaitForAlertToBePresent] failed.",
        "time" : {
          "start" : 1642345258963,
          "stop" : 1642345289512,
          "duration" : 30549
        }
      }, {
        "uid" : "4a471cbc0aad8b79",
        "reportUrl" : "https://MohabMohie.github.io/SHAFT_ENGINE/allure/macOS/Web/1068//#testresult/4a471cbc0aad8b79",
        "status" : "failed",
        "statusDetails" : "Element Action [WaitForAlertToBePresent] failed.",
        "time" : {
          "start" : 1642298704057,
          "stop" : 1642298734495,
          "duration" : 30438
        }
      }, {
        "uid" : "6c23f828a92216a",
        "reportUrl" : "https://MohabMohie.github.io/SHAFT_ENGINE/allure/macOS/Web/1067//#testresult/6c23f828a92216a",
        "status" : "failed",
        "statusDetails" : "Element Action [WaitForAlertToBePresent] failed.",
        "time" : {
          "start" : 1642212134255,
          "stop" : 1642212164842,
          "duration" : 30587
        }
      }, {
        "uid" : "e6274c14a201b65a",
        "reportUrl" : "https://MohabMohie.github.io/SHAFT_ENGINE/allure/macOS/Web/1063//#testresult/e6274c14a201b65a",
        "status" : "skipped",
        "statusDetails" : "Method testPackage01.TestJSAlertBox.acceptAlert() on instance testPackage01.TestJSAlertBox@468dda3e depends on not successfully finished methods \n[testPackage01.TestJSAlertBox.getJSAlertText() on instance testPackage01.TestJSAlertBox@468dda3e]",
        "time" : {
          "start" : 1642192598523,
          "stop" : 1642192598524,
          "duration" : 1
        }
      }, {
        "uid" : "c881262c212b1108",
        "reportUrl" : "https://MohabMohie.github.io/SHAFT_ENGINE/allure/macOS/Web/1052//#testresult/c881262c212b1108",
        "status" : "failed",
        "statusDetails" : "Element Action [WaitForAlertToBePresent] failed.",
        "time" : {
          "start" : 1642061199159,
          "stop" : 1642061229539,
          "duration" : 30380
        }
      }, {
        "uid" : "9da4cc55ebff6bf6",
        "reportUrl" : "https://MohabMohie.github.io/SHAFT_ENGINE/allure/macOS/Web/1051//#testresult/9da4cc55ebff6bf6",
        "status" : "failed",
        "statusDetails" : "Element Action [WaitForAlertToBePresent] failed.",
        "time" : {
          "start" : 1642039565141,
          "stop" : 1642039595582,
          "duration" : 30441
        }
      }, {
        "uid" : "926e6a7fb44bdac1",
        "reportUrl" : "https://MohabMohie.github.io/SHAFT_ENGINE/allure/macOS/Web/1049//#testresult/926e6a7fb44bdac1",
        "status" : "failed",
        "statusDetails" : "Element Action [WaitForAlertToBePresent] failed.",
        "time" : {
          "start" : 1642016344819,
          "stop" : 1642016375424,
          "duration" : 30605
        }
      } ]
    },
    "tags" : [ ]
  },
  "source" : "4ea9b64908c61878.json",
  "parameterValues" : [ ]
}