{
  "uid" : "38fe335fc90171ac",
  "name" : "acceptAlert",
  "fullName" : "testPackage01.TestJSAlertBox.acceptAlert",
  "historyId" : "9ee600c4564b8a84210f113c6a571e46",
  "time" : {
    "start" : 1643507514709,
    "stop" : 1643507545158,
    "duration" : 30449
  },
  "status" : "failed",
  "statusMessage" : "Element Action [WaitForAlertToBePresent] failed.",
  "statusTrace" : "java.lang.AssertionError: Element Action [WaitForAlertToBePresent] failed.\n\tat org.testng.Assert.fail(Assert.java:98)\n\tat com.shaft.gui.element.WebDriverElementActions.failAction(WebDriverElementActions.java:1465)\n\tat com.shaft.gui.element.WebDriverElementActions.failAction(WebDriverElementActions.java:1304)\n\tat com.shaft.gui.element.AlertActions.waitForAlertToBePresent(AlertActions.java:29)\n\tat com.shaft.gui.element.AlertActions.acceptAlert(AlertActions.java:51)\n\tat testPackage01.TestJSAlertBox.acceptAlert(TestJSAlertBox.java:41)\n\tat java.base/jdk.internal.reflect.NativeMethodAccessorImpl.invoke0(Native Method)\n\tat java.base/jdk.internal.reflect.NativeMethodAccessorImpl.invoke(NativeMethodAccessorImpl.java:77)\n\tat java.base/jdk.internal.reflect.DelegatingMethodAccessorImpl.invoke(DelegatingMethodAccessorImpl.java:43)\n\tat java.base/java.lang.reflect.Method.invoke(Method.java:568)\n\tat org.testng.internal.invokers.MethodInvocationHelper.invokeMethod(MethodInvocationHelper.java:135)\n\tat org.testng.internal.invokers.TestInvoker.invokeMethod(TestInvoker.java:673)\n\tat org.testng.internal.invokers.TestInvoker.invokeTestMethod(TestInvoker.java:220)\n\tat org.testng.internal.invokers.MethodRunner.runInSequence(MethodRunner.java:50)\n\tat org.testng.internal.invokers.TestInvoker$MethodInvocationAgent.invoke(TestInvoker.java:945)\n\tat org.testng.internal.invokers.TestInvoker.invokeTestMethods(TestInvoker.java:193)\n\tat org.testng.internal.invokers.TestMethodWorker.invokeTestMethods(TestMethodWorker.java:146)\n\tat org.testng.internal.invokers.TestMethodWorker.run(TestMethodWorker.java:128)\n\tat java.base/java.util.ArrayList.forEach(ArrayList.java:1511)\n\tat org.testng.TestRunner.privateRun(TestRunner.java:808)\n\tat org.testng.TestRunner.run(TestRunner.java:603)\n\tat org.testng.SuiteRunner.runTest(SuiteRunner.java:429)\n\tat org.testng.SuiteRunner.runSequentially(SuiteRunner.java:423)\n\tat org.testng.SuiteRunner.privateRun(SuiteRunner.java:383)\n\tat org.testng.SuiteRunner.run(SuiteRunner.java:326)\n\tat org.testng.SuiteRunnerWorker.runSuite(SuiteRunnerWorker.java:52)\n\tat org.testng.SuiteRunnerWorker.run(SuiteRunnerWorker.java:95)\n\tat org.testng.TestNG.runSuitesSequentially(TestNG.java:1249)\n\tat org.testng.TestNG.runSuitesLocally(TestNG.java:1169)\n\tat org.testng.TestNG.runSuites(TestNG.java:1092)\n\tat org.testng.TestNG.run(TestNG.java:1060)\n\tat org.apache.maven.surefire.testng.TestNGExecutor.run(TestNGExecutor.java:136)\n\tat org.apache.maven.surefire.testng.TestNGDirectoryTestSuite.executeMulti(TestNGDirectoryTestSuite.java:193)\n\tat org.apache.maven.surefire.testng.TestNGDirectoryTestSuite.execute(TestNGDirectoryTestSuite.java:94)\n\tat org.apache.maven.surefire.testng.TestNGProvider.invoke(TestNGProvider.java:145)\n\tat org.apache.maven.surefire.booter.ForkedBooter.runSuitesInProcess(ForkedBooter.java:428)\n\tat org.apache.maven.surefire.booter.ForkedBooter.execute(ForkedBooter.java:162)\n\tat org.apache.maven.surefire.booter.ForkedBooter.run(ForkedBooter.java:562)\n\tat org.apache.maven.surefire.booter.ForkedBooter.main(ForkedBooter.java:548)\nCaused by: org.openqa.selenium.TimeoutException: Expected condition failed: waiting for alert to be present (tried for 30 second(s) with 500 milliseconds interval)\nBuild info: version: '4.1.1', revision: 'e8fcc2cecf'\nSystem info: host: 'Mac-1643507255951.local', ip: '10.213.5.57', os.name: 'Mac OS X', os.arch: 'x86_64', os.version: '11.6.2', java.version: '17.0.2'\nDriver info: org.openqa.selenium.safari.SafariDriver\nCapabilities {acceptInsecureCerts: false, browserName: Safari, browserVersion: 15.2, goog:loggingPrefs: {browser: ALL, client: ALL, driver: ALL, performance: ALL, profiler: ALL, server: ALL}, javascriptEnabled: true, pageLoadStrategy: normal, platform: MAC, platformName: MAC, safari:automaticInspection: false, safari:automaticProfiling: false, safari:diagnose: false, safari:platformBuildVersion: 20G314, safari:platformVersion: 11.6.2, safari:useSimulator: false, setWindowRect: true, strictFileInteractability: false, timeouts: {pageLoad: 30000, script: 30000}, webkit:WebRTC: {DisableICECandidateFiltering: false, DisableInsecureMediaCapture: false}}\nSession ID: BB0F8EBF-A40F-4081-9451-96AD37CC27BE\n\tat org.openqa.selenium.support.ui.WebDriverWait.timeoutException(WebDriverWait.java:138)\n\tat org.openqa.selenium.support.ui.FluentWait.until(FluentWait.java:231)\n\tat com.shaft.gui.element.AlertActions.waitForAlertToBePresent(AlertActions.java:24)\n\t... 35 more\n",
  "flaky" : false,
  "newFailed" : false,
  "newBroken" : false,
  "newPassed" : false,
  "retriesCount" : 0,
  "retriesStatusChange" : false,
  "beforeStages" : [ {
    "name" : "setupActivities",
    "time" : {
      "start" : 1643507378560,
      "stop" : 1643507380764,
      "duration" : 2204
    },
    "description" : "",
    "status" : "passed",
    "steps" : [ {
      "name" : "Folder [allure-results] was not found, it may have already been deleted.",
      "time" : {
        "start" : 1643507378616,
        "stop" : 1643507378619,
        "duration" : 3
      },
      "status" : "passed",
      "steps" : [ ],
      "attachments" : [ ],
      "parameters" : [ {
        "name" : "actionCounter",
        "value" : "1"
      }, {
        "name" : "logText",
        "value" : "Folder [allure-results] was not found, it may have already been deleted."
      } ],
      "stepsCount" : 0,
      "attachmentsCount" : 0,
      "shouldDisplayMessage" : false,
      "hasContent" : true
    }, {
      "name" : "Folder [/Users/runner/.m2/repository/allure/] was not found, it may have already been deleted.",
      "time" : {
        "start" : 1643507378620,
        "stop" : 1643507378620,
        "duration" : 0
      },
      "status" : "passed",
      "steps" : [ ],
      "attachments" : [ ],
      "parameters" : [ {
        "name" : "actionCounter",
        "value" : "2"
      }, {
        "name" : "logText",
        "value" : "Folder [/Users/runner/.m2/repository/allure/] was not found, it may have already been deleted."
      } ],
      "stepsCount" : 0,
      "attachmentsCount" : 0,
      "shouldDisplayMessage" : false,
      "hasContent" : true
    }, {
      "name" : "Downloading a file from this url [https://repo.maven.apache.org/maven2/io/qameta/allure/allure-commandline/2.17.2/allure-commandline-2.17.2.zip] to this directory [target/allureBinary.zip], please wait as downloading may take some time...",
      "time" : {
        "start" : 1643507378621,
        "stop" : 1643507378621,
        "duration" : 0
      },
      "status" : "passed",
      "steps" : [ ],
      "attachments" : [ ],
      "parameters" : [ {
        "name" : "actionCounter",
        "value" : "3"
      }, {
        "name" : "logText",
        "value" : "Downloading a file from this url [https://repo.maven.apache.org/maven2/io/qameta/allure/allure-commandline/2.17.2/allure-commandline-2.17.2.zip] to this directory [target/allureBinary.zip], please wait as downloading may take some time..."
      } ],
      "stepsCount" : 0,
      "attachmentsCount" : 0,
      "shouldDisplayMessage" : false,
      "hasContent" : true
    }, {
      "name" : "Terminal Action [PerformTerminalCommands] successfully performed. With the following test data [Host Name: \"localHost\" | Command: \"chmod u+x /Users/runner/.m2/repository/allure/allure-2.17.2/bin/allure\" | Exit Status: \"0\"].",
      "time" : {
        "start" : 1643507380005,
        "stop" : 1643507380005,
        "duration" : 0
      },
      "status" : "passed",
      "steps" : [ ],
      "attachments" : [ ],
      "parameters" : [ {
        "name" : "actionCounter",
        "value" : "4"
      }, {
        "name" : "logText",
        "value" : "Terminal Action [PerformTerminalCommands] successfully performed. With the following test data [Host Name: \"localHost\" | Command: \"chmod u+x /Users/runner/.m2/repository/allure/allure-2.17.2/bin/allure\" | Exit Status: \"0\"]."
      } ],
      "stepsCount" : 0,
      "attachmentsCount" : 0,
      "shouldDisplayMessage" : false,
      "hasContent" : true
    }, {
      "name" : "Terminal Action [PerformTerminalCommands] successfully performed. With the following test data [Host Name: \"localHost\" | Command: \"chmod u+x generate_allure_report.sh\" | Exit Status: \"0\"].",
      "time" : {
        "start" : 1643507380013,
        "stop" : 1643507380013,
        "duration" : 0
      },
      "status" : "passed",
      "steps" : [ ],
      "attachments" : [ ],
      "parameters" : [ {
        "name" : "actionCounter",
        "value" : "5"
      }, {
        "name" : "logText",
        "value" : "Terminal Action [PerformTerminalCommands] successfully performed. With the following test data [Host Name: \"localHost\" | Command: \"chmod u+x generate_allure_report.sh\" | Exit Status: \"0\"]."
      } ],
      "stepsCount" : 0,
      "attachmentsCount" : 0,
      "shouldDisplayMessage" : false,
      "hasContent" : true
    }, {
      "name" : "Folder [extent-reports] was not found, it may have already been deleted.",
      "time" : {
        "start" : 1643507380101,
        "stop" : 1643507380101,
        "duration" : 0
      },
      "status" : "passed",
      "steps" : [ ],
      "attachments" : [ ],
      "parameters" : [ {
        "name" : "actionCounter",
        "value" : "6"
      }, {
        "name" : "logText",
        "value" : "Folder [extent-reports] was not found, it may have already been deleted."
      } ],
      "stepsCount" : 0,
      "attachmentsCount" : 0,
      "shouldDisplayMessage" : false,
      "hasContent" : true
    }, {
      "name" : "Terminal Action [PerformTerminalCommands] successfully performed. With the following test data [Host Name: \"localHost\" | Command: \"chmod u+x generateJdk.sh\" | Exit Status: \"1\"].",
      "time" : {
        "start" : 1643507380761,
        "stop" : 1643507380763,
        "duration" : 2
      },
      "status" : "passed",
      "steps" : [ ],
      "attachments" : [ {
        "uid" : "3bf2a9d047bf530f",
        "name" : "Attachment: Terminal Action Actual Result - Command Log",
        "source" : "3bf2a9d047bf530f.txt",
        "type" : "text/plain",
        "size" : 48
      } ],
      "parameters" : [ {
        "name" : "actionCounter",
        "value" : "7"
      }, {
        "name" : "logText",
        "value" : "Terminal Action [PerformTerminalCommands] successfully performed. With the following test data [Host Name: \"localHost\" | Command: \"chmod u+x generateJdk.sh\" | Exit Status: \"1\"]."
      }, {
        "name" : "attachments",
        "value" : "[[Terminal Action Actual Result, Command Log, chmod: generateJdk.sh: No such file or directory]]"
      } ],
      "stepsCount" : 0,
      "attachmentsCount" : 1,
      "shouldDisplayMessage" : false,
      "hasContent" : true
    } ],
    "attachments" : [ {
      "uid" : "9e5ef76869915283",
      "name" : "Attachment: SHAFT Links - Important",
      "source" : "9e5ef76869915283.uri",
      "type" : "text/uri-list",
      "size" : 346
    }, {
      "uid" : "9dbf1fed53f5b85b",
      "name" : "Attachment: Properties - testNG",
      "source" : "9dbf1fed53f5b85b.properties",
      "type" : "text/plain",
      "size" : 492
    }, {
      "uid" : "7d0dd76c505e1690",
      "name" : "Attachment: Properties - ExecutionPlatform",
      "source" : "7d0dd76c505e1690.properties",
      "type" : "text/plain",
      "size" : 394
    }, {
      "uid" : "aca52d03cdb38c15",
      "name" : "Attachment: Properties - path",
      "source" : "aca52d03cdb38c15.properties",
      "type" : "text/plain",
      "size" : 687
    }, {
      "uid" : "9078c86b5e1b7e93",
      "name" : "Attachment: Properties - video",
      "source" : "9078c86b5e1b7e93.properties",
      "type" : "text/plain",
      "size" : 763
    }, {
      "uid" : "f2173cd9e32610e2",
      "name" : "Attachment: Properties - pattern",
      "source" : "f2173cd9e32610e2.properties",
      "type" : "text/plain",
      "size" : 564
    }, {
      "uid" : "4c36012292831f7",
      "name" : "Attachment: Properties - internal",
      "source" : "4c36012292831f7.properties",
      "type" : "text/plain",
      "size" : 111
    }, {
      "uid" : "9b9622b55b8d0b6a",
      "name" : "Attachment: Properties - MobileCapabilities",
      "source" : "9b9622b55b8d0b6a.properties",
      "type" : "text/plain",
      "size" : 470
    }, {
      "uid" : "1a8add984c79ea25",
      "name" : "Attachment: Properties - cucumber",
      "source" : "1a8add984c79ea25.properties",
      "type" : "text/plain",
      "size" : 226
    }, {
      "uid" : "5d05e971e1b054bc",
      "name" : "Attachment: Properties - PlatformFlags",
      "source" : "5d05e971e1b054bc.properties",
      "type" : "text/plain",
      "size" : 765
    }, {
      "uid" : "879421d22e6c7a5e",
      "name" : "Attachment: Properties - Timeouts",
      "source" : "879421d22e6c7a5e.properties",
      "type" : "text/plain",
      "size" : 722
    }, {
      "uid" : "cd908adc8e5dc1ee",
      "name" : "Attachment: Properties - Reporting",
      "source" : "cd908adc8e5dc1ee.properties",
      "type" : "text/plain",
      "size" : 614
    }, {
      "uid" : "59ae318bedf72ce1",
      "name" : "Attachment: Properties - browserStack",
      "source" : "59ae318bedf72ce1.properties",
      "type" : "text/plain",
      "size" : 877
    }, {
      "uid" : "4466f0eb5e91fbeb",
      "name" : "Attachment: Properties - VisualValidations",
      "source" : "4466f0eb5e91fbeb.properties",
      "type" : "text/plain",
      "size" : 723
    } ],
    "parameters" : [ ],
    "stepsCount" : 7,
    "attachmentsCount" : 15,
    "shouldDisplayMessage" : false,
    "hasContent" : true
  }, {
    "name" : "navigateToJSAlertPage",
    "time" : {
      "start" : 1643507512563,
      "stop" : 1643507514175,
      "duration" : 1612
    },
    "description" : "",
    "status" : "passed",
    "steps" : [ {
      "name" : "Attempting to run locally on: [Mac-64], [Safari], Headless Execution.",
      "time" : {
        "start" : 1643507512564,
        "stop" : 1643507512564,
        "duration" : 0
      },
      "status" : "passed",
      "steps" : [ ],
      "attachments" : [ ],
      "parameters" : [ {
        "name" : "actionCounter",
        "value" : "230"
      }, {
        "name" : "logText",
        "value" : "Attempting to run locally on: [Mac-64], [Safari], Headless Execution."
      } ],
      "stepsCount" : 0,
      "attachmentsCount" : 0,
      "shouldDisplayMessage" : false,
      "hasContent" : true
    }, {
      "name" : "Successfully Opened Safari.",
      "time" : {
        "start" : 1643507513532,
        "stop" : 1643507513532,
        "duration" : 0
      },
      "status" : "passed",
      "steps" : [ ],
      "attachments" : [ ],
      "parameters" : [ {
        "name" : "actionCounter",
        "value" : "231"
      }, {
        "name" : "logText",
        "value" : "Successfully Opened Safari."
      } ],
      "stepsCount" : 0,
      "attachmentsCount" : 0,
      "shouldDisplayMessage" : false,
      "hasContent" : true
    }, {
      "name" : "Browser Action [MaximizeWindow] successfully performed. With the following test data [New screen size is now: (1176, 803)].",
      "time" : {
        "start" : 1643507513573,
        "stop" : 1643507513573,
        "duration" : 0
      },
      "status" : "passed",
      "steps" : [ ],
      "attachments" : [ ],
      "parameters" : [ {
        "name" : "actionCounter",
        "value" : "232"
      }, {
        "name" : "logText",
        "value" : "Browser Action [MaximizeWindow] successfully performed. With the following test data [New screen size is now: (1176, 803)]."
      }, {
        "name" : "attachments",
        "value" : "[null]"
      } ],
      "stepsCount" : 0,
      "attachmentsCount" : 0,
      "shouldDisplayMessage" : false,
      "hasContent" : true
    }, {
      "name" : "Browser Action [NavigateToURL] successfully performed. With the following test data [http://the-internet.herokuapp.com/javascript_alerts].",
      "time" : {
        "start" : 1643507514175,
        "stop" : 1643507514175,
        "duration" : 0
      },
      "status" : "passed",
      "steps" : [ ],
      "attachments" : [ ],
      "parameters" : [ {
        "name" : "actionCounter",
        "value" : "233"
      }, {
        "name" : "logText",
        "value" : "Browser Action [NavigateToURL] successfully performed. With the following test data [http://the-internet.herokuapp.com/javascript_alerts]."
      }, {
        "name" : "attachments",
        "value" : "[null]"
      } ],
      "stepsCount" : 0,
      "attachmentsCount" : 0,
      "shouldDisplayMessage" : false,
      "hasContent" : true
    } ],
    "attachments" : [ ],
    "parameters" : [ ],
    "stepsCount" : 4,
    "attachmentsCount" : 0,
    "shouldDisplayMessage" : false,
    "hasContent" : true
  } ],
  "testStage" : {
    "status" : "failed",
    "statusMessage" : "Element Action [WaitForAlertToBePresent] failed.",
    "statusTrace" : "java.lang.AssertionError: Element Action [WaitForAlertToBePresent] failed.\n\tat org.testng.Assert.fail(Assert.java:98)\n\tat com.shaft.gui.element.WebDriverElementActions.failAction(WebDriverElementActions.java:1465)\n\tat com.shaft.gui.element.WebDriverElementActions.failAction(WebDriverElementActions.java:1304)\n\tat com.shaft.gui.element.AlertActions.waitForAlertToBePresent(AlertActions.java:29)\n\tat com.shaft.gui.element.AlertActions.acceptAlert(AlertActions.java:51)\n\tat testPackage01.TestJSAlertBox.acceptAlert(TestJSAlertBox.java:41)\n\tat java.base/jdk.internal.reflect.NativeMethodAccessorImpl.invoke0(Native Method)\n\tat java.base/jdk.internal.reflect.NativeMethodAccessorImpl.invoke(NativeMethodAccessorImpl.java:77)\n\tat java.base/jdk.internal.reflect.DelegatingMethodAccessorImpl.invoke(DelegatingMethodAccessorImpl.java:43)\n\tat java.base/java.lang.reflect.Method.invoke(Method.java:568)\n\tat org.testng.internal.invokers.MethodInvocationHelper.invokeMethod(MethodInvocationHelper.java:135)\n\tat org.testng.internal.invokers.TestInvoker.invokeMethod(TestInvoker.java:673)\n\tat org.testng.internal.invokers.TestInvoker.invokeTestMethod(TestInvoker.java:220)\n\tat org.testng.internal.invokers.MethodRunner.runInSequence(MethodRunner.java:50)\n\tat org.testng.internal.invokers.TestInvoker$MethodInvocationAgent.invoke(TestInvoker.java:945)\n\tat org.testng.internal.invokers.TestInvoker.invokeTestMethods(TestInvoker.java:193)\n\tat org.testng.internal.invokers.TestMethodWorker.invokeTestMethods(TestMethodWorker.java:146)\n\tat org.testng.internal.invokers.TestMethodWorker.run(TestMethodWorker.java:128)\n\tat java.base/java.util.ArrayList.forEach(ArrayList.java:1511)\n\tat org.testng.TestRunner.privateRun(TestRunner.java:808)\n\tat org.testng.TestRunner.run(TestRunner.java:603)\n\tat org.testng.SuiteRunner.runTest(SuiteRunner.java:429)\n\tat org.testng.SuiteRunner.runSequentially(SuiteRunner.java:423)\n\tat org.testng.SuiteRunner.privateRun(SuiteRunner.java:383)\n\tat org.testng.SuiteRunner.run(SuiteRunner.java:326)\n\tat org.testng.SuiteRunnerWorker.runSuite(SuiteRunnerWorker.java:52)\n\tat org.testng.SuiteRunnerWorker.run(SuiteRunnerWorker.java:95)\n\tat org.testng.TestNG.runSuitesSequentially(TestNG.java:1249)\n\tat org.testng.TestNG.runSuitesLocally(TestNG.java:1169)\n\tat org.testng.TestNG.runSuites(TestNG.java:1092)\n\tat org.testng.TestNG.run(TestNG.java:1060)\n\tat org.apache.maven.surefire.testng.TestNGExecutor.run(TestNGExecutor.java:136)\n\tat org.apache.maven.surefire.testng.TestNGDirectoryTestSuite.executeMulti(TestNGDirectoryTestSuite.java:193)\n\tat org.apache.maven.surefire.testng.TestNGDirectoryTestSuite.execute(TestNGDirectoryTestSuite.java:94)\n\tat org.apache.maven.surefire.testng.TestNGProvider.invoke(TestNGProvider.java:145)\n\tat org.apache.maven.surefire.booter.ForkedBooter.runSuitesInProcess(ForkedBooter.java:428)\n\tat org.apache.maven.surefire.booter.ForkedBooter.execute(ForkedBooter.java:162)\n\tat org.apache.maven.surefire.booter.ForkedBooter.run(ForkedBooter.java:562)\n\tat org.apache.maven.surefire.booter.ForkedBooter.main(ForkedBooter.java:548)\nCaused by: org.openqa.selenium.TimeoutException: Expected condition failed: waiting for alert to be present (tried for 30 second(s) with 500 milliseconds interval)\nBuild info: version: '4.1.1', revision: 'e8fcc2cecf'\nSystem info: host: 'Mac-1643507255951.local', ip: '10.213.5.57', os.name: 'Mac OS X', os.arch: 'x86_64', os.version: '11.6.2', java.version: '17.0.2'\nDriver info: org.openqa.selenium.safari.SafariDriver\nCapabilities {acceptInsecureCerts: false, browserName: Safari, browserVersion: 15.2, goog:loggingPrefs: {browser: ALL, client: ALL, driver: ALL, performance: ALL, profiler: ALL, server: ALL}, javascriptEnabled: true, pageLoadStrategy: normal, platform: MAC, platformName: MAC, safari:automaticInspection: false, safari:automaticProfiling: false, safari:diagnose: false, safari:platformBuildVersion: 20G314, safari:platformVersion: 11.6.2, safari:useSimulator: false, setWindowRect: true, strictFileInteractability: false, timeouts: {pageLoad: 30000, script: 30000}, webkit:WebRTC: {DisableICECandidateFiltering: false, DisableInsecureMediaCapture: false}}\nSession ID: BB0F8EBF-A40F-4081-9451-96AD37CC27BE\n\tat org.openqa.selenium.support.ui.WebDriverWait.timeoutException(WebDriverWait.java:138)\n\tat org.openqa.selenium.support.ui.FluentWait.until(FluentWait.java:231)\n\tat com.shaft.gui.element.AlertActions.waitForAlertToBePresent(AlertActions.java:24)\n\t... 35 more\n",
    "steps" : [ {
      "name" : "Element Action [WaitForAlertToBePresent] failed.",
      "time" : {
        "start" : 1643507545152,
        "stop" : 1643507545153,
        "duration" : 1
      },
      "status" : "passed",
      "steps" : [ ],
      "attachments" : [ {
        "uid" : "fdf55c9c9317dc48",
        "name" : "Attachment: Screenshot - 1643507545073_acceptAlert_WaitForAlertToBePresent_failed",
        "source" : "fdf55c9c9317dc48.png",
        "type" : "image/png",
        "size" : 42887
      } ],
      "parameters" : [ {
        "name" : "actionCounter",
        "value" : "240"
      }, {
        "name" : "logText",
        "value" : "Element Action [WaitForAlertToBePresent] failed."
      }, {
        "name" : "attachments",
        "value" : "[[Screenshot, 1643507545073_acceptAlert_WaitForAlertToBePresent_failed, java.io.ByteArrayInputStream@1b0468d1]]"
      } ],
      "stepsCount" : 0,
      "attachmentsCount" : 1,
      "shouldDisplayMessage" : false,
      "hasContent" : true
    } ],
    "attachments" : [ {
      "uid" : "bcce259116b9e5d7",
      "name" : "Attachment: SHAFT Engine Logs - Current Method log: acceptAlert",
      "source" : "bcce259116b9e5d7.txt",
      "type" : "text/plain",
      "size" : 723
    } ],
    "parameters" : [ ],
    "stepsCount" : 1,
    "attachmentsCount" : 2,
    "shouldDisplayMessage" : true,
    "hasContent" : true
  },
  "afterStages" : [ {
    "name" : "tearDownDriver",
    "time" : {
      "start" : 1643507545168,
      "stop" : 1643507545497,
      "duration" : 329
    },
    "description" : "",
    "status" : "passed",
    "steps" : [ {
      "name" : "Browser Action [CloseCurrentWindow] successfully performed.",
      "time" : {
        "start" : 1643507545497,
        "stop" : 1643507545497,
        "duration" : 0
      },
      "status" : "passed",
      "steps" : [ ],
      "attachments" : [ {
        "uid" : "99eaaef5556f6833",
        "name" : "Attachment: Browser Action Test Data - CloseCurrentWindow - Actual Value",
        "source" : "99eaaef5556f6833.html",
        "type" : "text/html",
        "size" : 2503
      } ],
      "parameters" : [ {
        "name" : "actionCounter",
        "value" : "241"
      }, {
        "name" : "logText",
        "value" : "Browser Action [CloseCurrentWindow] successfully performed."
      }, {
        "name" : "attachments",
        "value" : "[[Browser Action Test Data - CloseCurrentWindow, Actual Value, <html class=\"no-js\" lang=\"en\"><!--<![endif]--><head>\n    <script src=\"/js/vendor/298279967.js\"></script>\n    <meta charset=\"utf-8\">\n    <meta name=\"viewport\" content=\"width=device-width\">\n    <title>The Internet</title>\n    <link href=\"/css/app.css\" rel=\"stylesheet\">\n    <link href=\"/css/font-awesome.css\" rel=\"stylesheet\">\n    <script src=\"/js/vendor/jquery-1.11.3.min.js\"></script>\n    <script src=\"/js/vendor/jquery-ui-1.11.4/jquery-ui.js\"></script>\n    <script src=\"/js/foundation/foundation.js\"></script><meta class=\"foundation-mq-small\"><meta class=\"foundation-mq-medium\"><meta class=\"foundation-mq-large\"><style></style>\n    <script src=\"/js/foundation/foundation.alerts.js\"></script>\n    <script>\n      $(document).foundation();\n    </script>\n  </head>\n  <body>\n    <div class=\"row\">\n      <div id=\"flash-messages\" class=\"large-12 columns\">\n      \n        \n      \n        \n      \n        \n      \n      </div>\n    </div>\n    <div class=\"row\">\n      <a href=\"https://github.com/tourdedave/the-internet\"><img style=\"position: absolute; top: 0; right: 0; border: 0;\" src=\"/img/forkme_right_green_007200.png\" alt=\"Fork me on GitHub\"></a>\n      <div id=\"content\" class=\"large-12 columns\">\n        <script>\n  function jsAlert() {\n    alert('I am a JS Alert');\n    log('You successfully clicked an alert');\n  }\n\n  function jsConfirm() {\n    var c = confirm('I am a JS Confirm');\n    var result = c === true ? 'Ok' : 'Cancel';\n    log('You clicked: ' + result);\n  }\n\n  function jsPrompt() {\n    var p = prompt('I am a JS prompt');\n    log('You entered: ' + p);\n  }\n\n  function log(msg) {\n    var result = document.getElementById('result');\n    result.innerHTML = msg;\n  }\n</script>\n<div class=\"example\">\n  <h3>JavaScript Alerts</h3>\n  <p>Here are some examples of different JavaScript alerts which can be troublesome for automation</p>\n  <ul style=\"list-style-type: none;\">\n    <li><button onclick=\"jsAlert()\">Click for JS Alert</button></li>\n    <li><button onclick=\"jsConfirm()\">Click for JS Confirm</button></li>\n    <li><button onclick=\"jsPrompt()\">Click for JS Prompt</button></li>\n  </ul>\n  <h4>Result:</h4>\n  <p id=\"result\" style=\"color:green\">You successfully clicked an alert</p>\n</div>\n\n      </div>\n    </div>\n    <div id=\"page-footer\" class=\"row\">\n      <div class=\"large-4 large-centered columns\">\n        <hr>\n        <div style=\"text-align: center;\">Powered by <a target=\"_blank\" href=\"http://elementalselenium.com/\">Elemental Selenium</a></div>\n      </div>\n    </div>\n  \n\n</body></html>]]"
      } ],
      "stepsCount" : 0,
      "attachmentsCount" : 1,
      "shouldDisplayMessage" : false,
      "hasContent" : true
    } ],
    "attachments" : [ ],
    "parameters" : [ ],
    "stepsCount" : 1,
    "attachmentsCount" : 1,
    "shouldDisplayMessage" : false,
    "hasContent" : true
  }, {
    "name" : "teardownActivities",
    "time" : {
      "start" : 1643507816648,
      "stop" : 1643507817039,
      "duration" : 391
    },
    "description" : "",
    "status" : "passed",
    "steps" : [ {
      "name" : "Successfully Closed All Drivers.",
      "time" : {
        "start" : 1643507816648,
        "stop" : 1643507816648,
        "duration" : 0
      },
      "status" : "passed",
      "steps" : [ ],
      "attachments" : [ ],
      "parameters" : [ {
        "name" : "actionCounter",
        "value" : "412"
      }, {
        "name" : "logText",
        "value" : "Successfully Closed All Drivers."
      } ],
      "stepsCount" : 0,
      "attachmentsCount" : 0,
      "shouldDisplayMessage" : false,
      "hasContent" : true
    }, {
      "name" : "Issue Summary: Total Issues = 6, New issues for Failed Tests = 4, Open issues for Passed Tests = 2, Open issues for Failed Tests = 0. Kindly check the attached Issue details.",
      "time" : {
        "start" : 1643507816659,
        "stop" : 1643507816659,
        "duration" : 0
      },
      "status" : "passed",
      "steps" : [ ],
      "attachments" : [ {
        "uid" : "96d85c8da4c0ea5c",
        "name" : "Attachment: SHAFT Engine Logs - Issues log CSV: 20220130-015656",
        "source" : "96d85c8da4c0ea5c.csv",
        "type" : "text/csv",
        "size" : 767
      } ],
      "parameters" : [ {
        "name" : "actionCounter",
        "value" : "413"
      }, {
        "name" : "logText",
        "value" : "Issue Summary: Total Issues = 6, New issues for Failed Tests = 4, Open issues for Passed Tests = 2, Open issues for Failed Tests = 0. Kindly check the attached Issue details."
      }, {
        "name" : "attachments",
        "value" : "[[SHAFT Engine Logs, Issues log CSV: 20220130-015656, java.io.ByteArrayInputStream@a0a9f46]]"
      } ],
      "stepsCount" : 0,
      "attachmentsCount" : 1,
      "shouldDisplayMessage" : false,
      "hasContent" : true
    } ],
    "attachments" : [ {
      "uid" : "ee6d3b68ea30eb6b",
      "name" : "Attachment: SHAFT Engine Logs - Execution log: 20220130-015656",
      "source" : "ee6d3b68ea30eb6b.txt",
      "type" : "text/plain",
      "size" : 227919
    }, {
      "uid" : "c4d84e1131c287cb",
      "name" : "Attachment: HTML - Extent Emailable Execution Report",
      "source" : "c4d84e1131c287cb.html",
      "type" : "text/html",
      "size" : 7323454
    } ],
    "parameters" : [ ],
    "stepsCount" : 2,
    "attachmentsCount" : 3,
    "shouldDisplayMessage" : false,
    "hasContent" : true
  } ],
  "labels" : [ {
    "name" : "package",
    "value" : "testPackage01.TestJSAlertBox"
  }, {
    "name" : "testClass",
    "value" : "testPackage01.TestJSAlertBox"
  }, {
    "name" : "testMethod",
    "value" : "acceptAlert"
  }, {
    "name" : "parentSuite",
    "value" : "SHAFT: Custom Suite"
  }, {
    "name" : "suite",
    "value" : "SHAFT: Custom Test"
  }, {
    "name" : "subSuite",
    "value" : "testPackage01.TestJSAlertBox"
  }, {
    "name" : "host",
    "value" : "Mac-1643507255951.local"
  }, {
    "name" : "thread",
    "value" : "1632@Mac-1643507255951.local.main(1)"
  }, {
    "name" : "framework",
    "value" : "testng"
  }, {
    "name" : "language",
    "value" : "java"
  }, {
    "name" : "resultFormat",
    "value" : "allure2"
  } ],
  "parameters" : [ ],
  "links" : [ ],
  "hidden" : false,
  "retry" : false,
  "extra" : {
    "severity" : "normal",
    "retries" : [ ],
    "categories" : [ {
      "name" : "Product defects",
      "matchedStatuses" : [ ],
      "flaky" : false
    } ],
    "history" : {
      "statistic" : {
        "failed" : 13,
        "broken" : 0,
        "skipped" : 2,
        "passed" : 0,
        "unknown" : 0,
        "total" : 15
      },
      "items" : [ {
        "uid" : "e2f8e2076f61b468",
        "reportUrl" : "https://MohabMohie.github.io/SHAFT_ENGINE/allure/macOS/Web/1097//#testresult/e2f8e2076f61b468",
        "status" : "failed",
        "statusDetails" : "Element Action [WaitForAlertToBePresent] failed.",
        "time" : {
          "start" : 1643421007052,
          "stop" : 1643421037628,
          "duration" : 30576
        }
      }, {
        "uid" : "edb0de5e2d3b3e0",
        "reportUrl" : "https://MohabMohie.github.io/SHAFT_ENGINE/allure/macOS/Web/1096//#testresult/edb0de5e2d3b3e0",
        "status" : "failed",
        "statusDetails" : "Element Action [WaitForAlertToBePresent] failed.",
        "time" : {
          "start" : 1643334985911,
          "stop" : 1643335016416,
          "duration" : 30505
        }
      }, {
        "uid" : "ccdf45a2028481ab",
        "reportUrl" : "https://MohabMohie.github.io/SHAFT_ENGINE/allure/macOS/Web/1093//#testresult/ccdf45a2028481ab",
        "status" : "failed",
        "statusDetails" : "Element Action [WaitForAlertToBePresent] failed.",
        "time" : {
          "start" : 1643116537646,
          "stop" : 1643116568281,
          "duration" : 30635
        }
      }, {
        "uid" : "baad7ee0b25507d9",
        "reportUrl" : "https://MohabMohie.github.io/SHAFT_ENGINE/allure/macOS/Web/1089//#testresult/baad7ee0b25507d9",
        "status" : "failed",
        "statusDetails" : "Element Action [WaitForAlertToBePresent] failed.",
        "time" : {
          "start" : 1643075958542,
          "stop" : 1643075988948,
          "duration" : 30406
        }
      }, {
        "uid" : "8c6276ee0362c3b3",
        "reportUrl" : "https://MohabMohie.github.io/SHAFT_ENGINE/allure/macOS/Web/1086//#testresult/8c6276ee0362c3b3",
        "status" : "failed",
        "statusDetails" : "Element Action [WaitForAlertToBePresent] failed.",
        "time" : {
          "start" : 1642989520402,
          "stop" : 1642989550804,
          "duration" : 30402
        }
      }, {
        "uid" : "87205f0bed4491dd",
        "reportUrl" : "https://MohabMohie.github.io/SHAFT_ENGINE/allure/macOS/Web/1080//#testresult/87205f0bed4491dd",
        "status" : "failed",
        "statusDetails" : "Element Action [WaitForAlertToBePresent] failed.",
        "time" : {
          "start" : 1642644388300,
          "stop" : 1642644419124,
          "duration" : 30824
        }
      }, {
        "uid" : "3dd0d70ab47e1060",
        "reportUrl" : "https://MohabMohie.github.io/SHAFT_ENGINE/allure/macOS/Web/1077//#testresult/3dd0d70ab47e1060",
        "status" : "skipped",
        "statusDetails" : "Method testPackage01.TestJSAlertBox.acceptAlert() on instance testPackage01.TestJSAlertBox@1729ec00 depends on not successfully finished methods \n[testPackage01.TestJSAlertBox.getJSAlertText() on instance testPackage01.TestJSAlertBox@1729ec00]",
        "time" : {
          "start" : 1642539005326,
          "stop" : 1642539005327,
          "duration" : 1
        }
      }, {
        "uid" : "10ed4716cf5878b1",
        "reportUrl" : "https://MohabMohie.github.io/SHAFT_ENGINE/allure/macOS/Web/1072//#testresult/10ed4716cf5878b1",
        "status" : "failed",
        "statusDetails" : "Element Action [WaitForAlertToBePresent] failed.",
        "time" : {
          "start" : 1642345258963,
          "stop" : 1642345289512,
          "duration" : 30549
        }
      }, {
        "uid" : "4a471cbc0aad8b79",
        "reportUrl" : "https://MohabMohie.github.io/SHAFT_ENGINE/allure/macOS/Web/1068//#testresult/4a471cbc0aad8b79",
        "status" : "failed",
        "statusDetails" : "Element Action [WaitForAlertToBePresent] failed.",
        "time" : {
          "start" : 1642298704057,
          "stop" : 1642298734495,
          "duration" : 30438
        }
      }, {
        "uid" : "6c23f828a92216a",
        "reportUrl" : "https://MohabMohie.github.io/SHAFT_ENGINE/allure/macOS/Web/1067//#testresult/6c23f828a92216a",
        "status" : "failed",
        "statusDetails" : "Element Action [WaitForAlertToBePresent] failed.",
        "time" : {
          "start" : 1642212134255,
          "stop" : 1642212164842,
          "duration" : 30587
        }
      }, {
        "uid" : "e6274c14a201b65a",
        "reportUrl" : "https://MohabMohie.github.io/SHAFT_ENGINE/allure/macOS/Web/1063//#testresult/e6274c14a201b65a",
        "status" : "skipped",
        "statusDetails" : "Method testPackage01.TestJSAlertBox.acceptAlert() on instance testPackage01.TestJSAlertBox@468dda3e depends on not successfully finished methods \n[testPackage01.TestJSAlertBox.getJSAlertText() on instance testPackage01.TestJSAlertBox@468dda3e]",
        "time" : {
          "start" : 1642192598523,
          "stop" : 1642192598524,
          "duration" : 1
        }
      }, {
        "uid" : "c881262c212b1108",
        "reportUrl" : "https://MohabMohie.github.io/SHAFT_ENGINE/allure/macOS/Web/1052//#testresult/c881262c212b1108",
        "status" : "failed",
        "statusDetails" : "Element Action [WaitForAlertToBePresent] failed.",
        "time" : {
          "start" : 1642061199159,
          "stop" : 1642061229539,
          "duration" : 30380
        }
      }, {
        "uid" : "9da4cc55ebff6bf6",
        "reportUrl" : "https://MohabMohie.github.io/SHAFT_ENGINE/allure/macOS/Web/1051//#testresult/9da4cc55ebff6bf6",
        "status" : "failed",
        "statusDetails" : "Element Action [WaitForAlertToBePresent] failed.",
        "time" : {
          "start" : 1642039565141,
          "stop" : 1642039595582,
          "duration" : 30441
        }
      }, {
        "uid" : "926e6a7fb44bdac1",
        "reportUrl" : "https://MohabMohie.github.io/SHAFT_ENGINE/allure/macOS/Web/1049//#testresult/926e6a7fb44bdac1",
        "status" : "failed",
        "statusDetails" : "Element Action [WaitForAlertToBePresent] failed.",
        "time" : {
          "start" : 1642016344819,
          "stop" : 1642016375424,
          "duration" : 30605
        }
      } ]
    },
    "tags" : [ ]
  },
  "source" : "38fe335fc90171ac.json",
  "parameterValues" : [ ]
}