{
  "uid" : "b1f4beaa193004c8",
  "name" : "f3",
  "fullName" : "testPackage01.Test_NewValidationHelper.f3",
  "historyId" : "2a27a2abfdee42bde8e58c16a0e0f5dd",
  "time" : {
    "start" : 1639533480858,
    "stop" : 1639533480861,
    "duration" : 3
  },
  "status" : "skipped",
  "statusMessage" : "Driver Factory Action [createNewLocalDriverInstanceForSafari] failed. With the following test data [Failed to create a session on DESKTOP_SAFARI].",
  "statusTrace" : "java.lang.AssertionError: Driver Factory Action [createNewLocalDriverInstanceForSafari] failed. With the following test data [Failed to create a session on DESKTOP_SAFARI].\n\tat org.testng.Assert.fail(Assert.java:99)\n\tat com.shaft.driver.DriverFactoryHelper.failAction(DriverFactoryHelper.java:306)\n\tat com.shaft.driver.DriverFactoryHelper.createNewLocalDriverInstanceForSafari(DriverFactoryHelper.java:576)\n\tat com.shaft.driver.DriverFactoryHelper.createNewLocalDriverInstance(DriverFactoryHelper.java:596)\n\tat com.shaft.driver.DriverFactoryHelper.getDriver(DriverFactoryHelper.java:815)\n\tat com.shaft.driver.DriverFactoryHelper.getDriver(DriverFactoryHelper.java:140)\n\tat com.shaft.driver.DriverFactory.getDriver(DriverFactory.java:27)\n\tat com.shaft.gui.browser.BrowserFactory.getBrowser(BrowserFactory.java:21)\n\tat testPackage01.Test_NewValidationHelper.openBrowser(Test_NewValidationHelper.java:326)\n\tat java.base/jdk.internal.reflect.NativeMethodAccessorImpl.invoke0(Native Method)\n\tat java.base/jdk.internal.reflect.NativeMethodAccessorImpl.invoke(NativeMethodAccessorImpl.java:77)\n\tat java.base/jdk.internal.reflect.DelegatingMethodAccessorImpl.invoke(DelegatingMethodAccessorImpl.java:43)\n\tat java.base/java.lang.reflect.Method.invoke(Method.java:568)\n\tat org.testng.internal.MethodInvocationHelper.invokeMethod(MethodInvocationHelper.java:133)\n\tat org.testng.internal.MethodInvocationHelper.invokeMethodConsideringTimeout(MethodInvocationHelper.java:62)\n\tat org.testng.internal.ConfigInvoker.invokeConfigurationMethod(ConfigInvoker.java:385)\n\tat org.testng.internal.ConfigInvoker.invokeConfigurations(ConfigInvoker.java:321)\n\tat org.testng.internal.TestInvoker.runConfigMethods(TestInvoker.java:700)\n\tat org.testng.internal.TestInvoker.invokeMethod(TestInvoker.java:527)\n\tat org.testng.internal.TestInvoker.invokeTestMethod(TestInvoker.java:173)\n\tat org.testng.internal.MethodRunner.runInSequence(MethodRunner.java:46)\n\tat org.testng.internal.TestInvoker$MethodInvocationAgent.invoke(TestInvoker.java:824)\n\tat org.testng.internal.TestInvoker.invokeTestMethods(TestInvoker.java:146)\n\tat org.testng.internal.TestMethodWorker.invokeTestMethods(TestMethodWorker.java:146)\n\tat org.testng.internal.TestMethodWorker.run(TestMethodWorker.java:128)\n\tat java.base/java.util.ArrayList.forEach(ArrayList.java:1511)\n\tat org.testng.TestRunner.privateRun(TestRunner.java:794)\n\tat org.testng.TestRunner.run(TestRunner.java:596)\n\tat org.testng.SuiteRunner.runTest(SuiteRunner.java:377)\n\tat org.testng.SuiteRunner.runSequentially(SuiteRunner.java:371)\n\tat org.testng.SuiteRunner.privateRun(SuiteRunner.java:332)\n\tat org.testng.SuiteRunner.run(SuiteRunner.java:276)\n\tat org.testng.SuiteRunnerWorker.runSuite(SuiteRunnerWorker.java:53)\n\tat org.testng.SuiteRunnerWorker.run(SuiteRunnerWorker.java:96)\n\tat org.testng.TestNG.runSuitesSequentially(TestNG.java:1212)\n\tat org.testng.TestNG.runSuitesLocally(TestNG.java:1134)\n\tat org.testng.TestNG.runSuites(TestNG.java:1063)\n\tat org.testng.TestNG.run(TestNG.java:1031)\n\tat org.apache.maven.surefire.testng.TestNGExecutor.run(TestNGExecutor.java:136)\n\tat org.apache.maven.surefire.testng.TestNGDirectoryTestSuite.executeMulti(TestNGDirectoryTestSuite.java:193)\n\tat org.apache.maven.surefire.testng.TestNGDirectoryTestSuite.execute(TestNGDirectoryTestSuite.java:94)\n\tat org.apache.maven.surefire.testng.TestNGProvider.invoke(TestNGProvider.java:145)\n\tat org.apache.maven.surefire.booter.ForkedBooter.runSuitesInProcess(ForkedBooter.java:428)\n\tat org.apache.maven.surefire.booter.ForkedBooter.execute(ForkedBooter.java:162)\n\tat org.apache.maven.surefire.booter.ForkedBooter.run(ForkedBooter.java:562)\n\tat org.apache.maven.surefire.booter.ForkedBooter.main(ForkedBooter.java:548)\n",
  "flaky" : false,
  "newFailed" : false,
  "beforeStages" : [ {
    "name" : "setupActivities",
    "time" : {
      "start" : 1639533194949,
      "stop" : 1639533197557,
      "duration" : 2608
    },
    "description" : "",
    "status" : "passed",
    "steps" : [ {
      "name" : "Folder [allure-results] was not found, it may have already been deleted.",
      "time" : {
        "start" : 1639533195029,
        "stop" : 1639533195032,
        "duration" : 3
      },
      "status" : "passed",
      "steps" : [ ],
      "attachments" : [ ],
      "parameters" : [ {
        "name" : "actionCounter",
        "value" : "1"
      }, {
        "name" : "logText",
        "value" : "Folder [allure-results] was not found, it may have already been deleted."
      } ],
      "stepsCount" : 0,
      "attachmentsCount" : 0,
      "shouldDisplayMessage" : false,
      "hasContent" : true
    }, {
      "name" : "Folder [/Users/runner/.m2/repository/allure/] was not found, it may have already been deleted.",
      "time" : {
        "start" : 1639533195033,
        "stop" : 1639533195033,
        "duration" : 0
      },
      "status" : "passed",
      "steps" : [ ],
      "attachments" : [ ],
      "parameters" : [ {
        "name" : "actionCounter",
        "value" : "2"
      }, {
        "name" : "logText",
        "value" : "Folder [/Users/runner/.m2/repository/allure/] was not found, it may have already been deleted."
      } ],
      "stepsCount" : 0,
      "attachmentsCount" : 0,
      "shouldDisplayMessage" : false,
      "hasContent" : true
    }, {
      "name" : "Downloading a file from this url [https://repo.maven.apache.org/maven2/io/qameta/allure/allure-commandline/2.17.2/allure-commandline-2.17.2.zip] to this directory [target/allureBinary.zip], please wait as downloading may take some time...",
      "time" : {
        "start" : 1639533195034,
        "stop" : 1639533195034,
        "duration" : 0
      },
      "status" : "passed",
      "steps" : [ ],
      "attachments" : [ ],
      "parameters" : [ {
        "name" : "actionCounter",
        "value" : "3"
      }, {
        "name" : "logText",
        "value" : "Downloading a file from this url [https://repo.maven.apache.org/maven2/io/qameta/allure/allure-commandline/2.17.2/allure-commandline-2.17.2.zip] to this directory [target/allureBinary.zip], please wait as downloading may take some time..."
      } ],
      "stepsCount" : 0,
      "attachmentsCount" : 0,
      "shouldDisplayMessage" : false,
      "hasContent" : true
    }, {
      "name" : "Terminal Action [PerformTerminalCommands] successfully performed. With the following test data [Host Name: \"localHost\" | Command: \"chmod u+x /Users/runner/.m2/repository/allure/allure-2.17.2/bin/allure\" | Exit Status: \"0\"].",
      "time" : {
        "start" : 1639533196644,
        "stop" : 1639533196644,
        "duration" : 0
      },
      "status" : "passed",
      "steps" : [ ],
      "attachments" : [ ],
      "parameters" : [ {
        "name" : "actionCounter",
        "value" : "4"
      }, {
        "name" : "logText",
        "value" : "Terminal Action [PerformTerminalCommands] successfully performed. With the following test data [Host Name: \"localHost\" | Command: \"chmod u+x /Users/runner/.m2/repository/allure/allure-2.17.2/bin/allure\" | Exit Status: \"0\"]."
      } ],
      "stepsCount" : 0,
      "attachmentsCount" : 0,
      "shouldDisplayMessage" : false,
      "hasContent" : true
    }, {
      "name" : "Terminal Action [PerformTerminalCommands] successfully performed. With the following test data [Host Name: \"localHost\" | Command: \"chmod u+x generate_allure_report.sh\" | Exit Status: \"0\"].",
      "time" : {
        "start" : 1639533196652,
        "stop" : 1639533196652,
        "duration" : 0
      },
      "status" : "passed",
      "steps" : [ ],
      "attachments" : [ ],
      "parameters" : [ {
        "name" : "actionCounter",
        "value" : "5"
      }, {
        "name" : "logText",
        "value" : "Terminal Action [PerformTerminalCommands] successfully performed. With the following test data [Host Name: \"localHost\" | Command: \"chmod u+x generate_allure_report.sh\" | Exit Status: \"0\"]."
      } ],
      "stepsCount" : 0,
      "attachmentsCount" : 0,
      "shouldDisplayMessage" : false,
      "hasContent" : true
    }, {
      "name" : "Folder [extent-reports] was not found, it may have already been deleted.",
      "time" : {
        "start" : 1639533196747,
        "stop" : 1639533196748,
        "duration" : 1
      },
      "status" : "passed",
      "steps" : [ ],
      "attachments" : [ ],
      "parameters" : [ {
        "name" : "actionCounter",
        "value" : "6"
      }, {
        "name" : "logText",
        "value" : "Folder [extent-reports] was not found, it may have already been deleted."
      } ],
      "stepsCount" : 0,
      "attachmentsCount" : 0,
      "shouldDisplayMessage" : false,
      "hasContent" : true
    } ],
    "attachments" : [ {
      "uid" : "57cf136200c69227",
      "name" : "Attachment: SHAFT Links - Important",
      "source" : "57cf136200c69227.uri",
      "type" : "text/uri-list",
      "size" : 346
    }, {
      "uid" : "d4e215d9b9cd1c14",
      "name" : "Attachment: Properties - testNG",
      "source" : "d4e215d9b9cd1c14.properties",
      "type" : "text/plain",
      "size" : 492
    }, {
      "uid" : "d7ee39b87e66b19f",
      "name" : "Attachment: Properties - ExecutionPlatform",
      "source" : "d7ee39b87e66b19f.properties",
      "type" : "text/plain",
      "size" : 394
    }, {
      "uid" : "b61ab7a4f2ea5172",
      "name" : "Attachment: Properties - path",
      "source" : "b61ab7a4f2ea5172.properties",
      "type" : "text/plain",
      "size" : 687
    }, {
      "uid" : "e4b49030ca8e8903",
      "name" : "Attachment: Properties - video",
      "source" : "e4b49030ca8e8903.properties",
      "type" : "text/plain",
      "size" : 763
    }, {
      "uid" : "685a770d463e07c3",
      "name" : "Attachment: Properties - pattern",
      "source" : "685a770d463e07c3.properties",
      "type" : "text/plain",
      "size" : 564
    }, {
      "uid" : "25faa9d8e9cb3cc",
      "name" : "Attachment: Properties - internal",
      "source" : "25faa9d8e9cb3cc.properties",
      "type" : "text/plain",
      "size" : 117
    }, {
      "uid" : "f2f310fba7f0f466",
      "name" : "Attachment: Properties - MobileCapabilities",
      "source" : "f2f310fba7f0f466.properties",
      "type" : "text/plain",
      "size" : 470
    }, {
      "uid" : "e74bd2809b39c81c",
      "name" : "Attachment: Properties - cucumber",
      "source" : "e74bd2809b39c81c.properties",
      "type" : "text/plain",
      "size" : 226
    }, {
      "uid" : "5fb709deae33e21",
      "name" : "Attachment: Properties - PlatformFlags",
      "source" : "5fb709deae33e21.properties",
      "type" : "text/plain",
      "size" : 765
    }, {
      "uid" : "8ff54c4157dad54",
      "name" : "Attachment: Properties - Timeouts",
      "source" : "8ff54c4157dad54.properties",
      "type" : "text/plain",
      "size" : 722
    }, {
      "uid" : "98acbf74808e5d47",
      "name" : "Attachment: Properties - Reporting",
      "source" : "98acbf74808e5d47.properties",
      "type" : "text/plain",
      "size" : 614
    }, {
      "uid" : "6b28f52579a58fa6",
      "name" : "Attachment: Properties - browserStack",
      "source" : "6b28f52579a58fa6.properties",
      "type" : "text/plain",
      "size" : 877
    }, {
      "uid" : "f4ee93e56e069c4",
      "name" : "Attachment: Properties - VisualValidations",
      "source" : "f4ee93e56e069c4.properties",
      "type" : "text/plain",
      "size" : 723
    } ],
    "parameters" : [ ],
    "stepsCount" : 6,
    "attachmentsCount" : 14,
    "shouldDisplayMessage" : false,
    "hasContent" : true
  } ],
  "testStage" : {
    "status" : "skipped",
    "statusMessage" : "Driver Factory Action [createNewLocalDriverInstanceForSafari] failed. With the following test data [Failed to create a session on DESKTOP_SAFARI].",
    "statusTrace" : "java.lang.AssertionError: Driver Factory Action [createNewLocalDriverInstanceForSafari] failed. With the following test data [Failed to create a session on DESKTOP_SAFARI].\n\tat org.testng.Assert.fail(Assert.java:99)\n\tat com.shaft.driver.DriverFactoryHelper.failAction(DriverFactoryHelper.java:306)\n\tat com.shaft.driver.DriverFactoryHelper.createNewLocalDriverInstanceForSafari(DriverFactoryHelper.java:576)\n\tat com.shaft.driver.DriverFactoryHelper.createNewLocalDriverInstance(DriverFactoryHelper.java:596)\n\tat com.shaft.driver.DriverFactoryHelper.getDriver(DriverFactoryHelper.java:815)\n\tat com.shaft.driver.DriverFactoryHelper.getDriver(DriverFactoryHelper.java:140)\n\tat com.shaft.driver.DriverFactory.getDriver(DriverFactory.java:27)\n\tat com.shaft.gui.browser.BrowserFactory.getBrowser(BrowserFactory.java:21)\n\tat testPackage01.Test_NewValidationHelper.openBrowser(Test_NewValidationHelper.java:326)\n\tat java.base/jdk.internal.reflect.NativeMethodAccessorImpl.invoke0(Native Method)\n\tat java.base/jdk.internal.reflect.NativeMethodAccessorImpl.invoke(NativeMethodAccessorImpl.java:77)\n\tat java.base/jdk.internal.reflect.DelegatingMethodAccessorImpl.invoke(DelegatingMethodAccessorImpl.java:43)\n\tat java.base/java.lang.reflect.Method.invoke(Method.java:568)\n\tat org.testng.internal.MethodInvocationHelper.invokeMethod(MethodInvocationHelper.java:133)\n\tat org.testng.internal.MethodInvocationHelper.invokeMethodConsideringTimeout(MethodInvocationHelper.java:62)\n\tat org.testng.internal.ConfigInvoker.invokeConfigurationMethod(ConfigInvoker.java:385)\n\tat org.testng.internal.ConfigInvoker.invokeConfigurations(ConfigInvoker.java:321)\n\tat org.testng.internal.TestInvoker.runConfigMethods(TestInvoker.java:700)\n\tat org.testng.internal.TestInvoker.invokeMethod(TestInvoker.java:527)\n\tat org.testng.internal.TestInvoker.invokeTestMethod(TestInvoker.java:173)\n\tat org.testng.internal.MethodRunner.runInSequence(MethodRunner.java:46)\n\tat org.testng.internal.TestInvoker$MethodInvocationAgent.invoke(TestInvoker.java:824)\n\tat org.testng.internal.TestInvoker.invokeTestMethods(TestInvoker.java:146)\n\tat org.testng.internal.TestMethodWorker.invokeTestMethods(TestMethodWorker.java:146)\n\tat org.testng.internal.TestMethodWorker.run(TestMethodWorker.java:128)\n\tat java.base/java.util.ArrayList.forEach(ArrayList.java:1511)\n\tat org.testng.TestRunner.privateRun(TestRunner.java:794)\n\tat org.testng.TestRunner.run(TestRunner.java:596)\n\tat org.testng.SuiteRunner.runTest(SuiteRunner.java:377)\n\tat org.testng.SuiteRunner.runSequentially(SuiteRunner.java:371)\n\tat org.testng.SuiteRunner.privateRun(SuiteRunner.java:332)\n\tat org.testng.SuiteRunner.run(SuiteRunner.java:276)\n\tat org.testng.SuiteRunnerWorker.runSuite(SuiteRunnerWorker.java:53)\n\tat org.testng.SuiteRunnerWorker.run(SuiteRunnerWorker.java:96)\n\tat org.testng.TestNG.runSuitesSequentially(TestNG.java:1212)\n\tat org.testng.TestNG.runSuitesLocally(TestNG.java:1134)\n\tat org.testng.TestNG.runSuites(TestNG.java:1063)\n\tat org.testng.TestNG.run(TestNG.java:1031)\n\tat org.apache.maven.surefire.testng.TestNGExecutor.run(TestNGExecutor.java:136)\n\tat org.apache.maven.surefire.testng.TestNGDirectoryTestSuite.executeMulti(TestNGDirectoryTestSuite.java:193)\n\tat org.apache.maven.surefire.testng.TestNGDirectoryTestSuite.execute(TestNGDirectoryTestSuite.java:94)\n\tat org.apache.maven.surefire.testng.TestNGProvider.invoke(TestNGProvider.java:145)\n\tat org.apache.maven.surefire.booter.ForkedBooter.runSuitesInProcess(ForkedBooter.java:428)\n\tat org.apache.maven.surefire.booter.ForkedBooter.execute(ForkedBooter.java:162)\n\tat org.apache.maven.surefire.booter.ForkedBooter.run(ForkedBooter.java:562)\n\tat org.apache.maven.surefire.booter.ForkedBooter.main(ForkedBooter.java:548)\n",
    "steps" : [ ],
    "attachments" : [ {
      "uid" : "179caa962902faca",
      "name" : "Attachment: SHAFT Engine Logs - Current Method log: f3",
      "source" : "179caa962902faca.txt",
      "type" : "text/plain",
      "size" : 415
    } ],
    "parameters" : [ ],
    "stepsCount" : 0,
    "attachmentsCount" : 1,
    "shouldDisplayMessage" : true,
    "hasContent" : true
  },
  "afterStages" : [ {
    "name" : "teardownActivities",
    "time" : {
      "start" : 1639533618762,
      "stop" : 1639533619364,
      "duration" : 602
    },
    "description" : "",
    "status" : "passed",
    "steps" : [ {
      "name" : "Successfully Closed All Drivers.",
      "time" : {
        "start" : 1639533618763,
        "stop" : 1639533618763,
        "duration" : 0
      },
      "status" : "passed",
      "steps" : [ ],
      "attachments" : [ ],
      "parameters" : [ {
        "name" : "actionCounter",
        "value" : "397"
      }, {
        "name" : "logText",
        "value" : "Successfully Closed All Drivers."
      } ],
      "stepsCount" : 0,
      "attachmentsCount" : 0,
      "shouldDisplayMessage" : false,
      "hasContent" : true
    }, {
      "name" : "Issue Summary: Total Issues = 6, New issues for Failed Tests = 4, Open issues for Passed Tests = 2, Open issues for Failed Tests = 0. Kindly check the attached Issue details.",
      "time" : {
        "start" : 1639533618773,
        "stop" : 1639533618774,
        "duration" : 1
      },
      "status" : "passed",
      "steps" : [ ],
      "attachments" : [ {
        "uid" : "e9a6749ab3c147ea",
        "name" : "Attachment: SHAFT Engine Logs - Issues log CSV: 20211215-020018",
        "source" : "e9a6749ab3c147ea.csv",
        "type" : "text/csv",
        "size" : 803
      } ],
      "parameters" : [ {
        "name" : "actionCounter",
        "value" : "398"
      }, {
        "name" : "logText",
        "value" : "Issue Summary: Total Issues = 6, New issues for Failed Tests = 4, Open issues for Passed Tests = 2, Open issues for Failed Tests = 0. Kindly check the attached Issue details."
      }, {
        "name" : "attachments",
        "value" : "[[SHAFT Engine Logs, Issues log CSV: 20211215-020018, java.io.ByteArrayInputStream@4cd56eef]]"
      } ],
      "stepsCount" : 0,
      "attachmentsCount" : 1,
      "shouldDisplayMessage" : false,
      "hasContent" : true
    } ],
    "attachments" : [ {
      "uid" : "e5d0ea213f8aa415",
      "name" : "Attachment: SHAFT Engine Logs - Execution log: 20211215-020018",
      "source" : "e5d0ea213f8aa415.txt",
      "type" : "text/plain",
      "size" : 229316
    }, {
      "uid" : "3f62f334f1d58adf",
      "name" : "Attachment: HTML - Extent Emailable Execution Report",
      "source" : "3f62f334f1d58adf.html",
      "type" : "text/html",
      "size" : 5627032
    } ],
    "parameters" : [ ],
    "stepsCount" : 2,
    "attachmentsCount" : 3,
    "shouldDisplayMessage" : false,
    "hasContent" : true
  } ],
  "labels" : [ {
    "name" : "package",
    "value" : "testPackage01.Test_NewValidationHelper"
  }, {
    "name" : "testClass",
    "value" : "testPackage01.Test_NewValidationHelper"
  }, {
    "name" : "testMethod",
    "value" : "f3"
  }, {
    "name" : "parentSuite",
    "value" : "SHAFT: Custom Suite"
  }, {
    "name" : "suite",
    "value" : "SHAFT: Custom Test"
  }, {
    "name" : "subSuite",
    "value" : "testPackage01.Test_NewValidationHelper"
  }, {
    "name" : "host",
    "value" : "Mac-1639533060327.local"
  }, {
    "name" : "thread",
    "value" : "2170@Mac-1639533060327.local.main(1)"
  }, {
    "name" : "framework",
    "value" : "testng"
  }, {
    "name" : "language",
    "value" : "java"
  }, {
    "name" : "resultFormat",
    "value" : "allure2"
  } ],
  "parameters" : [ ],
  "links" : [ ],
  "hidden" : false,
  "retry" : false,
  "extra" : {
    "severity" : "normal",
    "retries" : [ ],
    "categories" : [ ],
    "history" : {
      "statistic" : {
        "failed" : 0,
        "broken" : 5,
        "skipped" : 15,
        "passed" : 5,
        "unknown" : 0,
        "total" : 25
      },
      "items" : [ {
        "uid" : "313dafe93019ee9d",
        "reportUrl" : "https://MohabMohie.github.io/SHAFT_ENGINE/allure/macOS/Web/990//#testresult/313dafe93019ee9d",
        "status" : "passed",
        "time" : {
          "start" : 1639506406829,
          "stop" : 1639506406912,
          "duration" : 83
        }
      }, {
        "uid" : "c78c1a2001e87e57",
        "reportUrl" : "https://MohabMohie.github.io/SHAFT_ENGINE/allure/macOS/Web/988//#testresult/c78c1a2001e87e57",
        "status" : "skipped",
        "statusDetails" : "Driver Factory Action [createNewLocalDriverInstanceForSafari] failed. With the following test data [Failed to create a session on DESKTOP_SAFARI].",
        "time" : {
          "start" : 1639505714044,
          "stop" : 1639505714086,
          "duration" : 42
        }
      }, {
        "uid" : "f2ee768eba9cd2e7",
        "reportUrl" : "https://MohabMohie.github.io/SHAFT_ENGINE/allure/macOS/Web/982//#testresult/f2ee768eba9cd2e7",
        "status" : "skipped",
        "statusDetails" : "Driver Factory Action [createNewLocalDriverInstanceForSafari] failed. With the following test data [Failed to create a session on DESKTOP_SAFARI].",
        "time" : {
          "start" : 1639274453827,
          "stop" : 1639274453829,
          "duration" : 2
        }
      }, {
        "uid" : "ab0c91d61a1b978f",
        "reportUrl" : "https://MohabMohie.github.io/SHAFT_ENGINE/allure/macOS/Web/981//#testresult/ab0c91d61a1b978f",
        "status" : "skipped",
        "statusDetails" : "Driver Factory Action [createNewLocalDriverInstanceForSafari] failed. With the following test data [Failed to create a session on DESKTOP_SAFARI].",
        "time" : {
          "start" : 1639247588860,
          "stop" : 1639247588946,
          "duration" : 86
        }
      }, {
        "uid" : "e305dc1d06c8b592",
        "reportUrl" : "https://MohabMohie.github.io/SHAFT_ENGINE/allure/macOS/Web/980//#testresult/e305dc1d06c8b592",
        "status" : "skipped",
        "statusDetails" : "Driver Factory Action [createNewLocalDriverInstanceForSafari] failed. With the following test data [Failed to create a session on DESKTOP_SAFARI].",
        "time" : {
          "start" : 1639247383171,
          "stop" : 1639247383173,
          "duration" : 2
        }
      }, {
        "uid" : "1f481eac762cd5eb",
        "reportUrl" : "https://MohabMohie.github.io/SHAFT_ENGINE/allure/macOS/Web/977//#testresult/1f481eac762cd5eb",
        "status" : "passed",
        "time" : {
          "start" : 1639246672020,
          "stop" : 1639246672021,
          "duration" : 1
        }
      }, {
        "uid" : "59104f031c4b6146",
        "reportUrl" : "https://MohabMohie.github.io/SHAFT_ENGINE/allure/macOS/Web/976//#testresult/59104f031c4b6146",
        "status" : "skipped",
        "statusDetails" : "Driver Factory Action [createNewLocalDriverInstanceForSafari] failed. With the following test data [Failed to create a session on DESKTOP_SAFARI].",
        "time" : {
          "start" : 1639187558422,
          "stop" : 1639187558425,
          "duration" : 3
        }
      }, {
        "uid" : "3c3e5abda2c694b7",
        "reportUrl" : "https://MohabMohie.github.io/SHAFT_ENGINE/allure/macOS/Web/974//#testresult/3c3e5abda2c694b7",
        "status" : "passed",
        "time" : {
          "start" : 1639101394480,
          "stop" : 1639101394482,
          "duration" : 2
        }
      }, {
        "uid" : "a5847c16b0edb0f4",
        "reportUrl" : "https://MohabMohie.github.io/SHAFT_ENGINE/allure/macOS/Web/972//#testresult/a5847c16b0edb0f4",
        "status" : "passed",
        "time" : {
          "start" : 1639015034817,
          "stop" : 1639015034900,
          "duration" : 83
        }
      }, {
        "uid" : "4c6524018ca2cd6f",
        "reportUrl" : "https://MohabMohie.github.io/SHAFT_ENGINE/allure/macOS/Web/968//#testresult/4c6524018ca2cd6f",
        "status" : "skipped",
        "statusDetails" : "Driver Factory Action [createNewLocalDriverInstanceForSafari] failed. With the following test data [Failed to create a session on DESKTOP_SAFARI].",
        "time" : {
          "start" : 1638842365298,
          "stop" : 1638842365300,
          "duration" : 2
        }
      }, {
        "uid" : "d9ef13520d9deaa6",
        "reportUrl" : "https://MohabMohie.github.io/SHAFT_ENGINE/allure/macOS/Web/967//#testresult/d9ef13520d9deaa6",
        "status" : "broken",
        "statusDetails" : "Cannot invoke \"com.aventstack.extentreports.ExtentReports.createTest(String)\" because \"com.shaft.tools.io.ReportManagerHelper.extentReport\" is null",
        "time" : {
          "start" : 1638794018831,
          "stop" : 1638794018832,
          "duration" : 1
        }
      }, {
        "uid" : "554d415dd0365684",
        "reportUrl" : "https://MohabMohie.github.io/SHAFT_ENGINE/allure/macOS/Web/964//#testresult/554d415dd0365684",
        "status" : "broken",
        "statusDetails" : "Cannot invoke \"com.aventstack.extentreports.ExtentReports.createTest(String)\" because \"com.shaft.tools.io.ReportManagerHelper.extentReport\" is null",
        "time" : {
          "start" : 1638669483207,
          "stop" : 1638669483208,
          "duration" : 1
        }
      }, {
        "uid" : "202b7ce8d074353c",
        "reportUrl" : "https://MohabMohie.github.io/SHAFT_ENGINE/allure/macOS/Web/963//#testresult/202b7ce8d074353c",
        "status" : "broken",
        "statusDetails" : "Cannot invoke \"com.aventstack.extentreports.ExtentReports.createTest(String)\" because \"com.shaft.tools.io.ReportManagerHelper.extentReport\" is null",
        "time" : {
          "start" : 1638631928484,
          "stop" : 1638631928484,
          "duration" : 0
        }
      }, {
        "uid" : "7c0a216b9fe12102",
        "reportUrl" : "https://MohabMohie.github.io/SHAFT_ENGINE/allure/macOS/Web/962//#testresult/7c0a216b9fe12102",
        "status" : "broken",
        "statusDetails" : "Cannot invoke \"com.aventstack.extentreports.ExtentReports.createTest(String)\" because \"com.shaft.tools.io.ReportManagerHelper.extentReport\" is null",
        "time" : {
          "start" : 1638582661297,
          "stop" : 1638582661298,
          "duration" : 1
        }
      }, {
        "uid" : "c631dc48bf8ea37f",
        "reportUrl" : "https://MohabMohie.github.io/SHAFT_ENGINE/allure/macOS/Web/959//#testresult/c631dc48bf8ea37f",
        "status" : "broken",
        "statusDetails" : "Cannot invoke \"com.aventstack.extentreports.ExtentReports.createTest(String)\" because \"com.shaft.tools.io.ReportManagerHelper.extentReport\" is null",
        "time" : {
          "start" : 1638437098667,
          "stop" : 1638437098668,
          "duration" : 1
        }
      }, {
        "uid" : "c966e49acf1c7f9",
        "reportUrl" : "https://MohabMohie.github.io/SHAFT_ENGINE/allure/macOS/Web/956//#testresult/c966e49acf1c7f9",
        "status" : "passed",
        "time" : {
          "start" : 1638410072406,
          "stop" : 1638410072491,
          "duration" : 85
        }
      }, {
        "uid" : "e96af74403adf391",
        "reportUrl" : "https://MohabMohie.github.io/SHAFT_ENGINE/allure/macOS/Web/953//#testresult/e96af74403adf391",
        "status" : "skipped",
        "statusDetails" : "Driver Factory Action [createNewLocalDriverInstanceForSafari] failed. With the following test data [Failed to create a session on DESKTOP_SAFARI].",
        "time" : {
          "start" : 1638354698006,
          "stop" : 1638354698028,
          "duration" : 22
        }
      }, {
        "uid" : "b1728ea38577803",
        "reportUrl" : "https://MohabMohie.github.io/SHAFT_ENGINE/allure/macOS/Web/951//#testresult/b1728ea38577803",
        "status" : "skipped",
        "statusDetails" : "Driver Factory Action [createNewLocalDriverInstanceForSafari] failed. With the following test data [Failed to create a session on DESKTOP_SAFARI].",
        "time" : {
          "start" : 1638346228281,
          "stop" : 1638346228323,
          "duration" : 42
        }
      }, {
        "uid" : "15b0d3197c089737",
        "reportUrl" : "https://MohabMohie.github.io/SHAFT_ENGINE/allure/macOS/Web/950//#testresult/15b0d3197c089737",
        "status" : "skipped",
        "statusDetails" : "Driver Factory Action [createNewLocalDriverInstanceForSafari] failed. With the following test data [Failed to create a session on DESKTOP_SAFARI].",
        "time" : {
          "start" : 1638324059690,
          "stop" : 1638324059692,
          "duration" : 2
        }
      }, {
        "uid" : "193f21e4d0cfd585",
        "reportUrl" : "https://MohabMohie.github.io/SHAFT_ENGINE/allure/macOS/Web/946//#testresult/193f21e4d0cfd585",
        "status" : "skipped",
        "statusDetails" : "Driver Factory Action [createNewLocalDriverInstanceForSafari] failed. With the following test data [Failed to create a session on DESKTOP_SAFARI].",
        "time" : {
          "start" : 1638150701206,
          "stop" : 1638150701207,
          "duration" : 1
        }
      } ]
    },
    "tags" : [ ]
  },
  "source" : "b1f4beaa193004c8.json",
  "parameterValues" : [ ]
}