{
  "uid" : "9f3f9ab60d733ac6",
  "name" : "scrollInExpandableLists_verticalScrolling_insideScreen",
  "fullName" : "testPackage01.appium.AndroidBasicInteractionsTest.scrollInExpandableLists_verticalScrolling_insideScreen",
  "historyId" : "559a89ee48e22a8b20baab043bc44947",
  "time" : {
    "start" : 1643115916840,
    "stop" : 1643115925622,
    "duration" : 8782
  },
  "status" : "failed",
  "statusMessage" : "Element Action [IdentifyUniqueElement] failed. With the following test data [element locator is NULL.].",
  "statusTrace" : "java.lang.AssertionError: Element Action [IdentifyUniqueElement] failed. With the following test data [element locator is NULL.].\n\tat org.testng.Assert.fail(Assert.java:110)\n\tat com.shaft.gui.element.WebDriverElementActions.failAction(WebDriverElementActions.java:1467)\n\tat com.shaft.gui.element.WebDriverElementActions.failAction(WebDriverElementActions.java:1309)\n\tat com.shaft.gui.element.WebDriverElementActions.identifyUniqueElement(WebDriverElementActions.java:1551)\n\tat com.shaft.gui.element.WebDriverElementActions.identifyUniqueElement(WebDriverElementActions.java:1325)\n\tat com.shaft.gui.element.TouchActions.swipeElementIntoView(TouchActions.java:657)\n\tat com.shaft.gui.element.TouchActions.swipeElementIntoView(TouchActions.java:489)\n\tat testPackage01.appium.AndroidBasicInteractionsTest.scrollInExpandableLists_verticalScrolling_insideScreen(AndroidBasicInteractionsTest.java:28)\n\tat java.base/jdk.internal.reflect.NativeMethodAccessorImpl.invoke0(Native Method)\n\tat java.base/jdk.internal.reflect.NativeMethodAccessorImpl.invoke(NativeMethodAccessorImpl.java:77)\n\tat java.base/jdk.internal.reflect.DelegatingMethodAccessorImpl.invoke(DelegatingMethodAccessorImpl.java:43)\n\tat java.base/java.lang.reflect.Method.invoke(Method.java:568)\n\tat org.testng.internal.invokers.MethodInvocationHelper.invokeMethod(MethodInvocationHelper.java:135)\n\tat org.testng.internal.invokers.TestInvoker.invokeMethod(TestInvoker.java:673)\n\tat org.testng.internal.invokers.TestInvoker.invokeTestMethod(TestInvoker.java:220)\n\tat org.testng.internal.invokers.MethodRunner.runInSequence(MethodRunner.java:50)\n\tat org.testng.internal.invokers.TestInvoker$MethodInvocationAgent.invoke(TestInvoker.java:945)\n\tat org.testng.internal.invokers.TestInvoker.invokeTestMethods(TestInvoker.java:193)\n\tat org.testng.internal.invokers.TestMethodWorker.invokeTestMethods(TestMethodWorker.java:146)\n\tat org.testng.internal.invokers.TestMethodWorker.run(TestMethodWorker.java:128)\n\tat java.base/java.util.ArrayList.forEach(ArrayList.java:1511)\n\tat org.testng.TestRunner.privateRun(TestRunner.java:808)\n\tat org.testng.TestRunner.run(TestRunner.java:603)\n\tat org.testng.SuiteRunner.runTest(SuiteRunner.java:429)\n\tat org.testng.SuiteRunner.runSequentially(SuiteRunner.java:423)\n\tat org.testng.SuiteRunner.privateRun(SuiteRunner.java:383)\n\tat org.testng.SuiteRunner.run(SuiteRunner.java:326)\n\tat org.testng.SuiteRunnerWorker.runSuite(SuiteRunnerWorker.java:52)\n\tat org.testng.SuiteRunnerWorker.run(SuiteRunnerWorker.java:95)\n\tat org.testng.TestNG.runSuitesSequentially(TestNG.java:1249)\n\tat org.testng.TestNG.runSuitesLocally(TestNG.java:1169)\n\tat org.testng.TestNG.runSuites(TestNG.java:1092)\n\tat org.testng.TestNG.run(TestNG.java:1060)\n\tat org.apache.maven.surefire.testng.TestNGExecutor.run(TestNGExecutor.java:136)\n\tat org.apache.maven.surefire.testng.TestNGDirectoryTestSuite.executeSingleClass(TestNGDirectoryTestSuite.java:112)\n\tat org.apache.maven.surefire.testng.TestNGDirectoryTestSuite.execute(TestNGDirectoryTestSuite.java:99)\n\tat org.apache.maven.surefire.testng.TestNGProvider.invoke(TestNGProvider.java:145)\n\tat org.apache.maven.surefire.booter.ForkedBooter.runSuitesInProcess(ForkedBooter.java:428)\n\tat org.apache.maven.surefire.booter.ForkedBooter.execute(ForkedBooter.java:162)\n\tat org.apache.maven.surefire.booter.ForkedBooter.run(ForkedBooter.java:562)\n\tat org.apache.maven.surefire.booter.ForkedBooter.main(ForkedBooter.java:548)\n",
  "flaky" : false,
  "newFailed" : false,
  "newBroken" : false,
  "newPassed" : false,
  "retriesCount" : 0,
  "retriesStatusChange" : false,
  "beforeStages" : [ {
    "name" : "setupActivities",
    "time" : {
      "start" : 1643115848626,
      "stop" : 1643115851315,
      "duration" : 2689
    },
    "description" : "",
    "status" : "passed",
    "steps" : [ {
      "name" : "Folder [allure-results] was not found, it may have already been deleted.",
      "time" : {
        "start" : 1643115848669,
        "stop" : 1643115848671,
        "duration" : 2
      },
      "status" : "passed",
      "steps" : [ ],
      "attachments" : [ ],
      "parameters" : [ {
        "name" : "actionCounter",
        "value" : "1"
      }, {
        "name" : "logText",
        "value" : "Folder [allure-results] was not found, it may have already been deleted."
      } ],
      "stepsCount" : 0,
      "attachmentsCount" : 0,
      "shouldDisplayMessage" : false,
      "hasContent" : true
    }, {
      "name" : "Folder [/Users/runner/.m2/repository/allure/] was not found, it may have already been deleted.",
      "time" : {
        "start" : 1643115848672,
        "stop" : 1643115848672,
        "duration" : 0
      },
      "status" : "passed",
      "steps" : [ ],
      "attachments" : [ ],
      "parameters" : [ {
        "name" : "actionCounter",
        "value" : "2"
      }, {
        "name" : "logText",
        "value" : "Folder [/Users/runner/.m2/repository/allure/] was not found, it may have already been deleted."
      } ],
      "stepsCount" : 0,
      "attachmentsCount" : 0,
      "shouldDisplayMessage" : false,
      "hasContent" : true
    }, {
      "name" : "Downloading a file from this url [https://repo.maven.apache.org/maven2/io/qameta/allure/allure-commandline/2.17.2/allure-commandline-2.17.2.zip] to this directory [target/allureBinary.zip], please wait as downloading may take some time...",
      "time" : {
        "start" : 1643115848673,
        "stop" : 1643115848673,
        "duration" : 0
      },
      "status" : "passed",
      "steps" : [ ],
      "attachments" : [ ],
      "parameters" : [ {
        "name" : "actionCounter",
        "value" : "3"
      }, {
        "name" : "logText",
        "value" : "Downloading a file from this url [https://repo.maven.apache.org/maven2/io/qameta/allure/allure-commandline/2.17.2/allure-commandline-2.17.2.zip] to this directory [target/allureBinary.zip], please wait as downloading may take some time..."
      } ],
      "stepsCount" : 0,
      "attachmentsCount" : 0,
      "shouldDisplayMessage" : false,
      "hasContent" : true
    }, {
      "name" : "Terminal Action [PerformTerminalCommands] successfully performed. With the following test data [Host Name: \"localHost\" | Command: \"chmod u+x generate_allure_report.sh\" | Exit Status: \"0\"].",
      "time" : {
        "start" : 1643115850271,
        "stop" : 1643115850271,
        "duration" : 0
      },
      "status" : "passed",
      "steps" : [ ],
      "attachments" : [ ],
      "parameters" : [ {
        "name" : "actionCounter",
        "value" : "4"
      }, {
        "name" : "logText",
        "value" : "Terminal Action [PerformTerminalCommands] successfully performed. With the following test data [Host Name: \"localHost\" | Command: \"chmod u+x generate_allure_report.sh\" | Exit Status: \"0\"]."
      } ],
      "stepsCount" : 0,
      "attachmentsCount" : 0,
      "shouldDisplayMessage" : false,
      "hasContent" : true
    }, {
      "name" : "Folder [extent-reports] was not found, it may have already been deleted.",
      "time" : {
        "start" : 1643115850407,
        "stop" : 1643115850407,
        "duration" : 0
      },
      "status" : "passed",
      "steps" : [ ],
      "attachments" : [ ],
      "parameters" : [ {
        "name" : "actionCounter",
        "value" : "5"
      }, {
        "name" : "logText",
        "value" : "Folder [extent-reports] was not found, it may have already been deleted."
      } ],
      "stepsCount" : 0,
      "attachmentsCount" : 0,
      "shouldDisplayMessage" : false,
      "hasContent" : true
    }, {
      "name" : "Terminal Action [PerformTerminalCommands] successfully performed. With the following test data [Host Name: \"localHost\" | Command: \"chmod u+x generateJdk.sh\" | Exit Status: \"1\"].",
      "time" : {
        "start" : 1643115851312,
        "stop" : 1643115851314,
        "duration" : 2
      },
      "status" : "passed",
      "steps" : [ ],
      "attachments" : [ {
        "uid" : "b2b3691559a605d4",
        "name" : "Attachment: Terminal Action Actual Result - Command Log",
        "source" : "b2b3691559a605d4.txt",
        "type" : "text/plain",
        "size" : 48
      } ],
      "parameters" : [ {
        "name" : "actionCounter",
        "value" : "6"
      }, {
        "name" : "logText",
        "value" : "Terminal Action [PerformTerminalCommands] successfully performed. With the following test data [Host Name: \"localHost\" | Command: \"chmod u+x generateJdk.sh\" | Exit Status: \"1\"]."
      }, {
        "name" : "attachments",
        "value" : "[[Terminal Action Actual Result, Command Log, chmod: generateJdk.sh: No such file or directory]]"
      } ],
      "stepsCount" : 0,
      "attachmentsCount" : 1,
      "shouldDisplayMessage" : false,
      "hasContent" : true
    } ],
    "attachments" : [ {
      "uid" : "ad2212152de203e1",
      "name" : "Attachment: SHAFT Links - Important",
      "source" : "ad2212152de203e1.uri",
      "type" : "text/uri-list",
      "size" : 346
    } ],
    "parameters" : [ ],
    "stepsCount" : 6,
    "attachmentsCount" : 2,
    "shouldDisplayMessage" : false,
    "hasContent" : true
  }, {
    "name" : "setup",
    "time" : {
      "start" : 1643115907789,
      "stop" : 1643115916833,
      "duration" : 9044
    },
    "description" : "",
    "status" : "passed",
    "steps" : [ {
      "name" : "Attempting to run remotely on: [Android], [http://0.0.0.0:4723/wd/hub].",
      "time" : {
        "start" : 1643115907790,
        "stop" : 1643115907790,
        "duration" : 0
      },
      "status" : "passed",
      "steps" : [ ],
      "attachments" : [ ],
      "parameters" : [ {
        "name" : "actionCounter",
        "value" : "22"
      }, {
        "name" : "logText",
        "value" : "Attempting to run remotely on: [Android], [http://0.0.0.0:4723/wd/hub]."
      } ],
      "stepsCount" : 0,
      "attachmentsCount" : 0,
      "shouldDisplayMessage" : false,
      "hasContent" : true
    }, {
      "name" : "Successfully Opened [NativeMobileApp].",
      "time" : {
        "start" : 1643115916247,
        "stop" : 1643115916247,
        "duration" : 0
      },
      "status" : "passed",
      "steps" : [ ],
      "attachments" : [ ],
      "parameters" : [ {
        "name" : "actionCounter",
        "value" : "23"
      }, {
        "name" : "logText",
        "value" : "Successfully Opened [NativeMobileApp]."
      } ],
      "stepsCount" : 0,
      "attachmentsCount" : 0,
      "shouldDisplayMessage" : false,
      "hasContent" : true
    } ],
    "attachments" : [ ],
    "parameters" : [ ],
    "stepsCount" : 2,
    "attachmentsCount" : 0,
    "shouldDisplayMessage" : false,
    "hasContent" : true
  } ],
  "testStage" : {
    "status" : "failed",
    "statusMessage" : "Element Action [IdentifyUniqueElement] failed. With the following test data [element locator is NULL.].",
    "statusTrace" : "java.lang.AssertionError: Element Action [IdentifyUniqueElement] failed. With the following test data [element locator is NULL.].\n\tat org.testng.Assert.fail(Assert.java:110)\n\tat com.shaft.gui.element.WebDriverElementActions.failAction(WebDriverElementActions.java:1467)\n\tat com.shaft.gui.element.WebDriverElementActions.failAction(WebDriverElementActions.java:1309)\n\tat com.shaft.gui.element.WebDriverElementActions.identifyUniqueElement(WebDriverElementActions.java:1551)\n\tat com.shaft.gui.element.WebDriverElementActions.identifyUniqueElement(WebDriverElementActions.java:1325)\n\tat com.shaft.gui.element.TouchActions.swipeElementIntoView(TouchActions.java:657)\n\tat com.shaft.gui.element.TouchActions.swipeElementIntoView(TouchActions.java:489)\n\tat testPackage01.appium.AndroidBasicInteractionsTest.scrollInExpandableLists_verticalScrolling_insideScreen(AndroidBasicInteractionsTest.java:28)\n\tat java.base/jdk.internal.reflect.NativeMethodAccessorImpl.invoke0(Native Method)\n\tat java.base/jdk.internal.reflect.NativeMethodAccessorImpl.invoke(NativeMethodAccessorImpl.java:77)\n\tat java.base/jdk.internal.reflect.DelegatingMethodAccessorImpl.invoke(DelegatingMethodAccessorImpl.java:43)\n\tat java.base/java.lang.reflect.Method.invoke(Method.java:568)\n\tat org.testng.internal.invokers.MethodInvocationHelper.invokeMethod(MethodInvocationHelper.java:135)\n\tat org.testng.internal.invokers.TestInvoker.invokeMethod(TestInvoker.java:673)\n\tat org.testng.internal.invokers.TestInvoker.invokeTestMethod(TestInvoker.java:220)\n\tat org.testng.internal.invokers.MethodRunner.runInSequence(MethodRunner.java:50)\n\tat org.testng.internal.invokers.TestInvoker$MethodInvocationAgent.invoke(TestInvoker.java:945)\n\tat org.testng.internal.invokers.TestInvoker.invokeTestMethods(TestInvoker.java:193)\n\tat org.testng.internal.invokers.TestMethodWorker.invokeTestMethods(TestMethodWorker.java:146)\n\tat org.testng.internal.invokers.TestMethodWorker.run(TestMethodWorker.java:128)\n\tat java.base/java.util.ArrayList.forEach(ArrayList.java:1511)\n\tat org.testng.TestRunner.privateRun(TestRunner.java:808)\n\tat org.testng.TestRunner.run(TestRunner.java:603)\n\tat org.testng.SuiteRunner.runTest(SuiteRunner.java:429)\n\tat org.testng.SuiteRunner.runSequentially(SuiteRunner.java:423)\n\tat org.testng.SuiteRunner.privateRun(SuiteRunner.java:383)\n\tat org.testng.SuiteRunner.run(SuiteRunner.java:326)\n\tat org.testng.SuiteRunnerWorker.runSuite(SuiteRunnerWorker.java:52)\n\tat org.testng.SuiteRunnerWorker.run(SuiteRunnerWorker.java:95)\n\tat org.testng.TestNG.runSuitesSequentially(TestNG.java:1249)\n\tat org.testng.TestNG.runSuitesLocally(TestNG.java:1169)\n\tat org.testng.TestNG.runSuites(TestNG.java:1092)\n\tat org.testng.TestNG.run(TestNG.java:1060)\n\tat org.apache.maven.surefire.testng.TestNGExecutor.run(TestNGExecutor.java:136)\n\tat org.apache.maven.surefire.testng.TestNGDirectoryTestSuite.executeSingleClass(TestNGDirectoryTestSuite.java:112)\n\tat org.apache.maven.surefire.testng.TestNGDirectoryTestSuite.execute(TestNGDirectoryTestSuite.java:99)\n\tat org.apache.maven.surefire.testng.TestNGProvider.invoke(TestNGProvider.java:145)\n\tat org.apache.maven.surefire.booter.ForkedBooter.runSuitesInProcess(ForkedBooter.java:428)\n\tat org.apache.maven.surefire.booter.ForkedBooter.execute(ForkedBooter.java:162)\n\tat org.apache.maven.surefire.booter.ForkedBooter.run(ForkedBooter.java:562)\n\tat org.apache.maven.surefire.booter.ForkedBooter.main(ForkedBooter.java:548)\n",
    "steps" : [ {
      "name" : "Element Action [Tap] successfully performed. With the following test data [Views].",
      "time" : {
        "start" : 1643115919021,
        "stop" : 1643115919021,
        "duration" : 0
      },
      "status" : "passed",
      "steps" : [ ],
      "attachments" : [ ],
      "parameters" : [ {
        "name" : "actionCounter",
        "value" : "24"
      }, {
        "name" : "logText",
        "value" : "Element Action [Tap] successfully performed. With the following test data [Views]."
      }, {
        "name" : "attachments",
        "value" : "[null]"
      } ],
      "stepsCount" : 0,
      "attachmentsCount" : 0,
      "shouldDisplayMessage" : false,
      "hasContent" : true
    }, {
      "name" : "Element Action [Tap] successfully performed. With the following test data [Expandable Lists].",
      "time" : {
        "start" : 1643115922279,
        "stop" : 1643115922279,
        "duration" : 0
      },
      "status" : "passed",
      "steps" : [ ],
      "attachments" : [ ],
      "parameters" : [ {
        "name" : "actionCounter",
        "value" : "25"
      }, {
        "name" : "logText",
        "value" : "Element Action [Tap] successfully performed. With the following test data [Expandable Lists]."
      }, {
        "name" : "attachments",
        "value" : "[null]"
      } ],
      "stepsCount" : 0,
      "attachmentsCount" : 0,
      "shouldDisplayMessage" : false,
      "hasContent" : true
    }, {
      "name" : "Element Action [Tap] successfully performed. With the following test data [3. Simple Adapter].",
      "time" : {
        "start" : 1643115924791,
        "stop" : 1643115924791,
        "duration" : 0
      },
      "status" : "passed",
      "steps" : [ ],
      "attachments" : [ ],
      "parameters" : [ {
        "name" : "actionCounter",
        "value" : "26"
      }, {
        "name" : "logText",
        "value" : "Element Action [Tap] successfully performed. With the following test data [3. Simple Adapter]."
      }, {
        "name" : "attachments",
        "value" : "[null]"
      } ],
      "stepsCount" : 0,
      "attachmentsCount" : 0,
      "shouldDisplayMessage" : false,
      "hasContent" : true
    }, {
      "name" : "Element Action [IdentifyUniqueElement] failed. With the following test data [element locator is NULL.].",
      "time" : {
        "start" : 1643115925616,
        "stop" : 1643115925618,
        "duration" : 2
      },
      "status" : "passed",
      "steps" : [ ],
      "attachments" : [ {
        "uid" : "d0095d60526ea690",
        "name" : "Attachment: Screenshot - 1643115925544_scrollInExpandableLists_verticalScrolling_insideScreen_IdentifyUniqueElement_failed",
        "source" : "d0095d60526ea690.png",
        "type" : "image/png",
        "size" : 7662
      } ],
      "parameters" : [ {
        "name" : "actionCounter",
        "value" : "27"
      }, {
        "name" : "logText",
        "value" : "Element Action [IdentifyUniqueElement] failed. With the following test data [element locator is NULL.]."
      }, {
        "name" : "attachments",
        "value" : "[[Screenshot, 1643115925544_scrollInExpandableLists_verticalScrolling_insideScreen_IdentifyUniqueElement_failed, java.io.ByteArrayInputStream@d62feaf]]"
      } ],
      "stepsCount" : 0,
      "attachmentsCount" : 1,
      "shouldDisplayMessage" : false,
      "hasContent" : true
    } ],
    "attachments" : [ {
      "uid" : "b2d37e7a3f743b23",
      "name" : "Attachment: Animated Gif - scrollInExpandableLists_verticalScrolling_insideScreen",
      "source" : "b2d37e7a3f743b23.gif",
      "type" : "image/gif",
      "size" : 17879
    }, {
      "uid" : "e2c6b81f49bc58dc",
      "name" : "Attachment: SHAFT Engine Logs - Current Method log: scrollInExpandableLists_verticalScrolling_insideScreen",
      "source" : "e2c6b81f49bc58dc.txt",
      "type" : "text/plain",
      "size" : 1647
    } ],
    "parameters" : [ ],
    "stepsCount" : 4,
    "attachmentsCount" : 3,
    "shouldDisplayMessage" : true,
    "hasContent" : true
  },
  "afterStages" : [ {
    "name" : "teardown",
    "time" : {
      "start" : 1643115925623,
      "stop" : 1643115927245,
      "duration" : 1622
    },
    "description" : "",
    "status" : "passed",
    "steps" : [ {
      "name" : "Successfully Closed All Drivers.",
      "time" : {
        "start" : 1643115927245,
        "stop" : 1643115927245,
        "duration" : 0
      },
      "status" : "passed",
      "steps" : [ ],
      "attachments" : [ ],
      "parameters" : [ {
        "name" : "actionCounter",
        "value" : "28"
      }, {
        "name" : "logText",
        "value" : "Successfully Closed All Drivers."
      } ],
      "stepsCount" : 0,
      "attachmentsCount" : 0,
      "shouldDisplayMessage" : false,
      "hasContent" : true
    } ],
    "attachments" : [ {
      "uid" : "d5e646fb487be178",
      "name" : "Attachment: Video Recording - teardown",
      "source" : "d5e646fb487be178.mp4",
      "type" : "video/mp4",
      "size" : 4934
    } ],
    "parameters" : [ ],
    "stepsCount" : 1,
    "attachmentsCount" : 1,
    "shouldDisplayMessage" : false,
    "hasContent" : true
  }, {
    "name" : "teardownActivities",
    "time" : {
      "start" : 1643116007324,
      "stop" : 1643116007862,
      "duration" : 538
    },
    "description" : "",
    "status" : "passed",
    "steps" : [ {
      "name" : "Issue Summary: Total Issues = 5, New issues for Failed Tests = 5, Open issues for Passed Tests = 0, Open issues for Failed Tests = 0. Kindly check the attached Issue details.",
      "time" : {
        "start" : 1643116007335,
        "stop" : 1643116007336,
        "duration" : 1
      },
      "status" : "passed",
      "steps" : [ ],
      "attachments" : [ {
        "uid" : "bd032c8b2f740991",
        "name" : "Attachment: SHAFT Engine Logs - Issues log CSV: 20220125-130647",
        "source" : "bd032c8b2f740991.csv",
        "type" : "text/csv",
        "size" : 891
      } ],
      "parameters" : [ {
        "name" : "actionCounter",
        "value" : "45"
      }, {
        "name" : "logText",
        "value" : "Issue Summary: Total Issues = 5, New issues for Failed Tests = 5, Open issues for Passed Tests = 0, Open issues for Failed Tests = 0. Kindly check the attached Issue details."
      }, {
        "name" : "attachments",
        "value" : "[[SHAFT Engine Logs, Issues log CSV: 20220125-130647, java.io.ByteArrayInputStream@75a5a912]]"
      } ],
      "stepsCount" : 0,
      "attachmentsCount" : 1,
      "shouldDisplayMessage" : false,
      "hasContent" : true
    } ],
    "attachments" : [ {
      "uid" : "b9972b0c8095cfa1",
      "name" : "Attachment: SHAFT Engine Logs - Execution log: 20220125-130647",
      "source" : "b9972b0c8095cfa1.txt",
      "type" : "text/plain",
      "size" : 50689
    }, {
      "uid" : "f281bb72d48690c6",
      "name" : "Attachment: HTML - Extent Emailable Execution Report",
      "source" : "f281bb72d48690c6.html",
      "type" : "text/html",
      "size" : 251549
    } ],
    "parameters" : [ ],
    "stepsCount" : 1,
    "attachmentsCount" : 3,
    "shouldDisplayMessage" : false,
    "hasContent" : true
  } ],
  "labels" : [ {
    "name" : "package",
    "value" : "testPackage01.appium.AndroidBasicInteractionsTest"
  }, {
    "name" : "testClass",
    "value" : "testPackage01.appium.AndroidBasicInteractionsTest"
  }, {
    "name" : "testMethod",
    "value" : "scrollInExpandableLists_verticalScrolling_insideScreen"
  }, {
    "name" : "parentSuite",
    "value" : "SHAFT: Custom Suite"
  }, {
    "name" : "suite",
    "value" : "SHAFT: Custom Test"
  }, {
    "name" : "subSuite",
    "value" : "testPackage01.appium.AndroidBasicInteractionsTest"
  }, {
    "name" : "host",
    "value" : "Mac-1643115091007.local"
  }, {
    "name" : "thread",
    "value" : "2112@Mac-1643115091007.local.main(1)"
  }, {
    "name" : "framework",
    "value" : "testng"
  }, {
    "name" : "language",
    "value" : "java"
  }, {
    "name" : "resultFormat",
    "value" : "allure2"
  } ],
  "parameters" : [ ],
  "links" : [ ],
  "hidden" : false,
  "retry" : false,
  "extra" : {
    "severity" : "normal",
    "retries" : [ ],
    "categories" : [ {
      "name" : "Product defects",
      "matchedStatuses" : [ ],
      "flaky" : false
    } ],
    "history" : {
      "statistic" : {
        "failed" : 8,
        "broken" : 4,
        "skipped" : 0,
        "passed" : 54,
        "unknown" : 0,
        "total" : 66
      },
      "items" : [ {
        "uid" : "297f5c93a6d463f4",
        "reportUrl" : "https://MohabMohie.github.io/SHAFT_ENGINE/allure/MobileNative/Android/391//#testresult/297f5c93a6d463f4",
        "status" : "failed",
        "statusDetails" : "Element Action [IdentifyUniqueElement] failed. With the following test data [element locator is NULL.].",
        "time" : {
          "start" : 1642903094188,
          "stop" : 1642903104058,
          "duration" : 9870
        }
      }, {
        "uid" : "31b903d19a9de6ff",
        "reportUrl" : "https://MohabMohie.github.io/SHAFT_ENGINE/allure/MobileNative/Android/390//#testresult/31b903d19a9de6ff",
        "status" : "failed",
        "statusDetails" : "Element Action [IdentifyUniqueElement] failed. With the following test data [element locator is NULL.].",
        "time" : {
          "start" : 1642856278463,
          "stop" : 1642856288158,
          "duration" : 9695
        }
      }, {
        "uid" : "26a65c9895e6d7e2",
        "reportUrl" : "https://MohabMohie.github.io/SHAFT_ENGINE/allure/MobileNative/Android/386//#testresult/26a65c9895e6d7e2",
        "status" : "failed",
        "statusDetails" : "Element Action [IdentifyUniqueElement] failed. With the following test data [element locator is NULL.].",
        "time" : {
          "start" : 1642644972616,
          "stop" : 1642644979734,
          "duration" : 7118
        }
      }, {
        "uid" : "e8a340a34ba99f9b",
        "reportUrl" : "https://MohabMohie.github.io/SHAFT_ENGINE/allure/MobileNative/Android/385//#testresult/e8a340a34ba99f9b",
        "status" : "failed",
        "statusDetails" : "Element Action [IdentifyUniqueElement] failed. With the following test data [element locator is NULL.].",
        "time" : {
          "start" : 1642557586956,
          "stop" : 1642557594957,
          "duration" : 8001
        }
      }, {
        "uid" : "d1e1888ecb0e78e9",
        "reportUrl" : "https://MohabMohie.github.io/SHAFT_ENGINE/allure/MobileNative/Android/381//#testresult/d1e1888ecb0e78e9",
        "status" : "failed",
        "statusDetails" : "Element Action [IdentifyUniqueElement] failed. With the following test data [element locator is NULL.].",
        "time" : {
          "start" : 1642471849568,
          "stop" : 1642471856093,
          "duration" : 6525
        }
      }, {
        "uid" : "fb43ce3910ad20c9",
        "reportUrl" : "https://MohabMohie.github.io/SHAFT_ENGINE/allure/MobileNative/Android/361//#testresult/fb43ce3910ad20c9",
        "status" : "failed",
        "statusDetails" : "Element Action [IdentifyUniqueElement] failed. With the following test data [element locator is NULL.].",
        "time" : {
          "start" : 1642103914915,
          "stop" : 1642103920766,
          "duration" : 5851
        }
      }, {
        "uid" : "2e1def92a6b59f09",
        "reportUrl" : "https://MohabMohie.github.io/SHAFT_ENGINE/allure/MobileNative/Android/356//#testresult/2e1def92a6b59f09",
        "status" : "failed",
        "statusDetails" : "Element Action [IdentifyUniqueElement] failed. With the following test data [element locator is NULL.].",
        "time" : {
          "start" : 1642019644914,
          "stop" : 1642019654973,
          "duration" : 10059
        }
      }, {
        "uid" : "ff21a55b4a01202",
        "reportUrl" : "https://MohabMohie.github.io/SHAFT_ENGINE/allure/MobileNative/Android/351//#testresult/ff21a55b4a01202",
        "status" : "passed",
        "time" : {
          "start" : 1641987267973,
          "stop" : 1641987299282,
          "duration" : 31309
        }
      }, {
        "uid" : "89432a958d1fd169",
        "reportUrl" : "https://MohabMohie.github.io/SHAFT_ENGINE/allure/MobileNative/Android/350//#testresult/89432a958d1fd169",
        "status" : "passed",
        "time" : {
          "start" : 1641986855326,
          "stop" : 1641986886812,
          "duration" : 31486
        }
      }, {
        "uid" : "4e3fbacfd700aa20",
        "reportUrl" : "https://MohabMohie.github.io/SHAFT_ENGINE/allure/MobileNative/Android/340//#testresult/4e3fbacfd700aa20",
        "status" : "passed",
        "time" : {
          "start" : 1641780716909,
          "stop" : 1641780748426,
          "duration" : 31517
        }
      }, {
        "uid" : "3620d5fe68237d07",
        "reportUrl" : "https://MohabMohie.github.io/SHAFT_ENGINE/allure/MobileNative/Android/339//#testresult/3620d5fe68237d07",
        "status" : "passed",
        "time" : {
          "start" : 1641694482084,
          "stop" : 1641694520045,
          "duration" : 37961
        }
      }, {
        "uid" : "8bf89945ca839757",
        "reportUrl" : "https://MohabMohie.github.io/SHAFT_ENGINE/allure/MobileNative/Android/338//#testresult/8bf89945ca839757",
        "status" : "passed",
        "time" : {
          "start" : 1641607732225,
          "stop" : 1641607762598,
          "duration" : 30373
        }
      }, {
        "uid" : "a9fa0f5fda4179c3",
        "reportUrl" : "https://MohabMohie.github.io/SHAFT_ENGINE/allure/MobileNative/Android/336//#testresult/a9fa0f5fda4179c3",
        "status" : "passed",
        "time" : {
          "start" : 1641521761911,
          "stop" : 1641521789729,
          "duration" : 27818
        }
      }, {
        "uid" : "84d05f795560a770",
        "reportUrl" : "https://MohabMohie.github.io/SHAFT_ENGINE/allure/MobileNative/Android/334//#testresult/84d05f795560a770",
        "status" : "passed",
        "time" : {
          "start" : 1641435464644,
          "stop" : 1641435498862,
          "duration" : 34218
        }
      }, {
        "uid" : "827b355aaaec1149",
        "reportUrl" : "https://MohabMohie.github.io/SHAFT_ENGINE/allure/MobileNative/Android/333//#testresult/827b355aaaec1149",
        "status" : "passed",
        "time" : {
          "start" : 1641403205219,
          "stop" : 1641403234704,
          "duration" : 29485
        }
      }, {
        "uid" : "b662406c645d3c29",
        "reportUrl" : "https://MohabMohie.github.io/SHAFT_ENGINE/allure/MobileNative/Android/331//#testresult/b662406c645d3c29",
        "status" : "passed",
        "time" : {
          "start" : 1641348802159,
          "stop" : 1641348836177,
          "duration" : 34018
        }
      }, {
        "uid" : "347a4298911bdced",
        "reportUrl" : "https://MohabMohie.github.io/SHAFT_ENGINE/allure/MobileNative/Android/329//#testresult/347a4298911bdced",
        "status" : "passed",
        "time" : {
          "start" : 1641262274373,
          "stop" : 1641262308315,
          "duration" : 33942
        }
      }, {
        "uid" : "91bf47b509fa9065",
        "reportUrl" : "https://MohabMohie.github.io/SHAFT_ENGINE/allure/MobileNative/Android/328//#testresult/91bf47b509fa9065",
        "status" : "passed",
        "time" : {
          "start" : 1641175718501,
          "stop" : 1641175751901,
          "duration" : 33400
        }
      }, {
        "uid" : "c356c6ea9f9348a1",
        "reportUrl" : "https://MohabMohie.github.io/SHAFT_ENGINE/allure/MobileNative/Android/325//#testresult/c356c6ea9f9348a1",
        "status" : "passed",
        "time" : {
          "start" : 1641003036983,
          "stop" : 1641003068910,
          "duration" : 31927
        }
      }, {
        "uid" : "7326e59f768fb7b5",
        "reportUrl" : "https://MohabMohie.github.io/SHAFT_ENGINE/allure/MobileNative/Android/324//#testresult/7326e59f768fb7b5",
        "status" : "passed",
        "time" : {
          "start" : 1640916576003,
          "stop" : 1640916606310,
          "duration" : 30307
        }
      } ]
    },
    "tags" : [ ]
  },
  "source" : "9f3f9ab60d733ac6.json",
  "parameterValues" : [ ]
}