{
  "uid" : "17e04371f64c43b7",
  "name" : "acceptAlert",
  "fullName" : "testPackage01.TestJSAlertBox.acceptAlert",
  "historyId" : "9ee600c4564b8a84210f113c6a571e46",
  "time" : {
    "start" : 1645257498601,
    "stop" : 1645257529135,
    "duration" : 30534
  },
  "status" : "failed",
  "statusMessage" : "Element Action [WaitForAlertToBePresent] failed.",
  "statusTrace" : "java.lang.AssertionError: Element Action [WaitForAlertToBePresent] failed.\n\tat org.testng.Assert.fail(Assert.java:98)\n\tat com.shaft.gui.element.WebDriverElementActions.failAction(WebDriverElementActions.java:1465)\n\tat com.shaft.gui.element.WebDriverElementActions.failAction(WebDriverElementActions.java:1304)\n\tat com.shaft.gui.element.AlertActions.waitForAlertToBePresent(AlertActions.java:29)\n\tat com.shaft.gui.element.AlertActions.acceptAlert(AlertActions.java:51)\n\tat testPackage01.TestJSAlertBox.acceptAlert(TestJSAlertBox.java:41)\n\tat java.base/jdk.internal.reflect.NativeMethodAccessorImpl.invoke0(Native Method)\n\tat java.base/jdk.internal.reflect.NativeMethodAccessorImpl.invoke(NativeMethodAccessorImpl.java:77)\n\tat java.base/jdk.internal.reflect.DelegatingMethodAccessorImpl.invoke(DelegatingMethodAccessorImpl.java:43)\n\tat java.base/java.lang.reflect.Method.invoke(Method.java:568)\n\tat org.testng.internal.invokers.MethodInvocationHelper.invokeMethod(MethodInvocationHelper.java:135)\n\tat org.testng.internal.invokers.TestInvoker.invokeMethod(TestInvoker.java:673)\n\tat org.testng.internal.invokers.TestInvoker.invokeTestMethod(TestInvoker.java:220)\n\tat org.testng.internal.invokers.MethodRunner.runInSequence(MethodRunner.java:50)\n\tat org.testng.internal.invokers.TestInvoker$MethodInvocationAgent.invoke(TestInvoker.java:945)\n\tat org.testng.internal.invokers.TestInvoker.invokeTestMethods(TestInvoker.java:193)\n\tat org.testng.internal.invokers.TestMethodWorker.invokeTestMethods(TestMethodWorker.java:146)\n\tat org.testng.internal.invokers.TestMethodWorker.run(TestMethodWorker.java:128)\n\tat java.base/java.util.ArrayList.forEach(ArrayList.java:1511)\n\tat org.testng.TestRunner.privateRun(TestRunner.java:808)\n\tat org.testng.TestRunner.run(TestRunner.java:603)\n\tat org.testng.SuiteRunner.runTest(SuiteRunner.java:429)\n\tat org.testng.SuiteRunner.runSequentially(SuiteRunner.java:423)\n\tat org.testng.SuiteRunner.privateRun(SuiteRunner.java:383)\n\tat org.testng.SuiteRunner.run(SuiteRunner.java:326)\n\tat org.testng.SuiteRunnerWorker.runSuite(SuiteRunnerWorker.java:52)\n\tat org.testng.SuiteRunnerWorker.run(SuiteRunnerWorker.java:95)\n\tat org.testng.TestNG.runSuitesSequentially(TestNG.java:1249)\n\tat org.testng.TestNG.runSuitesLocally(TestNG.java:1169)\n\tat org.testng.TestNG.runSuites(TestNG.java:1092)\n\tat org.testng.TestNG.run(TestNG.java:1060)\n\tat org.apache.maven.surefire.testng.TestNGExecutor.run(TestNGExecutor.java:136)\n\tat org.apache.maven.surefire.testng.TestNGDirectoryTestSuite.executeMulti(TestNGDirectoryTestSuite.java:193)\n\tat org.apache.maven.surefire.testng.TestNGDirectoryTestSuite.execute(TestNGDirectoryTestSuite.java:94)\n\tat org.apache.maven.surefire.testng.TestNGProvider.invoke(TestNGProvider.java:145)\n\tat org.apache.maven.surefire.booter.ForkedBooter.runSuitesInProcess(ForkedBooter.java:428)\n\tat org.apache.maven.surefire.booter.ForkedBooter.execute(ForkedBooter.java:162)\n\tat org.apache.maven.surefire.booter.ForkedBooter.run(ForkedBooter.java:562)\n\tat org.apache.maven.surefire.booter.ForkedBooter.main(ForkedBooter.java:548)\nCaused by: org.openqa.selenium.TimeoutException: Expected condition failed: waiting for alert to be present (tried for 30 second(s) with 500 milliseconds interval)\nBuild info: version: '4.1.2', revision: '9a5a329c5a'\nSystem info: host: 'Mac-1645254544827.local', ip: '10.79.1.155', os.name: 'Mac OS X', os.arch: 'x86_64', os.version: '11.6.3', java.version: '17.0.2'\nDriver info: org.openqa.selenium.safari.SafariDriver\nCapabilities {acceptInsecureCerts: false, browserName: Safari, browserVersion: 15.3, goog:loggingPrefs: {browser: ALL, client: ALL, driver: ALL, performance: ALL, profiler: ALL, server: ALL}, javascriptEnabled: true, pageLoadStrategy: normal, platform: MAC, platformName: MAC, safari:automaticInspection: false, safari:automaticProfiling: false, safari:diagnose: false, safari:platformBuildVersion: 20G415, safari:platformVersion: 11.6.3, safari:useSimulator: false, setWindowRect: true, strictFileInteractability: false, timeouts: {pageLoad: 30000, script: 30000}, webkit:WebRTC: {DisableICECandidateFiltering: false, DisableInsecureMediaCapture: false}}\nSession ID: 3AA7A79F-D818-4B8B-8E81-3AF0422E378C\n\tat org.openqa.selenium.support.ui.WebDriverWait.timeoutException(WebDriverWait.java:138)\n\tat org.openqa.selenium.support.ui.FluentWait.until(FluentWait.java:231)\n\tat com.shaft.gui.element.AlertActions.waitForAlertToBePresent(AlertActions.java:24)\n\t... 35 more\n",
  "flaky" : false,
  "newFailed" : false,
  "newBroken" : false,
  "newPassed" : false,
  "retriesCount" : 0,
  "retriesStatusChange" : false,
  "beforeStages" : [ {
    "name" : "setupActivities",
    "time" : {
      "start" : 1645257276970,
      "stop" : 1645257279172,
      "duration" : 2202
    },
    "description" : "",
    "status" : "passed",
    "steps" : [ {
      "name" : "Folder [allure-results] was not found, it may have already been deleted.",
      "time" : {
        "start" : 1645257277021,
        "stop" : 1645257277023,
        "duration" : 2
      },
      "status" : "passed",
      "steps" : [ ],
      "attachments" : [ ],
      "parameters" : [ {
        "name" : "actionCounter",
        "value" : "1"
      }, {
        "name" : "logText",
        "value" : "Folder [allure-results] was not found, it may have already been deleted."
      } ],
      "stepsCount" : 0,
      "attachmentsCount" : 0,
      "shouldDisplayMessage" : false,
      "hasContent" : true
    }, {
      "name" : "Folder [/Users/runner/.m2/repository/allure/] was not found, it may have already been deleted.",
      "time" : {
        "start" : 1645257277024,
        "stop" : 1645257277024,
        "duration" : 0
      },
      "status" : "passed",
      "steps" : [ ],
      "attachments" : [ ],
      "parameters" : [ {
        "name" : "actionCounter",
        "value" : "2"
      }, {
        "name" : "logText",
        "value" : "Folder [/Users/runner/.m2/repository/allure/] was not found, it may have already been deleted."
      } ],
      "stepsCount" : 0,
      "attachmentsCount" : 0,
      "shouldDisplayMessage" : false,
      "hasContent" : true
    }, {
      "name" : "Downloading a file from this url [https://repo.maven.apache.org/maven2/io/qameta/allure/allure-commandline/2.17.2/allure-commandline-2.17.2.zip] to this directory [target/allureBinary.zip], please wait as downloading may take some time...",
      "time" : {
        "start" : 1645257277024,
        "stop" : 1645257277024,
        "duration" : 0
      },
      "status" : "passed",
      "steps" : [ ],
      "attachments" : [ ],
      "parameters" : [ {
        "name" : "actionCounter",
        "value" : "3"
      }, {
        "name" : "logText",
        "value" : "Downloading a file from this url [https://repo.maven.apache.org/maven2/io/qameta/allure/allure-commandline/2.17.2/allure-commandline-2.17.2.zip] to this directory [target/allureBinary.zip], please wait as downloading may take some time..."
      } ],
      "stepsCount" : 0,
      "attachmentsCount" : 0,
      "shouldDisplayMessage" : false,
      "hasContent" : true
    }, {
      "name" : "Terminal Action [PerformTerminalCommands] successfully performed. With the following test data [Host Name: \"localHost\" | Command: \"chmod u+x /Users/runner/.m2/repository/allure/allure-2.17.2/bin/allure\" | Exit Status: \"0\"].",
      "time" : {
        "start" : 1645257278488,
        "stop" : 1645257278488,
        "duration" : 0
      },
      "status" : "passed",
      "steps" : [ ],
      "attachments" : [ ],
      "parameters" : [ {
        "name" : "actionCounter",
        "value" : "4"
      }, {
        "name" : "logText",
        "value" : "Terminal Action [PerformTerminalCommands] successfully performed. With the following test data [Host Name: \"localHost\" | Command: \"chmod u+x /Users/runner/.m2/repository/allure/allure-2.17.2/bin/allure\" | Exit Status: \"0\"]."
      } ],
      "stepsCount" : 0,
      "attachmentsCount" : 0,
      "shouldDisplayMessage" : false,
      "hasContent" : true
    }, {
      "name" : "Terminal Action [PerformTerminalCommands] successfully performed. With the following test data [Host Name: \"localHost\" | Command: \"chmod u+x generate_allure_report.sh\" | Exit Status: \"0\"].",
      "time" : {
        "start" : 1645257278495,
        "stop" : 1645257278495,
        "duration" : 0
      },
      "status" : "passed",
      "steps" : [ ],
      "attachments" : [ ],
      "parameters" : [ {
        "name" : "actionCounter",
        "value" : "5"
      }, {
        "name" : "logText",
        "value" : "Terminal Action [PerformTerminalCommands] successfully performed. With the following test data [Host Name: \"localHost\" | Command: \"chmod u+x generate_allure_report.sh\" | Exit Status: \"0\"]."
      } ],
      "stepsCount" : 0,
      "attachmentsCount" : 0,
      "shouldDisplayMessage" : false,
      "hasContent" : true
    }, {
      "name" : "An Exception Occured with this Message: org.xml.sax.SAXParseException; lineNumber: 1; columnNumber: 2048; Element or attribute \"reportPath:\" do not match QName production: QName::=(NCName:)?NCName..",
      "time" : {
        "start" : 1645257278567,
        "stop" : 1645257278570,
        "duration" : 3
      },
      "status" : "passed",
      "steps" : [ ],
      "attachments" : [ {
        "uid" : "5dc83873934250b4",
        "name" : "Attachment: Exception Stack Trace - javax.xml.transform.TransformerException",
        "source" : "5dc83873934250b4.xml",
        "type" : "text/xml",
        "size" : 5583
      } ],
      "parameters" : [ {
        "name" : "actionCounter",
        "value" : "6"
      }, {
        "name" : "logText",
        "value" : "An Exception Occured with this Message: org.xml.sax.SAXParseException; lineNumber: 1; columnNumber: 2048; Element or attribute \"reportPath:\" do not match QName production: QName::=(NCName:)?NCName.."
      }, {
        "name" : "attachments",
        "value" : "[[Exception Stack Trace, javax.xml.transform.TransformerException, javax.xml.transform.TransformerException:\norg.xml.sax.SAXParseException; lineNumber: 1; columnNumber: 2048; Element or attribute \"reportPath:\" do not match QName production: QName::=(NCName:)?NCName.\njava.xml/com.sun.org.apache.xalan.internal.xsltc.trax.TransformerImpl.transform(TransformerImpl.java:794)\njava.xml/com.sun.org.apache.xalan.internal.xsltc.trax.TransformerImpl.transform(TransformerImpl.java:397)\ncom.shaft.api.RestActions.prettyFormatXML(RestActions.java:742)\ncom.shaft.api.RestActions.formatXML(RestActions.java:401)\ncom.shaft.tools.io.ReportManagerHelper.writeEnvironmentVariablesToAllureResultsDirectory(ReportManagerHelper.java:713)\ncom.shaft.tools.io.ReportManagerHelper.initializeAllureReportingEnvironment(ReportManagerHelper.java:196)\ncom.shaft.tools.io.LogsHelper.setupActivities(LogsHelper.java:20)\njava.base/jdk.internal.reflect.NativeMethodAccessorImpl.invoke0(Native Method)\njava.base/jdk.internal.reflect.NativeMethodAccessorImpl.invoke(NativeMethodAccessorImpl.java:77)\njava.base/jdk.internal.reflect.DelegatingMethodAccessorImpl.invoke(DelegatingMethodAccessorImpl.java:43)\njava.base/java.lang.reflect.Method.invoke(Method.java:568)\norg.testng.internal.invokers.MethodInvocationHelper.invokeMethod(MethodInvocationHelper.java:135)\norg.testng.internal.invokers.MethodInvocationHelper.invokeMethodConsideringTimeout(MethodInvocationHelper.java:65)\norg.testng.internal.invokers.ConfigInvoker.invokeConfigurationMethod(ConfigInvoker.java:381)\norg.testng.internal.invokers.ConfigInvoker.invokeConfigurations(ConfigInvoker.java:319)\norg.testng.SuiteRunner.privateRun(SuiteRunner.java:368)\norg.testng.SuiteRunner.run(SuiteRunner.java:326)\norg.testng.SuiteRunnerWorker.runSuite(SuiteRunnerWorker.java:52)\norg.testng.SuiteRunnerWorker.run(SuiteRunnerWorker.java:95)\norg.testng.TestNG.runSuitesSequentially(TestNG.java:1249)\norg.testng.TestNG.runSuitesLocally(TestNG.java:1169)\norg.testng.TestNG.runSuites(TestNG.java:1092)\norg.testng.TestNG.run(TestNG.java:1060)\norg.apache.maven.surefire.testng.TestNGExecutor.run(TestNGExecutor.java:136)\norg.apache.maven.surefire.testng.TestNGDirectoryTestSuite.executeMulti(TestNGDirectoryTestSuite.java:193)\norg.apache.maven.surefire.testng.TestNGDirectoryTestSuite.execute(TestNGDirectoryTestSuite.java:94)\norg.apache.maven.surefire.testng.TestNGProvider.invoke(TestNGProvider.java:145)\norg.apache.maven.surefire.booter.ForkedBooter.runSuitesInProcess(ForkedBooter.java:428)\norg.apache.maven.surefire.booter.ForkedBooter.execute(ForkedBooter.java:162)\norg.apache.maven.surefire.booter.ForkedBooter.run(ForkedBooter.java:562)\norg.apache.maven.surefire.booter.ForkedBooter.main(ForkedBooter.java:548)\n\nCaused by: org.xml.sax.SAXParseException:\nElement or attribute \"reportPath:\" do not match QName production: QName::=(NCName:)?NCName.\njava.xml/com.sun.org.apache.xerces.internal.parsers.AbstractSAXParser.parse(AbstractSAXParser.java:1251)\njava.xml/com.sun.org.apache.xerces.internal.jaxp.SAXParserImpl$JAXPSAXParser.parse(SAXParserImpl.java:637)\njava.xml/com.sun.org.apache.xalan.internal.xsltc.trax.TransformerImpl.transformIdentity(TransformerImpl.java:668)\njava.xml/com.sun.org.apache.xalan.internal.xsltc.trax.TransformerImpl.transform(TransformerImpl.java:782)\njava.xml/com.sun.org.apache.xalan.internal.xsltc.trax.TransformerImpl.transform(TransformerImpl.java:397)\ncom.shaft.api.RestActions.prettyFormatXML(RestActions.java:742)\ncom.shaft.api.RestActions.formatXML(RestActions.java:401)\ncom.shaft.tools.io.ReportManagerHelper.writeEnvironmentVariablesToAllureResultsDirectory(ReportManagerHelper.java:713)\ncom.shaft.tools.io.ReportManagerHelper.initializeAllureReportingEnvironment(ReportManagerHelper.java:196)\ncom.shaft.tools.io.LogsHelper.setupActivities(LogsHelper.java:20)\njava.base/jdk.internal.reflect.NativeMethodAccessorImpl.invoke0(Native Method)\njava.base/jdk.internal.reflect.NativeMethodAccessorImpl.invoke(NativeMethodAccessorImpl.java:77)\njava.base/jdk.internal.reflect.DelegatingMethodAccessorImpl.invoke(DelegatingMethodAccessorImpl.java:43)\njava.base/java.lang.reflect.Method.invoke(Method.java:568)\norg.testng.internal.invokers.MethodInvocationHelper.invokeMethod(MethodInvocationHelper.java:135)\norg.testng.internal.invokers.MethodInvocationHelper.invokeMethodConsideringTimeout(MethodInvocationHelper.java:65)\norg.testng.internal.invokers.ConfigInvoker.invokeConfigurationMethod(ConfigInvoker.java:381)\norg.testng.internal.invokers.ConfigInvoker.invokeConfigurations(ConfigInvoker.java:319)\norg.testng.SuiteRunner.privateRun(SuiteRunner.java:368)\norg.testng.SuiteRunner.run(SuiteRunner.java:326)\norg.testng.SuiteRunnerWorker.runSuite(SuiteRunnerWorker.java:52)\norg.testng.SuiteRunnerWorker.run(SuiteRunnerWorker.java:95)\norg.testng.TestNG.runSuitesSequentially(TestNG.java:1249)\norg.testng.TestNG.runSuitesLocally(TestNG.java:1169)\norg.testng.TestNG.runSuites(TestNG.java:1092)\norg.testng.TestNG.run(TestNG.java:1060)\norg.apache.maven.surefire.testng.TestNGExecutor.run(TestNGExecutor.java:136)\norg.apache.maven.surefire.testng.TestNGDirectoryTestSuite.executeMulti(TestNGDirectoryTestSuite.java:193)\norg.apache.maven.surefire.testng.TestNGDirectoryTestSuite.execute(TestNGDirectoryTestSuite.java:94)\norg.apache.maven.surefire.testng.TestNGProvider.invoke(TestNGProvider.java:145)\norg.apache.maven.surefire.booter.ForkedBooter.runSuitesInProcess(ForkedBooter.java:428)\norg.apache.maven.surefire.booter.ForkedBooter.execute(ForkedBooter.java:162)\norg.apache.maven.surefire.booter.ForkedBooter.run(ForkedBooter.java:562)\norg.apache.maven.surefire.booter.ForkedBooter.main(ForkedBooter.java:548)\n]]"
      } ],
      "stepsCount" : 0,
      "attachmentsCount" : 1,
      "shouldDisplayMessage" : false,
      "hasContent" : true
    }, {
      "name" : "Folder [extent-reports] was not found, it may have already been deleted.",
      "time" : {
        "start" : 1645257278576,
        "stop" : 1645257278576,
        "duration" : 0
      },
      "status" : "passed",
      "steps" : [ ],
      "attachments" : [ ],
      "parameters" : [ {
        "name" : "actionCounter",
        "value" : "8"
      }, {
        "name" : "logText",
        "value" : "Folder [extent-reports] was not found, it may have already been deleted."
      } ],
      "stepsCount" : 0,
      "attachmentsCount" : 0,
      "shouldDisplayMessage" : false,
      "hasContent" : true
    }, {
      "name" : "Terminal Action [PerformTerminalCommands] successfully performed. With the following test data [Host Name: \"localHost\" | Command: \"chmod u+x generateJdk.sh\" | Exit Status: \"1\"].",
      "time" : {
        "start" : 1645257279169,
        "stop" : 1645257279171,
        "duration" : 2
      },
      "status" : "passed",
      "steps" : [ ],
      "attachments" : [ {
        "uid" : "5c42cb71c85d16ef",
        "name" : "Attachment: Terminal Action Actual Result - Command Log",
        "source" : "5c42cb71c85d16ef.txt",
        "type" : "text/plain",
        "size" : 48
      } ],
      "parameters" : [ {
        "name" : "actionCounter",
        "value" : "9"
      }, {
        "name" : "logText",
        "value" : "Terminal Action [PerformTerminalCommands] successfully performed. With the following test data [Host Name: \"localHost\" | Command: \"chmod u+x generateJdk.sh\" | Exit Status: \"1\"]."
      }, {
        "name" : "attachments",
        "value" : "[[Terminal Action Actual Result, Command Log, chmod: generateJdk.sh: No such file or directory]]"
      } ],
      "stepsCount" : 0,
      "attachmentsCount" : 1,
      "shouldDisplayMessage" : false,
      "hasContent" : true
    } ],
    "attachments" : [ {
      "uid" : "1a3fa49717c9ab18",
      "name" : "Attachment: SHAFT Links - Important",
      "source" : "1a3fa49717c9ab18.uri",
      "type" : "text/uri-list",
      "size" : 346
    }, {
      "uid" : "ca6be1ba498f72b",
      "name" : "Attachment: Properties - testNG",
      "source" : "ca6be1ba498f72b.properties",
      "type" : "text/plain",
      "size" : 492
    }, {
      "uid" : "c815c94f0672e659",
      "name" : "Attachment: Properties - ExecutionPlatform",
      "source" : "c815c94f0672e659.properties",
      "type" : "text/plain",
      "size" : 394
    }, {
      "uid" : "96532848acf853f4",
      "name" : "Attachment: Properties - path",
      "source" : "96532848acf853f4.properties",
      "type" : "text/plain",
      "size" : 687
    }, {
      "uid" : "aa366edfe49cb4f9",
      "name" : "Attachment: Properties - video",
      "source" : "aa366edfe49cb4f9.properties",
      "type" : "text/plain",
      "size" : 763
    }, {
      "uid" : "7587c48042eee7c4",
      "name" : "Attachment: Properties - pattern",
      "source" : "7587c48042eee7c4.properties",
      "type" : "text/plain",
      "size" : 566
    }, {
      "uid" : "c6aace85a6f0cd15",
      "name" : "Attachment: Properties - internal",
      "source" : "c6aace85a6f0cd15.properties",
      "type" : "text/plain",
      "size" : 111
    }, {
      "uid" : "953adb5e922e7c45",
      "name" : "Attachment: Properties - MobileCapabilities",
      "source" : "953adb5e922e7c45.properties",
      "type" : "text/plain",
      "size" : 470
    }, {
      "uid" : "9d51506cac4cd009",
      "name" : "Attachment: Properties - cucumber",
      "source" : "9d51506cac4cd009.properties",
      "type" : "text/plain",
      "size" : 261
    }, {
      "uid" : "e8c1159736fca7b6",
      "name" : "Attachment: Properties - PlatformFlags",
      "source" : "e8c1159736fca7b6.properties",
      "type" : "text/plain",
      "size" : 765
    }, {
      "uid" : "6dfca8df5d92ac41",
      "name" : "Attachment: Properties - Timeouts",
      "source" : "6dfca8df5d92ac41.properties",
      "type" : "text/plain",
      "size" : 722
    }, {
      "uid" : "e502403983b77f4d",
      "name" : "Attachment: Properties - Reporting",
      "source" : "e502403983b77f4d.properties",
      "type" : "text/plain",
      "size" : 614
    }, {
      "uid" : "c9070a4a4fd065f4",
      "name" : "Attachment: Properties - JiraXRay",
      "source" : "c9070a4a4fd065f4.properties",
      "type" : "text/plain",
      "size" : 1238
    }, {
      "uid" : "a7f72ae8d3c0bf0f",
      "name" : "Attachment: Properties - browserStack",
      "source" : "a7f72ae8d3c0bf0f.properties",
      "type" : "text/plain",
      "size" : 877
    }, {
      "uid" : "7f46fed74292e9f1",
      "name" : "Attachment: Properties - VisualValidations",
      "source" : "7f46fed74292e9f1.properties",
      "type" : "text/plain",
      "size" : 723
    } ],
    "parameters" : [ ],
    "stepsCount" : 8,
    "attachmentsCount" : 17,
    "shouldDisplayMessage" : false,
    "hasContent" : true
  }, {
    "name" : "navigateToJSAlertPage",
    "time" : {
      "start" : 1645257497003,
      "stop" : 1645257498354,
      "duration" : 1351
    },
    "description" : "",
    "status" : "passed",
    "steps" : [ {
      "name" : "Attempting to run locally on: [Mac-64], [Safari], Headless Execution.",
      "time" : {
        "start" : 1645257497004,
        "stop" : 1645257497004,
        "duration" : 0
      },
      "status" : "passed",
      "steps" : [ ],
      "attachments" : [ ],
      "parameters" : [ {
        "name" : "actionCounter",
        "value" : "309"
      }, {
        "name" : "logText",
        "value" : "Attempting to run locally on: [Mac-64], [Safari], Headless Execution."
      } ],
      "stepsCount" : 0,
      "attachmentsCount" : 0,
      "shouldDisplayMessage" : false,
      "hasContent" : true
    }, {
      "name" : "Successfully Opened Safari.",
      "time" : {
        "start" : 1645257497813,
        "stop" : 1645257497813,
        "duration" : 0
      },
      "status" : "passed",
      "steps" : [ ],
      "attachments" : [ ],
      "parameters" : [ {
        "name" : "actionCounter",
        "value" : "310"
      }, {
        "name" : "logText",
        "value" : "Successfully Opened Safari."
      } ],
      "stepsCount" : 0,
      "attachmentsCount" : 0,
      "shouldDisplayMessage" : false,
      "hasContent" : true
    }, {
      "name" : "Browser Action [MaximizeWindow] successfully performed. With the following test data [New screen size is now: (1176, 803)].",
      "time" : {
        "start" : 1645257497853,
        "stop" : 1645257497854,
        "duration" : 1
      },
      "status" : "passed",
      "steps" : [ ],
      "attachments" : [ ],
      "parameters" : [ {
        "name" : "actionCounter",
        "value" : "311"
      }, {
        "name" : "logText",
        "value" : "Browser Action [MaximizeWindow] successfully performed. With the following test data [New screen size is now: (1176, 803)]."
      }, {
        "name" : "attachments",
        "value" : "[null]"
      } ],
      "stepsCount" : 0,
      "attachmentsCount" : 0,
      "shouldDisplayMessage" : false,
      "hasContent" : true
    }, {
      "name" : "Browser Action [NavigateToURL] successfully performed. With the following test data [http://the-internet.herokuapp.com/javascript_alerts].",
      "time" : {
        "start" : 1645257498353,
        "stop" : 1645257498353,
        "duration" : 0
      },
      "status" : "passed",
      "steps" : [ ],
      "attachments" : [ ],
      "parameters" : [ {
        "name" : "actionCounter",
        "value" : "312"
      }, {
        "name" : "logText",
        "value" : "Browser Action [NavigateToURL] successfully performed. With the following test data [http://the-internet.herokuapp.com/javascript_alerts]."
      }, {
        "name" : "attachments",
        "value" : "[null]"
      } ],
      "stepsCount" : 0,
      "attachmentsCount" : 0,
      "shouldDisplayMessage" : false,
      "hasContent" : true
    } ],
    "attachments" : [ ],
    "parameters" : [ ],
    "stepsCount" : 4,
    "attachmentsCount" : 0,
    "shouldDisplayMessage" : false,
    "hasContent" : true
  } ],
  "testStage" : {
    "status" : "failed",
    "statusMessage" : "Element Action [WaitForAlertToBePresent] failed.",
    "statusTrace" : "java.lang.AssertionError: Element Action [WaitForAlertToBePresent] failed.\n\tat org.testng.Assert.fail(Assert.java:98)\n\tat com.shaft.gui.element.WebDriverElementActions.failAction(WebDriverElementActions.java:1465)\n\tat com.shaft.gui.element.WebDriverElementActions.failAction(WebDriverElementActions.java:1304)\n\tat com.shaft.gui.element.AlertActions.waitForAlertToBePresent(AlertActions.java:29)\n\tat com.shaft.gui.element.AlertActions.acceptAlert(AlertActions.java:51)\n\tat testPackage01.TestJSAlertBox.acceptAlert(TestJSAlertBox.java:41)\n\tat java.base/jdk.internal.reflect.NativeMethodAccessorImpl.invoke0(Native Method)\n\tat java.base/jdk.internal.reflect.NativeMethodAccessorImpl.invoke(NativeMethodAccessorImpl.java:77)\n\tat java.base/jdk.internal.reflect.DelegatingMethodAccessorImpl.invoke(DelegatingMethodAccessorImpl.java:43)\n\tat java.base/java.lang.reflect.Method.invoke(Method.java:568)\n\tat org.testng.internal.invokers.MethodInvocationHelper.invokeMethod(MethodInvocationHelper.java:135)\n\tat org.testng.internal.invokers.TestInvoker.invokeMethod(TestInvoker.java:673)\n\tat org.testng.internal.invokers.TestInvoker.invokeTestMethod(TestInvoker.java:220)\n\tat org.testng.internal.invokers.MethodRunner.runInSequence(MethodRunner.java:50)\n\tat org.testng.internal.invokers.TestInvoker$MethodInvocationAgent.invoke(TestInvoker.java:945)\n\tat org.testng.internal.invokers.TestInvoker.invokeTestMethods(TestInvoker.java:193)\n\tat org.testng.internal.invokers.TestMethodWorker.invokeTestMethods(TestMethodWorker.java:146)\n\tat org.testng.internal.invokers.TestMethodWorker.run(TestMethodWorker.java:128)\n\tat java.base/java.util.ArrayList.forEach(ArrayList.java:1511)\n\tat org.testng.TestRunner.privateRun(TestRunner.java:808)\n\tat org.testng.TestRunner.run(TestRunner.java:603)\n\tat org.testng.SuiteRunner.runTest(SuiteRunner.java:429)\n\tat org.testng.SuiteRunner.runSequentially(SuiteRunner.java:423)\n\tat org.testng.SuiteRunner.privateRun(SuiteRunner.java:383)\n\tat org.testng.SuiteRunner.run(SuiteRunner.java:326)\n\tat org.testng.SuiteRunnerWorker.runSuite(SuiteRunnerWorker.java:52)\n\tat org.testng.SuiteRunnerWorker.run(SuiteRunnerWorker.java:95)\n\tat org.testng.TestNG.runSuitesSequentially(TestNG.java:1249)\n\tat org.testng.TestNG.runSuitesLocally(TestNG.java:1169)\n\tat org.testng.TestNG.runSuites(TestNG.java:1092)\n\tat org.testng.TestNG.run(TestNG.java:1060)\n\tat org.apache.maven.surefire.testng.TestNGExecutor.run(TestNGExecutor.java:136)\n\tat org.apache.maven.surefire.testng.TestNGDirectoryTestSuite.executeMulti(TestNGDirectoryTestSuite.java:193)\n\tat org.apache.maven.surefire.testng.TestNGDirectoryTestSuite.execute(TestNGDirectoryTestSuite.java:94)\n\tat org.apache.maven.surefire.testng.TestNGProvider.invoke(TestNGProvider.java:145)\n\tat org.apache.maven.surefire.booter.ForkedBooter.runSuitesInProcess(ForkedBooter.java:428)\n\tat org.apache.maven.surefire.booter.ForkedBooter.execute(ForkedBooter.java:162)\n\tat org.apache.maven.surefire.booter.ForkedBooter.run(ForkedBooter.java:562)\n\tat org.apache.maven.surefire.booter.ForkedBooter.main(ForkedBooter.java:548)\nCaused by: org.openqa.selenium.TimeoutException: Expected condition failed: waiting for alert to be present (tried for 30 second(s) with 500 milliseconds interval)\nBuild info: version: '4.1.2', revision: '9a5a329c5a'\nSystem info: host: 'Mac-1645254544827.local', ip: '10.79.1.155', os.name: 'Mac OS X', os.arch: 'x86_64', os.version: '11.6.3', java.version: '17.0.2'\nDriver info: org.openqa.selenium.safari.SafariDriver\nCapabilities {acceptInsecureCerts: false, browserName: Safari, browserVersion: 15.3, goog:loggingPrefs: {browser: ALL, client: ALL, driver: ALL, performance: ALL, profiler: ALL, server: ALL}, javascriptEnabled: true, pageLoadStrategy: normal, platform: MAC, platformName: MAC, safari:automaticInspection: false, safari:automaticProfiling: false, safari:diagnose: false, safari:platformBuildVersion: 20G415, safari:platformVersion: 11.6.3, safari:useSimulator: false, setWindowRect: true, strictFileInteractability: false, timeouts: {pageLoad: 30000, script: 30000}, webkit:WebRTC: {DisableICECandidateFiltering: false, DisableInsecureMediaCapture: false}}\nSession ID: 3AA7A79F-D818-4B8B-8E81-3AF0422E378C\n\tat org.openqa.selenium.support.ui.WebDriverWait.timeoutException(WebDriverWait.java:138)\n\tat org.openqa.selenium.support.ui.FluentWait.until(FluentWait.java:231)\n\tat com.shaft.gui.element.AlertActions.waitForAlertToBePresent(AlertActions.java:24)\n\t... 35 more\n",
    "steps" : [ {
      "name" : "Element Action [WaitForAlertToBePresent] failed.",
      "time" : {
        "start" : 1645257529129,
        "stop" : 1645257529130,
        "duration" : 1
      },
      "status" : "passed",
      "steps" : [ ],
      "attachments" : [ {
        "uid" : "36281567852ba64a",
        "name" : "Attachment: Screenshot - 1645257529049_acceptAlert_WaitForAlertToBePresent_failed",
        "source" : "36281567852ba64a.png",
        "type" : "image/png",
        "size" : 42887
      } ],
      "parameters" : [ {
        "name" : "actionCounter",
        "value" : "319"
      }, {
        "name" : "logText",
        "value" : "Element Action [WaitForAlertToBePresent] failed."
      }, {
        "name" : "attachments",
        "value" : "[[Screenshot, 1645257529049_acceptAlert_WaitForAlertToBePresent_failed, java.io.ByteArrayInputStream@17a16484]]"
      } ],
      "stepsCount" : 0,
      "attachmentsCount" : 1,
      "shouldDisplayMessage" : false,
      "hasContent" : true
    } ],
    "attachments" : [ {
      "uid" : "a452e16af7049f1e",
      "name" : "Attachment: SHAFT Engine Logs - Current Method log: acceptAlert",
      "source" : "a452e16af7049f1e.txt",
      "type" : "text/plain",
      "size" : 723
    } ],
    "parameters" : [ ],
    "stepsCount" : 1,
    "attachmentsCount" : 2,
    "shouldDisplayMessage" : true,
    "hasContent" : true
  },
  "afterStages" : [ {
    "name" : "tearDownDriver",
    "time" : {
      "start" : 1645257529144,
      "stop" : 1645257529559,
      "duration" : 415
    },
    "description" : "",
    "status" : "passed",
    "steps" : [ {
      "name" : "Browser Action [CloseCurrentWindow] successfully performed.",
      "time" : {
        "start" : 1645257529559,
        "stop" : 1645257529559,
        "duration" : 0
      },
      "status" : "passed",
      "steps" : [ ],
      "attachments" : [ {
        "uid" : "fe3f5a8043facb63",
        "name" : "Attachment: Browser Action Test Data - CloseCurrentWindow - Actual Value",
        "source" : "fe3f5a8043facb63.html",
        "type" : "text/html",
        "size" : 2503
      } ],
      "parameters" : [ {
        "name" : "actionCounter",
        "value" : "320"
      }, {
        "name" : "logText",
        "value" : "Browser Action [CloseCurrentWindow] successfully performed."
      }, {
        "name" : "attachments",
        "value" : "[[Browser Action Test Data - CloseCurrentWindow, Actual Value, <html class=\"no-js\" lang=\"en\"><!--<![endif]--><head>\n    <script src=\"/js/vendor/298279967.js\"></script>\n    <meta charset=\"utf-8\">\n    <meta name=\"viewport\" content=\"width=device-width\">\n    <title>The Internet</title>\n    <link href=\"/css/app.css\" rel=\"stylesheet\">\n    <link href=\"/css/font-awesome.css\" rel=\"stylesheet\">\n    <script src=\"/js/vendor/jquery-1.11.3.min.js\"></script>\n    <script src=\"/js/vendor/jquery-ui-1.11.4/jquery-ui.js\"></script>\n    <script src=\"/js/foundation/foundation.js\"></script><meta class=\"foundation-mq-small\"><meta class=\"foundation-mq-medium\"><meta class=\"foundation-mq-large\"><style></style>\n    <script src=\"/js/foundation/foundation.alerts.js\"></script>\n    <script>\n      $(document).foundation();\n    </script>\n  </head>\n  <body>\n    <div class=\"row\">\n      <div id=\"flash-messages\" class=\"large-12 columns\">\n      \n        \n      \n        \n      \n        \n      \n      </div>\n    </div>\n    <div class=\"row\">\n      <a href=\"https://github.com/tourdedave/the-internet\"><img style=\"position: absolute; top: 0; right: 0; border: 0;\" src=\"/img/forkme_right_green_007200.png\" alt=\"Fork me on GitHub\"></a>\n      <div id=\"content\" class=\"large-12 columns\">\n        <script>\n  function jsAlert() {\n    alert('I am a JS Alert');\n    log('You successfully clicked an alert');\n  }\n\n  function jsConfirm() {\n    var c = confirm('I am a JS Confirm');\n    var result = c === true ? 'Ok' : 'Cancel';\n    log('You clicked: ' + result);\n  }\n\n  function jsPrompt() {\n    var p = prompt('I am a JS prompt');\n    log('You entered: ' + p);\n  }\n\n  function log(msg) {\n    var result = document.getElementById('result');\n    result.innerHTML = msg;\n  }\n</script>\n<div class=\"example\">\n  <h3>JavaScript Alerts</h3>\n  <p>Here are some examples of different JavaScript alerts which can be troublesome for automation</p>\n  <ul style=\"list-style-type: none;\">\n    <li><button onclick=\"jsAlert()\">Click for JS Alert</button></li>\n    <li><button onclick=\"jsConfirm()\">Click for JS Confirm</button></li>\n    <li><button onclick=\"jsPrompt()\">Click for JS Prompt</button></li>\n  </ul>\n  <h4>Result:</h4>\n  <p id=\"result\" style=\"color:green\">You successfully clicked an alert</p>\n</div>\n\n      </div>\n    </div>\n    <div id=\"page-footer\" class=\"row\">\n      <div class=\"large-4 large-centered columns\">\n        <hr>\n        <div style=\"text-align: center;\">Powered by <a target=\"_blank\" href=\"http://elementalselenium.com/\">Elemental Selenium</a></div>\n      </div>\n    </div>\n  \n\n</body></html>]]"
      } ],
      "stepsCount" : 0,
      "attachmentsCount" : 1,
      "shouldDisplayMessage" : false,
      "hasContent" : true
    } ],
    "attachments" : [ ],
    "parameters" : [ ],
    "stepsCount" : 1,
    "attachmentsCount" : 1,
    "shouldDisplayMessage" : false,
    "hasContent" : true
  }, {
    "name" : "teardownActivities",
    "time" : {
      "start" : 1645257759838,
      "stop" : 1645257760885,
      "duration" : 1047
    },
    "description" : "",
    "status" : "passed",
    "steps" : [ {
      "name" : "Successfully Closed All Drivers.",
      "time" : {
        "start" : 1645257760333,
        "stop" : 1645257760333,
        "duration" : 0
      },
      "status" : "passed",
      "steps" : [ ],
      "attachments" : [ ],
      "parameters" : [ {
        "name" : "actionCounter",
        "value" : "595"
      }, {
        "name" : "logText",
        "value" : "Successfully Closed All Drivers."
      } ],
      "stepsCount" : 0,
      "attachmentsCount" : 0,
      "shouldDisplayMessage" : false,
      "hasContent" : true
    }, {
      "name" : "Issue Summary: Total Issues = 7, New issues for Failed Tests = 5, Open issues for Passed Tests = 2, Open issues for Failed Tests = 0. Kindly check the attached Issue details.",
      "time" : {
        "start" : 1645257760341,
        "stop" : 1645257760342,
        "duration" : 1
      },
      "status" : "passed",
      "steps" : [ ],
      "attachments" : [ {
        "uid" : "64fb0ca414256c49",
        "name" : "Attachment: SHAFT Engine Logs - Issues log CSV: 20220219-080240",
        "source" : "64fb0ca414256c49.csv",
        "type" : "text/csv",
        "size" : 886
      } ],
      "parameters" : [ {
        "name" : "actionCounter",
        "value" : "596"
      }, {
        "name" : "logText",
        "value" : "Issue Summary: Total Issues = 7, New issues for Failed Tests = 5, Open issues for Passed Tests = 2, Open issues for Failed Tests = 0. Kindly check the attached Issue details."
      }, {
        "name" : "attachments",
        "value" : "[[SHAFT Engine Logs, Issues log CSV: 20220219-080240, java.io.ByteArrayInputStream@3681b184]]"
      } ],
      "stepsCount" : 0,
      "attachmentsCount" : 1,
      "shouldDisplayMessage" : false,
      "hasContent" : true
    } ],
    "attachments" : [ {
      "uid" : "9b5555a21e0b2997",
      "name" : "Attachment: SHAFT Engine Logs - Execution log: 20220219-080240",
      "source" : "9b5555a21e0b2997.txt",
      "type" : "text/plain",
      "size" : 374551
    }, {
      "uid" : "1d4e5d532cd8bbd",
      "name" : "Attachment: HTML - Extent Emailable Execution Report",
      "source" : "1d4e5d532cd8bbd.html",
      "type" : "text/html",
      "size" : 12747097
    } ],
    "parameters" : [ ],
    "stepsCount" : 2,
    "attachmentsCount" : 3,
    "shouldDisplayMessage" : false,
    "hasContent" : true
  } ],
  "labels" : [ {
    "name" : "package",
    "value" : "testPackage01.TestJSAlertBox"
  }, {
    "name" : "testClass",
    "value" : "testPackage01.TestJSAlertBox"
  }, {
    "name" : "testMethod",
    "value" : "acceptAlert"
  }, {
    "name" : "parentSuite",
    "value" : "SHAFT: Custom Suite"
  }, {
    "name" : "suite",
    "value" : "SHAFT: Custom Test"
  }, {
    "name" : "subSuite",
    "value" : "testPackage01.TestJSAlertBox"
  }, {
    "name" : "host",
    "value" : "Mac-1645254544827.local"
  }, {
    "name" : "thread",
    "value" : "2195@Mac-1645254544827.local.main(1)"
  }, {
    "name" : "framework",
    "value" : "testng"
  }, {
    "name" : "language",
    "value" : "java"
  }, {
    "name" : "resultFormat",
    "value" : "allure2"
  } ],
  "parameters" : [ ],
  "links" : [ ],
  "hidden" : false,
  "retry" : false,
  "extra" : {
    "severity" : "normal",
    "retries" : [ ],
    "categories" : [ {
      "name" : "Product defects",
      "matchedStatuses" : [ ],
      "flaky" : false
    } ],
    "history" : {
      "statistic" : {
        "failed" : 6,
        "broken" : 0,
        "skipped" : 0,
        "passed" : 0,
        "unknown" : 0,
        "total" : 6
      },
      "items" : [ {
        "uid" : "ab38ad1c29299fe7",
        "reportUrl" : "https://MohabMohie.github.io/SHAFT_ENGINE/allure/macOS/Web/1161//#testresult/ab38ad1c29299fe7",
        "status" : "failed",
        "statusDetails" : "Element Action [WaitForAlertToBePresent] failed.",
        "time" : {
          "start" : 1645257442406,
          "stop" : 1645257472745,
          "duration" : 30339
        }
      }, {
        "uid" : "b291159218e3dc03",
        "reportUrl" : "https://MohabMohie.github.io/SHAFT_ENGINE/allure/macOS/Web/1159//#testresult/b291159218e3dc03",
        "status" : "failed",
        "statusDetails" : "Element Action [WaitForAlertToBePresent] failed.",
        "time" : {
          "start" : 1645235767023,
          "stop" : 1645235797654,
          "duration" : 30631
        }
      }, {
        "uid" : "90a994b6c1c09cff",
        "reportUrl" : "https://MohabMohie.github.io/SHAFT_ENGINE/allure/macOS/Web/1156//#testresult/90a994b6c1c09cff",
        "status" : "failed",
        "statusDetails" : "Element Action [WaitForAlertToBePresent] failed.",
        "time" : {
          "start" : 1645149830485,
          "stop" : 1645149860823,
          "duration" : 30338
        }
      }, {
        "uid" : "6477933b718f8c72",
        "reportUrl" : "https://MohabMohie.github.io/SHAFT_ENGINE/allure/macOS/Web/1154//#testresult/6477933b718f8c72",
        "status" : "failed",
        "statusDetails" : "Element Action [WaitForAlertToBePresent] failed.",
        "time" : {
          "start" : 1645062593650,
          "stop" : 1645062623836,
          "duration" : 30186
        }
      }, {
        "uid" : "ddcf84ceec8d6a7b",
        "reportUrl" : "https://MohabMohie.github.io/SHAFT_ENGINE/allure/macOS/Web/1152//#testresult/ddcf84ceec8d6a7b",
        "status" : "failed",
        "statusDetails" : "Element Action [WaitForAlertToBePresent] failed.",
        "time" : {
          "start" : 1644977055849,
          "stop" : 1644977086047,
          "duration" : 30198
        }
      } ]
    },
    "tags" : [ ]
  },
  "source" : "17e04371f64c43b7.json",
  "parameterValues" : [ ]
}