################################################################################################################################################
Detected SHAFT Engine Version: [SHAFT Engine v5.4.20211202-BETA]
################################################################################################################################################
[ReportManager] File Action [GetAbsolutePath] successfully performed. With the following test data [Relative Folder Path: "target/downloadedFiles/"]. @23-12-2021 02:03:51.0054 AM
[ReportManager] Attempting to run remotely on: [Android], [http://0.0.0.0:4723/wd/hub]. @23-12-2021 02:03:51.0078 AM
[ReportManager] File Action [GetAbsolutePath] successfully performed. With the following test data [Relative Folder Path: "src/test/resources/testDataFiles/apps/ApiDemos-debug.apk"]. @23-12-2021 02:03:51.0079 AM
[ReportManager] Successfully Opened [NativeMobileApp]. @23-12-2021 02:04:10.0424 AM
[ReportManager] Started recording device screen @23-12-2021 02:04:11.0142 A

################################################################################################################################################
Starting Execution:	[1 out of 8] test cases in the current suite
Test Method:		[testPackage01.appium.AndroidBasicInteractionsTest.scrollInExpandableLists_horizontalScrolling_insideElement]
################################################################################################################################################
[ReportManager] File Action [CreateFile] successfully performed. With the following test data [Target Folder: "allure-results//screenshots/20211223-020411", Target File: "/1640225052621_scrollInExpandableLists_horizontalScrolling_insideElement.gif"]. @23-12-2021 02:04:13.0225 AM
[ReportManager] Element Action [Tap] successfully performed. With the following test data [Views]. @23-12-2021 02:04:16.0476 AM
[ReportManager] Swiping to find Element using W3C Compliant Actions. SwipeDirection [DOWN], TargetElementLocator [AppiumBy.accessibilityId: Tabs]. @23-12-2021 02:04:16.0653 AM
[ReportManager] Attempted to scroll using these parameters: [{width=720, top=100, percent=0.8, left=0, height=1065, direction=DOWN}], there is still more room to keep scrolling. @23-12-2021 02:04:19.0241 AM
[ReportManager] Swiping to find Element using W3C Compliant Actions. SwipeDirection [DOWN], TargetElementLocator [AppiumBy.accessibilityId: Tabs]. @23-12-2021 02:04:19.0286 AM
[ReportManager] Attempted to scroll using these parameters: [{width=720, top=100, percent=0.8, left=0, height=1065, direction=DOWN}], there is still more room to keep scrolling. @23-12-2021 02:04:21.0856 AM
[ReportManager] Swiping to find Element using W3C Compliant Actions. SwipeDirection [DOWN], TargetElementLocator [AppiumBy.accessibilityId: Tabs]. @23-12-2021 02:04:21.0895 AM
[ReportManager] Attempted to scroll using these parameters: [{width=720, top=100, percent=0.8, left=0, height=1065, direction=DOWN}], there is still more room to keep scrolling. @23-12-2021 02:04:24.0498 AM
[ReportManager] Element Action [IsElementDisplayed] successfully performed. @23-12-2021 02:04:25.0549 AM
[ReportManager] Element found on screen. @23-12-2021 02:04:25.0549 AM
[ReportManager] Element Action [SwipeElementIntoView] successfully performed. @23-12-2021 02:04:26.0010 AM
[ReportManager] Element Action [Tap] successfully performed. With the following test data [Tabs]. @23-12-2021 02:04:27.0557 AM
[ReportManager] Element Action [Tap] successfully performed. With the following test data [5. Scrollable]. @23-12-2021 02:04:29.0774 AM
[ReportManager] Swiping to find Element using W3C Compliant Actions. SwipeDirection [RIGHT], TargetElementLocator [By.xpath: //android.widget.HorizontalScrollView//android.widget.TextView[@text='TAB 12']], inside ScrollableElement [By.xpath: //android.widget.HorizontalScrollView]. @23-12-2021 02:04:30.0750 AM
[ReportManager] Attempted to scroll using these parameters: [{width=490, top=122, percent=1, left=100, height=112, direction=RIGHT}], there is no more room to keep scrolling. @23-12-2021 02:04:33.0309 AM
[ReportManager] Element Action [SwipeElementIntoView] failed. @23-12-2021 02:04:34.0541 AM
[ReportManager] Successfully created attachment [Screenshot - 1640225074162_scrollInExpandableLists_horizontalScrolling_insideElement_SwipeElementIntoView_failed] @23-12-2021 02:04:34.0549 AM
[ReportManager] Successfully created attachment [Animated Gif - scrollInExpandableLists_horizontalScrolling_insideElement] @23-12-2021 02:04:34.0557 A
[ReportManager] Successfully created attachment [Video Recording - teardown] @23-12-2021 02:04:35.0466 AM
[ReportManager] Successfully Closed All Drivers. @23-12-2021 02:04:36.0173 A
[ReportManager] File Action [GetAbsolutePath] successfully performed. With the following test data [Relative Folder Path: "target/downloadedFiles/"]. @23-12-2021 02:04:36.0180 AM
[ReportManager] Attempting to run remotely on: [Android], [http://0.0.0.0:4723/wd/hub]. @23-12-2021 02:04:36.0180 AM
[ReportManager] File Action [GetAbsolutePath] successfully performed. With the following test data [Relative Folder Path: "src/test/resources/testDataFiles/apps/ApiDemos-debug.apk"]. @23-12-2021 02:04:36.0181 AM
[ReportManager] Successfully Opened [NativeMobileApp]. @23-12-2021 02:04:45.0589 AM
[ReportManager] Started recording device screen @23-12-2021 02:04:46.0169 A

################################################################################################################################################
Starting Execution:	[2 out of 8] test cases in the current suite
Test Method:		[testPackage01.appium.AndroidBasicInteractionsTest.scrollInExpandableLists_verticalScrolling_insideElement]
################################################################################################################################################
[ReportManager] File Action [CreateFile] successfully performed. With the following test data [Target Folder: "allure-results//screenshots/20211223-020411", Target File: "/1640225086861_scrollInExpandableLists_verticalScrolling_insideElement.gif"]. @23-12-2021 02:04:46.0875 AM
[ReportManager] Element Action [Tap] successfully performed. With the following test data [Views]. @23-12-2021 02:04:48.0274 AM
[ReportManager] Swiping to find Element using W3C Compliant Actions. SwipeDirection [DOWN], TargetElementLocator [AppiumBy.accessibilityId: Splitting Touches across Views]. @23-12-2021 02:04:48.0727 AM
[ReportManager] Attempted to scroll using these parameters: [{width=720, top=100, percent=0.8, left=0, height=1065, direction=DOWN}], there is still more room to keep scrolling. @23-12-2021 02:04:51.0157 AM
[ReportManager] Swiping to find Element using W3C Compliant Actions. SwipeDirection [DOWN], TargetElementLocator [AppiumBy.accessibilityId: Splitting Touches across Views]. @23-12-2021 02:04:51.0193 AM
[ReportManager] Attempted to scroll using these parameters: [{width=720, top=100, percent=0.8, left=0, height=1065, direction=DOWN}], there is still more room to keep scrolling. @23-12-2021 02:04:53.0741 AM
[ReportManager] Swiping to find Element using W3C Compliant Actions. SwipeDirection [DOWN], TargetElementLocator [AppiumBy.accessibilityId: Splitting Touches across Views]. @23-12-2021 02:04:53.0787 AM
[ReportManager] Attempted to scroll using these parameters: [{width=720, top=100, percent=0.8, left=0, height=1065, direction=DOWN}], there is still more room to keep scrolling. @23-12-2021 02:04:56.0305 AM
[ReportManager] Element Action [IsElementDisplayed] successfully performed. @23-12-2021 02:04:57.0648 AM
[ReportManager] Element found on screen. @23-12-2021 02:04:57.0649 AM
[ReportManager] Element Action [SwipeElementIntoView] successfully performed. @23-12-2021 02:04:58.0152 AM
[ReportManager] Element Action [Tap] successfully performed. With the following test data [Splitting Touches across Views]. @23-12-2021 02:04:59.0865 AM
[ReportManager] Swiping to find Element using W3C Compliant Actions. SwipeDirection [DOWN], TargetElementLocator [By.xpath: //android.widget.ListView[2]/android.widget.TextView[@text='Blue']], inside ScrollableElement [By.id: io.appium.android.apis:id/list2]. @23-12-2021 02:05:01.0002 AM
[ReportManager] Attempted to scroll using these parameters: [{width=360, top=100, percent=0.8, left=360, height=811, direction=DOWN}], there is still more room to keep scrolling. @23-12-2021 02:05:03.0558 AM
[ReportManager] Swiping to find Element using W3C Compliant Actions. SwipeDirection [DOWN], TargetElementLocator [By.xpath: //android.widget.ListView[2]/android.widget.TextView[@text='Blue']], inside ScrollableElement [By.id: io.appium.android.apis:id/list2]. @23-12-2021 02:05:03.0640 AM
[ReportManager] Attempted to scroll using these parameters: [{width=360, top=100, percent=0.8, left=360, height=811, direction=DOWN}], there is still more room to keep scrolling. @23-12-2021 02:05:06.0251 AM
[ReportManager] Swiping to find Element using W3C Compliant Actions. SwipeDirection [DOWN], TargetElementLocator [By.xpath: //android.widget.ListView[2]/android.widget.TextView[@text='Blue']], inside ScrollableElement [By.id: io.appium.android.apis:id/list2]. @23-12-2021 02:05:06.0344 AM
[ReportManager] Attempted to scroll using these parameters: [{width=360, top=100, percent=0.8, left=360, height=811, direction=DOWN}], there is still more room to keep scrolling. @23-12-2021 02:05:08.0933 AM
[ReportManager] Swiping to find Element using W3C Compliant Actions. SwipeDirection [DOWN], TargetElementLocator [By.xpath: //android.widget.ListView[2]/android.widget.TextView[@text='Blue']], inside ScrollableElement [By.id: io.appium.android.apis:id/list2]. @23-12-2021 02:05:09.0021 AM
[ReportManager] Attempted to scroll using these parameters: [{width=360, top=100, percent=0.8, left=360, height=811, direction=DOWN}], there is still more room to keep scrolling. @23-12-2021 02:05:11.0511 AM
[ReportManager] Swiping to find Element using W3C Compliant Actions. SwipeDirection [DOWN], TargetElementLocator [By.xpath: //android.widget.ListView[2]/android.widget.TextView[@text='Blue']], inside ScrollableElement [By.id: io.appium.android.apis:id/list2]. @23-12-2021 02:05:11.0579 AM
[ReportManager] Attempted to scroll using these parameters: [{width=360, top=100, percent=0.8, left=360, height=811, direction=DOWN}], there is still more room to keep scrolling. @23-12-2021 02:05:14.0030 AM
[ReportManager] Swiping to find Element using W3C Compliant Actions. SwipeDirection [DOWN], TargetElementLocator [By.xpath: //android.widget.ListView[2]/android.widget.TextView[@text='Blue']], inside ScrollableElement [By.id: io.appium.android.apis:id/list2]. @23-12-2021 02:05:14.0109 AM
[ReportManager] Attempted to scroll using these parameters: [{width=360, top=100, percent=0.8, left=360, height=811, direction=DOWN}], there is still more room to keep scrolling. @23-12-2021 02:05:16.0683 AM
[ReportManager] Swiping to find Element using W3C Compliant Actions. SwipeDirection [DOWN], TargetElementLocator [By.xpath: //android.widget.ListView[2]/android.widget.TextView[@text='Blue']], inside ScrollableElement [By.id: io.appium.android.apis:id/list2]. @23-12-2021 02:05:16.0791 AM
[ReportManager] Attempted to scroll using these parameters: [{width=360, top=100, percent=0.8, left=360, height=811, direction=DOWN}], there is still more room to keep scrolling. @23-12-2021 02:05:19.0308 AM
[ReportManager] Swiping to find Element using W3C Compliant Actions. SwipeDirection [DOWN], TargetElementLocator [By.xpath: //android.widget.ListView[2]/android.widget.TextView[@text='Blue']], inside ScrollableElement [By.id: io.appium.android.apis:id/list2]. @23-12-2021 02:05:19.0406 AM
[ReportManager] Attempted to scroll using these parameters: [{width=360, top=100, percent=0.8, left=360, height=811, direction=DOWN}], there is still more room to keep scrolling. @23-12-2021 02:05:22.0046 AM
[ReportManager] Element Action [IsElementDisplayed] successfully performed. @23-12-2021 02:05:22.0859 AM
[ReportManager] Element found on screen. @23-12-2021 02:05:22.0859 AM
[ReportManager] Element Action [SwipeElementIntoView] successfully performed. @23-12-2021 02:05:23.0337 AM
[ReportManager] Element Action [Tap] successfully performed. With the following test data [Blue]. @23-12-2021 02:05:24.0918 AM
[ReportManager] Swiping to find Element using W3C Compliant Actions. SwipeDirection [UP], TargetElementLocator [By.xpath: //android.widget.ListView[2]/android.widget.TextView[@text='Abbaye de Belloc']], inside ScrollableElement [By.id: io.appium.android.apis:id/list2]. @23-12-2021 02:05:24.0989 AM
[ReportManager] Attempted to scroll using these parameters: [{width=360, top=802, percent=0.8, left=360, height=811, direction=UP}], there is still more room to keep scrolling. @23-12-2021 02:05:27.0590 AM
[ReportManager] Swiping to find Element using W3C Compliant Actions. SwipeDirection [UP], TargetElementLocator [By.xpath: //android.widget.ListView[2]/android.widget.TextView[@text='Abbaye de Belloc']], inside ScrollableElement [By.id: io.appium.android.apis:id/list2]. @23-12-2021 02:05:27.0648 AM
[ReportManager] Attempted to scroll using these parameters: [{width=360, top=802, percent=0.8, left=360, height=811, direction=UP}], there is still more room to keep scrolling. @23-12-2021 02:05:30.0216 AM
[ReportManager] Swiping to find Element using W3C Compliant Actions. SwipeDirection [UP], TargetElementLocator [By.xpath: //android.widget.ListView[2]/android.widget.TextView[@text='Abbaye de Belloc']], inside ScrollableElement [By.id: io.appium.android.apis:id/list2]. @23-12-2021 02:05:30.0297 AM
[ReportManager] Attempted to scroll using these parameters: [{width=360, top=802, percent=0.8, left=360, height=811, direction=UP}], there is still more room to keep scrolling. @23-12-2021 02:05:32.0940 AM
[ReportManager] Swiping to find Element using W3C Compliant Actions. SwipeDirection [UP], TargetElementLocator [By.xpath: //android.widget.ListView[2]/android.widget.TextView[@text='Abbaye de Belloc']], inside ScrollableElement [By.id: io.appium.android.apis:id/list2]. @23-12-2021 02:05:32.0986 AM
[ReportManager] Attempted to scroll using these parameters: [{width=360, top=802, percent=0.8, left=360, height=811, direction=UP}], there is still more room to keep scrolling. @23-12-2021 02:05:35.0582 AM
[ReportManager] Swiping to find Element using W3C Compliant Actions. SwipeDirection [UP], TargetElementLocator [By.xpath: //android.widget.ListView[2]/android.widget.TextView[@text='Abbaye de Belloc']], inside ScrollableElement [By.id: io.appium.android.apis:id/list2]. @23-12-2021 02:05:35.0627 AM
[ReportManager] Attempted to scroll using these parameters: [{width=360, top=802, percent=0.8, left=360, height=811, direction=UP}], there is still more room to keep scrolling. @23-12-2021 02:05:38.0124 AM
[ReportManager] Swiping to find Element using W3C Compliant Actions. SwipeDirection [UP], TargetElementLocator [By.xpath: //android.widget.ListView[2]/android.widget.TextView[@text='Abbaye de Belloc']], inside ScrollableElement [By.id: io.appium.android.apis:id/list2]. @23-12-2021 02:05:38.0170 AM
[ReportManager] Attempted to scroll using these parameters: [{width=360, top=802, percent=0.8, left=360, height=811, direction=UP}], there is still more room to keep scrolling. @23-12-2021 02:05:40.0688 AM
[ReportManager] Swiping to find Element using W3C Compliant Actions. SwipeDirection [UP], TargetElementLocator [By.xpath: //android.widget.ListView[2]/android.widget.TextView[@text='Abbaye de Belloc']], inside ScrollableElement [By.id: io.appium.android.apis:id/list2]. @23-12-2021 02:05:40.0768 AM
[ReportManager] Attempted to scroll using these parameters: [{width=360, top=802, percent=0.8, left=360, height=811, direction=UP}], there is still more room to keep scrolling. @23-12-2021 02:05:43.0366 AM
[ReportManager] Swiping to find Element using W3C Compliant Actions. SwipeDirection [UP], TargetElementLocator [By.xpath: //android.widget.ListView[2]/android.widget.TextView[@text='Abbaye de Belloc']], inside ScrollableElement [By.id: io.appium.android.apis:id/list2]. @23-12-2021 02:05:43.0416 AM
[ReportManager] Attempted to scroll using these parameters: [{width=360, top=802, percent=0.8, left=360, height=811, direction=UP}], there is no more room to keep scrolling. @23-12-2021 02:05:45.0025 AM
[ReportManager] Element Action [IsElementDisplayed] successfully performed. @23-12-2021 02:05:45.0872 AM
[ReportManager] Element found on screen. @23-12-2021 02:05:45.0872 AM
[ReportManager] Element Action [SwipeElementIntoView] successfully performed. @23-12-2021 02:05:46.0348 AM
[ReportManager] Element Action [Tap] successfully performed. With the following test data [Abbaye de Belloc]. @23-12-2021 02:05:47.0916 AM
[ReportManager] Successfully created attachment [Animated Gif - scrollInExpandableLists_verticalScrolling_insideElement] @23-12-2021 02:05:47.0961 A
[ReportManager] Successfully created attachment [Video Recording - teardown] @23-12-2021 02:05:49.0275 AM
[ReportManager] Successfully Closed All Drivers. @23-12-2021 02:05:49.0740 A
[ReportManager] File Action [GetAbsolutePath] successfully performed. With the following test data [Relative Folder Path: "target/downloadedFiles/"]. @23-12-2021 02:05:49.0875 AM
[ReportManager] Attempting to run remotely on: [Android], [http://0.0.0.0:4723/wd/hub]. @23-12-2021 02:05:49.0875 AM
[ReportManager] File Action [GetAbsolutePath] successfully performed. With the following test data [Relative Folder Path: "src/test/resources/testDataFiles/apps/ApiDemos-debug.apk"]. @23-12-2021 02:05:49.0876 AM
[ReportManager] Successfully Opened [NativeMobileApp]. @23-12-2021 02:05:57.0601 AM
[ReportManager] Started recording device screen @23-12-2021 02:05:58.0135 A

################################################################################################################################################
Starting Execution:	[3 out of 8] test cases in the current suite
Test Method:		[testPackage01.appium.AndroidBasicInteractionsTest.scrollInExpandableLists_verticalScrolling_insideElement2]
################################################################################################################################################
[ReportManager] File Action [CreateFile] successfully performed. With the following test data [Target Folder: "allure-results//screenshots/20211223-020411", Target File: "/1640225158920_scrollInExpandableLists_verticalScrolling_insideElement2.gif"]. @23-12-2021 02:05:58.0975 AM
[ReportManager] Element Action [Tap] successfully performed. With the following test data [Views]. @23-12-2021 02:06:00.0477 AM
[ReportManager] Swiping to find Element using W3C Compliant Actions. SwipeDirection [DOWN], TargetElementLocator [AppiumBy.accessibilityId: Splitting Touches across Views]. @23-12-2021 02:06:00.0847 AM
[ReportManager] Attempted to scroll using these parameters: [{width=720, top=100, percent=0.8, left=0, height=1065, direction=DOWN}], there is still more room to keep scrolling. @23-12-2021 02:06:03.0313 AM
[ReportManager] Swiping to find Element using W3C Compliant Actions. SwipeDirection [DOWN], TargetElementLocator [AppiumBy.accessibilityId: Splitting Touches across Views]. @23-12-2021 02:06:03.0354 AM
[ReportManager] Attempted to scroll using these parameters: [{width=720, top=100, percent=0.8, left=0, height=1065, direction=DOWN}], there is still more room to keep scrolling. @23-12-2021 02:06:05.0876 AM
[ReportManager] Swiping to find Element using W3C Compliant Actions. SwipeDirection [DOWN], TargetElementLocator [AppiumBy.accessibilityId: Splitting Touches across Views]. @23-12-2021 02:06:05.0908 AM
[ReportManager] Attempted to scroll using these parameters: [{width=720, top=100, percent=0.8, left=0, height=1065, direction=DOWN}], there is still more room to keep scrolling. @23-12-2021 02:06:08.0313 AM
[ReportManager] Element Action [IsElementDisplayed] successfully performed. @23-12-2021 02:06:08.0984 AM
[ReportManager] Element found on screen. @23-12-2021 02:06:08.0984 AM
[ReportManager] Element Action [SwipeElementIntoView] successfully performed. @23-12-2021 02:06:09.0443 AM
[ReportManager] Element Action [Tap] successfully performed. With the following test data [Splitting Touches across Views]. @23-12-2021 02:06:11.0031 AM
[ReportManager] Swiping to find Element using W3C Compliant Actions. SwipeDirection [DOWN], TargetElementLocator [By.xpath: //android.widget.ListView[1]/android.widget.TextView[@text='Blue']], inside ScrollableElement [By.id: io.appium.android.apis:id/list1]. @23-12-2021 02:06:12.0326 AM
[ReportManager] Attempted to scroll using these parameters: [{width=360, top=100, percent=0.8, left=0, height=811, direction=DOWN}], there is still more room to keep scrolling. @23-12-2021 02:06:14.0961 AM
[ReportManager] Swiping to find Element using W3C Compliant Actions. SwipeDirection [DOWN], TargetElementLocator [By.xpath: //android.widget.ListView[1]/android.widget.TextView[@text='Blue']], inside ScrollableElement [By.id: io.appium.android.apis:id/list1]. @23-12-2021 02:06:15.0055 AM
[ReportManager] Attempted to scroll using these parameters: [{width=360, top=100, percent=0.8, left=0, height=811, direction=DOWN}], there is still more room to keep scrolling. @23-12-2021 02:06:17.0558 AM
[ReportManager] Swiping to find Element using W3C Compliant Actions. SwipeDirection [DOWN], TargetElementLocator [By.xpath: //android.widget.ListView[1]/android.widget.TextView[@text='Blue']], inside ScrollableElement [By.id: io.appium.android.apis:id/list1]. @23-12-2021 02:06:17.0640 AM
[ReportManager] Attempted to scroll using these parameters: [{width=360, top=100, percent=0.8, left=0, height=811, direction=DOWN}], there is still more room to keep scrolling. @23-12-2021 02:06:20.0095 AM
[ReportManager] Swiping to find Element using W3C Compliant Actions. SwipeDirection [DOWN], TargetElementLocator [By.xpath: //android.widget.ListView[1]/android.widget.TextView[@text='Blue']], inside ScrollableElement [By.id: io.appium.android.apis:id/list1]. @23-12-2021 02:06:20.0179 AM
[ReportManager] Attempted to scroll using these parameters: [{width=360, top=100, percent=0.8, left=0, height=811, direction=DOWN}], there is still more room to keep scrolling. @23-12-2021 02:06:22.0683 AM
[ReportManager] Swiping to find Element using W3C Compliant Actions. SwipeDirection [DOWN], TargetElementLocator [By.xpath: //android.widget.ListView[1]/android.widget.TextView[@text='Blue']], inside ScrollableElement [By.id: io.appium.android.apis:id/list1]. @23-12-2021 02:06:22.0752 AM
[ReportManager] Attempted to scroll using these parameters: [{width=360, top=100, percent=0.8, left=0, height=811, direction=DOWN}], there is still more room to keep scrolling. @23-12-2021 02:06:25.0220 AM
[ReportManager] Swiping to find Element using W3C Compliant Actions. SwipeDirection [DOWN], TargetElementLocator [By.xpath: //android.widget.ListView[1]/android.widget.TextView[@text='Blue']], inside ScrollableElement [By.id: io.appium.android.apis:id/list1]. @23-12-2021 02:06:25.0299 AM
[ReportManager] Attempted to scroll using these parameters: [{width=360, top=100, percent=0.8, left=0, height=811, direction=DOWN}], there is still more room to keep scrolling. @23-12-2021 02:06:27.0918 AM
[ReportManager] Swiping to find Element using W3C Compliant Actions. SwipeDirection [DOWN], TargetElementLocator [By.xpath: //android.widget.ListView[1]/android.widget.TextView[@text='Blue']], inside ScrollableElement [By.id: io.appium.android.apis:id/list1]. @23-12-2021 02:06:27.0996 AM
[ReportManager] Attempted to scroll using these parameters: [{width=360, top=100, percent=0.8, left=0, height=811, direction=DOWN}], there is still more room to keep scrolling. @23-12-2021 02:06:30.0558 AM
[ReportManager] Swiping to find Element using W3C Compliant Actions. SwipeDirection [DOWN], TargetElementLocator [By.xpath: //android.widget.ListView[1]/android.widget.TextView[@text='Blue']], inside ScrollableElement [By.id: io.appium.android.apis:id/list1]. @23-12-2021 02:06:30.0620 AM
[ReportManager] Attempted to scroll using these parameters: [{width=360, top=100, percent=0.8, left=0, height=811, direction=DOWN}], there is still more room to keep scrolling. @23-12-2021 02:06:33.0230 AM
[ReportManager] Element Action [IsElementDisplayed] successfully performed. @23-12-2021 02:06:34.0000 AM
[ReportManager] Element found on screen. @23-12-2021 02:06:34.0000 AM
[ReportManager] Element Action [SwipeElementIntoView] successfully performed. @23-12-2021 02:06:34.0463 AM
[ReportManager] Element Action [Tap] successfully performed. With the following test data [Blue]. @23-12-2021 02:06:36.0032 AM
[ReportManager] Swiping to find Element using W3C Compliant Actions. SwipeDirection [UP], TargetElementLocator [By.xpath: //android.widget.ListView[1]/android.widget.TextView[@text='Abbaye de Belloc']], inside ScrollableElement [By.id: io.appium.android.apis:id/list1]. @23-12-2021 02:06:36.0236 AM
[ReportManager] Attempted to scroll using these parameters: [{width=360, top=802, percent=0.8, left=0, height=811, direction=UP}], there is still more room to keep scrolling. @23-12-2021 02:06:38.0835 AM
[ReportManager] Swiping to find Element using W3C Compliant Actions. SwipeDirection [UP], TargetElementLocator [By.xpath: //android.widget.ListView[1]/android.widget.TextView[@text='Abbaye de Belloc']], inside ScrollableElement [By.id: io.appium.android.apis:id/list1]. @23-12-2021 02:06:38.0909 AM
[ReportManager] Attempted to scroll using these parameters: [{width=360, top=802, percent=0.8, left=0, height=811, direction=UP}], there is still more room to keep scrolling. @23-12-2021 02:06:41.0538 AM
[ReportManager] Swiping to find Element using W3C Compliant Actions. SwipeDirection [UP], TargetElementLocator [By.xpath: //android.widget.ListView[1]/android.widget.TextView[@text='Abbaye de Belloc']], inside ScrollableElement [By.id: io.appium.android.apis:id/list1]. @23-12-2021 02:06:41.0605 AM
[ReportManager] Attempted to scroll using these parameters: [{width=360, top=802, percent=0.8, left=0, height=811, direction=UP}], there is still more room to keep scrolling. @23-12-2021 02:06:44.0182 AM
[ReportManager] Swiping to find Element using W3C Compliant Actions. SwipeDirection [UP], TargetElementLocator [By.xpath: //android.widget.ListView[1]/android.widget.TextView[@text='Abbaye de Belloc']], inside ScrollableElement [By.id: io.appium.android.apis:id/list1]. @23-12-2021 02:06:44.0228 AM
[ReportManager] Attempted to scroll using these parameters: [{width=360, top=802, percent=0.8, left=0, height=811, direction=UP}], there is still more room to keep scrolling. @23-12-2021 02:06:46.0795 AM
[ReportManager] Swiping to find Element using W3C Compliant Actions. SwipeDirection [UP], TargetElementLocator [By.xpath: //android.widget.ListView[1]/android.widget.TextView[@text='Abbaye de Belloc']], inside ScrollableElement [By.id: io.appium.android.apis:id/list1]. @23-12-2021 02:06:46.0840 AM
[ReportManager] Attempted to scroll using these parameters: [{width=360, top=802, percent=0.8, left=0, height=811, direction=UP}], there is still more room to keep scrolling. @23-12-2021 02:06:49.0320 AM
[ReportManager] Swiping to find Element using W3C Compliant Actions. SwipeDirection [UP], TargetElementLocator [By.xpath: //android.widget.ListView[1]/android.widget.TextView[@text='Abbaye de Belloc']], inside ScrollableElement [By.id: io.appium.android.apis:id/list1]. @23-12-2021 02:06:49.0384 AM
[ReportManager] Attempted to scroll using these parameters: [{width=360, top=802, percent=0.8, left=0, height=811, direction=UP}], there is still more room to keep scrolling. @23-12-2021 02:06:51.0933 AM
[ReportManager] Swiping to find Element using W3C Compliant Actions. SwipeDirection [UP], TargetElementLocator [By.xpath: //android.widget.ListView[1]/android.widget.TextView[@text='Abbaye de Belloc']], inside ScrollableElement [By.id: io.appium.android.apis:id/list1]. @23-12-2021 02:06:52.0016 AM
[ReportManager] Attempted to scroll using these parameters: [{width=360, top=802, percent=0.8, left=0, height=811, direction=UP}], there is still more room to keep scrolling. @23-12-2021 02:06:54.0600 AM
[ReportManager] Swiping to find Element using W3C Compliant Actions. SwipeDirection [UP], TargetElementLocator [By.xpath: //android.widget.ListView[1]/android.widget.TextView[@text='Abbaye de Belloc']], inside ScrollableElement [By.id: io.appium.android.apis:id/list1]. @23-12-2021 02:06:54.0647 AM
[ReportManager] Attempted to scroll using these parameters: [{width=360, top=802, percent=0.8, left=0, height=811, direction=UP}], there is no more room to keep scrolling. @23-12-2021 02:06:56.0225 AM
[ReportManager] Element Action [IsElementDisplayed] successfully performed. @23-12-2021 02:06:56.0977 AM
[ReportManager] Element found on screen. @23-12-2021 02:06:56.0977 AM
[ReportManager] Element Action [SwipeElementIntoView] successfully performed. @23-12-2021 02:06:57.0424 AM
[ReportManager] Element Action [Tap] successfully performed. With the following test data [Abbaye de Belloc]. @23-12-2021 02:06:59.0005 AM
[ReportManager] Successfully created attachment [Animated Gif - scrollInExpandableLists_verticalScrolling_insideElement2] @23-12-2021 02:06:59.0050 A
[ReportManager] Successfully created attachment [Video Recording - teardown] @23-12-2021 02:07:00.0251 AM
[ReportManager] Successfully Closed All Drivers. @23-12-2021 02:07:00.0672 A
[ReportManager] File Action [GetAbsolutePath] successfully performed. With the following test data [Relative Folder Path: "target/downloadedFiles/"]. @23-12-2021 02:07:00.0796 AM
[ReportManager] Attempting to run remotely on: [Android], [http://0.0.0.0:4723/wd/hub]. @23-12-2021 02:07:00.0796 AM
[ReportManager] File Action [GetAbsolutePath] successfully performed. With the following test data [Relative Folder Path: "src/test/resources/testDataFiles/apps/ApiDemos-debug.apk"]. @23-12-2021 02:07:00.0796 AM
[ReportManager] Successfully Opened [NativeMobileApp]. @23-12-2021 02:07:09.0176 AM
[ReportManager] Started recording device screen @23-12-2021 02:07:09.0673 A

################################################################################################################################################
Starting Execution:	[4 out of 8] test cases in the current suite
Test Method:		[testPackage01.appium.AndroidBasicInteractionsTest.scrollInExpandableLists_verticalScrolling_insideScreen]
################################################################################################################################################
[ReportManager] File Action [CreateFile] successfully performed. With the following test data [Target Folder: "allure-results//screenshots/20211223-020411", Target File: "/1640225230231_scrollInExpandableLists_verticalScrolling_insideScreen.gif"]. @23-12-2021 02:07:10.0285 AM
[ReportManager] Element Action [Tap] successfully performed. With the following test data [Views]. @23-12-2021 02:07:11.0635 AM
[ReportManager] Element Action [Tap] successfully performed. With the following test data [Expandable Lists]. @23-12-2021 02:07:14.0254 AM
[ReportManager] Element Action [Tap] successfully performed. With the following test data [3. Simple Adapter]. @23-12-2021 02:07:15.0886 AM
[ReportManager] Swiping to find Element using W3C Compliant Actions. SwipeDirection [DOWN], TargetElementLocator [By.xpath: //android.widget.TextView[@text='Group 18']]. @23-12-2021 02:07:17.0127 AM
[ReportManager] Attempted to scroll using these parameters: [{width=720, top=100, percent=0.8, left=0, height=1065, direction=DOWN}], there is still more room to keep scrolling. @23-12-2021 02:07:19.0620 AM
[ReportManager] Swiping to find Element using W3C Compliant Actions. SwipeDirection [DOWN], TargetElementLocator [By.xpath: //android.widget.TextView[@text='Group 18']]. @23-12-2021 02:07:19.0677 AM
[ReportManager] Attempted to scroll using these parameters: [{width=720, top=100, percent=0.8, left=0, height=1065, direction=DOWN}], there is no more room to keep scrolling. @23-12-2021 02:07:21.0095 AM
[ReportManager] Element Action [IsElementDisplayed] successfully performed. @23-12-2021 02:07:21.0883 AM
[ReportManager] Element found on screen. @23-12-2021 02:07:21.0883 AM
[ReportManager] Element Action [SwipeElementIntoView] successfully performed. @23-12-2021 02:07:22.0335 AM
[ReportManager] Element Action [Tap] successfully performed. With the following test data [Group 18]. @23-12-2021 02:07:23.0880 AM
[ReportManager] Swiping to find Element using W3C Compliant Actions. SwipeDirection [DOWN], TargetElementLocator [By.xpath: //android.widget.TextView[@text='Child 13']]. @23-12-2021 02:07:24.0255 AM
[ReportManager] Attempted to scroll using these parameters: [{width=720, top=100, percent=0.8, left=0, height=1065, direction=DOWN}], there is still more room to keep scrolling. @23-12-2021 02:07:26.0734 AM
[ReportManager] Element Action [IsElementDisplayed] successfully performed. @23-12-2021 02:07:27.0592 AM
[ReportManager] Element found on screen. @23-12-2021 02:07:27.0592 AM
[ReportManager] Element Action [SwipeElementIntoView] successfully performed. @23-12-2021 02:07:28.0072 AM
[ReportManager] Swiping to find Element using W3C Compliant Actions. SwipeDirection [UP], TargetElementLocator [By.xpath: //android.widget.TextView[@text='Group 1']]. @23-12-2021 02:07:28.0158 AM
[ReportManager] Attempted to scroll using these parameters: [{width=720, top=1084, percent=0.8, left=0, height=1065, direction=UP}], there is still more room to keep scrolling. @23-12-2021 02:07:30.0683 AM
[ReportManager] Swiping to find Element using W3C Compliant Actions. SwipeDirection [UP], TargetElementLocator [By.xpath: //android.widget.TextView[@text='Group 1']]. @23-12-2021 02:07:30.0751 AM
[ReportManager] Attempted to scroll using these parameters: [{width=720, top=1084, percent=0.8, left=0, height=1065, direction=UP}], there is still more room to keep scrolling. @23-12-2021 02:07:33.0267 AM
[ReportManager] Swiping to find Element using W3C Compliant Actions. SwipeDirection [UP], TargetElementLocator [By.xpath: //android.widget.TextView[@text='Group 1']]. @23-12-2021 02:07:33.0321 AM
[ReportManager] Attempted to scroll using these parameters: [{width=720, top=1084, percent=0.8, left=0, height=1065, direction=UP}], there is still more room to keep scrolling. @23-12-2021 02:07:35.0857 AM
[ReportManager] Swiping to find Element using W3C Compliant Actions. SwipeDirection [UP], TargetElementLocator [By.xpath: //android.widget.TextView[@text='Group 1']]. @23-12-2021 02:07:35.0942 AM
[ReportManager] Attempted to scroll using these parameters: [{width=720, top=1084, percent=0.8, left=0, height=1065, direction=UP}], there is no more room to keep scrolling. @23-12-2021 02:07:37.0534 AM
[ReportManager] Element Action [IsElementDisplayed] successfully performed. @23-12-2021 02:07:38.0323 AM
[ReportManager] Element found on screen. @23-12-2021 02:07:38.0323 AM
[ReportManager] Element Action [SwipeElementIntoView] successfully performed. @23-12-2021 02:07:38.0780 AM
[ReportManager] Successfully created attachment [Animated Gif - scrollInExpandableLists_verticalScrolling_insideScreen] @23-12-2021 02:07:38.0823 A
[ReportManager] Successfully created attachment [Video Recording - teardown] @23-12-2021 02:07:40.0042 AM
[ReportManager] Successfully Closed All Drivers. @23-12-2021 02:07:40.0442 A
[ReportManager] File Action [GetAbsolutePath] successfully performed. With the following test data [Relative Folder Path: "target/downloadedFiles/"]. @23-12-2021 02:07:40.0566 AM
[ReportManager] Attempting to run remotely on: [Android], [http://0.0.0.0:4723/wd/hub]. @23-12-2021 02:07:40.0567 AM
[ReportManager] File Action [GetAbsolutePath] successfully performed. With the following test data [Relative Folder Path: "src/test/resources/testDataFiles/apps/ApiDemos-debug.apk"]. @23-12-2021 02:07:40.0567 AM
[ReportManager] Successfully Opened [NativeMobileApp]. @23-12-2021 02:07:48.0160 AM
[ReportManager] Started recording device screen @23-12-2021 02:07:48.0678 A

################################################################################################################################################
Starting Execution:	[5 out of 8] test cases in the current suite
Test Method:		[testPackage01.appium.AndroidBasicInteractionsTest.testOpensAlert]
################################################################################################################################################
[ReportManager] File Action [CreateFile] successfully performed. With the following test data [Target Folder: "allure-results//screenshots/20211223-020411", Target File: "/1640225271157_testOpensAlert.gif"]. @23-12-2021 02:07:51.0214 AM
[ReportManager] Element Action [Tap] successfully performed. With the following test data [OK CANCEL DIALOG WITH A MESSAGE]. @23-12-2021 02:07:52.0774 AM
[ReportManager] Element Action [GetText] successfully performed. With the following test data [Lorem ipsum dolor sit aie consectetur adipiscing
Plloaso mako nuto siwuf cakso dodtos anr koop.]. @23-12-2021 02:07:53.0415 AM
[ReportManager] Loaded Shared OpenCV @23-12-2021 02:07:59.0792 AM
[ReportManager] Verification Passed: Then I Verify that the element found by [By.id: android:id/alertTitle] text is equal to [Lorem ipsum dolor sit aie consectetur adipiscing
Plloaso mako nuto siwuf cakso dodtos anr koop.]. @23-12-2021 02:08:01.0694 AM
[ReportManager] Successfully created attachment [Screenshot - 1640225273791_testOpensAlert_ValidateElementAttribute_passed] @23-12-2021 02:08:01.0776 AM
[ReportManager] Verification [ValidateElementAttribute] PASSED. Expected [Value Should be 'Lorem ipsum dolor sit aie consectetur adipiscing
Plloaso mako nuto siwuf cakso dodtos anr koop.' for the 'text' attribute, element locator 'By.id: android:id/alertTitle'] and Actual [Lorem ipsum dolor sit aie consectetur adipiscing
Plloaso mako nuto siwuf cakso dodtos anr koop.]. Comparison Type [EQUALS]. Validation Type [POSITIVE]. @23-12-2021 02:08:01.0776 AM
[ReportManager] Element Action [Tap] successfully performed. With the following test data [OK]. @23-12-2021 02:08:03.0284 AM
[ReportManager] Successfully created attachment [Animated Gif - testOpensAlert] @23-12-2021 02:08:03.0325 A
[ReportManager] Successfully created attachment [Video Recording - teardown] @23-12-2021 02:08:04.0401 AM
[ReportManager] Successfully Closed All Drivers. @23-12-2021 02:08:04.0763 A
[ReportManager] File Action [GetAbsolutePath] successfully performed. With the following test data [Relative Folder Path: "target/downloadedFiles/"]. @23-12-2021 02:08:04.0888 AM
[ReportManager] Attempting to run remotely on: [Android], [http://0.0.0.0:4723/wd/hub]. @23-12-2021 02:08:04.0888 AM
[ReportManager] File Action [GetAbsolutePath] successfully performed. With the following test data [Relative Folder Path: "src/test/resources/testDataFiles/apps/ApiDemos-debug.apk"]. @23-12-2021 02:08:04.0889 AM
[ReportManager] Successfully Opened [NativeMobileApp]. @23-12-2021 02:08:12.0484 AM
[ReportManager] Started recording device screen @23-12-2021 02:08:13.0001 A

################################################################################################################################################
Starting Execution:	[6 out of 8] test cases in the current suite
Test Method:		[testPackage01.appium.AndroidBasicInteractionsTest.testSendKeys]
################################################################################################################################################
[ReportManager] File Action [CreateFile] successfully performed. With the following test data [Target Folder: "allure-results//screenshots/20211223-020411", Target File: "/1640225296926_testSendKeys.gif"]. @23-12-2021 02:08:16.0980 AM
[ReportManager] Element Action [Type] successfully performed. With the following test data [Hello world!]. @23-12-2021 02:08:17.0479 AM
[ReportManager] Element Action [Tap] successfully performed. With the following test data [ONSEARCHREQUESTED()]. @23-12-2021 02:08:19.0071 AM
[ReportManager] Element Action [GetText] successfully performed. With the following test data [Hello world!]. @23-12-2021 02:08:20.0550 AM
[ReportManager] Loaded Shared OpenCV @23-12-2021 02:08:20.0926 AM
[ReportManager] Assertion Passed: Then I Assert that the element found by [By.id: android:id/search_src_text] text is equal to [Hello world!]. @23-12-2021 02:08:21.0404 AM
[ReportManager] Successfully created attachment [Screenshot - 1640225300926_testSendKeys_ValidateElementAttribute_passed] @23-12-2021 02:08:21.0486 AM
[ReportManager] Assertion [ValidateElementAttribute] PASSED. Expected [Value Should be 'Hello world!' for the 'text' attribute, element locator 'By.id: android:id/search_src_text'] and Actual [Hello world!]. Comparison Type [EQUALS]. Validation Type [POSITIVE]. @23-12-2021 02:08:21.0486 AM
[ReportManager] Successfully created attachment [Animated Gif - testSendKeys] @23-12-2021 02:08:21.0529 A
[ReportManager] Successfully created attachment [Video Recording - teardown] @23-12-2021 02:08:23.0018 AM
[ReportManager] Successfully Closed All Drivers. @23-12-2021 02:08:23.0855 A
[ReportManager] File Action [GetAbsolutePath] successfully performed. With the following test data [Relative Folder Path: "target/downloadedFiles/"]. @23-12-2021 02:08:23.0858 AM
[ReportManager] Attempting to run remotely on: [Android], [http://0.0.0.0:4723/wd/hub]. @23-12-2021 02:08:23.0858 AM
[ReportManager] File Action [GetAbsolutePath] successfully performed. With the following test data [Relative Folder Path: "src/test/resources/testDataFiles/apps/ApiDemos-debug.apk"]. @23-12-2021 02:08:23.0859 AM
[ReportManager] Successfully Opened [NativeMobileApp]. @23-12-2021 02:08:33.0359 AM
[ReportManager] Started recording device screen @23-12-2021 02:08:34.0714 A

################################################################################################################################################
Starting Execution:	[7 out of 8] test cases in the current suite
Test Method:		[testPackage01.appium.AndroidBasicInteractionsTest.visualElementIdentification_requiresProcessing]
################################################################################################################################################
[ReportManager] File Action [DoesFileExist] successfully performed. With the following test data [File Path: "src/main/resources/dynamicObjectRepository/content2.png"]. @23-12-2021 02:08:35.0377 AM
[ReportManager] Loaded Shared OpenCV @23-12-2021 02:08:35.0377 AM
[ReportManager] Successfully identified the element using AI; OpenCV. @23-12-2021 02:08:35.0454 AM
[ReportManager] Element Action [Tap] successfully performed. @23-12-2021 02:08:35.0731 AM
[ReportManager] org.openqa.selenium.TimeoutException:
Expected condition failed: waiting for com.shaft.gui.element.ElementActionsHelper$$Lambda$616/0x00000008010fc560@1da2219c (tried for 25 second(s) with 1000 milliseconds interval)
org.openqa.selenium.support.ui.FluentWait.timeoutException(FluentWait.java:263)
org.openqa.selenium.support.ui.FluentWait.until(FluentWait.java:231)
com.shaft.gui.element.ElementActionsHelper.waitForElementPresence(ElementActionsHelper.java:63)
com.shaft.gui.element.ElementActionsHelper.waitForElementPresence(ElementActionsHelper.java:37)
com.shaft.gui.element.WebDriverElementActions.getMatchingElementsCount(WebDriverElementActions.java:1468)
com.shaft.gui.element.WebDriverElementActions.getElementsCount(WebDriverElementActions.java:559)
com.shaft.gui.element.ElementActions.getElementsCount(ElementActions.java:261)
com.shaft.validation.ValidationsHelper.validateElementExists(ValidationsHelper.java:149)
com.shaft.validation.ValidationsExecutor.perform(ValidationsExecutor.java:146)
testPackage01.appium.AndroidBasicInteractionsTest.visualElementIdentification_requiresProcessing(AndroidBasicInteractionsTest.java:90)
java.base/jdk.internal.reflect.NativeMethodAccessorImpl.invoke0(Native Method)
java.base/jdk.internal.reflect.NativeMethodAccessorImpl.invoke(NativeMethodAccessorImpl.java:77)
java.base/jdk.internal.reflect.DelegatingMethodAccessorImpl.invoke(DelegatingMethodAccessorImpl.java:43)
java.base/java.lang.reflect.Method.invoke(Method.java:568)
org.testng.internal.MethodInvocationHelper.invokeMethod(MethodInvocationHelper.java:133)
org.testng.internal.TestInvoker.invokeMethod(TestInvoker.java:598)
org.testng.internal.TestInvoker.invokeTestMethod(TestInvoker.java:173)
org.testng.internal.MethodRunner.runInSequence(MethodRunner.java:46)
org.testng.internal.TestInvoker$MethodInvocationAgent.invoke(TestInvoker.java:824)
org.testng.internal.TestInvoker.invokeTestMethods(TestInvoker.java:146)
org.testng.internal.TestMethodWorker.invokeTestMethods(TestMethodWorker.java:146)
org.testng.internal.TestMethodWorker.run(TestMethodWorker.java:128)
java.base/java.util.ArrayList.forEach(ArrayList.java:1511)
org.testng.TestRunner.privateRun(TestRunner.java:794)
org.testng.TestRunner.run(TestRunner.java:596)
org.testng.SuiteRunner.runTest(SuiteRunner.java:377)
org.testng.SuiteRunner.runSequentially(SuiteRunner.java:371)
org.testng.SuiteRunner.privateRun(SuiteRunner.java:332)
org.testng.SuiteRunner.run(SuiteRunner.java:276)
org.testng.SuiteRunnerWorker.runSuite(SuiteRunnerWorker.java:53)
org.testng.SuiteRunnerWorker.run(SuiteRunnerWorker.java:96)
org.testng.TestNG.runSuitesSequentially(TestNG.java:1212)
org.testng.TestNG.runSuitesLocally(TestNG.java:1134)
org.testng.TestNG.runSuites(TestNG.java:1063)
org.testng.TestNG.run(TestNG.java:1031)
org.apache.maven.surefire.testng.TestNGExecutor.run(TestNGExecutor.java:136)
org.apache.maven.surefire.testng.TestNGDirectoryTestSuite.executeSingleClass(TestNGDirectoryTestSuite.java:112)
org.apache.maven.surefire.testng.TestNGDirectoryTestSuite.execute(TestNGDirectoryTestSuite.java:99)
org.apache.maven.surefire.testng.TestNGProvider.invoke(TestNGProvider.java:145)
org.apache.maven.surefire.booter.ForkedBooter.runSuitesInProcess(ForkedBooter.java:428)
org.apache.maven.surefire.booter.ForkedBooter.execute(ForkedBooter.java:162)
org.apache.maven.surefire.booter.ForkedBooter.run(ForkedBooter.java:562)
org.apache.maven.surefire.booter.ForkedBooter.main(ForkedBooter.java:548)

Caused by: org.openqa.selenium.NoSuchElementException:
An element could not be located on the page using the given search parameters.
For documentation on this error, please visit: https://selenium.dev/exceptions/#no_such_element
Build info: version: '4.1.0', revision: '87802e897b'
System info: host: 'Mac-1640224658080.local', ip: '10.212.23.105', os.name: 'Mac OS X', os.arch: 'x86_64', os.version: '11.5', java.version: '17.0.1'
Driver info: io.appium.java_client.android.AndroidDriver
Command: [5b9a221a-3e90-4ea7-bb62-6f20eb33de33, findElement {using=accessibility id, value=Assets}]
Capabilities {appium:app: /Users/runner/work/SHAFT_EN..., appium:appPackage: io.appium.android.apis, appium:appWaitActivity: *, appium:automationName: UIAutomator2, appium:databaseEnabled: false, appium:desired: {app: /Users/runner/work/SHAFT_EN..., appWaitActivity: *, automationName: UIAutomator2, disableWindowAnimation: true, platformName: android}, appium:deviceApiLevel: 30, appium:deviceManufacturer: unknown, appium:deviceModel: Android SDK built for x86, appium:deviceName: emulator-5554, appium:deviceScreenDensity: 320, appium:deviceScreenSize: 720x1280, appium:deviceUDID: emulator-5554, appium:disableWindowAnimation: true, appium:javascriptEnabled: true, appium:locationContextEnabled: false, appium:networkConnectionEnabled: true, appium:pixelRatio: 2, appium:platformVersion: 11, appium:statBarHeight: 48, appium:takesScreenshot: true, appium:viewportRect: {height: 1136, left: 0, top: 48, width: 720}, appium:warnings: {}, appium:webStorageEnabled: false, platformName: android}
Session ID: 5b9a221a-3e90-4ea7-bb62-6f20eb33de33
jdk.internal.reflect.GeneratedConstructorAccessor13.newInstance(Unknown Source)
java.base/jdk.internal.reflect.DelegatingConstructorAccessorImpl.newInstance(DelegatingConstructorAccessorImpl.java:45)
java.base/java.lang.reflect.Constructor.newInstanceWithCaller(Constructor.java:499)
java.base/java.lang.reflect.Constructor.newInstance(Constructor.java:480)
org.openqa.selenium.remote.codec.w3c.W3CHttpResponseCodec.createException(W3CHttpResponseCodec.java:200)
org.openqa.selenium.remote.codec.w3c.W3CHttpResponseCodec.decode(W3CHttpResponseCodec.java:133)
org.openqa.selenium.remote.codec.w3c.W3CHttpResponseCodec.decode(W3CHttpResponseCodec.java:53)
org.openqa.selenium.remote.HttpCommandExecutor.execute(HttpCommandExecutor.java:184)
io.appium.java_client.remote.AppiumCommandExecutor.execute(AppiumCommandExecutor.java:180)
org.openqa.selenium.remote.RemoteWebDriver.execute(RemoteWebDriver.java:559)
org.openqa.selenium.remote.ElementLocation$ElementFinder$2.findElement(ElementLocation.java:162)
org.openqa.selenium.remote.ElementLocation.findElement(ElementLocation.java:60)
org.openqa.selenium.remote.RemoteWebDriver.findElement(RemoteWebDriver.java:383)
org.openqa.selenium.remote.RemoteWebDriver.findElement(RemoteWebDriver.java:375)
com.shaft.gui.element.ElementActionsHelper.lambda$waitForElementPresence$0(ElementActionsHelper.java:68)
org.openqa.selenium.support.ui.FluentWait.until(FluentWait.java:208)
com.shaft.gui.element.ElementActionsHelper.waitForElementPresence(ElementActionsHelper.java:63)
com.shaft.gui.element.ElementActionsHelper.waitForElementPresence(ElementActionsHelper.java:37)
com.shaft.gui.element.WebDriverElementActions.getMatchingElementsCount(WebDriverElementActions.java:1468)
com.shaft.gui.element.WebDriverElementActions.getElementsCount(WebDriverElementActions.java:559)
com.shaft.gui.element.ElementActions.getElementsCount(ElementActions.java:261)
com.shaft.validation.ValidationsHelper.validateElementExists(ValidationsHelper.java:149)
com.shaft.validation.ValidationsExecutor.perform(ValidationsExecutor.java:146)
testPackage01.appium.AndroidBasicInteractionsTest.visualElementIdentification_requiresProcessing(AndroidBasicInteractionsTest.java:90)
java.base/jdk.internal.reflect.NativeMethodAccessorImpl.invoke0(Native Method)
java.base/jdk.internal.reflect.NativeMethodAccessorImpl.invoke(NativeMethodAccessorImpl.java:77)
java.base/jdk.internal.reflect.DelegatingMethodAccessorImpl.invoke(DelegatingMethodAccessorImpl.java:43)
java.base/java.lang.reflect.Method.invoke(Method.java:568)
org.testng.internal.MethodInvocationHelper.invokeMethod(MethodInvocationHelper.java:133)
org.testng.internal.TestInvoker.invokeMethod(TestInvoker.java:598)
org.testng.internal.TestInvoker.invokeTestMethod(TestInvoker.java:173)
org.testng.internal.MethodRunner.runInSequence(MethodRunner.java:46)
org.testng.internal.TestInvoker$MethodInvocationAgent.invoke(TestInvoker.java:824)
org.testng.internal.TestInvoker.invokeTestMethods(TestInvoker.java:146)
org.testng.internal.TestMethodWorker.invokeTestMethods(TestMethodWorker.java:146)
org.testng.internal.TestMethodWorker.run(TestMethodWorker.java:128)
java.base/java.util.ArrayList.forEach(ArrayList.java:1511)
org.testng.TestRunner.privateRun(TestRunner.java:794)
org.testng.TestRunner.run(TestRunner.java:596)
org.testng.SuiteRunner.runTest(SuiteRunner.java:377)
org.testng.SuiteRunner.runSequentially(SuiteRunner.java:371)
org.testng.SuiteRunner.privateRun(SuiteRunner.java:332)
org.testng.SuiteRunner.run(SuiteRunner.java:276)
org.testng.SuiteRunnerWorker.runSuite(SuiteRunnerWorker.java:53)
org.testng.SuiteRunnerWorker.run(SuiteRunnerWorker.java:96)
org.testng.TestNG.runSuitesSequentially(TestNG.java:1212)
org.testng.TestNG.runSuitesLocally(TestNG.java:1134)
org.testng.TestNG.runSuites(TestNG.java:1063)
org.testng.TestNG.run(TestNG.java:1031)
org.apache.maven.surefire.testng.TestNGExecutor.run(TestNGExecutor.java:136)
org.apache.maven.surefire.testng.TestNGDirectoryTestSuite.executeSingleClass(TestNGDirectoryTestSuite.java:112)
org.apache.maven.surefire.testng.TestNGDirectoryTestSuite.execute(TestNGDirectoryTestSuite.java:99)
org.apache.maven.surefire.testng.TestNGProvider.invoke(TestNGProvider.java:145)
org.apache.maven.surefire.booter.ForkedBooter.runSuitesInProcess(ForkedBooter.java:428)
org.apache.maven.surefire.booter.ForkedBooter.execute(ForkedBooter.java:162)
org.apache.maven.surefire.booter.ForkedBooter.run(ForkedBooter.java:562)
org.apache.maven.surefire.booter.ForkedBooter.main(ForkedBooter.java:548) @23-12-2021 02:09:01.0434 AM
[ReportManager] org.openqa.selenium.TimeoutException:
Expected condition failed: waiting for com.shaft.gui.element.ElementActionsHelper$$Lambda$616/0x00000008010fc560@1b6441c9 (tried for 5 second(s) with 1000 milliseconds interval)
org.openqa.selenium.support.ui.FluentWait.timeoutException(FluentWait.java:263)
org.openqa.selenium.support.ui.FluentWait.until(FluentWait.java:231)
com.shaft.gui.element.ElementActionsHelper.waitForElementPresence(ElementActionsHelper.java:63)
com.shaft.gui.element.ElementActionsHelper.waitForElementPresence(ElementActionsHelper.java:37)
com.shaft.gui.element.WebDriverElementActions.getMatchingElementsCount(WebDriverElementActions.java:1468)
com.shaft.gui.element.WebDriverElementActions.getElementsCount(WebDriverElementActions.java:559)
com.shaft.gui.element.ElementActions.getElementsCount(ElementActions.java:261)
com.shaft.gui.image.ScreenshotManager.internalCaptureScreenShot(ScreenshotManager.java:394)
com.shaft.gui.image.ScreenshotManager.captureScreenShot(ScreenshotManager.java:141)
com.shaft.validation.ValidationsHelper.reportValidationState(ValidationsHelper.java:823)
com.shaft.validation.ValidationsHelper.fail(ValidationsHelper.java:588)
com.shaft.validation.ValidationsHelper.validateElementExists(ValidationsHelper.java:155)
com.shaft.validation.ValidationsExecutor.perform(ValidationsExecutor.java:146)
testPackage01.appium.AndroidBasicInteractionsTest.visualElementIdentification_requiresProcessing(AndroidBasicInteractionsTest.java:90)
java.base/jdk.internal.reflect.NativeMethodAccessorImpl.invoke0(Native Method)
java.base/jdk.internal.reflect.NativeMethodAccessorImpl.invoke(NativeMethodAccessorImpl.java:77)
java.base/jdk.internal.reflect.DelegatingMethodAccessorImpl.invoke(DelegatingMethodAccessorImpl.java:43)
java.base/java.lang.reflect.Method.invoke(Method.java:568)
org.testng.internal.MethodInvocationHelper.invokeMethod(MethodInvocationHelper.java:133)
org.testng.internal.TestInvoker.invokeMethod(TestInvoker.java:598)
org.testng.internal.TestInvoker.invokeTestMethod(TestInvoker.java:173)
org.testng.internal.MethodRunner.runInSequence(MethodRunner.java:46)
org.testng.internal.TestInvoker$MethodInvocationAgent.invoke(TestInvoker.java:824)
org.testng.internal.TestInvoker.invokeTestMethods(TestInvoker.java:146)
org.testng.internal.TestMethodWorker.invokeTestMethods(TestMethodWorker.java:146)
org.testng.internal.TestMethodWorker.run(TestMethodWorker.java:128)
java.base/java.util.ArrayList.forEach(ArrayList.java:1511)
org.testng.TestRunner.privateRun(TestRunner.java:794)
org.testng.TestRunner.run(TestRunner.java:596)
org.testng.SuiteRunner.runTest(SuiteRunner.java:377)
org.testng.SuiteRunner.runSequentially(SuiteRunner.java:371)
org.testng.SuiteRunner.privateRun(SuiteRunner.java:332)
org.testng.SuiteRunner.run(SuiteRunner.java:276)
org.testng.SuiteRunnerWorker.runSuite(SuiteRunnerWorker.java:53)
org.testng.SuiteRunnerWorker.run(SuiteRunnerWorker.java:96)
org.testng.TestNG.runSuitesSequentially(TestNG.java:1212)
org.testng.TestNG.runSuitesLocally(TestNG.java:1134)
org.testng.TestNG.runSuites(TestNG.java:1063)
org.testng.TestNG.run(TestNG.java:1031)
org.apache.maven.surefire.testng.TestNGExecutor.run(TestNGExecutor.java:136)
org.apache.maven.surefire.testng.TestNGDirectoryTestSuite.executeSingleClass(TestNGDirectoryTestSuite.java:112)
org.apache.maven.surefire.testng.TestNGDirectoryTestSuite.execute(TestNGDirectoryTestSuite.java:99)
org.apache.maven.surefire.testng.TestNGProvider.invoke(TestNGProvider.java:145)
org.apache.maven.surefire.booter.ForkedBooter.runSuitesInProcess(ForkedBooter.java:428)
org.apache.maven.surefire.booter.ForkedBooter.execute(ForkedBooter.java:162)
org.apache.maven.surefire.booter.ForkedBooter.run(ForkedBooter.java:562)
org.apache.maven.surefire.booter.ForkedBooter.main(ForkedBooter.java:548)

Caused by: org.openqa.selenium.NoSuchElementException:
An element could not be located on the page using the given search parameters.
For documentation on this error, please visit: https://selenium.dev/exceptions/#no_such_element
Build info: version: '4.1.0', revision: '87802e897b'
System info: host: 'Mac-1640224658080.local', ip: '10.212.23.105', os.name: 'Mac OS X', os.arch: 'x86_64', os.version: '11.5', java.version: '17.0.1'
Driver info: io.appium.java_client.android.AndroidDriver
Command: [5b9a221a-3e90-4ea7-bb62-6f20eb33de33, findElement {using=accessibility id, value=Assets}]
Capabilities {appium:app: /Users/runner/work/SHAFT_EN..., appium:appPackage: io.appium.android.apis, appium:appWaitActivity: *, appium:automationName: UIAutomator2, appium:databaseEnabled: false, appium:desired: {app: /Users/runner/work/SHAFT_EN..., appWaitActivity: *, automationName: UIAutomator2, disableWindowAnimation: true, platformName: android}, appium:deviceApiLevel: 30, appium:deviceManufacturer: unknown, appium:deviceModel: Android SDK built for x86, appium:deviceName: emulator-5554, appium:deviceScreenDensity: 320, appium:deviceScreenSize: 720x1280, appium:deviceUDID: emulator-5554, appium:disableWindowAnimation: true, appium:javascriptEnabled: true, appium:locationContextEnabled: false, appium:networkConnectionEnabled: true, appium:pixelRatio: 2, appium:platformVersion: 11, appium:statBarHeight: 48, appium:takesScreenshot: true, appium:viewportRect: {height: 1136, left: 0, top: 48, width: 720}, appium:warnings: {}, appium:webStorageEnabled: false, platformName: android}
Session ID: 5b9a221a-3e90-4ea7-bb62-6f20eb33de33
jdk.internal.reflect.GeneratedConstructorAccessor13.newInstance(Unknown Source)
java.base/jdk.internal.reflect.DelegatingConstructorAccessorImpl.newInstance(DelegatingConstructorAccessorImpl.java:45)
java.base/java.lang.reflect.Constructor.newInstanceWithCaller(Constructor.java:499)
java.base/java.lang.reflect.Constructor.newInstance(Constructor.java:480)
org.openqa.selenium.remote.codec.w3c.W3CHttpResponseCodec.createException(W3CHttpResponseCodec.java:200)
org.openqa.selenium.remote.codec.w3c.W3CHttpResponseCodec.decode(W3CHttpResponseCodec.java:133)
org.openqa.selenium.remote.codec.w3c.W3CHttpResponseCodec.decode(W3CHttpResponseCodec.java:53)
org.openqa.selenium.remote.HttpCommandExecutor.execute(HttpCommandExecutor.java:184)
io.appium.java_client.remote.AppiumCommandExecutor.execute(AppiumCommandExecutor.java:180)
org.openqa.selenium.remote.RemoteWebDriver.execute(RemoteWebDriver.java:559)
org.openqa.selenium.remote.ElementLocation$ElementFinder$2.findElement(ElementLocation.java:162)
org.openqa.selenium.remote.ElementLocation.findElement(ElementLocation.java:60)
org.openqa.selenium.remote.RemoteWebDriver.findElement(RemoteWebDriver.java:383)
org.openqa.selenium.remote.RemoteWebDriver.findElement(RemoteWebDriver.java:375)
com.shaft.gui.element.ElementActionsHelper.lambda$waitForElementPresence$0(ElementActionsHelper.java:68)
org.openqa.selenium.support.ui.FluentWait.until(FluentWait.java:208)
com.shaft.gui.element.ElementActionsHelper.waitForElementPresence(ElementActionsHelper.java:63)
com.shaft.gui.element.ElementActionsHelper.waitForElementPresence(ElementActionsHelper.java:37)
com.shaft.gui.element.WebDriverElementActions.getMatchingElementsCount(WebDriverElementActions.java:1468)
com.shaft.gui.element.WebDriverElementActions.getElementsCount(WebDriverElementActions.java:559)
com.shaft.gui.element.ElementActions.getElementsCount(ElementActions.java:261)
com.shaft.gui.image.ScreenshotManager.internalCaptureScreenShot(ScreenshotManager.java:394)
com.shaft.gui.image.ScreenshotManager.captureScreenShot(ScreenshotManager.java:141)
com.shaft.validation.ValidationsHelper.reportValidationState(ValidationsHelper.java:823)
com.shaft.validation.ValidationsHelper.fail(ValidationsHelper.java:588)
com.shaft.validation.ValidationsHelper.validateElementExists(ValidationsHelper.java:155)
com.shaft.validation.ValidationsExecutor.perform(ValidationsExecutor.java:146)
testPackage01.appium.AndroidBasicInteractionsTest.visualElementIdentification_requiresProcessing(AndroidBasicInteractionsTest.java:90)
java.base/jdk.internal.reflect.NativeMethodAccessorImpl.invoke0(Native Method)
java.base/jdk.internal.reflect.NativeMethodAccessorImpl.invoke(NativeMethodAccessorImpl.java:77)
java.base/jdk.internal.reflect.DelegatingMethodAccessorImpl.invoke(DelegatingMethodAccessorImpl.java:43)
java.base/java.lang.reflect.Method.invoke(Method.java:568)
org.testng.internal.MethodInvocationHelper.invokeMethod(MethodInvocationHelper.java:133)
org.testng.internal.TestInvoker.invokeMethod(TestInvoker.java:598)
org.testng.internal.TestInvoker.invokeTestMethod(TestInvoker.java:173)
org.testng.internal.MethodRunner.runInSequence(MethodRunner.java:46)
org.testng.internal.TestInvoker$MethodInvocationAgent.invoke(TestInvoker.java:824)
org.testng.internal.TestInvoker.invokeTestMethods(TestInvoker.java:146)
org.testng.internal.TestMethodWorker.invokeTestMethods(TestMethodWorker.java:146)
org.testng.internal.TestMethodWorker.run(TestMethodWorker.java:128)
java.base/java.util.ArrayList.forEach(ArrayList.java:1511)
org.testng.TestRunner.privateRun(TestRunner.java:794)
org.testng.TestRunner.run(TestRunner.java:596)
org.testng.SuiteRunner.runTest(SuiteRunner.java:377)
org.testng.SuiteRunner.runSequentially(SuiteRunner.java:371)
org.testng.SuiteRunner.privateRun(SuiteRunner.java:332)
org.testng.SuiteRunner.run(SuiteRunner.java:276)
org.testng.SuiteRunnerWorker.runSuite(SuiteRunnerWorker.java:53)
org.testng.SuiteRunnerWorker.run(SuiteRunnerWorker.java:96)
org.testng.TestNG.runSuitesSequentially(TestNG.java:1212)
org.testng.TestNG.runSuitesLocally(TestNG.java:1134)
org.testng.TestNG.runSuites(TestNG.java:1063)
org.testng.TestNG.run(TestNG.java:1031)
org.apache.maven.surefire.testng.TestNGExecutor.run(TestNGExecutor.java:136)
org.apache.maven.surefire.testng.TestNGDirectoryTestSuite.executeSingleClass(TestNGDirectoryTestSuite.java:112)
org.apache.maven.surefire.testng.TestNGDirectoryTestSuite.execute(TestNGDirectoryTestSuite.java:99)
org.apache.maven.surefire.testng.TestNGProvider.invoke(TestNGProvider.java:145)
org.apache.maven.surefire.booter.ForkedBooter.runSuitesInProcess(ForkedBooter.java:428)
org.apache.maven.surefire.booter.ForkedBooter.execute(ForkedBooter.java:162)
org.apache.maven.surefire.booter.ForkedBooter.run(ForkedBooter.java:562)
org.apache.maven.surefire.booter.ForkedBooter.main(ForkedBooter.java:548) @23-12-2021 02:09:07.0055 AM
[ReportManager] File Action [CreateFile] successfully performed. With the following test data [Target Folder: "allure-results//screenshots/20211223-020411", Target File: "/1640225347244_visualElementIdentification_requiresProcessing.gif"]. @23-12-2021 02:09:07.0260 AM
[ReportManager] Assertion Failed: Then I Assert that the element found by [AppiumBy.accessibilityId: Assets] exists. @23-12-2021 02:09:07.0833 AM
[ReportManager] Successfully created attachment [Screenshot - 1640225347244_visualElementIdentification_requiresProcessing_ValidateElementExists_failed] @23-12-2021 02:09:07.0834 AM
[ReportManager] Assertion [ValidateElementExists] FAILED. Expected [Element Should Exist, locator 'AppiumBy.accessibilityId: Assets'] and Actual [Element Doesn't Exists]. Comparison Type [EQUALS]. Validation Type [POSITIVE]. @23-12-2021 02:09:07.0834 AM
[ReportManager] Successfully created attachment [Animated Gif - visualElementIdentification_requiresProcessing] @23-12-2021 02:09:07.0835 A
[ReportManager] Successfully created attachment [Video Recording - teardown] @23-12-2021 02:09:08.0711 AM
[ReportManager] Successfully Closed All Drivers. @23-12-2021 02:09:09.0058 A
[ReportManager] File Action [GetAbsolutePath] successfully performed. With the following test data [Relative Folder Path: "target/downloadedFiles/"]. @23-12-2021 02:09:09.0061 AM
[ReportManager] Attempting to run remotely on: [Android], [http://0.0.0.0:4723/wd/hub]. @23-12-2021 02:09:09.0061 AM
[ReportManager] File Action [GetAbsolutePath] successfully performed. With the following test data [Relative Folder Path: "src/test/resources/testDataFiles/apps/ApiDemos-debug.apk"]. @23-12-2021 02:09:09.0061 AM
[ReportManager] Successfully Opened [NativeMobileApp]. @23-12-2021 02:09:19.0728 AM
[ReportManager] Started recording device screen @23-12-2021 02:09:20.0240 A

################################################################################################################################################
Starting Execution:	[8 out of 8] test cases in the current suite
Test Method:		[testPackage01.appium.AndroidBasicInteractionsTest.visualElementIdentification_samedpi]
################################################################################################################################################
[ReportManager] File Action [DoesFileExist] successfully performed. With the following test data [File Path: "src/main/resources/dynamicObjectRepository/content.png"]. @23-12-2021 02:09:20.0435 AM
[ReportManager] Loaded Shared OpenCV @23-12-2021 02:09:20.0435 AM
[ReportManager] Successfully identified the element using AI; OpenCV. @23-12-2021 02:09:20.0519 AM
[ReportManager] Element Action [Tap] successfully performed. @23-12-2021 02:09:20.0786 AM
[ReportManager] org.openqa.selenium.TimeoutException:
Expected condition failed: waiting for com.shaft.gui.element.ElementActionsHelper$$Lambda$616/0x00000008010fc560@35cc5b75 (tried for 25 second(s) with 1000 milliseconds interval)
org.openqa.selenium.support.ui.FluentWait.timeoutException(FluentWait.java:263)
org.openqa.selenium.support.ui.FluentWait.until(FluentWait.java:231)
com.shaft.gui.element.ElementActionsHelper.waitForElementPresence(ElementActionsHelper.java:63)
com.shaft.gui.element.ElementActionsHelper.waitForElementPresence(ElementActionsHelper.java:37)
com.shaft.gui.element.WebDriverElementActions.getMatchingElementsCount(WebDriverElementActions.java:1468)
com.shaft.gui.element.WebDriverElementActions.getElementsCount(WebDriverElementActions.java:559)
com.shaft.gui.element.ElementActions.getElementsCount(ElementActions.java:261)
com.shaft.validation.ValidationsHelper.validateElementExists(ValidationsHelper.java:149)
com.shaft.validation.ValidationsExecutor.perform(ValidationsExecutor.java:146)
testPackage01.appium.AndroidBasicInteractionsTest.visualElementIdentification_samedpi(AndroidBasicInteractionsTest.java:81)
java.base/jdk.internal.reflect.NativeMethodAccessorImpl.invoke0(Native Method)
java.base/jdk.internal.reflect.NativeMethodAccessorImpl.invoke(NativeMethodAccessorImpl.java:77)
java.base/jdk.internal.reflect.DelegatingMethodAccessorImpl.invoke(DelegatingMethodAccessorImpl.java:43)
java.base/java.lang.reflect.Method.invoke(Method.java:568)
org.testng.internal.MethodInvocationHelper.invokeMethod(MethodInvocationHelper.java:133)
org.testng.internal.TestInvoker.invokeMethod(TestInvoker.java:598)
org.testng.internal.TestInvoker.invokeTestMethod(TestInvoker.java:173)
org.testng.internal.MethodRunner.runInSequence(MethodRunner.java:46)
org.testng.internal.TestInvoker$MethodInvocationAgent.invoke(TestInvoker.java:824)
org.testng.internal.TestInvoker.invokeTestMethods(TestInvoker.java:146)
org.testng.internal.TestMethodWorker.invokeTestMethods(TestMethodWorker.java:146)
org.testng.internal.TestMethodWorker.run(TestMethodWorker.java:128)
java.base/java.util.ArrayList.forEach(ArrayList.java:1511)
org.testng.TestRunner.privateRun(TestRunner.java:794)
org.testng.TestRunner.run(TestRunner.java:596)
org.testng.SuiteRunner.runTest(SuiteRunner.java:377)
org.testng.SuiteRunner.runSequentially(SuiteRunner.java:371)
org.testng.SuiteRunner.privateRun(SuiteRunner.java:332)
org.testng.SuiteRunner.run(SuiteRunner.java:276)
org.testng.SuiteRunnerWorker.runSuite(SuiteRunnerWorker.java:53)
org.testng.SuiteRunnerWorker.run(SuiteRunnerWorker.java:96)
org.testng.TestNG.runSuitesSequentially(TestNG.java:1212)
org.testng.TestNG.runSuitesLocally(TestNG.java:1134)
org.testng.TestNG.runSuites(TestNG.java:1063)
org.testng.TestNG.run(TestNG.java:1031)
org.apache.maven.surefire.testng.TestNGExecutor.run(TestNGExecutor.java:136)
org.apache.maven.surefire.testng.TestNGDirectoryTestSuite.executeSingleClass(TestNGDirectoryTestSuite.java:112)
org.apache.maven.surefire.testng.TestNGDirectoryTestSuite.execute(TestNGDirectoryTestSuite.java:99)
org.apache.maven.surefire.testng.TestNGProvider.invoke(TestNGProvider.java:145)
org.apache.maven.surefire.booter.ForkedBooter.runSuitesInProcess(ForkedBooter.java:428)
org.apache.maven.surefire.booter.ForkedBooter.execute(ForkedBooter.java:162)
org.apache.maven.surefire.booter.ForkedBooter.run(ForkedBooter.java:562)
org.apache.maven.surefire.booter.ForkedBooter.main(ForkedBooter.java:548)

Caused by: org.openqa.selenium.NoSuchElementException:
An element could not be located on the page using the given search parameters.
For documentation on this error, please visit: https://selenium.dev/exceptions/#no_such_element
Build info: version: '4.1.0', revision: '87802e897b'
System info: host: 'Mac-1640224658080.local', ip: '10.212.23.105', os.name: 'Mac OS X', os.arch: 'x86_64', os.version: '11.5', java.version: '17.0.1'
Driver info: io.appium.java_client.android.AndroidDriver
Command: [7cc830f5-7095-4862-a626-a3a77c871c2f, findElement {using=accessibility id, value=Assets}]
Capabilities {appium:app: /Users/runner/work/SHAFT_EN..., appium:appPackage: io.appium.android.apis, appium:appWaitActivity: *, appium:automationName: UIAutomator2, appium:databaseEnabled: false, appium:desired: {app: /Users/runner/work/SHAFT_EN..., appWaitActivity: *, automationName: UIAutomator2, disableWindowAnimation: true, platformName: android}, appium:deviceApiLevel: 30, appium:deviceManufacturer: unknown, appium:deviceModel: Android SDK built for x86, appium:deviceName: emulator-5554, appium:deviceScreenDensity: 320, appium:deviceScreenSize: 720x1280, appium:deviceUDID: emulator-5554, appium:disableWindowAnimation: true, appium:javascriptEnabled: true, appium:locationContextEnabled: false, appium:networkConnectionEnabled: true, appium:pixelRatio: 2, appium:platformVersion: 11, appium:statBarHeight: 48, appium:takesScreenshot: true, appium:viewportRect: {height: 1136, left: 0, top: 48, width: 720}, appium:warnings: {}, appium:webStorageEnabled: false, platformName: android}
Session ID: 7cc830f5-7095-4862-a626-a3a77c871c2f
jdk.internal.reflect.GeneratedConstructorAccessor13.newInstance(Unknown Source)
java.base/jdk.internal.reflect.DelegatingConstructorAccessorImpl.newInstance(DelegatingConstructorAccessorImpl.java:45)
java.base/java.lang.reflect.Constructor.newInstanceWithCaller(Constructor.java:499)
java.base/java.lang.reflect.Constructor.newInstance(Constructor.java:480)
org.openqa.selenium.remote.codec.w3c.W3CHttpResponseCodec.createException(W3CHttpResponseCodec.java:200)
org.openqa.selenium.remote.codec.w3c.W3CHttpResponseCodec.decode(W3CHttpResponseCodec.java:133)
org.openqa.selenium.remote.codec.w3c.W3CHttpResponseCodec.decode(W3CHttpResponseCodec.java:53)
org.openqa.selenium.remote.HttpCommandExecutor.execute(HttpCommandExecutor.java:184)
io.appium.java_client.remote.AppiumCommandExecutor.execute(AppiumCommandExecutor.java:180)
org.openqa.selenium.remote.RemoteWebDriver.execute(RemoteWebDriver.java:559)
org.openqa.selenium.remote.ElementLocation$ElementFinder$2.findElement(ElementLocation.java:162)
org.openqa.selenium.remote.ElementLocation.findElement(ElementLocation.java:60)
org.openqa.selenium.remote.RemoteWebDriver.findElement(RemoteWebDriver.java:383)
org.openqa.selenium.remote.RemoteWebDriver.findElement(RemoteWebDriver.java:375)
com.shaft.gui.element.ElementActionsHelper.lambda$waitForElementPresence$0(ElementActionsHelper.java:68)
org.openqa.selenium.support.ui.FluentWait.until(FluentWait.java:208)
com.shaft.gui.element.ElementActionsHelper.waitForElementPresence(ElementActionsHelper.java:63)
com.shaft.gui.element.ElementActionsHelper.waitForElementPresence(ElementActionsHelper.java:37)
com.shaft.gui.element.WebDriverElementActions.getMatchingElementsCount(WebDriverElementActions.java:1468)
com.shaft.gui.element.WebDriverElementActions.getElementsCount(WebDriverElementActions.java:559)
com.shaft.gui.element.ElementActions.getElementsCount(ElementActions.java:261)
com.shaft.validation.ValidationsHelper.validateElementExists(ValidationsHelper.java:149)
com.shaft.validation.ValidationsExecutor.perform(ValidationsExecutor.java:146)
testPackage01.appium.AndroidBasicInteractionsTest.visualElementIdentification_samedpi(AndroidBasicInteractionsTest.java:81)
java.base/jdk.internal.reflect.NativeMethodAccessorImpl.invoke0(Native Method)
java.base/jdk.internal.reflect.NativeMethodAccessorImpl.invoke(NativeMethodAccessorImpl.java:77)
java.base/jdk.internal.reflect.DelegatingMethodAccessorImpl.invoke(DelegatingMethodAccessorImpl.java:43)
java.base/java.lang.reflect.Method.invoke(Method.java:568)
org.testng.internal.MethodInvocationHelper.invokeMethod(MethodInvocationHelper.java:133)
org.testng.internal.TestInvoker.invokeMethod(TestInvoker.java:598)
org.testng.internal.TestInvoker.invokeTestMethod(TestInvoker.java:173)
org.testng.internal.MethodRunner.runInSequence(MethodRunner.java:46)
org.testng.internal.TestInvoker$MethodInvocationAgent.invoke(TestInvoker.java:824)
org.testng.internal.TestInvoker.invokeTestMethods(TestInvoker.java:146)
org.testng.internal.TestMethodWorker.invokeTestMethods(TestMethodWorker.java:146)
org.testng.internal.TestMethodWorker.run(TestMethodWorker.java:128)
java.base/java.util.ArrayList.forEach(ArrayList.java:1511)
org.testng.TestRunner.privateRun(TestRunner.java:794)
org.testng.TestRunner.run(TestRunner.java:596)
org.testng.SuiteRunner.runTest(SuiteRunner.java:377)
org.testng.SuiteRunner.runSequentially(SuiteRunner.java:371)
org.testng.SuiteRunner.privateRun(SuiteRunner.java:332)
org.testng.SuiteRunner.run(SuiteRunner.java:276)
org.testng.SuiteRunnerWorker.runSuite(SuiteRunnerWorker.java:53)
org.testng.SuiteRunnerWorker.run(SuiteRunnerWorker.java:96)
org.testng.TestNG.runSuitesSequentially(TestNG.java:1212)
org.testng.TestNG.runSuitesLocally(TestNG.java:1134)
org.testng.TestNG.runSuites(TestNG.java:1063)
org.testng.TestNG.run(TestNG.java:1031)
org.apache.maven.surefire.testng.TestNGExecutor.run(TestNGExecutor.java:136)
org.apache.maven.surefire.testng.TestNGDirectoryTestSuite.executeSingleClass(TestNGDirectoryTestSuite.java:112)
org.apache.maven.surefire.testng.TestNGDirectoryTestSuite.execute(TestNGDirectoryTestSuite.java:99)
org.apache.maven.surefire.testng.TestNGProvider.invoke(TestNGProvider.java:145)
org.apache.maven.surefire.booter.ForkedBooter.runSuitesInProcess(ForkedBooter.java:428)
org.apache.maven.surefire.booter.ForkedBooter.execute(ForkedBooter.java:162)
org.apache.maven.surefire.booter.ForkedBooter.run(ForkedBooter.java:562)
org.apache.maven.surefire.booter.ForkedBooter.main(ForkedBooter.java:548) @23-12-2021 02:09:46.0410 AM
[ReportManager] org.openqa.selenium.TimeoutException:
Expected condition failed: waiting for com.shaft.gui.element.ElementActionsHelper$$Lambda$616/0x00000008010fc560@3449cddf (tried for 5 second(s) with 1000 milliseconds interval)
org.openqa.selenium.support.ui.FluentWait.timeoutException(FluentWait.java:263)
org.openqa.selenium.support.ui.FluentWait.until(FluentWait.java:231)
com.shaft.gui.element.ElementActionsHelper.waitForElementPresence(ElementActionsHelper.java:63)
com.shaft.gui.element.ElementActionsHelper.waitForElementPresence(ElementActionsHelper.java:37)
com.shaft.gui.element.WebDriverElementActions.getMatchingElementsCount(WebDriverElementActions.java:1468)
com.shaft.gui.element.WebDriverElementActions.getElementsCount(WebDriverElementActions.java:559)
com.shaft.gui.element.ElementActions.getElementsCount(ElementActions.java:261)
com.shaft.gui.image.ScreenshotManager.internalCaptureScreenShot(ScreenshotManager.java:394)
com.shaft.gui.image.ScreenshotManager.captureScreenShot(ScreenshotManager.java:141)
com.shaft.validation.ValidationsHelper.reportValidationState(ValidationsHelper.java:823)
com.shaft.validation.ValidationsHelper.fail(ValidationsHelper.java:588)
com.shaft.validation.ValidationsHelper.validateElementExists(ValidationsHelper.java:155)
com.shaft.validation.ValidationsExecutor.perform(ValidationsExecutor.java:146)
testPackage01.appium.AndroidBasicInteractionsTest.visualElementIdentification_samedpi(AndroidBasicInteractionsTest.java:81)
java.base/jdk.internal.reflect.NativeMethodAccessorImpl.invoke0(Native Method)
java.base/jdk.internal.reflect.NativeMethodAccessorImpl.invoke(NativeMethodAccessorImpl.java:77)
java.base/jdk.internal.reflect.DelegatingMethodAccessorImpl.invoke(DelegatingMethodAccessorImpl.java:43)
java.base/java.lang.reflect.Method.invoke(Method.java:568)
org.testng.internal.MethodInvocationHelper.invokeMethod(MethodInvocationHelper.java:133)
org.testng.internal.TestInvoker.invokeMethod(TestInvoker.java:598)
org.testng.internal.TestInvoker.invokeTestMethod(TestInvoker.java:173)
org.testng.internal.MethodRunner.runInSequence(MethodRunner.java:46)
org.testng.internal.TestInvoker$MethodInvocationAgent.invoke(TestInvoker.java:824)
org.testng.internal.TestInvoker.invokeTestMethods(TestInvoker.java:146)
org.testng.internal.TestMethodWorker.invokeTestMethods(TestMethodWorker.java:146)
org.testng.internal.TestMethodWorker.run(TestMethodWorker.java:128)
java.base/java.util.ArrayList.forEach(ArrayList.java:1511)
org.testng.TestRunner.privateRun(TestRunner.java:794)
org.testng.TestRunner.run(TestRunner.java:596)
org.testng.SuiteRunner.runTest(SuiteRunner.java:377)
org.testng.SuiteRunner.runSequentially(SuiteRunner.java:371)
org.testng.SuiteRunner.privateRun(SuiteRunner.java:332)
org.testng.SuiteRunner.run(SuiteRunner.java:276)
org.testng.SuiteRunnerWorker.runSuite(SuiteRunnerWorker.java:53)
org.testng.SuiteRunnerWorker.run(SuiteRunnerWorker.java:96)
org.testng.TestNG.runSuitesSequentially(TestNG.java:1212)
org.testng.TestNG.runSuitesLocally(TestNG.java:1134)
org.testng.TestNG.runSuites(TestNG.java:1063)
org.testng.TestNG.run(TestNG.java:1031)
org.apache.maven.surefire.testng.TestNGExecutor.run(TestNGExecutor.java:136)
org.apache.maven.surefire.testng.TestNGDirectoryTestSuite.executeSingleClass(TestNGDirectoryTestSuite.java:112)
org.apache.maven.surefire.testng.TestNGDirectoryTestSuite.execute(TestNGDirectoryTestSuite.java:99)
org.apache.maven.surefire.testng.TestNGProvider.invoke(TestNGProvider.java:145)
org.apache.maven.surefire.booter.ForkedBooter.runSuitesInProcess(ForkedBooter.java:428)
org.apache.maven.surefire.booter.ForkedBooter.execute(ForkedBooter.java:162)
org.apache.maven.surefire.booter.ForkedBooter.run(ForkedBooter.java:562)
org.apache.maven.surefire.booter.ForkedBooter.main(ForkedBooter.java:548)

Caused by: org.openqa.selenium.NoSuchElementException:
An element could not be located on the page using the given search parameters.
For documentation on this error, please visit: https://selenium.dev/exceptions/#no_such_element
Build info: version: '4.1.0', revision: '87802e897b'
System info: host: 'Mac-1640224658080.local', ip: '10.212.23.105', os.name: 'Mac OS X', os.arch: 'x86_64', os.version: '11.5', java.version: '17.0.1'
Driver info: io.appium.java_client.android.AndroidDriver
Command: [7cc830f5-7095-4862-a626-a3a77c871c2f, findElement {using=accessibility id, value=Assets}]
Capabilities {appium:app: /Users/runner/work/SHAFT_EN..., appium:appPackage: io.appium.android.apis, appium:appWaitActivity: *, appium:automationName: UIAutomator2, appium:databaseEnabled: false, appium:desired: {app: /Users/runner/work/SHAFT_EN..., appWaitActivity: *, automationName: UIAutomator2, disableWindowAnimation: true, platformName: android}, appium:deviceApiLevel: 30, appium:deviceManufacturer: unknown, appium:deviceModel: Android SDK built for x86, appium:deviceName: emulator-5554, appium:deviceScreenDensity: 320, appium:deviceScreenSize: 720x1280, appium:deviceUDID: emulator-5554, appium:disableWindowAnimation: true, appium:javascriptEnabled: true, appium:locationContextEnabled: false, appium:networkConnectionEnabled: true, appium:pixelRatio: 2, appium:platformVersion: 11, appium:statBarHeight: 48, appium:takesScreenshot: true, appium:viewportRect: {height: 1136, left: 0, top: 48, width: 720}, appium:warnings: {}, appium:webStorageEnabled: false, platformName: android}
Session ID: 7cc830f5-7095-4862-a626-a3a77c871c2f
jdk.internal.reflect.GeneratedConstructorAccessor13.newInstance(Unknown Source)
java.base/jdk.internal.reflect.DelegatingConstructorAccessorImpl.newInstance(DelegatingConstructorAccessorImpl.java:45)
java.base/java.lang.reflect.Constructor.newInstanceWithCaller(Constructor.java:499)
java.base/java.lang.reflect.Constructor.newInstance(Constructor.java:480)
org.openqa.selenium.remote.codec.w3c.W3CHttpResponseCodec.createException(W3CHttpResponseCodec.java:200)
org.openqa.selenium.remote.codec.w3c.W3CHttpResponseCodec.decode(W3CHttpResponseCodec.java:133)
org.openqa.selenium.remote.codec.w3c.W3CHttpResponseCodec.decode(W3CHttpResponseCodec.java:53)
org.openqa.selenium.remote.HttpCommandExecutor.execute(HttpCommandExecutor.java:184)
io.appium.java_client.remote.AppiumCommandExecutor.execute(AppiumCommandExecutor.java:180)
org.openqa.selenium.remote.RemoteWebDriver.execute(RemoteWebDriver.java:559)
org.openqa.selenium.remote.ElementLocation$ElementFinder$2.findElement(ElementLocation.java:162)
org.openqa.selenium.remote.ElementLocation.findElement(ElementLocation.java:60)
org.openqa.selenium.remote.RemoteWebDriver.findElement(RemoteWebDriver.java:383)
org.openqa.selenium.remote.RemoteWebDriver.findElement(RemoteWebDriver.java:375)
com.shaft.gui.element.ElementActionsHelper.lambda$waitForElementPresence$0(ElementActionsHelper.java:68)
org.openqa.selenium.support.ui.FluentWait.until(FluentWait.java:208)
com.shaft.gui.element.ElementActionsHelper.waitForElementPresence(ElementActionsHelper.java:63)
com.shaft.gui.element.ElementActionsHelper.waitForElementPresence(ElementActionsHelper.java:37)
com.shaft.gui.element.WebDriverElementActions.getMatchingElementsCount(WebDriverElementActions.java:1468)
com.shaft.gui.element.WebDriverElementActions.getElementsCount(WebDriverElementActions.java:559)
com.shaft.gui.element.ElementActions.getElementsCount(ElementActions.java:261)
com.shaft.gui.image.ScreenshotManager.internalCaptureScreenShot(ScreenshotManager.java:394)
com.shaft.gui.image.ScreenshotManager.captureScreenShot(ScreenshotManager.java:141)
com.shaft.validation.ValidationsHelper.reportValidationState(ValidationsHelper.java:823)
com.shaft.validation.ValidationsHelper.fail(ValidationsHelper.java:588)
com.shaft.validation.ValidationsHelper.validateElementExists(ValidationsHelper.java:155)
com.shaft.validation.ValidationsExecutor.perform(ValidationsExecutor.java:146)
testPackage01.appium.AndroidBasicInteractionsTest.visualElementIdentification_samedpi(AndroidBasicInteractionsTest.java:81)
java.base/jdk.internal.reflect.NativeMethodAccessorImpl.invoke0(Native Method)
java.base/jdk.internal.reflect.NativeMethodAccessorImpl.invoke(NativeMethodAccessorImpl.java:77)
java.base/jdk.internal.reflect.DelegatingMethodAccessorImpl.invoke(DelegatingMethodAccessorImpl.java:43)
java.base/java.lang.reflect.Method.invoke(Method.java:568)
org.testng.internal.MethodInvocationHelper.invokeMethod(MethodInvocationHelper.java:133)
org.testng.internal.TestInvoker.invokeMethod(TestInvoker.java:598)
org.testng.internal.TestInvoker.invokeTestMethod(TestInvoker.java:173)
org.testng.internal.MethodRunner.runInSequence(MethodRunner.java:46)
org.testng.internal.TestInvoker$MethodInvocationAgent.invoke(TestInvoker.java:824)
org.testng.internal.TestInvoker.invokeTestMethods(TestInvoker.java:146)
org.testng.internal.TestMethodWorker.invokeTestMethods(TestMethodWorker.java:146)
org.testng.internal.TestMethodWorker.run(TestMethodWorker.java:128)
java.base/java.util.ArrayList.forEach(ArrayList.java:1511)
org.testng.TestRunner.privateRun(TestRunner.java:794)
org.testng.TestRunner.run(TestRunner.java:596)
org.testng.SuiteRunner.runTest(SuiteRunner.java:377)
org.testng.SuiteRunner.runSequentially(SuiteRunner.java:371)
org.testng.SuiteRunner.privateRun(SuiteRunner.java:332)
org.testng.SuiteRunner.run(SuiteRunner.java:276)
org.testng.SuiteRunnerWorker.runSuite(SuiteRunnerWorker.java:53)
org.testng.SuiteRunnerWorker.run(SuiteRunnerWorker.java:96)
org.testng.TestNG.runSuitesSequentially(TestNG.java:1212)
org.testng.TestNG.runSuitesLocally(TestNG.java:1134)
org.testng.TestNG.runSuites(TestNG.java:1063)
org.testng.TestNG.run(TestNG.java:1031)
org.apache.maven.surefire.testng.TestNGExecutor.run(TestNGExecutor.java:136)
org.apache.maven.surefire.testng.TestNGDirectoryTestSuite.executeSingleClass(TestNGDirectoryTestSuite.java:112)
org.apache.maven.surefire.testng.TestNGDirectoryTestSuite.execute(TestNGDirectoryTestSuite.java:99)
org.apache.maven.surefire.testng.TestNGProvider.invoke(TestNGProvider.java:145)
org.apache.maven.surefire.booter.ForkedBooter.runSuitesInProcess(ForkedBooter.java:428)
org.apache.maven.surefire.booter.ForkedBooter.execute(ForkedBooter.java:162)
org.apache.maven.surefire.booter.ForkedBooter.run(ForkedBooter.java:562)
org.apache.maven.surefire.booter.ForkedBooter.main(ForkedBooter.java:548) @23-12-2021 02:09:51.0776 AM
[ReportManager] File Action [CreateFile] successfully performed. With the following test data [Target Folder: "allure-results//screenshots/20211223-020411", Target File: "/1640225391989_visualElementIdentification_samedpi.gif"]. @23-12-2021 02:09:52.0005 AM
[ReportManager] Assertion Failed: Then I Assert that the element found by [AppiumBy.accessibilityId: Assets] exists. @23-12-2021 02:09:52.0565 AM
[ReportManager] Successfully created attachment [Screenshot - 1640225391989_visualElementIdentification_samedpi_ValidateElementExists_failed] @23-12-2021 02:09:52.0566 AM
[ReportManager] Assertion [ValidateElementExists] FAILED. Expected [Element Should Exist, locator 'AppiumBy.accessibilityId: Assets'] and Actual [Element Doesn't Exists]. Comparison Type [EQUALS]. Validation Type [POSITIVE]. @23-12-2021 02:09:52.0566 AM
[ReportManager] Successfully created attachment [Animated Gif - visualElementIdentification_samedpi] @23-12-2021 02:09:52.0567 A
[ReportManager] Successfully created attachment [Video Recording - teardown] @23-12-2021 02:09:53.0413 AM
[ReportManager] Successfully Closed All Drivers. @23-12-2021 02:09:53.0778 A
[ReportManager] Successfully created attachment [SHAFT Engine Logs - Execution log] @23-12-2021 02:09:53.0799 AM

################################################################################################################################################
This test run was powered by SHAFT Engine Version: [SHAFT Engine v5.4.20211202-BETA]
SHAFT Engine is licensed under the MIT License: [https://github.com/MohabMohie/SHAFT_ENGINE/blob/master/LICENSE].
################################################################################################################################################